running develop
running egg_info
creating week_4.egg-info
writing week_4.egg-info/PKG-INFO
writing dependency_links to week_4.egg-info/dependency_links.txt
writing entry points to week_4.egg-info/entry_points.txt
writing requirements to week_4.egg-info/requires.txt
writing top-level names to week_4.egg-info/top_level.txt
writing manifest file 'week_4.egg-info/SOURCES.txt'
reading manifest file 'week_4.egg-info/SOURCES.txt'
writing manifest file 'week_4.egg-info/SOURCES.txt'
running build_ext
Creating /home/baguette/Documents/CS-AURO/install/week_4/lib/python3.10/site-packages/week-4.egg-link (link to .)
Installing robot_controller script to /home/baguette/Documents/CS-AURO/install/week_4/lib/week_4

Installed /home/baguette/Documents/CS-AURO/build/week_4
running install_data
creating /home/baguette/Documents/CS-AURO/install/week_4/share/ament_index
creating /home/baguette/Documents/CS-AURO/install/week_4/share/ament_index/resource_index
creating /home/baguette/Documents/CS-AURO/install/week_4/share/ament_index/resource_index/packages
copying resource/week_4 -> /home/baguette/Documents/CS-AURO/install/week_4/share/ament_index/resource_index/packages
copying package.xml -> /home/baguette/Documents/CS-AURO/install/week_4/share/week_4
creating /home/baguette/Documents/CS-AURO/install/week_4/share/week_4/models
creating /home/baguette/Documents/CS-AURO/install/week_4/share/week_4/models/week_4_world
copying models/week_4_world/model.sdf -> /home/baguette/Documents/CS-AURO/install/week_4/share/week_4/models/week_4_world
copying models/week_4_world/model.config -> /home/baguette/Documents/CS-AURO/install/week_4/share/week_4/models/week_4_world
creating /home/baguette/Documents/CS-AURO/install/week_4/share/week_4/launch
copying launch/week_4_launch.py -> /home/baguette/Documents/CS-AURO/install/week_4/share/week_4/launch/
creating /home/baguette/Documents/CS-AURO/install/week_4/share/week_4/worlds
copying worlds/week_4_world.world -> /home/baguette/Documents/CS-AURO/install/week_4/share/week_4/worlds/
