[1.371s] Invoking command in '/home/baguette/Documents/src/build/solution': PYTHONPATH=/home/baguette/Documents/src/build/solution/prefix_override:/home/baguette/Documents/src/install/solution/lib/python3.10/site-packages:${PYTHONPATH} /usr/bin/python3 setup.py develop --editable --build-directory /home/baguette/Documents/src/build/solution/build --no-deps install_data
[1.609s] /usr/lib/python3/dist-packages/setuptools/command/easy_install.py:158: EasyInstallDeprecationWarning: easy_install command is deprecated. Use build and pip and other standards-based tools.
[1.609s]   warnings.warn(
[1.609s] running develop
[1.610s] /usr/lib/python3/dist-packages/setuptools/command/install.py:34: SetuptoolsDeprecationWarning: setup.py install is deprecated. Use build and pip and other standards-based tools.
[1.610s]   warnings.warn(
[1.784s] running egg_info
[1.784s] writing solution.egg-info/PKG-INFO
[1.785s] writing dependency_links to solution.egg-info/dependency_links.txt
[1.785s] writing entry points to solution.egg-info/entry_points.txt
[1.785s] writing requirements to solution.egg-info/requires.txt
[1.786s] writing top-level names to solution.egg-info/top_level.txt
[1.787s] reading manifest file 'solution.egg-info/SOURCES.txt'
[1.787s] writing manifest file 'solution.egg-info/SOURCES.txt'
[1.788s] running build_ext
[1.788s] Creating /home/baguette/Documents/src/install/solution/lib/python3.10/site-packages/solution.egg-link (link to .)
[1.788s] Installing data_logger script to /home/baguette/Documents/src/install/solution/lib/solution
[1.788s] Installing robot_controller script to /home/baguette/Documents/src/install/solution/lib/solution
[1.789s] 
[1.789s] Installed /home/baguette/Documents/src/build/solution
[1.789s] running install_data
[1.837s] Invoked command in '/home/baguette/Documents/src/build/solution' returned '0': PYTHONPATH=/home/baguette/Documents/src/build/solution/prefix_override:/home/baguette/Documents/src/install/solution/lib/python3.10/site-packages:${PYTHONPATH} /usr/bin/python3 setup.py develop --editable --build-directory /home/baguette/Documents/src/build/solution/build --no-deps install_data
