[3.508s] Invoking command in '/home/baguette/Documents/CS-AURO/build/week_3': PYTHONPATH=/home/baguette/Documents/CS-AURO/build/week_3/prefix_override:/home/baguette/Documents/CS-AURO/install/week_3/lib/python3.10/site-packages:${PYTHONPATH} /usr/bin/python3 setup.py develop --editable --build-directory /home/baguette/Documents/CS-AURO/build/week_3/build --no-deps install_data
[3.764s] running develop
[3.764s] /usr/lib/python3/dist-packages/setuptools/command/easy_install.py:158: EasyInstallDeprecationWarning: easy_install command is deprecated. Use build and pip and other standards-based tools.
[3.765s]   warnings.warn(
[3.766s] /usr/lib/python3/dist-packages/setuptools/command/install.py:34: SetuptoolsDeprecationWarning: setup.py install is deprecated. Use build and pip and other standards-based tools.
[3.766s]   warnings.warn(
[4.026s] running egg_info
[4.027s] writing week_3.egg-info/PKG-INFO
[4.027s] writing dependency_links to week_3.egg-info/dependency_links.txt
[4.027s] writing entry points to week_3.egg-info/entry_points.txt
[4.027s] writing requirements to week_3.egg-info/requires.txt
[4.027s] writing top-level names to week_3.egg-info/top_level.txt
[4.030s] reading manifest file 'week_3.egg-info/SOURCES.txt'
[4.031s] writing manifest file 'week_3.egg-info/SOURCES.txt'
[4.032s] running build_ext
[4.032s] Creating /home/baguette/Documents/CS-AURO/install/week_3/lib/python3.10/site-packages/week-3.egg-link (link to .)
[4.033s] Installing rviz_text_marker script to /home/baguette/Documents/CS-AURO/install/week_3/lib/week_3
[4.033s] Installing turtlebot3_fsm script to /home/baguette/Documents/CS-AURO/install/week_3/lib/week_3
[4.033s] Installing turtlebot3_random_walk script to /home/baguette/Documents/CS-AURO/install/week_3/lib/week_3
[4.034s] 
[4.034s] Installed /home/baguette/Documents/CS-AURO/build/week_3
[4.034s] running install_data
[4.120s] Invoked command in '/home/baguette/Documents/CS-AURO/build/week_3' returned '0': PYTHONPATH=/home/baguette/Documents/CS-AURO/build/week_3/prefix_override:/home/baguette/Documents/CS-AURO/install/week_3/lib/python3.10/site-packages:${PYTHONPATH} /usr/bin/python3 setup.py develop --editable --build-directory /home/baguette/Documents/CS-AURO/build/week_3/build --no-deps install_data
