[1.094s] Invoking command in '/home/baguette/Documents/CS-AURO/build/solution_interfaces': CMAKE_PREFIX_PATH=/opt/ros/humble /usr/bin/cmake --build /home/baguette/Documents/CS-AURO/build/solution_interfaces -- -j16 -l16
[3.417s] [  3%] Built target solution_interfaces__cpp
[3.418s] [ 12%] Built target solution_interfaces__rosidl_generator_c
[3.418s] [ 12%] Built target ament_cmake_python_symlink_solution_interfaces
[3.418s] [ 25%] Built target solution_interfaces__rosidl_typesupport_cpp
[3.418s] [ 35%] Built target solution_interfaces__rosidl_typesupport_fastrtps_cpp
[3.418s] [ 41%] Built target solution_interfaces__rosidl_typesupport_introspection_cpp
[3.418s] [ 51%] Built target solution_interfaces__rosidl_typesupport_c
[3.418s] [ 61%] Built target solution_interfaces__rosidl_typesupport_introspection_c
[3.418s] [ 70%] Built target solution_interfaces__rosidl_typesupport_fastrtps_c
[3.418s] [ 70%] Built target solution_interfaces
[3.418s] [ 74%] Built target solution_interfaces__py
[3.418s] [ 80%] Built target solution_interfaces__rosidl_generator_py
[3.418s] [100%] Built target solution_interfaces__rosidl_typesupport_introspection_c__pyext
[3.418s] [100%] Built target solution_interfaces__rosidl_typesupport_c__pyext
[3.418s] [100%] Built target solution_interfaces__rosidl_typesupport_fastrtps_c__pyext
[3.418s] running egg_info
[3.418s] writing solution_interfaces.egg-info/PKG-INFO
[3.418s] writing dependency_links to solution_interfaces.egg-info/dependency_links.txt
[3.418s] writing top-level names to solution_interfaces.egg-info/top_level.txt
[3.418s] reading manifest file 'solution_interfaces.egg-info/SOURCES.txt'
[3.418s] writing manifest file 'solution_interfaces.egg-info/SOURCES.txt'
[3.418s] [100%] Built target ament_cmake_python_build_solution_interfaces_egg
[3.668s] Invoked command in '/home/baguette/Documents/CS-AURO/build/solution_interfaces' returned '0': CMAKE_PREFIX_PATH=/opt/ros/humble /usr/bin/cmake --build /home/baguette/Documents/CS-AURO/build/solution_interfaces -- -j16 -l16
[3.759s] Invoking command in '/home/baguette/Documents/CS-AURO/build/solution_interfaces': CMAKE_PREFIX_PATH=/opt/ros/humble /usr/bin/cmake --install /home/baguette/Documents/CS-AURO/build/solution_interfaces
[3.774s] -- Install configuration: ""
[3.774s] -- Execute custom install script
[3.775s] -- Up-to-date symlink: /home/baguette/Documents/CS-AURO/install/solution_interfaces/share/ament_index/resource_index/rosidl_interfaces/solution_interfaces
[3.775s] -- Up-to-date symlink: /home/baguette/Documents/CS-AURO/install/solution_interfaces/include/solution_interfaces/solution_interfaces/msg/detail/example__functions.h
[3.775s] -- Up-to-date symlink: /home/baguette/Documents/CS-AURO/install/solution_interfaces/include/solution_interfaces/solution_interfaces/msg/detail/example__struct.h
[3.776s] -- Up-to-date symlink: /home/baguette/Documents/CS-AURO/install/solution_interfaces/include/solution_interfaces/solution_interfaces/msg/detail/example__type_support.h
[3.776s] -- Up-to-date symlink: /home/baguette/Documents/CS-AURO/install/solution_interfaces/include/solution_interfaces/solution_interfaces/msg/example.h
[3.776s] -- Up-to-date symlink: /home/baguette/Documents/CS-AURO/install/solution_interfaces/include/solution_interfaces/solution_interfaces/msg/rosidl_generator_c__visibility_control.h
[3.778s] -- Up-to-date symlink: /home/baguette/Documents/CS-AURO/install/solution_interfaces/share/solution_interfaces/environment/library_path.sh
[3.779s] -- Up-to-date symlink: /home/baguette/Documents/CS-AURO/install/solution_interfaces/share/solution_interfaces/environment/library_path.dsv
[3.779s] -- Up-to-date symlink: /home/baguette/Documents/CS-AURO/install/solution_interfaces/include/solution_interfaces/solution_interfaces/msg/detail/example__rosidl_typesupport_fastrtps_c.h
[3.780s] -- Up-to-date symlink: /home/baguette/Documents/CS-AURO/install/solution_interfaces/include/solution_interfaces/solution_interfaces/msg/rosidl_typesupport_fastrtps_c__visibility_control.h
[3.781s] -- Up-to-date symlink: /home/baguette/Documents/CS-AURO/install/solution_interfaces/include/solution_interfaces/solution_interfaces/msg/detail/example__builder.hpp
[3.782s] -- Up-to-date symlink: /home/baguette/Documents/CS-AURO/install/solution_interfaces/include/solution_interfaces/solution_interfaces/msg/detail/example__struct.hpp
[3.783s] -- Up-to-date symlink: /home/baguette/Documents/CS-AURO/install/solution_interfaces/include/solution_interfaces/solution_interfaces/msg/detail/example__traits.hpp
[3.783s] -- Up-to-date symlink: /home/baguette/Documents/CS-AURO/install/solution_interfaces/include/solution_interfaces/solution_interfaces/msg/example.hpp
[3.784s] -- Up-to-date symlink: /home/baguette/Documents/CS-AURO/install/solution_interfaces/include/solution_interfaces/solution_interfaces/msg/detail/example__rosidl_typesupport_fastrtps_cpp.hpp
[3.785s] -- Up-to-date symlink: /home/baguette/Documents/CS-AURO/install/solution_interfaces/include/solution_interfaces/solution_interfaces/msg/rosidl_typesupport_fastrtps_cpp__visibility_control.h
[3.786s] -- Up-to-date symlink: /home/baguette/Documents/CS-AURO/install/solution_interfaces/include/solution_interfaces/solution_interfaces/msg/detail/example__rosidl_typesupport_introspection_c.h
[3.786s] -- Up-to-date symlink: /home/baguette/Documents/CS-AURO/install/solution_interfaces/include/solution_interfaces/solution_interfaces/msg/rosidl_typesupport_introspection_c__visibility_control.h
[3.787s] -- Up-to-date symlink: /home/baguette/Documents/CS-AURO/install/solution_interfaces/include/solution_interfaces/solution_interfaces/msg/detail/example__rosidl_typesupport_introspection_cpp.hpp
[3.787s] -- Up-to-date symlink: /home/baguette/Documents/CS-AURO/install/solution_interfaces/share/solution_interfaces/environment/pythonpath.sh
[3.787s] -- Up-to-date symlink: /home/baguette/Documents/CS-AURO/install/solution_interfaces/share/solution_interfaces/environment/pythonpath.dsv
[3.788s] -- Up-to-date symlink: /home/baguette/Documents/CS-AURO/install/solution_interfaces/local/lib/python3.10/dist-packages/solution_interfaces-0.0.0-py3.10.egg-info/PKG-INFO
[3.788s] -- Up-to-date symlink: /home/baguette/Documents/CS-AURO/install/solution_interfaces/local/lib/python3.10/dist-packages/solution_interfaces-0.0.0-py3.10.egg-info/SOURCES.txt
[3.788s] -- Up-to-date symlink: /home/baguette/Documents/CS-AURO/install/solution_interfaces/local/lib/python3.10/dist-packages/solution_interfaces-0.0.0-py3.10.egg-info/dependency_links.txt
[3.788s] -- Up-to-date symlink: /home/baguette/Documents/CS-AURO/install/solution_interfaces/local/lib/python3.10/dist-packages/solution_interfaces-0.0.0-py3.10.egg-info/top_level.txt
[3.788s] -- Up-to-date symlink: /home/baguette/Documents/CS-AURO/install/solution_interfaces/local/lib/python3.10/dist-packages/solution_interfaces/__init__.py
[3.788s] -- Up-to-date symlink: /home/baguette/Documents/CS-AURO/install/solution_interfaces/local/lib/python3.10/dist-packages/solution_interfaces/_solution_interfaces_s.ep.rosidl_typesupport_c.c
[3.788s] -- Up-to-date symlink: /home/baguette/Documents/CS-AURO/install/solution_interfaces/local/lib/python3.10/dist-packages/solution_interfaces/_solution_interfaces_s.ep.rosidl_typesupport_fastrtps_c.c
[3.788s] -- Up-to-date symlink: /home/baguette/Documents/CS-AURO/install/solution_interfaces/local/lib/python3.10/dist-packages/solution_interfaces/_solution_interfaces_s.ep.rosidl_typesupport_introspection_c.c
[3.788s] -- Up-to-date symlink: /home/baguette/Documents/CS-AURO/install/solution_interfaces/local/lib/python3.10/dist-packages/solution_interfaces/libsolution_interfaces__rosidl_generator_py.so
[3.788s] -- Up-to-date symlink: /home/baguette/Documents/CS-AURO/install/solution_interfaces/local/lib/python3.10/dist-packages/solution_interfaces/msg/__init__.py
[3.788s] -- Up-to-date symlink: /home/baguette/Documents/CS-AURO/install/solution_interfaces/local/lib/python3.10/dist-packages/solution_interfaces/msg/_example.py
[3.788s] -- Up-to-date symlink: /home/baguette/Documents/CS-AURO/install/solution_interfaces/local/lib/python3.10/dist-packages/solution_interfaces/msg/_example_s.c
[3.788s] -- Up-to-date symlink: /home/baguette/Documents/CS-AURO/install/solution_interfaces/local/lib/python3.10/dist-packages/solution_interfaces/solution_interfaces_s__rosidl_typesupport_c.cpython-310-x86_64-linux-gnu.so
[3.789s] -- Up-to-date symlink: /home/baguette/Documents/CS-AURO/install/solution_interfaces/local/lib/python3.10/dist-packages/solution_interfaces/solution_interfaces_s__rosidl_typesupport_fastrtps_c.cpython-310-x86_64-linux-gnu.so
[3.789s] -- Up-to-date symlink: /home/baguette/Documents/CS-AURO/install/solution_interfaces/local/lib/python3.10/dist-packages/solution_interfaces/solution_interfaces_s__rosidl_typesupport_introspection_c.cpython-310-x86_64-linux-gnu.so
[3.790s] -- Up-to-date symlink: /home/baguette/Documents/CS-AURO/install/solution_interfaces/local/lib/python3.10/dist-packages/solution_interfaces/solution_interfaces_s__rosidl_typesupport_fastrtps_c.cpython-310-x86_64-linux-gnu.so
[3.790s] -- Up-to-date symlink: /home/baguette/Documents/CS-AURO/install/solution_interfaces/local/lib/python3.10/dist-packages/solution_interfaces/solution_interfaces_s__rosidl_typesupport_introspection_c.cpython-310-x86_64-linux-gnu.so
[3.793s] -- Up-to-date symlink: /home/baguette/Documents/CS-AURO/install/solution_interfaces/local/lib/python3.10/dist-packages/solution_interfaces/solution_interfaces_s__rosidl_typesupport_c.cpython-310-x86_64-linux-gnu.so
[3.793s] -- Up-to-date symlink: /home/baguette/Documents/CS-AURO/install/solution_interfaces/share/solution_interfaces/msg/Example.idl
[3.793s] -- Up-to-date symlink: /home/baguette/Documents/CS-AURO/install/solution_interfaces/share/solution_interfaces/msg/Example.msg
[3.793s] -- Up-to-date symlink: /home/baguette/Documents/CS-AURO/install/solution_interfaces/share/ament_index/resource_index/package_run_dependencies/solution_interfaces
[3.793s] -- Up-to-date symlink: /home/baguette/Documents/CS-AURO/install/solution_interfaces/share/ament_index/resource_index/parent_prefix_path/solution_interfaces
[3.793s] -- Up-to-date symlink: /home/baguette/Documents/CS-AURO/install/solution_interfaces/share/solution_interfaces/environment/ament_prefix_path.sh
[3.794s] -- Up-to-date symlink: /home/baguette/Documents/CS-AURO/install/solution_interfaces/share/solution_interfaces/environment/ament_prefix_path.dsv
[3.794s] -- Up-to-date symlink: /home/baguette/Documents/CS-AURO/install/solution_interfaces/share/solution_interfaces/environment/path.sh
[3.794s] -- Up-to-date symlink: /home/baguette/Documents/CS-AURO/install/solution_interfaces/share/solution_interfaces/environment/path.dsv
[3.794s] -- Up-to-date symlink: /home/baguette/Documents/CS-AURO/install/solution_interfaces/share/solution_interfaces/local_setup.bash
[3.794s] -- Up-to-date symlink: /home/baguette/Documents/CS-AURO/install/solution_interfaces/share/solution_interfaces/local_setup.sh
[3.794s] -- Up-to-date symlink: /home/baguette/Documents/CS-AURO/install/solution_interfaces/share/solution_interfaces/local_setup.zsh
[3.794s] -- Up-to-date symlink: /home/baguette/Documents/CS-AURO/install/solution_interfaces/share/solution_interfaces/local_setup.dsv
[3.794s] -- Symlinking: /home/baguette/Documents/CS-AURO/install/solution_interfaces/share/solution_interfaces/package.dsv
[3.810s] -- Up-to-date symlink: /home/baguette/Documents/CS-AURO/install/solution_interfaces/share/ament_index/resource_index/packages/solution_interfaces
[3.810s] -- Up-to-date symlink: /home/baguette/Documents/CS-AURO/install/solution_interfaces/share/solution_interfaces/cmake/rosidl_cmake-extras.cmake
[3.810s] -- Up-to-date symlink: /home/baguette/Documents/CS-AURO/install/solution_interfaces/share/solution_interfaces/cmake/ament_cmake_export_dependencies-extras.cmake
[3.811s] -- Up-to-date symlink: /home/baguette/Documents/CS-AURO/install/solution_interfaces/share/solution_interfaces/cmake/ament_cmake_export_include_directories-extras.cmake
[3.811s] -- Up-to-date symlink: /home/baguette/Documents/CS-AURO/install/solution_interfaces/share/solution_interfaces/cmake/ament_cmake_export_libraries-extras.cmake
[3.811s] -- Up-to-date symlink: /home/baguette/Documents/CS-AURO/install/solution_interfaces/share/solution_interfaces/cmake/ament_cmake_export_targets-extras.cmake
[3.811s] -- Up-to-date symlink: /home/baguette/Documents/CS-AURO/install/solution_interfaces/share/solution_interfaces/cmake/rosidl_cmake_export_typesupport_targets-extras.cmake
[3.811s] -- Up-to-date symlink: /home/baguette/Documents/CS-AURO/install/solution_interfaces/share/solution_interfaces/cmake/rosidl_cmake_export_typesupport_libraries-extras.cmake
[3.811s] -- Up-to-date symlink: /home/baguette/Documents/CS-AURO/install/solution_interfaces/share/solution_interfaces/cmake/solution_interfacesConfig.cmake
[3.811s] -- Up-to-date symlink: /home/baguette/Documents/CS-AURO/install/solution_interfaces/share/solution_interfaces/cmake/solution_interfacesConfig-version.cmake
[3.816s] -- Up-to-date symlink: /home/baguette/Documents/CS-AURO/install/solution_interfaces/share/solution_interfaces/package.xml
[3.817s] -- Up-to-date: /home/baguette/Documents/CS-AURO/install/solution_interfaces/lib/libsolution_interfaces__rosidl_generator_c.so
[3.817s] -- Up-to-date: /home/baguette/Documents/CS-AURO/install/solution_interfaces/lib/libsolution_interfaces__rosidl_typesupport_fastrtps_c.so
[3.818s] -- Up-to-date: /home/baguette/Documents/CS-AURO/install/solution_interfaces/lib/libsolution_interfaces__rosidl_typesupport_fastrtps_cpp.so
[3.818s] -- Up-to-date: /home/baguette/Documents/CS-AURO/install/solution_interfaces/lib/libsolution_interfaces__rosidl_typesupport_introspection_c.so
[3.819s] -- Up-to-date: /home/baguette/Documents/CS-AURO/install/solution_interfaces/lib/libsolution_interfaces__rosidl_typesupport_c.so
[3.819s] -- Up-to-date: /home/baguette/Documents/CS-AURO/install/solution_interfaces/lib/libsolution_interfaces__rosidl_typesupport_introspection_cpp.so
[3.819s] -- Up-to-date: /home/baguette/Documents/CS-AURO/install/solution_interfaces/lib/libsolution_interfaces__rosidl_typesupport_cpp.so
[3.867s] Listing '/home/baguette/Documents/CS-AURO/install/solution_interfaces/local/lib/python3.10/dist-packages/solution_interfaces'...
[3.868s] Listing '/home/baguette/Documents/CS-AURO/install/solution_interfaces/local/lib/python3.10/dist-packages/solution_interfaces/msg'...
[3.879s] -- Up-to-date: /home/baguette/Documents/CS-AURO/install/solution_interfaces/lib/libsolution_interfaces__rosidl_generator_py.so
[3.879s] -- Up-to-date: /home/baguette/Documents/CS-AURO/install/solution_interfaces/share/solution_interfaces/cmake/export_solution_interfaces__rosidl_generator_cExport.cmake
[3.879s] -- Up-to-date: /home/baguette/Documents/CS-AURO/install/solution_interfaces/share/solution_interfaces/cmake/export_solution_interfaces__rosidl_generator_cExport-noconfig.cmake
[3.879s] -- Up-to-date: /home/baguette/Documents/CS-AURO/install/solution_interfaces/share/solution_interfaces/cmake/export_solution_interfaces__rosidl_typesupport_fastrtps_cExport.cmake
[3.880s] -- Up-to-date: /home/baguette/Documents/CS-AURO/install/solution_interfaces/share/solution_interfaces/cmake/export_solution_interfaces__rosidl_typesupport_fastrtps_cExport-noconfig.cmake
[3.880s] -- Up-to-date: /home/baguette/Documents/CS-AURO/install/solution_interfaces/share/solution_interfaces/cmake/export_solution_interfaces__rosidl_generator_cppExport.cmake
[3.880s] -- Up-to-date: /home/baguette/Documents/CS-AURO/install/solution_interfaces/share/solution_interfaces/cmake/export_solution_interfaces__rosidl_typesupport_fastrtps_cppExport.cmake
[3.880s] -- Up-to-date: /home/baguette/Documents/CS-AURO/install/solution_interfaces/share/solution_interfaces/cmake/export_solution_interfaces__rosidl_typesupport_fastrtps_cppExport-noconfig.cmake
[3.880s] -- Up-to-date: /home/baguette/Documents/CS-AURO/install/solution_interfaces/share/solution_interfaces/cmake/solution_interfaces__rosidl_typesupport_introspection_cExport.cmake
[3.880s] -- Up-to-date: /home/baguette/Documents/CS-AURO/install/solution_interfaces/share/solution_interfaces/cmake/solution_interfaces__rosidl_typesupport_introspection_cExport-noconfig.cmake
[3.880s] -- Up-to-date: /home/baguette/Documents/CS-AURO/install/solution_interfaces/share/solution_interfaces/cmake/solution_interfaces__rosidl_typesupport_cExport.cmake
[3.880s] -- Up-to-date: /home/baguette/Documents/CS-AURO/install/solution_interfaces/share/solution_interfaces/cmake/solution_interfaces__rosidl_typesupport_cExport-noconfig.cmake
[3.880s] -- Up-to-date: /home/baguette/Documents/CS-AURO/install/solution_interfaces/share/solution_interfaces/cmake/solution_interfaces__rosidl_typesupport_introspection_cppExport.cmake
[3.880s] -- Up-to-date: /home/baguette/Documents/CS-AURO/install/solution_interfaces/share/solution_interfaces/cmake/solution_interfaces__rosidl_typesupport_introspection_cppExport-noconfig.cmake
[3.880s] -- Up-to-date: /home/baguette/Documents/CS-AURO/install/solution_interfaces/share/solution_interfaces/cmake/solution_interfaces__rosidl_typesupport_cppExport.cmake
[3.880s] -- Up-to-date: /home/baguette/Documents/CS-AURO/install/solution_interfaces/share/solution_interfaces/cmake/solution_interfaces__rosidl_typesupport_cppExport-noconfig.cmake
[3.881s] -- Up-to-date: /home/baguette/Documents/CS-AURO/install/solution_interfaces/share/solution_interfaces/cmake/export_solution_interfaces__rosidl_generator_pyExport.cmake
[3.881s] -- Up-to-date: /home/baguette/Documents/CS-AURO/install/solution_interfaces/share/solution_interfaces/cmake/export_solution_interfaces__rosidl_generator_pyExport-noconfig.cmake
[3.882s] Invoked command in '/home/baguette/Documents/CS-AURO/build/solution_interfaces' returned '0': CMAKE_PREFIX_PATH=/opt/ros/humble /usr/bin/cmake --install /home/baguette/Documents/CS-AURO/build/solution_interfaces
