[1.642s] Invoking command in '/home/baguette/Documents/src/build/tf_relay': PYTHONPATH=/home/baguette/Documents/src/build/tf_relay/prefix_override:/home/baguette/Documents/src/install/tf_relay/lib/python3.10/site-packages:${PYTHONPATH} /usr/bin/python3 setup.py develop --editable --build-directory /home/baguette/Documents/src/build/tf_relay/build --no-deps install_data
[1.882s] running develop
[1.882s] /usr/lib/python3/dist-packages/setuptools/command/easy_install.py:158: EasyInstallDeprecationWarning: easy_install command is deprecated. Use build and pip and other standards-based tools.
[1.883s]   warnings.warn(
[1.883s] /usr/lib/python3/dist-packages/setuptools/command/install.py:34: SetuptoolsDeprecationWarning: setup.py install is deprecated. Use build and pip and other standards-based tools.
[1.883s]   warnings.warn(
[2.050s] running egg_info
[2.050s] writing tf_relay.egg-info/PKG-INFO
[2.050s] writing dependency_links to tf_relay.egg-info/dependency_links.txt
[2.050s] writing entry points to tf_relay.egg-info/entry_points.txt
[2.051s] writing requirements to tf_relay.egg-info/requires.txt
[2.051s] writing top-level names to tf_relay.egg-info/top_level.txt
[2.052s] reading manifest file 'tf_relay.egg-info/SOURCES.txt'
[2.053s] writing manifest file 'tf_relay.egg-info/SOURCES.txt'
[2.054s] running build_ext
[2.055s] Creating /home/baguette/Documents/src/install/tf_relay/lib/python3.10/site-packages/tf-relay.egg-link (link to .)
[2.055s] Installing relay script to /home/baguette/Documents/src/install/tf_relay/lib/tf_relay
[2.055s] 
[2.056s] Installed /home/baguette/Documents/src/build/tf_relay
[2.056s] running install_data
[2.190s] Invoked command in '/home/baguette/Documents/src/build/tf_relay' returned '0': PYTHONPATH=/home/baguette/Documents/src/build/tf_relay/prefix_override:/home/baguette/Documents/src/install/tf_relay/lib/python3.10/site-packages:${PYTHONPATH} /usr/bin/python3 setup.py develop --editable --build-directory /home/baguette/Documents/src/build/tf_relay/build --no-deps install_data
