[0.598s] Invoking command in '/home/baguette/Documents/src/build/auro_interfaces': CMAKE_PREFIX_PATH=${CMAKE_PREFIX_PATH}:/home/baguette/Documents/src/install/tf_transformations:/home/baguette/Documents/src/install/tf_relay:/home/baguette/Documents/src/install/solution:/home/baguette/Documents/src/install/assessment:/opt/ros/humble /usr/bin/cmake --build /home/baguette/Documents/src/build/auro_interfaces -- -j16 -l16
[1.181s] [  2%] Built target auro_interfaces__cpp
[1.181s] [ 12%] Built target auro_interfaces__rosidl_generator_c
[1.181s] [ 12%] Built target ament_cmake_python_symlink_auro_interfaces
[1.181s] [ 65%] Built target auro_interfaces__rosidl_typesupport_fastrtps_c
[1.181s] [ 65%] Built target auro_interfaces__rosidl_typesupport_introspection_c
[1.181s] [ 65%] Built target auro_interfaces__rosidl_typesupport_cpp
[1.181s] [ 65%] Built target auro_interfaces__rosidl_typesupport_introspection_cpp
[1.181s] [ 65%] Built target auro_interfaces__rosidl_typesupport_fastrtps_cpp
[1.182s] [ 76%] Built target auro_interfaces__rosidl_typesupport_c
[1.182s] [ 76%] Built target auro_interfaces
[1.182s] [ 78%] Built target auro_interfaces__py
[1.182s] [ 87%] Built target auro_interfaces__rosidl_generator_py
[1.182s] [100%] Built target auro_interfaces__rosidl_typesupport_introspection_c__pyext
[1.182s] [100%] Built target auro_interfaces__rosidl_typesupport_fastrtps_c__pyext
[1.182s] [100%] Built target auro_interfaces__rosidl_typesupport_c__pyext
[1.182s] running egg_info
[1.182s] writing auro_interfaces.egg-info/PKG-INFO
[1.182s] writing dependency_links to auro_interfaces.egg-info/dependency_links.txt
[1.182s] writing top-level names to auro_interfaces.egg-info/top_level.txt
[1.182s] reading manifest file 'auro_interfaces.egg-info/SOURCES.txt'
[1.183s] writing manifest file 'auro_interfaces.egg-info/SOURCES.txt'
[1.183s] [100%] Built target ament_cmake_python_build_auro_interfaces_egg
[1.474s] Invoked command in '/home/baguette/Documents/src/build/auro_interfaces' returned '0': CMAKE_PREFIX_PATH=${CMAKE_PREFIX_PATH}:/home/baguette/Documents/src/install/tf_transformations:/home/baguette/Documents/src/install/tf_relay:/home/baguette/Documents/src/install/solution:/home/baguette/Documents/src/install/assessment:/opt/ros/humble /usr/bin/cmake --build /home/baguette/Documents/src/build/auro_interfaces -- -j16 -l16
[1.579s] Invoking command in '/home/baguette/Documents/src/build/auro_interfaces': CMAKE_PREFIX_PATH=${CMAKE_PREFIX_PATH}:/home/baguette/Documents/src/install/tf_transformations:/home/baguette/Documents/src/install/tf_relay:/home/baguette/Documents/src/install/solution:/home/baguette/Documents/src/install/assessment:/opt/ros/humble /usr/bin/cmake --install /home/baguette/Documents/src/build/auro_interfaces
[1.583s] -- Install configuration: ""
[1.584s] -- Execute custom install script
[1.584s] -- Up-to-date symlink: /home/baguette/Documents/src/install/auro_interfaces/share/ament_index/resource_index/rosidl_interfaces/auro_interfaces
[1.584s] -- Up-to-date symlink: /home/baguette/Documents/src/install/auro_interfaces/include/auro_interfaces/auro_interfaces/msg/detail/item__functions.h
[1.585s] -- Up-to-date symlink: /home/baguette/Documents/src/install/auro_interfaces/include/auro_interfaces/auro_interfaces/msg/detail/item__struct.h
[1.585s] -- Up-to-date symlink: /home/baguette/Documents/src/install/auro_interfaces/include/auro_interfaces/auro_interfaces/msg/detail/item__type_support.h
[1.585s] -- Up-to-date symlink: /home/baguette/Documents/src/install/auro_interfaces/include/auro_interfaces/auro_interfaces/msg/detail/item_list__functions.h
[1.585s] -- Up-to-date symlink: /home/baguette/Documents/src/install/auro_interfaces/include/auro_interfaces/auro_interfaces/msg/detail/item_list__struct.h
[1.586s] -- Up-to-date symlink: /home/baguette/Documents/src/install/auro_interfaces/include/auro_interfaces/auro_interfaces/msg/detail/item_list__type_support.h
[1.586s] -- Up-to-date symlink: /home/baguette/Documents/src/install/auro_interfaces/include/auro_interfaces/auro_interfaces/msg/detail/string_with_pose__functions.h
[1.586s] -- Up-to-date symlink: /home/baguette/Documents/src/install/auro_interfaces/include/auro_interfaces/auro_interfaces/msg/detail/string_with_pose__struct.h
[1.586s] -- Up-to-date symlink: /home/baguette/Documents/src/install/auro_interfaces/include/auro_interfaces/auro_interfaces/msg/detail/string_with_pose__type_support.h
[1.586s] -- Up-to-date symlink: /home/baguette/Documents/src/install/auro_interfaces/include/auro_interfaces/auro_interfaces/msg/item.h
[1.587s] -- Up-to-date symlink: /home/baguette/Documents/src/install/auro_interfaces/include/auro_interfaces/auro_interfaces/msg/item_list.h
[1.587s] -- Up-to-date symlink: /home/baguette/Documents/src/install/auro_interfaces/include/auro_interfaces/auro_interfaces/msg/rosidl_generator_c__visibility_control.h
[1.587s] -- Up-to-date symlink: /home/baguette/Documents/src/install/auro_interfaces/include/auro_interfaces/auro_interfaces/msg/string_with_pose.h
[1.587s] -- Up-to-date symlink: /home/baguette/Documents/src/install/auro_interfaces/share/auro_interfaces/environment/library_path.sh
[1.587s] -- Up-to-date symlink: /home/baguette/Documents/src/install/auro_interfaces/share/auro_interfaces/environment/library_path.dsv
[1.588s] -- Up-to-date symlink: /home/baguette/Documents/src/install/auro_interfaces/include/auro_interfaces/auro_interfaces/msg/detail/item__rosidl_typesupport_fastrtps_c.h
[1.588s] -- Up-to-date symlink: /home/baguette/Documents/src/install/auro_interfaces/include/auro_interfaces/auro_interfaces/msg/detail/item_list__rosidl_typesupport_fastrtps_c.h
[1.588s] -- Up-to-date symlink: /home/baguette/Documents/src/install/auro_interfaces/include/auro_interfaces/auro_interfaces/msg/detail/string_with_pose__rosidl_typesupport_fastrtps_c.h
[1.588s] -- Up-to-date symlink: /home/baguette/Documents/src/install/auro_interfaces/include/auro_interfaces/auro_interfaces/msg/rosidl_typesupport_fastrtps_c__visibility_control.h
[1.589s] -- Up-to-date symlink: /home/baguette/Documents/src/install/auro_interfaces/include/auro_interfaces/auro_interfaces/msg/detail/item__builder.hpp
[1.589s] -- Up-to-date symlink: /home/baguette/Documents/src/install/auro_interfaces/include/auro_interfaces/auro_interfaces/msg/detail/item__struct.hpp
[1.589s] -- Up-to-date symlink: /home/baguette/Documents/src/install/auro_interfaces/include/auro_interfaces/auro_interfaces/msg/detail/item__traits.hpp
[1.589s] -- Up-to-date symlink: /home/baguette/Documents/src/install/auro_interfaces/include/auro_interfaces/auro_interfaces/msg/detail/item_list__builder.hpp
[1.590s] -- Up-to-date symlink: /home/baguette/Documents/src/install/auro_interfaces/include/auro_interfaces/auro_interfaces/msg/detail/item_list__struct.hpp
[1.590s] -- Up-to-date symlink: /home/baguette/Documents/src/install/auro_interfaces/include/auro_interfaces/auro_interfaces/msg/detail/item_list__traits.hpp
[1.590s] -- Up-to-date symlink: /home/baguette/Documents/src/install/auro_interfaces/include/auro_interfaces/auro_interfaces/msg/detail/string_with_pose__builder.hpp
[1.591s] -- Up-to-date symlink: /home/baguette/Documents/src/install/auro_interfaces/include/auro_interfaces/auro_interfaces/msg/detail/string_with_pose__struct.hpp
[1.591s] -- Up-to-date symlink: /home/baguette/Documents/src/install/auro_interfaces/include/auro_interfaces/auro_interfaces/msg/detail/string_with_pose__traits.hpp
[1.591s] -- Up-to-date symlink: /home/baguette/Documents/src/install/auro_interfaces/include/auro_interfaces/auro_interfaces/msg/item.hpp
[1.591s] -- Up-to-date symlink: /home/baguette/Documents/src/install/auro_interfaces/include/auro_interfaces/auro_interfaces/msg/item_list.hpp
[1.592s] -- Up-to-date symlink: /home/baguette/Documents/src/install/auro_interfaces/include/auro_interfaces/auro_interfaces/msg/string_with_pose.hpp
[1.592s] -- Up-to-date symlink: /home/baguette/Documents/src/install/auro_interfaces/include/auro_interfaces/auro_interfaces/msg/detail/item__rosidl_typesupport_fastrtps_cpp.hpp
[1.592s] -- Up-to-date symlink: /home/baguette/Documents/src/install/auro_interfaces/include/auro_interfaces/auro_interfaces/msg/detail/item_list__rosidl_typesupport_fastrtps_cpp.hpp
[1.592s] -- Up-to-date symlink: /home/baguette/Documents/src/install/auro_interfaces/include/auro_interfaces/auro_interfaces/msg/detail/string_with_pose__rosidl_typesupport_fastrtps_cpp.hpp
[1.593s] -- Up-to-date symlink: /home/baguette/Documents/src/install/auro_interfaces/include/auro_interfaces/auro_interfaces/msg/rosidl_typesupport_fastrtps_cpp__visibility_control.h
[1.594s] -- Up-to-date symlink: /home/baguette/Documents/src/install/auro_interfaces/include/auro_interfaces/auro_interfaces/msg/detail/item__rosidl_typesupport_introspection_c.h
[1.595s] -- Up-to-date symlink: /home/baguette/Documents/src/install/auro_interfaces/include/auro_interfaces/auro_interfaces/msg/detail/item_list__rosidl_typesupport_introspection_c.h
[1.595s] -- Up-to-date symlink: /home/baguette/Documents/src/install/auro_interfaces/include/auro_interfaces/auro_interfaces/msg/detail/string_with_pose__rosidl_typesupport_introspection_c.h
[1.595s] -- Up-to-date symlink: /home/baguette/Documents/src/install/auro_interfaces/include/auro_interfaces/auro_interfaces/msg/rosidl_typesupport_introspection_c__visibility_control.h
[1.595s] -- Up-to-date symlink: /home/baguette/Documents/src/install/auro_interfaces/include/auro_interfaces/auro_interfaces/msg/detail/item__rosidl_typesupport_introspection_cpp.hpp
[1.596s] -- Up-to-date symlink: /home/baguette/Documents/src/install/auro_interfaces/include/auro_interfaces/auro_interfaces/msg/detail/item_list__rosidl_typesupport_introspection_cpp.hpp
[1.596s] -- Up-to-date symlink: /home/baguette/Documents/src/install/auro_interfaces/include/auro_interfaces/auro_interfaces/msg/detail/string_with_pose__rosidl_typesupport_introspection_cpp.hpp
[1.596s] -- Up-to-date symlink: /home/baguette/Documents/src/install/auro_interfaces/share/auro_interfaces/environment/pythonpath.sh
[1.597s] -- Up-to-date symlink: /home/baguette/Documents/src/install/auro_interfaces/share/auro_interfaces/environment/pythonpath.dsv
[1.597s] -- Up-to-date symlink: /home/baguette/Documents/src/install/auro_interfaces/local/lib/python3.10/dist-packages/auro_interfaces-0.0.0-py3.10.egg-info/PKG-INFO
[1.597s] -- Up-to-date symlink: /home/baguette/Documents/src/install/auro_interfaces/local/lib/python3.10/dist-packages/auro_interfaces-0.0.0-py3.10.egg-info/SOURCES.txt
[1.597s] -- Up-to-date symlink: /home/baguette/Documents/src/install/auro_interfaces/local/lib/python3.10/dist-packages/auro_interfaces-0.0.0-py3.10.egg-info/dependency_links.txt
[1.597s] -- Up-to-date symlink: /home/baguette/Documents/src/install/auro_interfaces/local/lib/python3.10/dist-packages/auro_interfaces-0.0.0-py3.10.egg-info/top_level.txt
[1.598s] -- Up-to-date symlink: /home/baguette/Documents/src/install/auro_interfaces/local/lib/python3.10/dist-packages/auro_interfaces/__init__.py
[1.598s] -- Up-to-date symlink: /home/baguette/Documents/src/install/auro_interfaces/local/lib/python3.10/dist-packages/auro_interfaces/_auro_interfaces_s.ep.rosidl_typesupport_c.c
[1.598s] -- Up-to-date symlink: /home/baguette/Documents/src/install/auro_interfaces/local/lib/python3.10/dist-packages/auro_interfaces/_auro_interfaces_s.ep.rosidl_typesupport_fastrtps_c.c
[1.598s] -- Up-to-date symlink: /home/baguette/Documents/src/install/auro_interfaces/local/lib/python3.10/dist-packages/auro_interfaces/_auro_interfaces_s.ep.rosidl_typesupport_introspection_c.c
[1.598s] -- Up-to-date symlink: /home/baguette/Documents/src/install/auro_interfaces/local/lib/python3.10/dist-packages/auro_interfaces/auro_interfaces_s__rosidl_typesupport_c.cpython-310-x86_64-linux-gnu.so
[1.598s] -- Up-to-date symlink: /home/baguette/Documents/src/install/auro_interfaces/local/lib/python3.10/dist-packages/auro_interfaces/auro_interfaces_s__rosidl_typesupport_fastrtps_c.cpython-310-x86_64-linux-gnu.so
[1.599s] -- Up-to-date symlink: /home/baguette/Documents/src/install/auro_interfaces/local/lib/python3.10/dist-packages/auro_interfaces/auro_interfaces_s__rosidl_typesupport_introspection_c.cpython-310-x86_64-linux-gnu.so
[1.599s] -- Up-to-date symlink: /home/baguette/Documents/src/install/auro_interfaces/local/lib/python3.10/dist-packages/auro_interfaces/libauro_interfaces__rosidl_generator_py.so
[1.599s] -- Up-to-date symlink: /home/baguette/Documents/src/install/auro_interfaces/local/lib/python3.10/dist-packages/auro_interfaces/msg/__init__.py
[1.599s] -- Up-to-date symlink: /home/baguette/Documents/src/install/auro_interfaces/local/lib/python3.10/dist-packages/auro_interfaces/msg/_item.py
[1.600s] -- Up-to-date symlink: /home/baguette/Documents/src/install/auro_interfaces/local/lib/python3.10/dist-packages/auro_interfaces/msg/_item_list.py
[1.600s] -- Up-to-date symlink: /home/baguette/Documents/src/install/auro_interfaces/local/lib/python3.10/dist-packages/auro_interfaces/msg/_item_list_s.c
[1.600s] -- Up-to-date symlink: /home/baguette/Documents/src/install/auro_interfaces/local/lib/python3.10/dist-packages/auro_interfaces/msg/_item_s.c
[1.600s] -- Up-to-date symlink: /home/baguette/Documents/src/install/auro_interfaces/local/lib/python3.10/dist-packages/auro_interfaces/msg/_string_with_pose.py
[1.600s] -- Up-to-date symlink: /home/baguette/Documents/src/install/auro_interfaces/local/lib/python3.10/dist-packages/auro_interfaces/msg/_string_with_pose_s.c
[1.600s] -- Up-to-date symlink: /home/baguette/Documents/src/install/auro_interfaces/local/lib/python3.10/dist-packages/auro_interfaces/auro_interfaces_s__rosidl_typesupport_fastrtps_c.cpython-310-x86_64-linux-gnu.so
[1.600s] -- Up-to-date symlink: /home/baguette/Documents/src/install/auro_interfaces/local/lib/python3.10/dist-packages/auro_interfaces/auro_interfaces_s__rosidl_typesupport_introspection_c.cpython-310-x86_64-linux-gnu.so
[1.601s] -- Up-to-date symlink: /home/baguette/Documents/src/install/auro_interfaces/local/lib/python3.10/dist-packages/auro_interfaces/auro_interfaces_s__rosidl_typesupport_c.cpython-310-x86_64-linux-gnu.so
[1.601s] -- Up-to-date symlink: /home/baguette/Documents/src/install/auro_interfaces/share/auro_interfaces/msg/StringWithPose.idl
[1.601s] -- Up-to-date symlink: /home/baguette/Documents/src/install/auro_interfaces/share/auro_interfaces/msg/Item.idl
[1.601s] -- Up-to-date symlink: /home/baguette/Documents/src/install/auro_interfaces/share/auro_interfaces/msg/ItemList.idl
[1.601s] -- Up-to-date symlink: /home/baguette/Documents/src/install/auro_interfaces/share/auro_interfaces/msg/StringWithPose.msg
[1.601s] -- Up-to-date symlink: /home/baguette/Documents/src/install/auro_interfaces/share/auro_interfaces/msg/Item.msg
[1.602s] -- Up-to-date symlink: /home/baguette/Documents/src/install/auro_interfaces/share/auro_interfaces/msg/ItemList.msg
[1.602s] -- Up-to-date symlink: /home/baguette/Documents/src/install/auro_interfaces/share/ament_index/resource_index/package_run_dependencies/auro_interfaces
[1.602s] -- Up-to-date symlink: /home/baguette/Documents/src/install/auro_interfaces/share/ament_index/resource_index/parent_prefix_path/auro_interfaces
[1.602s] -- Up-to-date symlink: /home/baguette/Documents/src/install/auro_interfaces/share/auro_interfaces/environment/ament_prefix_path.sh
[1.602s] -- Up-to-date symlink: /home/baguette/Documents/src/install/auro_interfaces/share/auro_interfaces/environment/ament_prefix_path.dsv
[1.603s] -- Up-to-date symlink: /home/baguette/Documents/src/install/auro_interfaces/share/auro_interfaces/environment/path.sh
[1.603s] -- Up-to-date symlink: /home/baguette/Documents/src/install/auro_interfaces/share/auro_interfaces/environment/path.dsv
[1.603s] -- Up-to-date symlink: /home/baguette/Documents/src/install/auro_interfaces/share/auro_interfaces/local_setup.bash
[1.603s] -- Up-to-date symlink: /home/baguette/Documents/src/install/auro_interfaces/share/auro_interfaces/local_setup.sh
[1.603s] -- Up-to-date symlink: /home/baguette/Documents/src/install/auro_interfaces/share/auro_interfaces/local_setup.zsh
[1.604s] -- Up-to-date symlink: /home/baguette/Documents/src/install/auro_interfaces/share/auro_interfaces/local_setup.dsv
[1.604s] -- Symlinking: /home/baguette/Documents/src/install/auro_interfaces/share/auro_interfaces/package.dsv
[1.610s] -- Up-to-date symlink: /home/baguette/Documents/src/install/auro_interfaces/share/ament_index/resource_index/packages/auro_interfaces
[1.610s] -- Up-to-date symlink: /home/baguette/Documents/src/install/auro_interfaces/share/auro_interfaces/cmake/rosidl_cmake-extras.cmake
[1.610s] -- Up-to-date symlink: /home/baguette/Documents/src/install/auro_interfaces/share/auro_interfaces/cmake/ament_cmake_export_dependencies-extras.cmake
[1.610s] -- Up-to-date symlink: /home/baguette/Documents/src/install/auro_interfaces/share/auro_interfaces/cmake/ament_cmake_export_include_directories-extras.cmake
[1.611s] -- Up-to-date symlink: /home/baguette/Documents/src/install/auro_interfaces/share/auro_interfaces/cmake/ament_cmake_export_libraries-extras.cmake
[1.611s] -- Up-to-date symlink: /home/baguette/Documents/src/install/auro_interfaces/share/auro_interfaces/cmake/ament_cmake_export_targets-extras.cmake
[1.611s] -- Up-to-date symlink: /home/baguette/Documents/src/install/auro_interfaces/share/auro_interfaces/cmake/rosidl_cmake_export_typesupport_targets-extras.cmake
[1.611s] -- Up-to-date symlink: /home/baguette/Documents/src/install/auro_interfaces/share/auro_interfaces/cmake/rosidl_cmake_export_typesupport_libraries-extras.cmake
[1.611s] -- Up-to-date symlink: /home/baguette/Documents/src/install/auro_interfaces/share/auro_interfaces/cmake/auro_interfacesConfig.cmake
[1.611s] -- Up-to-date symlink: /home/baguette/Documents/src/install/auro_interfaces/share/auro_interfaces/cmake/auro_interfacesConfig-version.cmake
[1.612s] -- Up-to-date symlink: /home/baguette/Documents/src/install/auro_interfaces/share/auro_interfaces/package.xml
[1.613s] -- Up-to-date: /home/baguette/Documents/src/install/auro_interfaces/lib/libauro_interfaces__rosidl_generator_c.so
[1.613s] -- Up-to-date: /home/baguette/Documents/src/install/auro_interfaces/lib/libauro_interfaces__rosidl_typesupport_fastrtps_c.so
[1.613s] -- Up-to-date: /home/baguette/Documents/src/install/auro_interfaces/lib/libauro_interfaces__rosidl_typesupport_fastrtps_cpp.so
[1.613s] -- Up-to-date: /home/baguette/Documents/src/install/auro_interfaces/lib/libauro_interfaces__rosidl_typesupport_introspection_c.so
[1.614s] -- Up-to-date: /home/baguette/Documents/src/install/auro_interfaces/lib/libauro_interfaces__rosidl_typesupport_c.so
[1.614s] -- Up-to-date: /home/baguette/Documents/src/install/auro_interfaces/lib/libauro_interfaces__rosidl_typesupport_introspection_cpp.so
[1.614s] -- Up-to-date: /home/baguette/Documents/src/install/auro_interfaces/lib/libauro_interfaces__rosidl_typesupport_cpp.so
[1.649s] Listing '/home/baguette/Documents/src/install/auro_interfaces/local/lib/python3.10/dist-packages/auro_interfaces'...
[1.649s] Listing '/home/baguette/Documents/src/install/auro_interfaces/local/lib/python3.10/dist-packages/auro_interfaces/msg'...
[1.658s] -- Up-to-date: /home/baguette/Documents/src/install/auro_interfaces/lib/libauro_interfaces__rosidl_generator_py.so
[1.658s] -- Up-to-date: /home/baguette/Documents/src/install/auro_interfaces/share/auro_interfaces/cmake/export_auro_interfaces__rosidl_generator_cExport.cmake
[1.659s] -- Up-to-date: /home/baguette/Documents/src/install/auro_interfaces/share/auro_interfaces/cmake/export_auro_interfaces__rosidl_generator_cExport-noconfig.cmake
[1.659s] -- Up-to-date: /home/baguette/Documents/src/install/auro_interfaces/share/auro_interfaces/cmake/export_auro_interfaces__rosidl_typesupport_fastrtps_cExport.cmake
[1.659s] -- Up-to-date: /home/baguette/Documents/src/install/auro_interfaces/share/auro_interfaces/cmake/export_auro_interfaces__rosidl_typesupport_fastrtps_cExport-noconfig.cmake
[1.659s] -- Up-to-date: /home/baguette/Documents/src/install/auro_interfaces/share/auro_interfaces/cmake/export_auro_interfaces__rosidl_generator_cppExport.cmake
[1.660s] -- Up-to-date: /home/baguette/Documents/src/install/auro_interfaces/share/auro_interfaces/cmake/export_auro_interfaces__rosidl_typesupport_fastrtps_cppExport.cmake
[1.660s] -- Up-to-date: /home/baguette/Documents/src/install/auro_interfaces/share/auro_interfaces/cmake/export_auro_interfaces__rosidl_typesupport_fastrtps_cppExport-noconfig.cmake
[1.660s] -- Up-to-date: /home/baguette/Documents/src/install/auro_interfaces/share/auro_interfaces/cmake/auro_interfaces__rosidl_typesupport_introspection_cExport.cmake
[1.661s] -- Up-to-date: /home/baguette/Documents/src/install/auro_interfaces/share/auro_interfaces/cmake/auro_interfaces__rosidl_typesupport_introspection_cExport-noconfig.cmake
[1.661s] -- Up-to-date: /home/baguette/Documents/src/install/auro_interfaces/share/auro_interfaces/cmake/auro_interfaces__rosidl_typesupport_cExport.cmake
[1.661s] -- Up-to-date: /home/baguette/Documents/src/install/auro_interfaces/share/auro_interfaces/cmake/auro_interfaces__rosidl_typesupport_cExport-noconfig.cmake
[1.661s] -- Up-to-date: /home/baguette/Documents/src/install/auro_interfaces/share/auro_interfaces/cmake/auro_interfaces__rosidl_typesupport_introspection_cppExport.cmake
[1.662s] -- Up-to-date: /home/baguette/Documents/src/install/auro_interfaces/share/auro_interfaces/cmake/auro_interfaces__rosidl_typesupport_introspection_cppExport-noconfig.cmake
[1.662s] -- Up-to-date: /home/baguette/Documents/src/install/auro_interfaces/share/auro_interfaces/cmake/auro_interfaces__rosidl_typesupport_cppExport.cmake
[1.662s] -- Up-to-date: /home/baguette/Documents/src/install/auro_interfaces/share/auro_interfaces/cmake/auro_interfaces__rosidl_typesupport_cppExport-noconfig.cmake
[1.663s] -- Up-to-date: /home/baguette/Documents/src/install/auro_interfaces/share/auro_interfaces/cmake/export_auro_interfaces__rosidl_generator_pyExport.cmake
[1.663s] -- Up-to-date: /home/baguette/Documents/src/install/auro_interfaces/share/auro_interfaces/cmake/export_auro_interfaces__rosidl_generator_pyExport-noconfig.cmake
[1.781s] Invoked command in '/home/baguette/Documents/src/build/auro_interfaces' returned '0': CMAKE_PREFIX_PATH=${CMAKE_PREFIX_PATH}:/home/baguette/Documents/src/install/tf_transformations:/home/baguette/Documents/src/install/tf_relay:/home/baguette/Documents/src/install/solution:/home/baguette/Documents/src/install/assessment:/opt/ros/humble /usr/bin/cmake --install /home/baguette/Documents/src/build/auro_interfaces
