[4.306s] Invoking command in '/home/baguette/Documents/CS-AURO/build/week_8': PYTHONPATH=/home/baguette/Documents/CS-AURO/build/week_8/prefix_override:/home/baguette/Documents/CS-AURO/install/week_8/lib/python3.10/site-packages:${PYTHONPATH} /usr/bin/python3 setup.py develop --editable --build-directory /home/baguette/Documents/CS-AURO/build/week_8/build --no-deps install_data
[4.807s] running develop
[4.808s] running egg_info
[4.808s] writing week_8.egg-info/PKG-INFO
[4.808s] writing dependency_links to week_8.egg-info/dependency_links.txt
[4.808s] writing entry points to week_8.egg-info/entry_points.txt
[4.810s] writing requirements to week_8.egg-info/requires.txt
[4.811s] writing top-level names to week_8.egg-info/top_level.txt
[4.811s] reading manifest file 'week_8.egg-info/SOURCES.txt'
[4.811s] writing manifest file 'week_8.egg-info/SOURCES.txt'
[4.811s] running build_ext
[4.812s] Creating /home/baguette/Documents/CS-AURO/install/week_8/lib/python3.10/site-packages/week-8.egg-link (link to .)
[4.812s] Installing autonomous_navigation script to /home/baguette/Documents/CS-AURO/install/week_8/lib/week_8
[4.812s] Installing autonomous_navigation_multithreaded script to /home/baguette/Documents/CS-AURO/install/week_8/lib/week_8
[4.812s] Installing joint_state_republisher script to /home/baguette/Documents/CS-AURO/install/week_8/lib/week_8
[4.812s] Installing path_publisher script to /home/baguette/Documents/CS-AURO/install/week_8/lib/week_8
[4.813s] Installing robot_controller script to /home/baguette/Documents/CS-AURO/install/week_8/lib/week_8
[4.813s] Installing simple_commander script to /home/baguette/Documents/CS-AURO/install/week_8/lib/week_8
[4.813s] 
[4.813s] Installed /home/baguette/Documents/CS-AURO/build/week_8
[4.814s] running install_data
[4.814s] /usr/lib/python3/dist-packages/setuptools/command/easy_install.py:158: EasyInstallDeprecationWarning: easy_install command is deprecated. Use build and pip and other standards-based tools.
[4.814s]   warnings.warn(
[4.814s] /usr/lib/python3/dist-packages/setuptools/command/install.py:34: SetuptoolsDeprecationWarning: setup.py install is deprecated. Use build and pip and other standards-based tools.
[4.814s]   warnings.warn(
[5.003s] Invoked command in '/home/baguette/Documents/CS-AURO/build/week_8' returned '0': PYTHONPATH=/home/baguette/Documents/CS-AURO/build/week_8/prefix_override:/home/baguette/Documents/CS-AURO/install/week_8/lib/python3.10/site-packages:${PYTHONPATH} /usr/bin/python3 setup.py develop --editable --build-directory /home/baguette/Documents/CS-AURO/build/week_8/build --no-deps install_data
