[1.963s] Invoking command in '/home/baguette/Documents/src/build/solution': PYTHONPATH=/home/baguette/Documents/src/build/solution/prefix_override:/home/baguette/Documents/src/install/solution/lib/python3.10/site-packages:${PYTHONPATH} /usr/bin/python3 setup.py develop --editable --build-directory /home/baguette/Documents/src/build/solution/build --no-deps install_data
[2.204s] running develop
[2.204s] /usr/lib/python3/dist-packages/setuptools/command/easy_install.py:158: EasyInstallDeprecationWarning: easy_install command is deprecated. Use build and pip and other standards-based tools.
[2.204s]   warnings.warn(
[2.205s] /usr/lib/python3/dist-packages/setuptools/command/install.py:34: SetuptoolsDeprecationWarning: setup.py install is deprecated. Use build and pip and other standards-based tools.
[2.205s]   warnings.warn(
[2.389s] running egg_info
[2.389s] writing solution.egg-info/PKG-INFO
[2.389s] writing dependency_links to solution.egg-info/dependency_links.txt
[2.390s] writing entry points to solution.egg-info/entry_points.txt
[2.390s] writing requirements to solution.egg-info/requires.txt
[2.390s] writing top-level names to solution.egg-info/top_level.txt
[2.391s] reading manifest file 'solution.egg-info/SOURCES.txt'
[2.392s] writing manifest file 'solution.egg-info/SOURCES.txt'
[2.393s] running build_ext
[2.394s] Creating /home/baguette/Documents/src/install/solution/lib/python3.10/site-packages/solution.egg-link (link to .)
[2.395s] Installing data_logger script to /home/baguette/Documents/src/install/solution/lib/solution
[2.395s] Installing robot_controller script to /home/baguette/Documents/src/install/solution/lib/solution
[2.395s] 
[2.396s] Installed /home/baguette/Documents/src/build/solution
[2.396s] running install_data
[2.396s] copying launch/solution_nav2_launch.py -> /home/baguette/Documents/src/install/solution/share/solution/launch/
