[0.768s] Invoking command in '/home/baguette/Documents/CS-AURO/build/assessment_interfaces': CMAKE_PREFIX_PATH=/opt/ros/humble /usr/bin/cmake --build /home/baguette/Documents/CS-AURO/build/assessment_interfaces -- -j16 -l16
[3.600s] [  2%] Built target assessment_interfaces__cpp
[3.600s] [ 12%] Built target assessment_interfaces__rosidl_generator_c
[3.601s] [ 12%] Built target ament_cmake_python_symlink_assessment_interfaces
[3.601s] [ 24%] Built target assessment_interfaces__rosidl_typesupport_cpp
[3.601s] [ 47%] Built target assessment_interfaces__rosidl_typesupport_fastrtps_cpp
[3.601s] [ 47%] Built target assessment_interfaces__rosidl_typesupport_introspection_cpp
[3.601s] [ 78%] Built target assessment_interfaces__rosidl_typesupport_c
[3.602s] [ 79%] Built target assessment_interfaces__rosidl_typesupport_introspection_c
[3.602s] [ 81%] Built target assessment_interfaces__rosidl_typesupport_fastrtps_c
[3.602s] [ 81%] Built target assessment_interfaces
[3.602s] [ 82%] Built target assessment_interfaces__py
[3.603s] [ 93%] Built target assessment_interfaces__rosidl_generator_py
[3.603s] [ 97%] Built target assessment_interfaces__rosidl_typesupport_c__pyext
[3.603s] [ 97%] Built target assessment_interfaces__rosidl_typesupport_fastrtps_c__pyext
[3.603s] [100%] Built target assessment_interfaces__rosidl_typesupport_introspection_c__pyext
[3.603s] running egg_info
[3.603s] writing assessment_interfaces.egg-info/PKG-INFO
[3.603s] writing dependency_links to assessment_interfaces.egg-info/dependency_links.txt
[3.603s] writing top-level names to assessment_interfaces.egg-info/top_level.txt
[3.603s] reading manifest file 'assessment_interfaces.egg-info/SOURCES.txt'
[3.603s] writing manifest file 'assessment_interfaces.egg-info/SOURCES.txt'
[3.603s] [100%] Built target ament_cmake_python_build_assessment_interfaces_egg
[3.856s] Invoked command in '/home/baguette/Documents/CS-AURO/build/assessment_interfaces' returned '0': CMAKE_PREFIX_PATH=/opt/ros/humble /usr/bin/cmake --build /home/baguette/Documents/CS-AURO/build/assessment_interfaces -- -j16 -l16
[4.315s] Invoking command in '/home/baguette/Documents/CS-AURO/build/assessment_interfaces': CMAKE_PREFIX_PATH=/opt/ros/humble /usr/bin/cmake --install /home/baguette/Documents/CS-AURO/build/assessment_interfaces
[4.458s] -- Install configuration: ""
[4.459s] -- Execute custom install script
[4.459s] -- Up-to-date symlink: /home/baguette/Documents/CS-AURO/install/assessment_interfaces/share/ament_index/resource_index/rosidl_interfaces/assessment_interfaces
[4.459s] -- Up-to-date symlink: /home/baguette/Documents/CS-AURO/install/assessment_interfaces/include/assessment_interfaces/assessment_interfaces/msg/detail/home_zone__functions.h
[4.459s] -- Up-to-date symlink: /home/baguette/Documents/CS-AURO/install/assessment_interfaces/include/assessment_interfaces/assessment_interfaces/msg/detail/home_zone__struct.h
[4.462s] -- Up-to-date symlink: /home/baguette/Documents/CS-AURO/install/assessment_interfaces/include/assessment_interfaces/assessment_interfaces/msg/detail/home_zone__type_support.h
[4.462s] -- Up-to-date symlink: /home/baguette/Documents/CS-AURO/install/assessment_interfaces/include/assessment_interfaces/assessment_interfaces/msg/detail/item__functions.h
[4.463s] -- Up-to-date symlink: /home/baguette/Documents/CS-AURO/install/assessment_interfaces/include/assessment_interfaces/assessment_interfaces/msg/detail/item__struct.h
[4.463s] -- Up-to-date symlink: /home/baguette/Documents/CS-AURO/install/assessment_interfaces/include/assessment_interfaces/assessment_interfaces/msg/detail/item__type_support.h
[4.463s] -- Up-to-date symlink: /home/baguette/Documents/CS-AURO/install/assessment_interfaces/include/assessment_interfaces/assessment_interfaces/msg/detail/item_holder__functions.h
[4.463s] -- Up-to-date symlink: /home/baguette/Documents/CS-AURO/install/assessment_interfaces/include/assessment_interfaces/assessment_interfaces/msg/detail/item_holder__struct.h
[4.463s] -- Up-to-date symlink: /home/baguette/Documents/CS-AURO/install/assessment_interfaces/include/assessment_interfaces/assessment_interfaces/msg/detail/item_holder__type_support.h
[4.464s] -- Up-to-date symlink: /home/baguette/Documents/CS-AURO/install/assessment_interfaces/include/assessment_interfaces/assessment_interfaces/msg/detail/item_holders__functions.h
[4.464s] -- Up-to-date symlink: /home/baguette/Documents/CS-AURO/install/assessment_interfaces/include/assessment_interfaces/assessment_interfaces/msg/detail/item_holders__struct.h
[4.464s] -- Up-to-date symlink: /home/baguette/Documents/CS-AURO/install/assessment_interfaces/include/assessment_interfaces/assessment_interfaces/msg/detail/item_holders__type_support.h
[4.465s] -- Up-to-date symlink: /home/baguette/Documents/CS-AURO/install/assessment_interfaces/include/assessment_interfaces/assessment_interfaces/msg/detail/item_list__functions.h
[4.465s] -- Up-to-date symlink: /home/baguette/Documents/CS-AURO/install/assessment_interfaces/include/assessment_interfaces/assessment_interfaces/msg/detail/item_list__struct.h
[4.465s] -- Up-to-date symlink: /home/baguette/Documents/CS-AURO/install/assessment_interfaces/include/assessment_interfaces/assessment_interfaces/msg/detail/item_list__type_support.h
[4.465s] -- Up-to-date symlink: /home/baguette/Documents/CS-AURO/install/assessment_interfaces/include/assessment_interfaces/assessment_interfaces/msg/detail/item_log__functions.h
[4.465s] -- Up-to-date symlink: /home/baguette/Documents/CS-AURO/install/assessment_interfaces/include/assessment_interfaces/assessment_interfaces/msg/detail/item_log__struct.h
[4.465s] -- Up-to-date symlink: /home/baguette/Documents/CS-AURO/install/assessment_interfaces/include/assessment_interfaces/assessment_interfaces/msg/detail/item_log__type_support.h
[4.465s] -- Up-to-date symlink: /home/baguette/Documents/CS-AURO/install/assessment_interfaces/include/assessment_interfaces/assessment_interfaces/msg/detail/robot__functions.h
[4.465s] -- Up-to-date symlink: /home/baguette/Documents/CS-AURO/install/assessment_interfaces/include/assessment_interfaces/assessment_interfaces/msg/detail/robot__struct.h
[4.465s] -- Up-to-date symlink: /home/baguette/Documents/CS-AURO/install/assessment_interfaces/include/assessment_interfaces/assessment_interfaces/msg/detail/robot__type_support.h
[4.466s] -- Up-to-date symlink: /home/baguette/Documents/CS-AURO/install/assessment_interfaces/include/assessment_interfaces/assessment_interfaces/msg/detail/robot_list__functions.h
[4.466s] -- Up-to-date symlink: /home/baguette/Documents/CS-AURO/install/assessment_interfaces/include/assessment_interfaces/assessment_interfaces/msg/detail/robot_list__struct.h
[4.466s] -- Up-to-date symlink: /home/baguette/Documents/CS-AURO/install/assessment_interfaces/include/assessment_interfaces/assessment_interfaces/msg/detail/robot_list__type_support.h
[4.466s] -- Up-to-date symlink: /home/baguette/Documents/CS-AURO/install/assessment_interfaces/include/assessment_interfaces/assessment_interfaces/msg/home_zone.h
[4.466s] -- Up-to-date symlink: /home/baguette/Documents/CS-AURO/install/assessment_interfaces/include/assessment_interfaces/assessment_interfaces/msg/item.h
[4.466s] -- Up-to-date symlink: /home/baguette/Documents/CS-AURO/install/assessment_interfaces/include/assessment_interfaces/assessment_interfaces/msg/item_holder.h
[4.466s] -- Up-to-date symlink: /home/baguette/Documents/CS-AURO/install/assessment_interfaces/include/assessment_interfaces/assessment_interfaces/msg/item_holders.h
[4.466s] -- Up-to-date symlink: /home/baguette/Documents/CS-AURO/install/assessment_interfaces/include/assessment_interfaces/assessment_interfaces/msg/item_list.h
[4.466s] -- Up-to-date symlink: /home/baguette/Documents/CS-AURO/install/assessment_interfaces/include/assessment_interfaces/assessment_interfaces/msg/item_log.h
[4.467s] -- Up-to-date symlink: /home/baguette/Documents/CS-AURO/install/assessment_interfaces/include/assessment_interfaces/assessment_interfaces/msg/robot.h
[4.467s] -- Up-to-date symlink: /home/baguette/Documents/CS-AURO/install/assessment_interfaces/include/assessment_interfaces/assessment_interfaces/msg/robot_list.h
[4.467s] -- Up-to-date symlink: /home/baguette/Documents/CS-AURO/install/assessment_interfaces/include/assessment_interfaces/assessment_interfaces/msg/rosidl_generator_c__visibility_control.h
[4.467s] -- Up-to-date symlink: /home/baguette/Documents/CS-AURO/install/assessment_interfaces/share/assessment_interfaces/environment/library_path.sh
[4.467s] -- Up-to-date symlink: /home/baguette/Documents/CS-AURO/install/assessment_interfaces/share/assessment_interfaces/environment/library_path.dsv
[4.467s] -- Up-to-date symlink: /home/baguette/Documents/CS-AURO/install/assessment_interfaces/include/assessment_interfaces/assessment_interfaces/msg/detail/home_zone__rosidl_typesupport_fastrtps_c.h
[4.467s] -- Up-to-date symlink: /home/baguette/Documents/CS-AURO/install/assessment_interfaces/include/assessment_interfaces/assessment_interfaces/msg/detail/item__rosidl_typesupport_fastrtps_c.h
[4.467s] -- Up-to-date symlink: /home/baguette/Documents/CS-AURO/install/assessment_interfaces/include/assessment_interfaces/assessment_interfaces/msg/detail/item_holder__rosidl_typesupport_fastrtps_c.h
[4.468s] -- Up-to-date symlink: /home/baguette/Documents/CS-AURO/install/assessment_interfaces/include/assessment_interfaces/assessment_interfaces/msg/detail/item_holders__rosidl_typesupport_fastrtps_c.h
[4.469s] -- Up-to-date symlink: /home/baguette/Documents/CS-AURO/install/assessment_interfaces/include/assessment_interfaces/assessment_interfaces/msg/detail/item_list__rosidl_typesupport_fastrtps_c.h
[4.469s] -- Up-to-date symlink: /home/baguette/Documents/CS-AURO/install/assessment_interfaces/include/assessment_interfaces/assessment_interfaces/msg/detail/item_log__rosidl_typesupport_fastrtps_c.h
[4.469s] -- Up-to-date symlink: /home/baguette/Documents/CS-AURO/install/assessment_interfaces/include/assessment_interfaces/assessment_interfaces/msg/detail/robot__rosidl_typesupport_fastrtps_c.h
[4.469s] -- Up-to-date symlink: /home/baguette/Documents/CS-AURO/install/assessment_interfaces/include/assessment_interfaces/assessment_interfaces/msg/detail/robot_list__rosidl_typesupport_fastrtps_c.h
[4.469s] -- Up-to-date symlink: /home/baguette/Documents/CS-AURO/install/assessment_interfaces/include/assessment_interfaces/assessment_interfaces/msg/rosidl_typesupport_fastrtps_c__visibility_control.h
[4.469s] -- Up-to-date symlink: /home/baguette/Documents/CS-AURO/install/assessment_interfaces/include/assessment_interfaces/assessment_interfaces/msg/detail/home_zone__rosidl_typesupport_introspection_c.h
[4.469s] -- Up-to-date symlink: /home/baguette/Documents/CS-AURO/install/assessment_interfaces/include/assessment_interfaces/assessment_interfaces/msg/detail/item__rosidl_typesupport_introspection_c.h
[4.470s] -- Up-to-date symlink: /home/baguette/Documents/CS-AURO/install/assessment_interfaces/include/assessment_interfaces/assessment_interfaces/msg/detail/item_holder__rosidl_typesupport_introspection_c.h
[4.470s] -- Up-to-date symlink: /home/baguette/Documents/CS-AURO/install/assessment_interfaces/include/assessment_interfaces/assessment_interfaces/msg/detail/item_holders__rosidl_typesupport_introspection_c.h
[4.470s] -- Up-to-date symlink: /home/baguette/Documents/CS-AURO/install/assessment_interfaces/include/assessment_interfaces/assessment_interfaces/msg/detail/item_list__rosidl_typesupport_introspection_c.h
[4.471s] -- Up-to-date symlink: /home/baguette/Documents/CS-AURO/install/assessment_interfaces/include/assessment_interfaces/assessment_interfaces/msg/detail/item_log__rosidl_typesupport_introspection_c.h
[4.471s] -- Up-to-date symlink: /home/baguette/Documents/CS-AURO/install/assessment_interfaces/include/assessment_interfaces/assessment_interfaces/msg/detail/robot__rosidl_typesupport_introspection_c.h
[4.471s] -- Up-to-date symlink: /home/baguette/Documents/CS-AURO/install/assessment_interfaces/include/assessment_interfaces/assessment_interfaces/msg/detail/robot_list__rosidl_typesupport_introspection_c.h
[4.471s] -- Up-to-date symlink: /home/baguette/Documents/CS-AURO/install/assessment_interfaces/include/assessment_interfaces/assessment_interfaces/msg/rosidl_typesupport_introspection_c__visibility_control.h
[4.471s] -- Up-to-date symlink: /home/baguette/Documents/CS-AURO/install/assessment_interfaces/include/assessment_interfaces/assessment_interfaces/msg/detail/home_zone__builder.hpp
[4.471s] -- Up-to-date symlink: /home/baguette/Documents/CS-AURO/install/assessment_interfaces/include/assessment_interfaces/assessment_interfaces/msg/detail/home_zone__struct.hpp
[4.471s] -- Up-to-date symlink: /home/baguette/Documents/CS-AURO/install/assessment_interfaces/include/assessment_interfaces/assessment_interfaces/msg/detail/home_zone__traits.hpp
[4.472s] -- Up-to-date symlink: /home/baguette/Documents/CS-AURO/install/assessment_interfaces/include/assessment_interfaces/assessment_interfaces/msg/detail/item__builder.hpp
[4.472s] -- Up-to-date symlink: /home/baguette/Documents/CS-AURO/install/assessment_interfaces/include/assessment_interfaces/assessment_interfaces/msg/detail/item__struct.hpp
[4.472s] -- Up-to-date symlink: /home/baguette/Documents/CS-AURO/install/assessment_interfaces/include/assessment_interfaces/assessment_interfaces/msg/detail/item__traits.hpp
[4.472s] -- Up-to-date symlink: /home/baguette/Documents/CS-AURO/install/assessment_interfaces/include/assessment_interfaces/assessment_interfaces/msg/detail/item_holder__builder.hpp
[4.473s] -- Up-to-date symlink: /home/baguette/Documents/CS-AURO/install/assessment_interfaces/include/assessment_interfaces/assessment_interfaces/msg/detail/item_holder__struct.hpp
[4.473s] -- Up-to-date symlink: /home/baguette/Documents/CS-AURO/install/assessment_interfaces/include/assessment_interfaces/assessment_interfaces/msg/detail/item_holder__traits.hpp
[4.473s] -- Up-to-date symlink: /home/baguette/Documents/CS-AURO/install/assessment_interfaces/include/assessment_interfaces/assessment_interfaces/msg/detail/item_holders__builder.hpp
[4.473s] -- Up-to-date symlink: /home/baguette/Documents/CS-AURO/install/assessment_interfaces/include/assessment_interfaces/assessment_interfaces/msg/detail/item_holders__struct.hpp
[4.473s] -- Up-to-date symlink: /home/baguette/Documents/CS-AURO/install/assessment_interfaces/include/assessment_interfaces/assessment_interfaces/msg/detail/item_holders__traits.hpp
[4.473s] -- Up-to-date symlink: /home/baguette/Documents/CS-AURO/install/assessment_interfaces/include/assessment_interfaces/assessment_interfaces/msg/detail/item_list__builder.hpp
[4.473s] -- Up-to-date symlink: /home/baguette/Documents/CS-AURO/install/assessment_interfaces/include/assessment_interfaces/assessment_interfaces/msg/detail/item_list__struct.hpp
[4.473s] -- Up-to-date symlink: /home/baguette/Documents/CS-AURO/install/assessment_interfaces/include/assessment_interfaces/assessment_interfaces/msg/detail/item_list__traits.hpp
[4.473s] -- Up-to-date symlink: /home/baguette/Documents/CS-AURO/install/assessment_interfaces/include/assessment_interfaces/assessment_interfaces/msg/detail/item_log__builder.hpp
[4.473s] -- Up-to-date symlink: /home/baguette/Documents/CS-AURO/install/assessment_interfaces/include/assessment_interfaces/assessment_interfaces/msg/detail/item_log__struct.hpp
[4.473s] -- Up-to-date symlink: /home/baguette/Documents/CS-AURO/install/assessment_interfaces/include/assessment_interfaces/assessment_interfaces/msg/detail/item_log__traits.hpp
[4.473s] -- Up-to-date symlink: /home/baguette/Documents/CS-AURO/install/assessment_interfaces/include/assessment_interfaces/assessment_interfaces/msg/detail/robot__builder.hpp
[4.473s] -- Up-to-date symlink: /home/baguette/Documents/CS-AURO/install/assessment_interfaces/include/assessment_interfaces/assessment_interfaces/msg/detail/robot__struct.hpp
[4.474s] -- Up-to-date symlink: /home/baguette/Documents/CS-AURO/install/assessment_interfaces/include/assessment_interfaces/assessment_interfaces/msg/detail/robot__traits.hpp
[4.474s] -- Up-to-date symlink: /home/baguette/Documents/CS-AURO/install/assessment_interfaces/include/assessment_interfaces/assessment_interfaces/msg/detail/robot_list__builder.hpp
[4.474s] -- Up-to-date symlink: /home/baguette/Documents/CS-AURO/install/assessment_interfaces/include/assessment_interfaces/assessment_interfaces/msg/detail/robot_list__struct.hpp
[4.474s] -- Up-to-date symlink: /home/baguette/Documents/CS-AURO/install/assessment_interfaces/include/assessment_interfaces/assessment_interfaces/msg/detail/robot_list__traits.hpp
[4.474s] -- Up-to-date symlink: /home/baguette/Documents/CS-AURO/install/assessment_interfaces/include/assessment_interfaces/assessment_interfaces/msg/home_zone.hpp
[4.474s] -- Up-to-date symlink: /home/baguette/Documents/CS-AURO/install/assessment_interfaces/include/assessment_interfaces/assessment_interfaces/msg/item.hpp
[4.474s] -- Up-to-date symlink: /home/baguette/Documents/CS-AURO/install/assessment_interfaces/include/assessment_interfaces/assessment_interfaces/msg/item_holder.hpp
[4.474s] -- Up-to-date symlink: /home/baguette/Documents/CS-AURO/install/assessment_interfaces/include/assessment_interfaces/assessment_interfaces/msg/item_holders.hpp
[4.474s] -- Up-to-date symlink: /home/baguette/Documents/CS-AURO/install/assessment_interfaces/include/assessment_interfaces/assessment_interfaces/msg/item_list.hpp
[4.474s] -- Up-to-date symlink: /home/baguette/Documents/CS-AURO/install/assessment_interfaces/include/assessment_interfaces/assessment_interfaces/msg/item_log.hpp
[4.474s] -- Up-to-date symlink: /home/baguette/Documents/CS-AURO/install/assessment_interfaces/include/assessment_interfaces/assessment_interfaces/msg/robot.hpp
[4.474s] -- Up-to-date symlink: /home/baguette/Documents/CS-AURO/install/assessment_interfaces/include/assessment_interfaces/assessment_interfaces/msg/robot_list.hpp
[4.474s] -- Up-to-date symlink: /home/baguette/Documents/CS-AURO/install/assessment_interfaces/include/assessment_interfaces/assessment_interfaces/msg/detail/home_zone__rosidl_typesupport_fastrtps_cpp.hpp
[4.474s] -- Up-to-date symlink: /home/baguette/Documents/CS-AURO/install/assessment_interfaces/include/assessment_interfaces/assessment_interfaces/msg/detail/item__rosidl_typesupport_fastrtps_cpp.hpp
[4.475s] -- Up-to-date symlink: /home/baguette/Documents/CS-AURO/install/assessment_interfaces/include/assessment_interfaces/assessment_interfaces/msg/detail/item_holder__rosidl_typesupport_fastrtps_cpp.hpp
[4.475s] -- Up-to-date symlink: /home/baguette/Documents/CS-AURO/install/assessment_interfaces/include/assessment_interfaces/assessment_interfaces/msg/detail/item_holders__rosidl_typesupport_fastrtps_cpp.hpp
[4.475s] -- Up-to-date symlink: /home/baguette/Documents/CS-AURO/install/assessment_interfaces/include/assessment_interfaces/assessment_interfaces/msg/detail/item_list__rosidl_typesupport_fastrtps_cpp.hpp
[4.475s] -- Up-to-date symlink: /home/baguette/Documents/CS-AURO/install/assessment_interfaces/include/assessment_interfaces/assessment_interfaces/msg/detail/item_log__rosidl_typesupport_fastrtps_cpp.hpp
[4.476s] -- Up-to-date symlink: /home/baguette/Documents/CS-AURO/install/assessment_interfaces/include/assessment_interfaces/assessment_interfaces/msg/detail/robot__rosidl_typesupport_fastrtps_cpp.hpp
[4.476s] -- Up-to-date symlink: /home/baguette/Documents/CS-AURO/install/assessment_interfaces/include/assessment_interfaces/assessment_interfaces/msg/detail/robot_list__rosidl_typesupport_fastrtps_cpp.hpp
[4.476s] -- Up-to-date symlink: /home/baguette/Documents/CS-AURO/install/assessment_interfaces/include/assessment_interfaces/assessment_interfaces/msg/rosidl_typesupport_fastrtps_cpp__visibility_control.h
[4.476s] -- Up-to-date symlink: /home/baguette/Documents/CS-AURO/install/assessment_interfaces/include/assessment_interfaces/assessment_interfaces/msg/detail/home_zone__rosidl_typesupport_introspection_cpp.hpp
[4.476s] -- Up-to-date symlink: /home/baguette/Documents/CS-AURO/install/assessment_interfaces/include/assessment_interfaces/assessment_interfaces/msg/detail/item__rosidl_typesupport_introspection_cpp.hpp
[4.477s] -- Up-to-date symlink: /home/baguette/Documents/CS-AURO/install/assessment_interfaces/include/assessment_interfaces/assessment_interfaces/msg/detail/item_holder__rosidl_typesupport_introspection_cpp.hpp
[4.477s] -- Up-to-date symlink: /home/baguette/Documents/CS-AURO/install/assessment_interfaces/include/assessment_interfaces/assessment_interfaces/msg/detail/item_holders__rosidl_typesupport_introspection_cpp.hpp
[4.477s] -- Up-to-date symlink: /home/baguette/Documents/CS-AURO/install/assessment_interfaces/include/assessment_interfaces/assessment_interfaces/msg/detail/item_list__rosidl_typesupport_introspection_cpp.hpp
[4.477s] -- Up-to-date symlink: /home/baguette/Documents/CS-AURO/install/assessment_interfaces/include/assessment_interfaces/assessment_interfaces/msg/detail/item_log__rosidl_typesupport_introspection_cpp.hpp
[4.477s] -- Up-to-date symlink: /home/baguette/Documents/CS-AURO/install/assessment_interfaces/include/assessment_interfaces/assessment_interfaces/msg/detail/robot__rosidl_typesupport_introspection_cpp.hpp
[4.477s] -- Up-to-date symlink: /home/baguette/Documents/CS-AURO/install/assessment_interfaces/include/assessment_interfaces/assessment_interfaces/msg/detail/robot_list__rosidl_typesupport_introspection_cpp.hpp
[4.478s] -- Up-to-date symlink: /home/baguette/Documents/CS-AURO/install/assessment_interfaces/share/assessment_interfaces/environment/pythonpath.sh
[4.479s] -- Up-to-date symlink: /home/baguette/Documents/CS-AURO/install/assessment_interfaces/share/assessment_interfaces/environment/pythonpath.dsv
[4.479s] -- Up-to-date symlink: /home/baguette/Documents/CS-AURO/install/assessment_interfaces/local/lib/python3.10/dist-packages/assessment_interfaces-0.0.0-py3.10.egg-info/PKG-INFO
[4.480s] -- Up-to-date symlink: /home/baguette/Documents/CS-AURO/install/assessment_interfaces/local/lib/python3.10/dist-packages/assessment_interfaces-0.0.0-py3.10.egg-info/SOURCES.txt
[4.480s] -- Up-to-date symlink: /home/baguette/Documents/CS-AURO/install/assessment_interfaces/local/lib/python3.10/dist-packages/assessment_interfaces-0.0.0-py3.10.egg-info/dependency_links.txt
[4.480s] -- Up-to-date symlink: /home/baguette/Documents/CS-AURO/install/assessment_interfaces/local/lib/python3.10/dist-packages/assessment_interfaces-0.0.0-py3.10.egg-info/top_level.txt
[4.480s] -- Up-to-date symlink: /home/baguette/Documents/CS-AURO/install/assessment_interfaces/local/lib/python3.10/dist-packages/assessment_interfaces/__init__.py
[4.480s] -- Up-to-date symlink: /home/baguette/Documents/CS-AURO/install/assessment_interfaces/local/lib/python3.10/dist-packages/assessment_interfaces/_assessment_interfaces_s.ep.rosidl_typesupport_c.c
[4.480s] -- Up-to-date symlink: /home/baguette/Documents/CS-AURO/install/assessment_interfaces/local/lib/python3.10/dist-packages/assessment_interfaces/_assessment_interfaces_s.ep.rosidl_typesupport_fastrtps_c.c
[4.480s] -- Up-to-date symlink: /home/baguette/Documents/CS-AURO/install/assessment_interfaces/local/lib/python3.10/dist-packages/assessment_interfaces/_assessment_interfaces_s.ep.rosidl_typesupport_introspection_c.c
[4.480s] -- Up-to-date symlink: /home/baguette/Documents/CS-AURO/install/assessment_interfaces/local/lib/python3.10/dist-packages/assessment_interfaces/assessment_interfaces_s__rosidl_typesupport_c.cpython-310-x86_64-linux-gnu.so
[4.480s] -- Up-to-date symlink: /home/baguette/Documents/CS-AURO/install/assessment_interfaces/local/lib/python3.10/dist-packages/assessment_interfaces/assessment_interfaces_s__rosidl_typesupport_fastrtps_c.cpython-310-x86_64-linux-gnu.so
[4.480s] -- Up-to-date symlink: /home/baguette/Documents/CS-AURO/install/assessment_interfaces/local/lib/python3.10/dist-packages/assessment_interfaces/assessment_interfaces_s__rosidl_typesupport_introspection_c.cpython-310-x86_64-linux-gnu.so
[4.480s] -- Up-to-date symlink: /home/baguette/Documents/CS-AURO/install/assessment_interfaces/local/lib/python3.10/dist-packages/assessment_interfaces/libassessment_interfaces__rosidl_generator_py.so
[4.481s] -- Up-to-date symlink: /home/baguette/Documents/CS-AURO/install/assessment_interfaces/local/lib/python3.10/dist-packages/assessment_interfaces/msg/__init__.py
[4.481s] -- Up-to-date symlink: /home/baguette/Documents/CS-AURO/install/assessment_interfaces/local/lib/python3.10/dist-packages/assessment_interfaces/msg/_home_zone.py
[4.481s] -- Up-to-date symlink: /home/baguette/Documents/CS-AURO/install/assessment_interfaces/local/lib/python3.10/dist-packages/assessment_interfaces/msg/_home_zone_s.c
[4.481s] -- Up-to-date symlink: /home/baguette/Documents/CS-AURO/install/assessment_interfaces/local/lib/python3.10/dist-packages/assessment_interfaces/msg/_item.py
[4.481s] -- Up-to-date symlink: /home/baguette/Documents/CS-AURO/install/assessment_interfaces/local/lib/python3.10/dist-packages/assessment_interfaces/msg/_item_holder.py
[4.481s] -- Up-to-date symlink: /home/baguette/Documents/CS-AURO/install/assessment_interfaces/local/lib/python3.10/dist-packages/assessment_interfaces/msg/_item_holder_s.c
[4.481s] -- Up-to-date symlink: /home/baguette/Documents/CS-AURO/install/assessment_interfaces/local/lib/python3.10/dist-packages/assessment_interfaces/msg/_item_holders.py
[4.482s] -- Up-to-date symlink: /home/baguette/Documents/CS-AURO/install/assessment_interfaces/local/lib/python3.10/dist-packages/assessment_interfaces/msg/_item_holders_s.c
[4.482s] -- Up-to-date symlink: /home/baguette/Documents/CS-AURO/install/assessment_interfaces/local/lib/python3.10/dist-packages/assessment_interfaces/msg/_item_list.py
[4.482s] -- Up-to-date symlink: /home/baguette/Documents/CS-AURO/install/assessment_interfaces/local/lib/python3.10/dist-packages/assessment_interfaces/msg/_item_list_s.c
[4.483s] -- Up-to-date symlink: /home/baguette/Documents/CS-AURO/install/assessment_interfaces/local/lib/python3.10/dist-packages/assessment_interfaces/msg/_item_log.py
[4.483s] -- Up-to-date symlink: /home/baguette/Documents/CS-AURO/install/assessment_interfaces/local/lib/python3.10/dist-packages/assessment_interfaces/msg/_item_log_s.c
[4.483s] -- Up-to-date symlink: /home/baguette/Documents/CS-AURO/install/assessment_interfaces/local/lib/python3.10/dist-packages/assessment_interfaces/msg/_item_s.c
[4.483s] -- Up-to-date symlink: /home/baguette/Documents/CS-AURO/install/assessment_interfaces/local/lib/python3.10/dist-packages/assessment_interfaces/msg/_robot.py
[4.483s] -- Up-to-date symlink: /home/baguette/Documents/CS-AURO/install/assessment_interfaces/local/lib/python3.10/dist-packages/assessment_interfaces/msg/_robot_list.py
[4.483s] -- Up-to-date symlink: /home/baguette/Documents/CS-AURO/install/assessment_interfaces/local/lib/python3.10/dist-packages/assessment_interfaces/msg/_robot_list_s.c
[4.484s] -- Up-to-date symlink: /home/baguette/Documents/CS-AURO/install/assessment_interfaces/local/lib/python3.10/dist-packages/assessment_interfaces/msg/_robot_s.c
[4.484s] -- Up-to-date symlink: /home/baguette/Documents/CS-AURO/install/assessment_interfaces/local/lib/python3.10/dist-packages/assessment_interfaces/assessment_interfaces_s__rosidl_typesupport_fastrtps_c.cpython-310-x86_64-linux-gnu.so
[4.485s] -- Up-to-date symlink: /home/baguette/Documents/CS-AURO/install/assessment_interfaces/local/lib/python3.10/dist-packages/assessment_interfaces/assessment_interfaces_s__rosidl_typesupport_introspection_c.cpython-310-x86_64-linux-gnu.so
[4.485s] -- Up-to-date symlink: /home/baguette/Documents/CS-AURO/install/assessment_interfaces/local/lib/python3.10/dist-packages/assessment_interfaces/assessment_interfaces_s__rosidl_typesupport_c.cpython-310-x86_64-linux-gnu.so
[4.485s] -- Up-to-date symlink: /home/baguette/Documents/CS-AURO/install/assessment_interfaces/share/assessment_interfaces/msg/ItemLog.idl
[4.485s] -- Up-to-date symlink: /home/baguette/Documents/CS-AURO/install/assessment_interfaces/share/assessment_interfaces/msg/ItemHolder.idl
[4.485s] -- Up-to-date symlink: /home/baguette/Documents/CS-AURO/install/assessment_interfaces/share/assessment_interfaces/msg/ItemHolders.idl
[4.485s] -- Up-to-date symlink: /home/baguette/Documents/CS-AURO/install/assessment_interfaces/share/assessment_interfaces/msg/Item.idl
[4.486s] -- Up-to-date symlink: /home/baguette/Documents/CS-AURO/install/assessment_interfaces/share/assessment_interfaces/msg/ItemList.idl
[4.486s] -- Up-to-date symlink: /home/baguette/Documents/CS-AURO/install/assessment_interfaces/share/assessment_interfaces/msg/HomeZone.idl
[4.486s] -- Up-to-date symlink: /home/baguette/Documents/CS-AURO/install/assessment_interfaces/share/assessment_interfaces/msg/Robot.idl
[4.487s] -- Up-to-date symlink: /home/baguette/Documents/CS-AURO/install/assessment_interfaces/share/assessment_interfaces/msg/RobotList.idl
[4.487s] -- Up-to-date symlink: /home/baguette/Documents/CS-AURO/install/assessment_interfaces/share/assessment_interfaces/msg/ItemLog.msg
[4.488s] -- Up-to-date symlink: /home/baguette/Documents/CS-AURO/install/assessment_interfaces/share/assessment_interfaces/msg/ItemHolder.msg
[4.488s] -- Up-to-date symlink: /home/baguette/Documents/CS-AURO/install/assessment_interfaces/share/assessment_interfaces/msg/ItemHolders.msg
[4.488s] -- Up-to-date symlink: /home/baguette/Documents/CS-AURO/install/assessment_interfaces/share/assessment_interfaces/msg/Item.msg
[4.488s] -- Up-to-date symlink: /home/baguette/Documents/CS-AURO/install/assessment_interfaces/share/assessment_interfaces/msg/ItemList.msg
[4.488s] -- Up-to-date symlink: /home/baguette/Documents/CS-AURO/install/assessment_interfaces/share/assessment_interfaces/msg/HomeZone.msg
[4.490s] -- Up-to-date symlink: /home/baguette/Documents/CS-AURO/install/assessment_interfaces/share/assessment_interfaces/msg/Robot.msg
[4.490s] -- Up-to-date symlink: /home/baguette/Documents/CS-AURO/install/assessment_interfaces/share/assessment_interfaces/msg/RobotList.msg
[4.490s] -- Up-to-date symlink: /home/baguette/Documents/CS-AURO/install/assessment_interfaces/share/ament_index/resource_index/package_run_dependencies/assessment_interfaces
[4.490s] -- Up-to-date symlink: /home/baguette/Documents/CS-AURO/install/assessment_interfaces/share/ament_index/resource_index/parent_prefix_path/assessment_interfaces
[4.490s] -- Up-to-date symlink: /home/baguette/Documents/CS-AURO/install/assessment_interfaces/share/assessment_interfaces/environment/ament_prefix_path.sh
[4.490s] -- Up-to-date symlink: /home/baguette/Documents/CS-AURO/install/assessment_interfaces/share/assessment_interfaces/environment/ament_prefix_path.dsv
[4.490s] -- Up-to-date symlink: /home/baguette/Documents/CS-AURO/install/assessment_interfaces/share/assessment_interfaces/environment/path.sh
[4.490s] -- Up-to-date symlink: /home/baguette/Documents/CS-AURO/install/assessment_interfaces/share/assessment_interfaces/environment/path.dsv
[4.491s] -- Up-to-date symlink: /home/baguette/Documents/CS-AURO/install/assessment_interfaces/share/assessment_interfaces/local_setup.bash
[4.491s] -- Up-to-date symlink: /home/baguette/Documents/CS-AURO/install/assessment_interfaces/share/assessment_interfaces/local_setup.sh
[4.491s] -- Up-to-date symlink: /home/baguette/Documents/CS-AURO/install/assessment_interfaces/share/assessment_interfaces/local_setup.zsh
[4.491s] -- Up-to-date symlink: /home/baguette/Documents/CS-AURO/install/assessment_interfaces/share/assessment_interfaces/local_setup.dsv
[4.491s] -- Symlinking: /home/baguette/Documents/CS-AURO/install/assessment_interfaces/share/assessment_interfaces/package.dsv
[4.496s] -- Up-to-date symlink: /home/baguette/Documents/CS-AURO/install/assessment_interfaces/share/ament_index/resource_index/packages/assessment_interfaces
[4.496s] -- Up-to-date symlink: /home/baguette/Documents/CS-AURO/install/assessment_interfaces/share/assessment_interfaces/cmake/rosidl_cmake-extras.cmake
[4.496s] -- Up-to-date symlink: /home/baguette/Documents/CS-AURO/install/assessment_interfaces/share/assessment_interfaces/cmake/ament_cmake_export_include_directories-extras.cmake
[4.496s] -- Up-to-date symlink: /home/baguette/Documents/CS-AURO/install/assessment_interfaces/share/assessment_interfaces/cmake/ament_cmake_export_libraries-extras.cmake
[4.496s] -- Up-to-date symlink: /home/baguette/Documents/CS-AURO/install/assessment_interfaces/share/assessment_interfaces/cmake/ament_cmake_export_targets-extras.cmake
[4.496s] -- Up-to-date symlink: /home/baguette/Documents/CS-AURO/install/assessment_interfaces/share/assessment_interfaces/cmake/rosidl_cmake_export_typesupport_targets-extras.cmake
[4.496s] -- Up-to-date symlink: /home/baguette/Documents/CS-AURO/install/assessment_interfaces/share/assessment_interfaces/cmake/ament_cmake_export_dependencies-extras.cmake
[4.496s] -- Up-to-date symlink: /home/baguette/Documents/CS-AURO/install/assessment_interfaces/share/assessment_interfaces/cmake/rosidl_cmake_export_typesupport_libraries-extras.cmake
[4.496s] -- Up-to-date symlink: /home/baguette/Documents/CS-AURO/install/assessment_interfaces/share/assessment_interfaces/cmake/assessment_interfacesConfig.cmake
[4.499s] -- Up-to-date symlink: /home/baguette/Documents/CS-AURO/install/assessment_interfaces/share/assessment_interfaces/cmake/assessment_interfacesConfig-version.cmake
[4.499s] -- Up-to-date symlink: /home/baguette/Documents/CS-AURO/install/assessment_interfaces/share/assessment_interfaces/package.xml
[4.499s] -- Up-to-date: /home/baguette/Documents/CS-AURO/install/assessment_interfaces/lib/libassessment_interfaces__rosidl_generator_c.so
[4.499s] -- Up-to-date: /home/baguette/Documents/CS-AURO/install/assessment_interfaces/lib/libassessment_interfaces__rosidl_typesupport_fastrtps_c.so
[4.499s] -- Up-to-date: /home/baguette/Documents/CS-AURO/install/assessment_interfaces/lib/libassessment_interfaces__rosidl_typesupport_introspection_c.so
[4.499s] -- Up-to-date: /home/baguette/Documents/CS-AURO/install/assessment_interfaces/lib/libassessment_interfaces__rosidl_typesupport_c.so
[4.499s] -- Up-to-date: /home/baguette/Documents/CS-AURO/install/assessment_interfaces/lib/libassessment_interfaces__rosidl_typesupport_fastrtps_cpp.so
[4.499s] -- Up-to-date: /home/baguette/Documents/CS-AURO/install/assessment_interfaces/lib/libassessment_interfaces__rosidl_typesupport_introspection_cpp.so
[4.499s] -- Up-to-date: /home/baguette/Documents/CS-AURO/install/assessment_interfaces/lib/libassessment_interfaces__rosidl_typesupport_cpp.so
[4.524s] Listing '/home/baguette/Documents/CS-AURO/install/assessment_interfaces/local/lib/python3.10/dist-packages/assessment_interfaces'...
[4.525s] Listing '/home/baguette/Documents/CS-AURO/install/assessment_interfaces/local/lib/python3.10/dist-packages/assessment_interfaces/msg'...
[4.530s] -- Up-to-date: /home/baguette/Documents/CS-AURO/install/assessment_interfaces/lib/libassessment_interfaces__rosidl_generator_py.so
[4.531s] -- Up-to-date: /home/baguette/Documents/CS-AURO/install/assessment_interfaces/share/assessment_interfaces/cmake/export_assessment_interfaces__rosidl_generator_cExport.cmake
[4.531s] -- Up-to-date: /home/baguette/Documents/CS-AURO/install/assessment_interfaces/share/assessment_interfaces/cmake/export_assessment_interfaces__rosidl_generator_cExport-noconfig.cmake
[4.531s] -- Up-to-date: /home/baguette/Documents/CS-AURO/install/assessment_interfaces/share/assessment_interfaces/cmake/export_assessment_interfaces__rosidl_typesupport_fastrtps_cExport.cmake
[4.531s] -- Up-to-date: /home/baguette/Documents/CS-AURO/install/assessment_interfaces/share/assessment_interfaces/cmake/export_assessment_interfaces__rosidl_typesupport_fastrtps_cExport-noconfig.cmake
[4.531s] -- Up-to-date: /home/baguette/Documents/CS-AURO/install/assessment_interfaces/share/assessment_interfaces/cmake/assessment_interfaces__rosidl_typesupport_introspection_cExport.cmake
[4.531s] -- Up-to-date: /home/baguette/Documents/CS-AURO/install/assessment_interfaces/share/assessment_interfaces/cmake/assessment_interfaces__rosidl_typesupport_introspection_cExport-noconfig.cmake
[4.531s] -- Up-to-date: /home/baguette/Documents/CS-AURO/install/assessment_interfaces/share/assessment_interfaces/cmake/assessment_interfaces__rosidl_typesupport_cExport.cmake
[4.532s] -- Up-to-date: /home/baguette/Documents/CS-AURO/install/assessment_interfaces/share/assessment_interfaces/cmake/assessment_interfaces__rosidl_typesupport_cExport-noconfig.cmake
[4.532s] -- Up-to-date: /home/baguette/Documents/CS-AURO/install/assessment_interfaces/share/assessment_interfaces/cmake/export_assessment_interfaces__rosidl_generator_cppExport.cmake
[4.532s] -- Up-to-date: /home/baguette/Documents/CS-AURO/install/assessment_interfaces/share/assessment_interfaces/cmake/export_assessment_interfaces__rosidl_typesupport_fastrtps_cppExport.cmake
[4.532s] -- Up-to-date: /home/baguette/Documents/CS-AURO/install/assessment_interfaces/share/assessment_interfaces/cmake/export_assessment_interfaces__rosidl_typesupport_fastrtps_cppExport-noconfig.cmake
[4.532s] -- Up-to-date: /home/baguette/Documents/CS-AURO/install/assessment_interfaces/share/assessment_interfaces/cmake/assessment_interfaces__rosidl_typesupport_introspection_cppExport.cmake
[4.532s] -- Up-to-date: /home/baguette/Documents/CS-AURO/install/assessment_interfaces/share/assessment_interfaces/cmake/assessment_interfaces__rosidl_typesupport_introspection_cppExport-noconfig.cmake
[4.532s] -- Up-to-date: /home/baguette/Documents/CS-AURO/install/assessment_interfaces/share/assessment_interfaces/cmake/assessment_interfaces__rosidl_typesupport_cppExport.cmake
[4.532s] -- Up-to-date: /home/baguette/Documents/CS-AURO/install/assessment_interfaces/share/assessment_interfaces/cmake/assessment_interfaces__rosidl_typesupport_cppExport-noconfig.cmake
[4.534s] -- Up-to-date: /home/baguette/Documents/CS-AURO/install/assessment_interfaces/share/assessment_interfaces/cmake/export_assessment_interfaces__rosidl_generator_pyExport.cmake
[4.539s] -- Up-to-date: /home/baguette/Documents/CS-AURO/install/assessment_interfaces/share/assessment_interfaces/cmake/export_assessment_interfaces__rosidl_generator_pyExport-noconfig.cmake
[4.668s] Invoked command in '/home/baguette/Documents/CS-AURO/build/assessment_interfaces' returned '0': CMAKE_PREFIX_PATH=/opt/ros/humble /usr/bin/cmake --install /home/baguette/Documents/CS-AURO/build/assessment_interfaces
