[3.950s] Invoking command in '/home/baguette/Documents/CS-AURO/build/week_5': PYTHONPATH=/home/baguette/Documents/CS-AURO/build/week_5/prefix_override:/home/baguette/Documents/CS-AURO/install/week_5/lib/python3.10/site-packages:${PYTHONPATH} /usr/bin/python3 setup.py develop --editable --build-directory /home/baguette/Documents/CS-AURO/build/week_5/build --no-deps install_data
[4.314s] running develop
[4.314s] /usr/lib/python3/dist-packages/setuptools/command/easy_install.py:158: EasyInstallDeprecationWarning: easy_install command is deprecated. Use build and pip and other standards-based tools.
[4.314s]   warnings.warn(
[4.315s] /usr/lib/python3/dist-packages/setuptools/command/install.py:34: SetuptoolsDeprecationWarning: setup.py install is deprecated. Use build and pip and other standards-based tools.
[4.316s]   warnings.warn(
[4.509s] running egg_info
[4.509s] writing week_5.egg-info/PKG-INFO
[4.509s] writing dependency_links to week_5.egg-info/dependency_links.txt
[4.509s] writing entry points to week_5.egg-info/entry_points.txt
[4.509s] writing requirements to week_5.egg-info/requires.txt
[4.510s] writing top-level names to week_5.egg-info/top_level.txt
[4.511s] reading manifest file 'week_5.egg-info/SOURCES.txt'
[4.511s] writing manifest file 'week_5.egg-info/SOURCES.txt'
[4.512s] running build_ext
[4.512s] Creating /home/baguette/Documents/CS-AURO/install/week_5/lib/python3.10/site-packages/week-5.egg-link (link to .)
[4.513s] Installing item_detector script to /home/baguette/Documents/CS-AURO/install/week_5/lib/week_5
[4.513s] Installing item_spawner script to /home/baguette/Documents/CS-AURO/install/week_5/lib/week_5
[4.513s] 
[4.513s] Installed /home/baguette/Documents/CS-AURO/build/week_5
[4.514s] running install_data
[4.799s] Invoked command in '/home/baguette/Documents/CS-AURO/build/week_5' returned '0': PYTHONPATH=/home/baguette/Documents/CS-AURO/build/week_5/prefix_override:/home/baguette/Documents/CS-AURO/install/week_5/lib/python3.10/site-packages:${PYTHONPATH} /usr/bin/python3 setup.py develop --editable --build-directory /home/baguette/Documents/CS-AURO/build/week_5/build --no-deps install_data
