[3.390s] Invoking command in '/home/baguette/Documents/CS-AURO/build/week_5': PYTHONPATH=/home/baguette/Documents/CS-AURO/build/week_5/prefix_override:/home/baguette/Documents/CS-AURO/install/week_5/lib/python3.10/site-packages:${PYTHONPATH} /usr/bin/python3 setup.py develop --editable --build-directory /home/baguette/Documents/CS-AURO/build/week_5/build --no-deps install_data
[3.615s] running develop
[3.616s] /usr/lib/python3/dist-packages/setuptools/command/easy_install.py:158: EasyInstallDeprecationWarning: easy_install command is deprecated. Use build and pip and other standards-based tools.
[3.616s]   warnings.warn(
[3.617s] /usr/lib/python3/dist-packages/setuptools/command/install.py:34: SetuptoolsDeprecationWarning: setup.py install is deprecated. Use build and pip and other standards-based tools.
[3.617s]   warnings.warn(
[3.773s] running egg_info
[3.773s] writing week_5.egg-info/PKG-INFO
[3.773s] writing dependency_links to week_5.egg-info/dependency_links.txt
[3.773s] writing entry points to week_5.egg-info/entry_points.txt
[3.773s] writing requirements to week_5.egg-info/requires.txt
[3.773s] writing top-level names to week_5.egg-info/top_level.txt
[3.775s] reading manifest file 'week_5.egg-info/SOURCES.txt'
[3.776s] writing manifest file 'week_5.egg-info/SOURCES.txt'
[3.777s] running build_ext
[3.777s] Creating /home/baguette/Documents/CS-AURO/install/week_5/lib/python3.10/site-packages/week-5.egg-link (link to .)
[3.778s] Installing item_detector script to /home/baguette/Documents/CS-AURO/install/week_5/lib/week_5
[3.778s] Installing item_spawner script to /home/baguette/Documents/CS-AURO/install/week_5/lib/week_5
[3.778s] 
[3.778s] Installed /home/baguette/Documents/CS-AURO/build/week_5
[3.778s] running install_data
[3.809s] Invoked command in '/home/baguette/Documents/CS-AURO/build/week_5' returned '0': PYTHONPATH=/home/baguette/Documents/CS-AURO/build/week_5/prefix_override:/home/baguette/Documents/CS-AURO/install/week_5/lib/python3.10/site-packages:${PYTHONPATH} /usr/bin/python3 setup.py develop --editable --build-directory /home/baguette/Documents/CS-AURO/build/week_5/build --no-deps install_data
