[0.470s] Invoking command in '/home/baguette/Documents/src/build/assessment_interfaces': CMAKE_PREFIX_PATH=${CMAKE_PREFIX_PATH}:/home/baguette/Documents/src/install/tf_transformations:/home/baguette/Documents/src/install/tf_relay:/home/baguette/Documents/src/install/solution:/home/baguette/Documents/src/install/assessment:/opt/ros/humble /usr/bin/cmake --build /home/baguette/Documents/src/build/assessment_interfaces -- -j16 -l16
[1.415s] [  1%] Built target assessment_interfaces__cpp
[1.415s] [ 12%] Built target assessment_interfaces__rosidl_generator_c
[1.415s] [ 12%] Built target ament_cmake_python_symlink_assessment_interfaces
[1.416s] [ 55%] Built target assessment_interfaces__rosidl_typesupport_c
[1.416s] [ 55%] Built target assessment_interfaces__rosidl_typesupport_introspection_c
[1.417s] [ 55%] Built target assessment_interfaces__rosidl_typesupport_introspection_cpp
[1.417s] [ 58%] Built target assessment_interfaces__rosidl_typesupport_cpp
[1.417s] [ 70%] Built target assessment_interfaces__rosidl_typesupport_fastrtps_c
[1.417s] [ 81%] Built target assessment_interfaces__rosidl_typesupport_fastrtps_cpp
[1.417s] [ 81%] Built target assessment_interfaces
[1.417s] [ 82%] Built target assessment_interfaces__py
[1.417s] [ 93%] Built target assessment_interfaces__rosidl_generator_py
[1.417s] [ 95%] Built target assessment_interfaces__rosidl_typesupport_introspection_c__pyext
[1.417s] [100%] Built target assessment_interfaces__rosidl_typesupport_c__pyext
[1.417s] [100%] Built target assessment_interfaces__rosidl_typesupport_fastrtps_c__pyext
[1.417s] running egg_info
[1.417s] writing assessment_interfaces.egg-info/PKG-INFO
[1.418s] writing dependency_links to assessment_interfaces.egg-info/dependency_links.txt
[1.418s] writing top-level names to assessment_interfaces.egg-info/top_level.txt
[1.418s] reading manifest file 'assessment_interfaces.egg-info/SOURCES.txt'
[1.418s] writing manifest file 'assessment_interfaces.egg-info/SOURCES.txt'
[1.418s] [100%] Built target ament_cmake_python_build_assessment_interfaces_egg
[1.714s] Invoked command in '/home/baguette/Documents/src/build/assessment_interfaces' returned '0': CMAKE_PREFIX_PATH=${CMAKE_PREFIX_PATH}:/home/baguette/Documents/src/install/tf_transformations:/home/baguette/Documents/src/install/tf_relay:/home/baguette/Documents/src/install/solution:/home/baguette/Documents/src/install/assessment:/opt/ros/humble /usr/bin/cmake --build /home/baguette/Documents/src/build/assessment_interfaces -- -j16 -l16
[1.967s] Invoking command in '/home/baguette/Documents/src/build/assessment_interfaces': CMAKE_PREFIX_PATH=${CMAKE_PREFIX_PATH}:/home/baguette/Documents/src/install/tf_transformations:/home/baguette/Documents/src/install/tf_relay:/home/baguette/Documents/src/install/solution:/home/baguette/Documents/src/install/assessment:/opt/ros/humble /usr/bin/cmake --install /home/baguette/Documents/src/build/assessment_interfaces
[1.974s] -- Install configuration: ""
[1.976s] -- Execute custom install script
[1.976s] -- Up-to-date symlink: /home/baguette/Documents/src/install/assessment_interfaces/share/ament_index/resource_index/rosidl_interfaces/assessment_interfaces
[1.977s] -- Up-to-date symlink: /home/baguette/Documents/src/install/assessment_interfaces/include/assessment_interfaces/assessment_interfaces/msg/detail/home_zone__functions.h
[1.977s] -- Up-to-date symlink: /home/baguette/Documents/src/install/assessment_interfaces/include/assessment_interfaces/assessment_interfaces/msg/detail/home_zone__struct.h
[1.977s] -- Up-to-date symlink: /home/baguette/Documents/src/install/assessment_interfaces/include/assessment_interfaces/assessment_interfaces/msg/detail/home_zone__type_support.h
[1.978s] -- Up-to-date symlink: /home/baguette/Documents/src/install/assessment_interfaces/include/assessment_interfaces/assessment_interfaces/msg/detail/item__functions.h
[1.978s] -- Up-to-date symlink: /home/baguette/Documents/src/install/assessment_interfaces/include/assessment_interfaces/assessment_interfaces/msg/detail/item__struct.h
[1.978s] -- Up-to-date symlink: /home/baguette/Documents/src/install/assessment_interfaces/include/assessment_interfaces/assessment_interfaces/msg/detail/item__type_support.h
[1.979s] -- Up-to-date symlink: /home/baguette/Documents/src/install/assessment_interfaces/include/assessment_interfaces/assessment_interfaces/msg/detail/item_holder__functions.h
[1.979s] -- Up-to-date symlink: /home/baguette/Documents/src/install/assessment_interfaces/include/assessment_interfaces/assessment_interfaces/msg/detail/item_holder__struct.h
[1.979s] -- Up-to-date symlink: /home/baguette/Documents/src/install/assessment_interfaces/include/assessment_interfaces/assessment_interfaces/msg/detail/item_holder__type_support.h
[1.979s] -- Up-to-date symlink: /home/baguette/Documents/src/install/assessment_interfaces/include/assessment_interfaces/assessment_interfaces/msg/detail/item_holders__functions.h
[1.980s] -- Up-to-date symlink: /home/baguette/Documents/src/install/assessment_interfaces/include/assessment_interfaces/assessment_interfaces/msg/detail/item_holders__struct.h
[1.980s] -- Up-to-date symlink: /home/baguette/Documents/src/install/assessment_interfaces/include/assessment_interfaces/assessment_interfaces/msg/detail/item_holders__type_support.h
[1.980s] -- Up-to-date symlink: /home/baguette/Documents/src/install/assessment_interfaces/include/assessment_interfaces/assessment_interfaces/msg/detail/item_list__functions.h
[1.980s] -- Up-to-date symlink: /home/baguette/Documents/src/install/assessment_interfaces/include/assessment_interfaces/assessment_interfaces/msg/detail/item_list__struct.h
[1.980s] -- Up-to-date symlink: /home/baguette/Documents/src/install/assessment_interfaces/include/assessment_interfaces/assessment_interfaces/msg/detail/item_list__type_support.h
[1.981s] -- Up-to-date symlink: /home/baguette/Documents/src/install/assessment_interfaces/include/assessment_interfaces/assessment_interfaces/msg/detail/item_log__functions.h
[1.981s] -- Up-to-date symlink: /home/baguette/Documents/src/install/assessment_interfaces/include/assessment_interfaces/assessment_interfaces/msg/detail/item_log__struct.h
[1.981s] -- Up-to-date symlink: /home/baguette/Documents/src/install/assessment_interfaces/include/assessment_interfaces/assessment_interfaces/msg/detail/item_log__type_support.h
[1.982s] -- Up-to-date symlink: /home/baguette/Documents/src/install/assessment_interfaces/include/assessment_interfaces/assessment_interfaces/msg/detail/robot__functions.h
[1.982s] -- Up-to-date symlink: /home/baguette/Documents/src/install/assessment_interfaces/include/assessment_interfaces/assessment_interfaces/msg/detail/robot__struct.h
[1.982s] -- Up-to-date symlink: /home/baguette/Documents/src/install/assessment_interfaces/include/assessment_interfaces/assessment_interfaces/msg/detail/robot__type_support.h
[1.983s] -- Up-to-date symlink: /home/baguette/Documents/src/install/assessment_interfaces/include/assessment_interfaces/assessment_interfaces/msg/detail/robot_list__functions.h
[1.983s] -- Up-to-date symlink: /home/baguette/Documents/src/install/assessment_interfaces/include/assessment_interfaces/assessment_interfaces/msg/detail/robot_list__struct.h
[1.983s] -- Up-to-date symlink: /home/baguette/Documents/src/install/assessment_interfaces/include/assessment_interfaces/assessment_interfaces/msg/detail/robot_list__type_support.h
[1.984s] -- Up-to-date symlink: /home/baguette/Documents/src/install/assessment_interfaces/include/assessment_interfaces/assessment_interfaces/msg/home_zone.h
[1.984s] -- Up-to-date symlink: /home/baguette/Documents/src/install/assessment_interfaces/include/assessment_interfaces/assessment_interfaces/msg/item.h
[1.984s] -- Up-to-date symlink: /home/baguette/Documents/src/install/assessment_interfaces/include/assessment_interfaces/assessment_interfaces/msg/item_holder.h
[1.984s] -- Up-to-date symlink: /home/baguette/Documents/src/install/assessment_interfaces/include/assessment_interfaces/assessment_interfaces/msg/item_holders.h
[1.985s] -- Up-to-date symlink: /home/baguette/Documents/src/install/assessment_interfaces/include/assessment_interfaces/assessment_interfaces/msg/item_list.h
[1.985s] -- Up-to-date symlink: /home/baguette/Documents/src/install/assessment_interfaces/include/assessment_interfaces/assessment_interfaces/msg/item_log.h
[1.985s] -- Up-to-date symlink: /home/baguette/Documents/src/install/assessment_interfaces/include/assessment_interfaces/assessment_interfaces/msg/robot.h
[1.986s] -- Up-to-date symlink: /home/baguette/Documents/src/install/assessment_interfaces/include/assessment_interfaces/assessment_interfaces/msg/robot_list.h
[1.986s] -- Up-to-date symlink: /home/baguette/Documents/src/install/assessment_interfaces/include/assessment_interfaces/assessment_interfaces/msg/rosidl_generator_c__visibility_control.h
[1.986s] -- Up-to-date symlink: /home/baguette/Documents/src/install/assessment_interfaces/share/assessment_interfaces/environment/library_path.sh
[1.986s] -- Up-to-date symlink: /home/baguette/Documents/src/install/assessment_interfaces/share/assessment_interfaces/environment/library_path.dsv
[1.987s] -- Up-to-date symlink: /home/baguette/Documents/src/install/assessment_interfaces/include/assessment_interfaces/assessment_interfaces/msg/detail/home_zone__rosidl_typesupport_fastrtps_c.h
[1.988s] -- Up-to-date symlink: /home/baguette/Documents/src/install/assessment_interfaces/include/assessment_interfaces/assessment_interfaces/msg/detail/item__rosidl_typesupport_fastrtps_c.h
[1.988s] -- Up-to-date symlink: /home/baguette/Documents/src/install/assessment_interfaces/include/assessment_interfaces/assessment_interfaces/msg/detail/item_holder__rosidl_typesupport_fastrtps_c.h
[1.988s] -- Up-to-date symlink: /home/baguette/Documents/src/install/assessment_interfaces/include/assessment_interfaces/assessment_interfaces/msg/detail/item_holders__rosidl_typesupport_fastrtps_c.h
[1.989s] -- Up-to-date symlink: /home/baguette/Documents/src/install/assessment_interfaces/include/assessment_interfaces/assessment_interfaces/msg/detail/item_list__rosidl_typesupport_fastrtps_c.h
[1.989s] -- Up-to-date symlink: /home/baguette/Documents/src/install/assessment_interfaces/include/assessment_interfaces/assessment_interfaces/msg/detail/item_log__rosidl_typesupport_fastrtps_c.h
[1.989s] -- Up-to-date symlink: /home/baguette/Documents/src/install/assessment_interfaces/include/assessment_interfaces/assessment_interfaces/msg/detail/robot__rosidl_typesupport_fastrtps_c.h
[1.989s] -- Up-to-date symlink: /home/baguette/Documents/src/install/assessment_interfaces/include/assessment_interfaces/assessment_interfaces/msg/detail/robot_list__rosidl_typesupport_fastrtps_c.h
[1.990s] -- Up-to-date symlink: /home/baguette/Documents/src/install/assessment_interfaces/include/assessment_interfaces/assessment_interfaces/msg/rosidl_typesupport_fastrtps_c__visibility_control.h
[1.990s] -- Up-to-date symlink: /home/baguette/Documents/src/install/assessment_interfaces/include/assessment_interfaces/assessment_interfaces/msg/detail/home_zone__rosidl_typesupport_introspection_c.h
[1.990s] -- Up-to-date symlink: /home/baguette/Documents/src/install/assessment_interfaces/include/assessment_interfaces/assessment_interfaces/msg/detail/item__rosidl_typesupport_introspection_c.h
[1.990s] -- Up-to-date symlink: /home/baguette/Documents/src/install/assessment_interfaces/include/assessment_interfaces/assessment_interfaces/msg/detail/item_holder__rosidl_typesupport_introspection_c.h
[1.991s] -- Up-to-date symlink: /home/baguette/Documents/src/install/assessment_interfaces/include/assessment_interfaces/assessment_interfaces/msg/detail/item_holders__rosidl_typesupport_introspection_c.h
[1.991s] -- Up-to-date symlink: /home/baguette/Documents/src/install/assessment_interfaces/include/assessment_interfaces/assessment_interfaces/msg/detail/item_list__rosidl_typesupport_introspection_c.h
[1.991s] -- Up-to-date symlink: /home/baguette/Documents/src/install/assessment_interfaces/include/assessment_interfaces/assessment_interfaces/msg/detail/item_log__rosidl_typesupport_introspection_c.h
[1.991s] -- Up-to-date symlink: /home/baguette/Documents/src/install/assessment_interfaces/include/assessment_interfaces/assessment_interfaces/msg/detail/robot__rosidl_typesupport_introspection_c.h
[1.992s] -- Up-to-date symlink: /home/baguette/Documents/src/install/assessment_interfaces/include/assessment_interfaces/assessment_interfaces/msg/detail/robot_list__rosidl_typesupport_introspection_c.h
[1.992s] -- Up-to-date symlink: /home/baguette/Documents/src/install/assessment_interfaces/include/assessment_interfaces/assessment_interfaces/msg/rosidl_typesupport_introspection_c__visibility_control.h
[1.992s] -- Up-to-date symlink: /home/baguette/Documents/src/install/assessment_interfaces/include/assessment_interfaces/assessment_interfaces/msg/detail/home_zone__builder.hpp
[1.993s] -- Up-to-date symlink: /home/baguette/Documents/src/install/assessment_interfaces/include/assessment_interfaces/assessment_interfaces/msg/detail/home_zone__struct.hpp
[1.993s] -- Up-to-date symlink: /home/baguette/Documents/src/install/assessment_interfaces/include/assessment_interfaces/assessment_interfaces/msg/detail/home_zone__traits.hpp
[1.993s] -- Up-to-date symlink: /home/baguette/Documents/src/install/assessment_interfaces/include/assessment_interfaces/assessment_interfaces/msg/detail/item__builder.hpp
[1.994s] -- Up-to-date symlink: /home/baguette/Documents/src/install/assessment_interfaces/include/assessment_interfaces/assessment_interfaces/msg/detail/item__struct.hpp
[1.994s] -- Up-to-date symlink: /home/baguette/Documents/src/install/assessment_interfaces/include/assessment_interfaces/assessment_interfaces/msg/detail/item__traits.hpp
[1.994s] -- Up-to-date symlink: /home/baguette/Documents/src/install/assessment_interfaces/include/assessment_interfaces/assessment_interfaces/msg/detail/item_holder__builder.hpp
[1.994s] -- Up-to-date symlink: /home/baguette/Documents/src/install/assessment_interfaces/include/assessment_interfaces/assessment_interfaces/msg/detail/item_holder__struct.hpp
[1.995s] -- Up-to-date symlink: /home/baguette/Documents/src/install/assessment_interfaces/include/assessment_interfaces/assessment_interfaces/msg/detail/item_holder__traits.hpp
[1.995s] -- Up-to-date symlink: /home/baguette/Documents/src/install/assessment_interfaces/include/assessment_interfaces/assessment_interfaces/msg/detail/item_holders__builder.hpp
[1.995s] -- Up-to-date symlink: /home/baguette/Documents/src/install/assessment_interfaces/include/assessment_interfaces/assessment_interfaces/msg/detail/item_holders__struct.hpp
[1.995s] -- Up-to-date symlink: /home/baguette/Documents/src/install/assessment_interfaces/include/assessment_interfaces/assessment_interfaces/msg/detail/item_holders__traits.hpp
[1.996s] -- Up-to-date symlink: /home/baguette/Documents/src/install/assessment_interfaces/include/assessment_interfaces/assessment_interfaces/msg/detail/item_list__builder.hpp
[1.996s] -- Up-to-date symlink: /home/baguette/Documents/src/install/assessment_interfaces/include/assessment_interfaces/assessment_interfaces/msg/detail/item_list__struct.hpp
[1.996s] -- Up-to-date symlink: /home/baguette/Documents/src/install/assessment_interfaces/include/assessment_interfaces/assessment_interfaces/msg/detail/item_list__traits.hpp
[1.997s] -- Up-to-date symlink: /home/baguette/Documents/src/install/assessment_interfaces/include/assessment_interfaces/assessment_interfaces/msg/detail/item_log__builder.hpp
[1.997s] -- Up-to-date symlink: /home/baguette/Documents/src/install/assessment_interfaces/include/assessment_interfaces/assessment_interfaces/msg/detail/item_log__struct.hpp
[1.997s] -- Up-to-date symlink: /home/baguette/Documents/src/install/assessment_interfaces/include/assessment_interfaces/assessment_interfaces/msg/detail/item_log__traits.hpp
[1.998s] -- Up-to-date symlink: /home/baguette/Documents/src/install/assessment_interfaces/include/assessment_interfaces/assessment_interfaces/msg/detail/robot__builder.hpp
[1.998s] -- Up-to-date symlink: /home/baguette/Documents/src/install/assessment_interfaces/include/assessment_interfaces/assessment_interfaces/msg/detail/robot__struct.hpp
[1.998s] -- Up-to-date symlink: /home/baguette/Documents/src/install/assessment_interfaces/include/assessment_interfaces/assessment_interfaces/msg/detail/robot__traits.hpp
[1.999s] -- Up-to-date symlink: /home/baguette/Documents/src/install/assessment_interfaces/include/assessment_interfaces/assessment_interfaces/msg/detail/robot_list__builder.hpp
[1.999s] -- Up-to-date symlink: /home/baguette/Documents/src/install/assessment_interfaces/include/assessment_interfaces/assessment_interfaces/msg/detail/robot_list__struct.hpp
[1.999s] -- Up-to-date symlink: /home/baguette/Documents/src/install/assessment_interfaces/include/assessment_interfaces/assessment_interfaces/msg/detail/robot_list__traits.hpp
[1.999s] -- Up-to-date symlink: /home/baguette/Documents/src/install/assessment_interfaces/include/assessment_interfaces/assessment_interfaces/msg/home_zone.hpp
[1.999s] -- Up-to-date symlink: /home/baguette/Documents/src/install/assessment_interfaces/include/assessment_interfaces/assessment_interfaces/msg/item.hpp
[2.000s] -- Up-to-date symlink: /home/baguette/Documents/src/install/assessment_interfaces/include/assessment_interfaces/assessment_interfaces/msg/item_holder.hpp
[2.000s] -- Up-to-date symlink: /home/baguette/Documents/src/install/assessment_interfaces/include/assessment_interfaces/assessment_interfaces/msg/item_holders.hpp
[2.000s] -- Up-to-date symlink: /home/baguette/Documents/src/install/assessment_interfaces/include/assessment_interfaces/assessment_interfaces/msg/item_list.hpp
[2.000s] -- Up-to-date symlink: /home/baguette/Documents/src/install/assessment_interfaces/include/assessment_interfaces/assessment_interfaces/msg/item_log.hpp
[2.001s] -- Up-to-date symlink: /home/baguette/Documents/src/install/assessment_interfaces/include/assessment_interfaces/assessment_interfaces/msg/robot.hpp
[2.001s] -- Up-to-date symlink: /home/baguette/Documents/src/install/assessment_interfaces/include/assessment_interfaces/assessment_interfaces/msg/robot_list.hpp
[2.001s] -- Up-to-date symlink: /home/baguette/Documents/src/install/assessment_interfaces/include/assessment_interfaces/assessment_interfaces/msg/detail/home_zone__rosidl_typesupport_fastrtps_cpp.hpp
[2.001s] -- Up-to-date symlink: /home/baguette/Documents/src/install/assessment_interfaces/include/assessment_interfaces/assessment_interfaces/msg/detail/item__rosidl_typesupport_fastrtps_cpp.hpp
[2.001s] -- Up-to-date symlink: /home/baguette/Documents/src/install/assessment_interfaces/include/assessment_interfaces/assessment_interfaces/msg/detail/item_holder__rosidl_typesupport_fastrtps_cpp.hpp
[2.002s] -- Up-to-date symlink: /home/baguette/Documents/src/install/assessment_interfaces/include/assessment_interfaces/assessment_interfaces/msg/detail/item_holders__rosidl_typesupport_fastrtps_cpp.hpp
[2.002s] -- Up-to-date symlink: /home/baguette/Documents/src/install/assessment_interfaces/include/assessment_interfaces/assessment_interfaces/msg/detail/item_list__rosidl_typesupport_fastrtps_cpp.hpp
[2.002s] -- Up-to-date symlink: /home/baguette/Documents/src/install/assessment_interfaces/include/assessment_interfaces/assessment_interfaces/msg/detail/item_log__rosidl_typesupport_fastrtps_cpp.hpp
[2.002s] -- Up-to-date symlink: /home/baguette/Documents/src/install/assessment_interfaces/include/assessment_interfaces/assessment_interfaces/msg/detail/robot__rosidl_typesupport_fastrtps_cpp.hpp
[2.002s] -- Up-to-date symlink: /home/baguette/Documents/src/install/assessment_interfaces/include/assessment_interfaces/assessment_interfaces/msg/detail/robot_list__rosidl_typesupport_fastrtps_cpp.hpp
[2.003s] -- Up-to-date symlink: /home/baguette/Documents/src/install/assessment_interfaces/include/assessment_interfaces/assessment_interfaces/msg/rosidl_typesupport_fastrtps_cpp__visibility_control.h
[2.003s] -- Up-to-date symlink: /home/baguette/Documents/src/install/assessment_interfaces/include/assessment_interfaces/assessment_interfaces/msg/detail/home_zone__rosidl_typesupport_introspection_cpp.hpp
[2.003s] -- Up-to-date symlink: /home/baguette/Documents/src/install/assessment_interfaces/include/assessment_interfaces/assessment_interfaces/msg/detail/item__rosidl_typesupport_introspection_cpp.hpp
[2.003s] -- Up-to-date symlink: /home/baguette/Documents/src/install/assessment_interfaces/include/assessment_interfaces/assessment_interfaces/msg/detail/item_holder__rosidl_typesupport_introspection_cpp.hpp
[2.004s] -- Up-to-date symlink: /home/baguette/Documents/src/install/assessment_interfaces/include/assessment_interfaces/assessment_interfaces/msg/detail/item_holders__rosidl_typesupport_introspection_cpp.hpp
[2.005s] -- Up-to-date symlink: /home/baguette/Documents/src/install/assessment_interfaces/include/assessment_interfaces/assessment_interfaces/msg/detail/item_list__rosidl_typesupport_introspection_cpp.hpp
[2.005s] -- Up-to-date symlink: /home/baguette/Documents/src/install/assessment_interfaces/include/assessment_interfaces/assessment_interfaces/msg/detail/item_log__rosidl_typesupport_introspection_cpp.hpp
[2.005s] -- Up-to-date symlink: /home/baguette/Documents/src/install/assessment_interfaces/include/assessment_interfaces/assessment_interfaces/msg/detail/robot__rosidl_typesupport_introspection_cpp.hpp
[2.006s] -- Up-to-date symlink: /home/baguette/Documents/src/install/assessment_interfaces/include/assessment_interfaces/assessment_interfaces/msg/detail/robot_list__rosidl_typesupport_introspection_cpp.hpp
[2.006s] -- Up-to-date symlink: /home/baguette/Documents/src/install/assessment_interfaces/share/assessment_interfaces/environment/pythonpath.sh
[2.006s] -- Up-to-date symlink: /home/baguette/Documents/src/install/assessment_interfaces/share/assessment_interfaces/environment/pythonpath.dsv
[2.007s] -- Up-to-date symlink: /home/baguette/Documents/src/install/assessment_interfaces/local/lib/python3.10/dist-packages/assessment_interfaces-0.0.0-py3.10.egg-info/PKG-INFO
[2.007s] -- Up-to-date symlink: /home/baguette/Documents/src/install/assessment_interfaces/local/lib/python3.10/dist-packages/assessment_interfaces-0.0.0-py3.10.egg-info/SOURCES.txt
[2.007s] -- Up-to-date symlink: /home/baguette/Documents/src/install/assessment_interfaces/local/lib/python3.10/dist-packages/assessment_interfaces-0.0.0-py3.10.egg-info/dependency_links.txt
[2.007s] -- Up-to-date symlink: /home/baguette/Documents/src/install/assessment_interfaces/local/lib/python3.10/dist-packages/assessment_interfaces-0.0.0-py3.10.egg-info/top_level.txt
[2.008s] -- Up-to-date symlink: /home/baguette/Documents/src/install/assessment_interfaces/local/lib/python3.10/dist-packages/assessment_interfaces/__init__.py
[2.010s] -- Up-to-date symlink: /home/baguette/Documents/src/install/assessment_interfaces/local/lib/python3.10/dist-packages/assessment_interfaces/_assessment_interfaces_s.ep.rosidl_typesupport_c.c
[2.010s] -- Up-to-date symlink: /home/baguette/Documents/src/install/assessment_interfaces/local/lib/python3.10/dist-packages/assessment_interfaces/_assessment_interfaces_s.ep.rosidl_typesupport_fastrtps_c.c
[2.010s] -- Up-to-date symlink: /home/baguette/Documents/src/install/assessment_interfaces/local/lib/python3.10/dist-packages/assessment_interfaces/_assessment_interfaces_s.ep.rosidl_typesupport_introspection_c.c
[2.011s] -- Up-to-date symlink: /home/baguette/Documents/src/install/assessment_interfaces/local/lib/python3.10/dist-packages/assessment_interfaces/assessment_interfaces_s__rosidl_typesupport_c.cpython-310-x86_64-linux-gnu.so
[2.011s] -- Up-to-date symlink: /home/baguette/Documents/src/install/assessment_interfaces/local/lib/python3.10/dist-packages/assessment_interfaces/assessment_interfaces_s__rosidl_typesupport_fastrtps_c.cpython-310-x86_64-linux-gnu.so
[2.011s] -- Up-to-date symlink: /home/baguette/Documents/src/install/assessment_interfaces/local/lib/python3.10/dist-packages/assessment_interfaces/assessment_interfaces_s__rosidl_typesupport_introspection_c.cpython-310-x86_64-linux-gnu.so
[2.011s] -- Up-to-date symlink: /home/baguette/Documents/src/install/assessment_interfaces/local/lib/python3.10/dist-packages/assessment_interfaces/libassessment_interfaces__rosidl_generator_py.so
[2.011s] -- Up-to-date symlink: /home/baguette/Documents/src/install/assessment_interfaces/local/lib/python3.10/dist-packages/assessment_interfaces/msg/__init__.py
[2.011s] -- Up-to-date symlink: /home/baguette/Documents/src/install/assessment_interfaces/local/lib/python3.10/dist-packages/assessment_interfaces/msg/_home_zone.py
[2.012s] -- Up-to-date symlink: /home/baguette/Documents/src/install/assessment_interfaces/local/lib/python3.10/dist-packages/assessment_interfaces/msg/_home_zone_s.c
[2.012s] -- Up-to-date symlink: /home/baguette/Documents/src/install/assessment_interfaces/local/lib/python3.10/dist-packages/assessment_interfaces/msg/_item.py
[2.012s] -- Up-to-date symlink: /home/baguette/Documents/src/install/assessment_interfaces/local/lib/python3.10/dist-packages/assessment_interfaces/msg/_item_holder.py
[2.012s] -- Up-to-date symlink: /home/baguette/Documents/src/install/assessment_interfaces/local/lib/python3.10/dist-packages/assessment_interfaces/msg/_item_holder_s.c
[2.012s] -- Up-to-date symlink: /home/baguette/Documents/src/install/assessment_interfaces/local/lib/python3.10/dist-packages/assessment_interfaces/msg/_item_holders.py
[2.013s] -- Up-to-date symlink: /home/baguette/Documents/src/install/assessment_interfaces/local/lib/python3.10/dist-packages/assessment_interfaces/msg/_item_holders_s.c
[2.013s] -- Up-to-date symlink: /home/baguette/Documents/src/install/assessment_interfaces/local/lib/python3.10/dist-packages/assessment_interfaces/msg/_item_list.py
[2.013s] -- Up-to-date symlink: /home/baguette/Documents/src/install/assessment_interfaces/local/lib/python3.10/dist-packages/assessment_interfaces/msg/_item_list_s.c
[2.013s] -- Up-to-date symlink: /home/baguette/Documents/src/install/assessment_interfaces/local/lib/python3.10/dist-packages/assessment_interfaces/msg/_item_log.py
[2.013s] -- Up-to-date symlink: /home/baguette/Documents/src/install/assessment_interfaces/local/lib/python3.10/dist-packages/assessment_interfaces/msg/_item_log_s.c
[2.014s] -- Up-to-date symlink: /home/baguette/Documents/src/install/assessment_interfaces/local/lib/python3.10/dist-packages/assessment_interfaces/msg/_item_s.c
[2.014s] -- Up-to-date symlink: /home/baguette/Documents/src/install/assessment_interfaces/local/lib/python3.10/dist-packages/assessment_interfaces/msg/_robot.py
[2.014s] -- Up-to-date symlink: /home/baguette/Documents/src/install/assessment_interfaces/local/lib/python3.10/dist-packages/assessment_interfaces/msg/_robot_list.py
[2.014s] -- Up-to-date symlink: /home/baguette/Documents/src/install/assessment_interfaces/local/lib/python3.10/dist-packages/assessment_interfaces/msg/_robot_list_s.c
[2.014s] -- Up-to-date symlink: /home/baguette/Documents/src/install/assessment_interfaces/local/lib/python3.10/dist-packages/assessment_interfaces/msg/_robot_s.c
[2.015s] -- Up-to-date symlink: /home/baguette/Documents/src/install/assessment_interfaces/local/lib/python3.10/dist-packages/assessment_interfaces/assessment_interfaces_s__rosidl_typesupport_fastrtps_c.cpython-310-x86_64-linux-gnu.so
[2.015s] -- Up-to-date symlink: /home/baguette/Documents/src/install/assessment_interfaces/local/lib/python3.10/dist-packages/assessment_interfaces/assessment_interfaces_s__rosidl_typesupport_introspection_c.cpython-310-x86_64-linux-gnu.so
[2.015s] -- Up-to-date symlink: /home/baguette/Documents/src/install/assessment_interfaces/local/lib/python3.10/dist-packages/assessment_interfaces/assessment_interfaces_s__rosidl_typesupport_c.cpython-310-x86_64-linux-gnu.so
[2.016s] -- Up-to-date symlink: /home/baguette/Documents/src/install/assessment_interfaces/share/assessment_interfaces/msg/ItemLog.idl
[2.016s] -- Up-to-date symlink: /home/baguette/Documents/src/install/assessment_interfaces/share/assessment_interfaces/msg/ItemHolder.idl
[2.016s] -- Up-to-date symlink: /home/baguette/Documents/src/install/assessment_interfaces/share/assessment_interfaces/msg/ItemHolders.idl
[2.016s] -- Up-to-date symlink: /home/baguette/Documents/src/install/assessment_interfaces/share/assessment_interfaces/msg/Item.idl
[2.016s] -- Up-to-date symlink: /home/baguette/Documents/src/install/assessment_interfaces/share/assessment_interfaces/msg/ItemList.idl
[2.017s] -- Up-to-date symlink: /home/baguette/Documents/src/install/assessment_interfaces/share/assessment_interfaces/msg/HomeZone.idl
[2.017s] -- Up-to-date symlink: /home/baguette/Documents/src/install/assessment_interfaces/share/assessment_interfaces/msg/Robot.idl
[2.017s] -- Up-to-date symlink: /home/baguette/Documents/src/install/assessment_interfaces/share/assessment_interfaces/msg/RobotList.idl
[2.017s] -- Up-to-date symlink: /home/baguette/Documents/src/install/assessment_interfaces/share/assessment_interfaces/msg/ItemLog.msg
[2.017s] -- Up-to-date symlink: /home/baguette/Documents/src/install/assessment_interfaces/share/assessment_interfaces/msg/ItemHolder.msg
[2.017s] -- Up-to-date symlink: /home/baguette/Documents/src/install/assessment_interfaces/share/assessment_interfaces/msg/ItemHolders.msg
[2.018s] -- Up-to-date symlink: /home/baguette/Documents/src/install/assessment_interfaces/share/assessment_interfaces/msg/Item.msg
[2.018s] -- Up-to-date symlink: /home/baguette/Documents/src/install/assessment_interfaces/share/assessment_interfaces/msg/ItemList.msg
[2.018s] -- Up-to-date symlink: /home/baguette/Documents/src/install/assessment_interfaces/share/assessment_interfaces/msg/HomeZone.msg
[2.018s] -- Up-to-date symlink: /home/baguette/Documents/src/install/assessment_interfaces/share/assessment_interfaces/msg/Robot.msg
[2.019s] -- Up-to-date symlink: /home/baguette/Documents/src/install/assessment_interfaces/share/assessment_interfaces/msg/RobotList.msg
[2.019s] -- Up-to-date symlink: /home/baguette/Documents/src/install/assessment_interfaces/share/ament_index/resource_index/package_run_dependencies/assessment_interfaces
[2.019s] -- Up-to-date symlink: /home/baguette/Documents/src/install/assessment_interfaces/share/ament_index/resource_index/parent_prefix_path/assessment_interfaces
[2.019s] -- Up-to-date symlink: /home/baguette/Documents/src/install/assessment_interfaces/share/assessment_interfaces/environment/ament_prefix_path.sh
[2.020s] -- Up-to-date symlink: /home/baguette/Documents/src/install/assessment_interfaces/share/assessment_interfaces/environment/ament_prefix_path.dsv
[2.020s] -- Up-to-date symlink: /home/baguette/Documents/src/install/assessment_interfaces/share/assessment_interfaces/environment/path.sh
[2.020s] -- Up-to-date symlink: /home/baguette/Documents/src/install/assessment_interfaces/share/assessment_interfaces/environment/path.dsv
[2.020s] -- Up-to-date symlink: /home/baguette/Documents/src/install/assessment_interfaces/share/assessment_interfaces/local_setup.bash
[2.021s] -- Up-to-date symlink: /home/baguette/Documents/src/install/assessment_interfaces/share/assessment_interfaces/local_setup.sh
[2.021s] -- Up-to-date symlink: /home/baguette/Documents/src/install/assessment_interfaces/share/assessment_interfaces/local_setup.zsh
[2.021s] -- Up-to-date symlink: /home/baguette/Documents/src/install/assessment_interfaces/share/assessment_interfaces/local_setup.dsv
[2.021s] -- Symlinking: /home/baguette/Documents/src/install/assessment_interfaces/share/assessment_interfaces/package.dsv
[2.021s] -- Up-to-date symlink: /home/baguette/Documents/src/install/assessment_interfaces/share/ament_index/resource_index/packages/assessment_interfaces
[2.021s] -- Up-to-date symlink: /home/baguette/Documents/src/install/assessment_interfaces/share/assessment_interfaces/cmake/rosidl_cmake-extras.cmake
[2.021s] -- Up-to-date symlink: /home/baguette/Documents/src/install/assessment_interfaces/share/assessment_interfaces/cmake/ament_cmake_export_include_directories-extras.cmake
[2.022s] -- Up-to-date symlink: /home/baguette/Documents/src/install/assessment_interfaces/share/assessment_interfaces/cmake/ament_cmake_export_libraries-extras.cmake
[2.022s] -- Up-to-date symlink: /home/baguette/Documents/src/install/assessment_interfaces/share/assessment_interfaces/cmake/ament_cmake_export_targets-extras.cmake
[2.022s] -- Up-to-date symlink: /home/baguette/Documents/src/install/assessment_interfaces/share/assessment_interfaces/cmake/rosidl_cmake_export_typesupport_targets-extras.cmake
[2.022s] -- Up-to-date symlink: /home/baguette/Documents/src/install/assessment_interfaces/share/assessment_interfaces/cmake/ament_cmake_export_dependencies-extras.cmake
[2.023s] -- Up-to-date symlink: /home/baguette/Documents/src/install/assessment_interfaces/share/assessment_interfaces/cmake/rosidl_cmake_export_typesupport_libraries-extras.cmake
[2.023s] -- Up-to-date symlink: /home/baguette/Documents/src/install/assessment_interfaces/share/assessment_interfaces/cmake/assessment_interfacesConfig.cmake
[2.023s] -- Up-to-date symlink: /home/baguette/Documents/src/install/assessment_interfaces/share/assessment_interfaces/cmake/assessment_interfacesConfig-version.cmake
[2.023s] -- Up-to-date symlink: /home/baguette/Documents/src/install/assessment_interfaces/share/assessment_interfaces/package.xml
[2.024s] -- Up-to-date: /home/baguette/Documents/src/install/assessment_interfaces/lib/libassessment_interfaces__rosidl_generator_c.so
[2.024s] -- Up-to-date: /home/baguette/Documents/src/install/assessment_interfaces/lib/libassessment_interfaces__rosidl_typesupport_fastrtps_c.so
[2.024s] -- Up-to-date: /home/baguette/Documents/src/install/assessment_interfaces/lib/libassessment_interfaces__rosidl_typesupport_introspection_c.so
[2.024s] -- Up-to-date: /home/baguette/Documents/src/install/assessment_interfaces/lib/libassessment_interfaces__rosidl_typesupport_c.so
[2.025s] -- Up-to-date: /home/baguette/Documents/src/install/assessment_interfaces/lib/libassessment_interfaces__rosidl_typesupport_fastrtps_cpp.so
[2.025s] -- Up-to-date: /home/baguette/Documents/src/install/assessment_interfaces/lib/libassessment_interfaces__rosidl_typesupport_introspection_cpp.so
[2.025s] -- Up-to-date: /home/baguette/Documents/src/install/assessment_interfaces/lib/libassessment_interfaces__rosidl_typesupport_cpp.so
[2.049s] Listing '/home/baguette/Documents/src/install/assessment_interfaces/local/lib/python3.10/dist-packages/assessment_interfaces'...
[2.049s] Listing '/home/baguette/Documents/src/install/assessment_interfaces/local/lib/python3.10/dist-packages/assessment_interfaces/msg'...
[2.053s] -- Up-to-date: /home/baguette/Documents/src/install/assessment_interfaces/lib/libassessment_interfaces__rosidl_generator_py.so
[2.054s] -- Up-to-date: /home/baguette/Documents/src/install/assessment_interfaces/share/assessment_interfaces/cmake/export_assessment_interfaces__rosidl_generator_cExport.cmake
[2.054s] -- Up-to-date: /home/baguette/Documents/src/install/assessment_interfaces/share/assessment_interfaces/cmake/export_assessment_interfaces__rosidl_generator_cExport-noconfig.cmake
[2.054s] -- Up-to-date: /home/baguette/Documents/src/install/assessment_interfaces/share/assessment_interfaces/cmake/export_assessment_interfaces__rosidl_typesupport_fastrtps_cExport.cmake
[2.054s] -- Up-to-date: /home/baguette/Documents/src/install/assessment_interfaces/share/assessment_interfaces/cmake/export_assessment_interfaces__rosidl_typesupport_fastrtps_cExport-noconfig.cmake
[2.055s] -- Up-to-date: /home/baguette/Documents/src/install/assessment_interfaces/share/assessment_interfaces/cmake/assessment_interfaces__rosidl_typesupport_introspection_cExport.cmake
[2.055s] -- Up-to-date: /home/baguette/Documents/src/install/assessment_interfaces/share/assessment_interfaces/cmake/assessment_interfaces__rosidl_typesupport_introspection_cExport-noconfig.cmake
[2.056s] -- Up-to-date: /home/baguette/Documents/src/install/assessment_interfaces/share/assessment_interfaces/cmake/assessment_interfaces__rosidl_typesupport_cExport.cmake
[2.056s] -- Up-to-date: /home/baguette/Documents/src/install/assessment_interfaces/share/assessment_interfaces/cmake/assessment_interfaces__rosidl_typesupport_cExport-noconfig.cmake
[2.056s] -- Up-to-date: /home/baguette/Documents/src/install/assessment_interfaces/share/assessment_interfaces/cmake/export_assessment_interfaces__rosidl_generator_cppExport.cmake
[2.057s] -- Up-to-date: /home/baguette/Documents/src/install/assessment_interfaces/share/assessment_interfaces/cmake/export_assessment_interfaces__rosidl_typesupport_fastrtps_cppExport.cmake
[2.057s] -- Up-to-date: /home/baguette/Documents/src/install/assessment_interfaces/share/assessment_interfaces/cmake/export_assessment_interfaces__rosidl_typesupport_fastrtps_cppExport-noconfig.cmake
[2.058s] -- Up-to-date: /home/baguette/Documents/src/install/assessment_interfaces/share/assessment_interfaces/cmake/assessment_interfaces__rosidl_typesupport_introspection_cppExport.cmake
[2.058s] -- Up-to-date: /home/baguette/Documents/src/install/assessment_interfaces/share/assessment_interfaces/cmake/assessment_interfaces__rosidl_typesupport_introspection_cppExport-noconfig.cmake
[2.058s] -- Up-to-date: /home/baguette/Documents/src/install/assessment_interfaces/share/assessment_interfaces/cmake/assessment_interfaces__rosidl_typesupport_cppExport.cmake
[2.058s] -- Up-to-date: /home/baguette/Documents/src/install/assessment_interfaces/share/assessment_interfaces/cmake/assessment_interfaces__rosidl_typesupport_cppExport-noconfig.cmake
[2.059s] -- Up-to-date: /home/baguette/Documents/src/install/assessment_interfaces/share/assessment_interfaces/cmake/export_assessment_interfaces__rosidl_generator_pyExport.cmake
[2.059s] -- Up-to-date: /home/baguette/Documents/src/install/assessment_interfaces/share/assessment_interfaces/cmake/export_assessment_interfaces__rosidl_generator_pyExport-noconfig.cmake
[2.197s] Invoked command in '/home/baguette/Documents/src/build/assessment_interfaces' returned '0': CMAKE_PREFIX_PATH=${CMAKE_PREFIX_PATH}:/home/baguette/Documents/src/install/tf_transformations:/home/baguette/Documents/src/install/tf_relay:/home/baguette/Documents/src/install/solution:/home/baguette/Documents/src/install/assessment:/opt/ros/humble /usr/bin/cmake --install /home/baguette/Documents/src/build/assessment_interfaces
