[0.892s] Invoking command in '/home/baguette/Documents/src/build/solution_interfaces': CMAKE_PREFIX_PATH=${CMAKE_PREFIX_PATH}:/home/baguette/Documents/src/install/tf_transformations:/home/baguette/Documents/src/install/tf_relay:/home/baguette/Documents/src/install/solution:/home/baguette/Documents/src/install/assessment:/opt/ros/humble /usr/bin/cmake --build /home/baguette/Documents/src/build/solution_interfaces -- -j16 -l16
[1.199s] [  9%] Built target solution_interfaces__cpp
[1.199s] [ 12%] Built target solution_interfaces__rosidl_generator_c
[1.199s] [ 12%] Built target ament_cmake_python_symlink_solution_interfaces
[1.200s] [ 51%] Built target solution_interfaces__rosidl_typesupport_introspection_cpp
[1.200s] [ 51%] Built target solution_interfaces__rosidl_typesupport_cpp
[1.200s] [ 51%] Built target solution_interfaces__rosidl_typesupport_c
[1.200s] [ 51%] Built target solution_interfaces__rosidl_typesupport_fastrtps_c
[1.200s] [ 61%] Built target solution_interfaces__rosidl_typesupport_introspection_c
[1.200s] [ 70%] Built target solution_interfaces__rosidl_typesupport_fastrtps_cpp
[1.200s] [ 70%] Built target solution_interfaces
[1.200s] [ 74%] Built target solution_interfaces__py
[1.200s] [ 80%] Built target solution_interfaces__rosidl_generator_py
[1.200s] [100%] Built target solution_interfaces__rosidl_typesupport_introspection_c__pyext
[1.200s] [100%] Built target solution_interfaces__rosidl_typesupport_fastrtps_c__pyext
[1.200s] [100%] Built target solution_interfaces__rosidl_typesupport_c__pyext
[1.230s] running egg_info
[1.230s] writing solution_interfaces.egg-info/PKG-INFO
[1.230s] writing dependency_links to solution_interfaces.egg-info/dependency_links.txt
[1.231s] writing top-level names to solution_interfaces.egg-info/top_level.txt
[1.233s] reading manifest file 'solution_interfaces.egg-info/SOURCES.txt'
[1.233s] writing manifest file 'solution_interfaces.egg-info/SOURCES.txt'
[1.260s] [100%] Built target ament_cmake_python_build_solution_interfaces_egg
[1.521s] Invoked command in '/home/baguette/Documents/src/build/solution_interfaces' returned '0': CMAKE_PREFIX_PATH=${CMAKE_PREFIX_PATH}:/home/baguette/Documents/src/install/tf_transformations:/home/baguette/Documents/src/install/tf_relay:/home/baguette/Documents/src/install/solution:/home/baguette/Documents/src/install/assessment:/opt/ros/humble /usr/bin/cmake --build /home/baguette/Documents/src/build/solution_interfaces -- -j16 -l16
[1.584s] Invoking command in '/home/baguette/Documents/src/build/solution_interfaces': CMAKE_PREFIX_PATH=${CMAKE_PREFIX_PATH}:/home/baguette/Documents/src/install/tf_transformations:/home/baguette/Documents/src/install/tf_relay:/home/baguette/Documents/src/install/solution:/home/baguette/Documents/src/install/assessment:/opt/ros/humble /usr/bin/cmake --install /home/baguette/Documents/src/build/solution_interfaces
[1.596s] -- Install configuration: ""
[1.596s] -- Execute custom install script
[1.596s] -- Up-to-date symlink: /home/baguette/Documents/src/install/solution_interfaces/share/ament_index/resource_index/rosidl_interfaces/solution_interfaces
[1.597s] -- Up-to-date symlink: /home/baguette/Documents/src/install/solution_interfaces/include/solution_interfaces/solution_interfaces/msg/detail/example__functions.h
[1.597s] -- Up-to-date symlink: /home/baguette/Documents/src/install/solution_interfaces/include/solution_interfaces/solution_interfaces/msg/detail/example__struct.h
[1.597s] -- Up-to-date symlink: /home/baguette/Documents/src/install/solution_interfaces/include/solution_interfaces/solution_interfaces/msg/detail/example__type_support.h
[1.597s] -- Up-to-date symlink: /home/baguette/Documents/src/install/solution_interfaces/include/solution_interfaces/solution_interfaces/msg/example.h
[1.597s] -- Up-to-date symlink: /home/baguette/Documents/src/install/solution_interfaces/include/solution_interfaces/solution_interfaces/msg/rosidl_generator_c__visibility_control.h
[1.598s] -- Up-to-date symlink: /home/baguette/Documents/src/install/solution_interfaces/share/solution_interfaces/environment/library_path.sh
[1.598s] -- Up-to-date symlink: /home/baguette/Documents/src/install/solution_interfaces/share/solution_interfaces/environment/library_path.dsv
[1.598s] -- Up-to-date symlink: /home/baguette/Documents/src/install/solution_interfaces/include/solution_interfaces/solution_interfaces/msg/detail/example__rosidl_typesupport_fastrtps_c.h
[1.598s] -- Up-to-date symlink: /home/baguette/Documents/src/install/solution_interfaces/include/solution_interfaces/solution_interfaces/msg/rosidl_typesupport_fastrtps_c__visibility_control.h
[1.599s] -- Up-to-date symlink: /home/baguette/Documents/src/install/solution_interfaces/include/solution_interfaces/solution_interfaces/msg/detail/example__builder.hpp
[1.599s] -- Up-to-date symlink: /home/baguette/Documents/src/install/solution_interfaces/include/solution_interfaces/solution_interfaces/msg/detail/example__struct.hpp
[1.599s] -- Up-to-date symlink: /home/baguette/Documents/src/install/solution_interfaces/include/solution_interfaces/solution_interfaces/msg/detail/example__traits.hpp
[1.599s] -- Up-to-date symlink: /home/baguette/Documents/src/install/solution_interfaces/include/solution_interfaces/solution_interfaces/msg/example.hpp
[1.600s] -- Up-to-date symlink: /home/baguette/Documents/src/install/solution_interfaces/include/solution_interfaces/solution_interfaces/msg/detail/example__rosidl_typesupport_fastrtps_cpp.hpp
[1.600s] -- Up-to-date symlink: /home/baguette/Documents/src/install/solution_interfaces/include/solution_interfaces/solution_interfaces/msg/rosidl_typesupport_fastrtps_cpp__visibility_control.h
[1.600s] -- Up-to-date symlink: /home/baguette/Documents/src/install/solution_interfaces/include/solution_interfaces/solution_interfaces/msg/detail/example__rosidl_typesupport_introspection_c.h
[1.601s] -- Up-to-date symlink: /home/baguette/Documents/src/install/solution_interfaces/include/solution_interfaces/solution_interfaces/msg/rosidl_typesupport_introspection_c__visibility_control.h
[1.601s] -- Up-to-date symlink: /home/baguette/Documents/src/install/solution_interfaces/include/solution_interfaces/solution_interfaces/msg/detail/example__rosidl_typesupport_introspection_cpp.hpp
[1.601s] -- Up-to-date symlink: /home/baguette/Documents/src/install/solution_interfaces/share/solution_interfaces/environment/pythonpath.sh
[1.601s] -- Up-to-date symlink: /home/baguette/Documents/src/install/solution_interfaces/share/solution_interfaces/environment/pythonpath.dsv
[1.602s] -- Up-to-date symlink: /home/baguette/Documents/src/install/solution_interfaces/local/lib/python3.10/dist-packages/solution_interfaces-0.0.0-py3.10.egg-info/PKG-INFO
[1.602s] -- Up-to-date symlink: /home/baguette/Documents/src/install/solution_interfaces/local/lib/python3.10/dist-packages/solution_interfaces-0.0.0-py3.10.egg-info/SOURCES.txt
[1.602s] -- Up-to-date symlink: /home/baguette/Documents/src/install/solution_interfaces/local/lib/python3.10/dist-packages/solution_interfaces-0.0.0-py3.10.egg-info/dependency_links.txt
[1.602s] -- Up-to-date symlink: /home/baguette/Documents/src/install/solution_interfaces/local/lib/python3.10/dist-packages/solution_interfaces-0.0.0-py3.10.egg-info/top_level.txt
[1.603s] -- Up-to-date symlink: /home/baguette/Documents/src/install/solution_interfaces/local/lib/python3.10/dist-packages/solution_interfaces/__init__.py
[1.603s] -- Up-to-date symlink: /home/baguette/Documents/src/install/solution_interfaces/local/lib/python3.10/dist-packages/solution_interfaces/_solution_interfaces_s.ep.rosidl_typesupport_c.c
[1.603s] -- Up-to-date symlink: /home/baguette/Documents/src/install/solution_interfaces/local/lib/python3.10/dist-packages/solution_interfaces/_solution_interfaces_s.ep.rosidl_typesupport_fastrtps_c.c
[1.603s] -- Up-to-date symlink: /home/baguette/Documents/src/install/solution_interfaces/local/lib/python3.10/dist-packages/solution_interfaces/_solution_interfaces_s.ep.rosidl_typesupport_introspection_c.c
[1.603s] -- Up-to-date symlink: /home/baguette/Documents/src/install/solution_interfaces/local/lib/python3.10/dist-packages/solution_interfaces/libsolution_interfaces__rosidl_generator_py.so
[1.603s] -- Up-to-date symlink: /home/baguette/Documents/src/install/solution_interfaces/local/lib/python3.10/dist-packages/solution_interfaces/msg/__init__.py
[1.604s] -- Up-to-date symlink: /home/baguette/Documents/src/install/solution_interfaces/local/lib/python3.10/dist-packages/solution_interfaces/msg/_example.py
[1.604s] -- Up-to-date symlink: /home/baguette/Documents/src/install/solution_interfaces/local/lib/python3.10/dist-packages/solution_interfaces/msg/_example_s.c
[1.604s] -- Up-to-date symlink: /home/baguette/Documents/src/install/solution_interfaces/local/lib/python3.10/dist-packages/solution_interfaces/solution_interfaces_s__rosidl_typesupport_c.cpython-310-x86_64-linux-gnu.so
[1.604s] -- Up-to-date symlink: /home/baguette/Documents/src/install/solution_interfaces/local/lib/python3.10/dist-packages/solution_interfaces/solution_interfaces_s__rosidl_typesupport_fastrtps_c.cpython-310-x86_64-linux-gnu.so
[1.604s] -- Up-to-date symlink: /home/baguette/Documents/src/install/solution_interfaces/local/lib/python3.10/dist-packages/solution_interfaces/solution_interfaces_s__rosidl_typesupport_introspection_c.cpython-310-x86_64-linux-gnu.so
[1.604s] -- Up-to-date symlink: /home/baguette/Documents/src/install/solution_interfaces/local/lib/python3.10/dist-packages/solution_interfaces/solution_interfaces_s__rosidl_typesupport_fastrtps_c.cpython-310-x86_64-linux-gnu.so
[1.605s] -- Up-to-date symlink: /home/baguette/Documents/src/install/solution_interfaces/local/lib/python3.10/dist-packages/solution_interfaces/solution_interfaces_s__rosidl_typesupport_introspection_c.cpython-310-x86_64-linux-gnu.so
[1.605s] -- Up-to-date symlink: /home/baguette/Documents/src/install/solution_interfaces/local/lib/python3.10/dist-packages/solution_interfaces/solution_interfaces_s__rosidl_typesupport_c.cpython-310-x86_64-linux-gnu.so
[1.605s] -- Up-to-date symlink: /home/baguette/Documents/src/install/solution_interfaces/share/solution_interfaces/msg/Example.idl
[1.605s] -- Up-to-date symlink: /home/baguette/Documents/src/install/solution_interfaces/share/solution_interfaces/msg/Example.msg
[1.606s] -- Up-to-date symlink: /home/baguette/Documents/src/install/solution_interfaces/share/ament_index/resource_index/package_run_dependencies/solution_interfaces
[1.606s] -- Up-to-date symlink: /home/baguette/Documents/src/install/solution_interfaces/share/ament_index/resource_index/parent_prefix_path/solution_interfaces
[1.606s] -- Up-to-date symlink: /home/baguette/Documents/src/install/solution_interfaces/share/solution_interfaces/environment/ament_prefix_path.sh
[1.606s] -- Up-to-date symlink: /home/baguette/Documents/src/install/solution_interfaces/share/solution_interfaces/environment/ament_prefix_path.dsv
[1.606s] -- Up-to-date symlink: /home/baguette/Documents/src/install/solution_interfaces/share/solution_interfaces/environment/path.sh
[1.607s] -- Up-to-date symlink: /home/baguette/Documents/src/install/solution_interfaces/share/solution_interfaces/environment/path.dsv
[1.607s] -- Up-to-date symlink: /home/baguette/Documents/src/install/solution_interfaces/share/solution_interfaces/local_setup.bash
[1.607s] -- Up-to-date symlink: /home/baguette/Documents/src/install/solution_interfaces/share/solution_interfaces/local_setup.sh
[1.607s] -- Up-to-date symlink: /home/baguette/Documents/src/install/solution_interfaces/share/solution_interfaces/local_setup.zsh
[1.607s] -- Up-to-date symlink: /home/baguette/Documents/src/install/solution_interfaces/share/solution_interfaces/local_setup.dsv
[1.608s] -- Symlinking: /home/baguette/Documents/src/install/solution_interfaces/share/solution_interfaces/package.dsv
[1.621s] -- Up-to-date symlink: /home/baguette/Documents/src/install/solution_interfaces/share/ament_index/resource_index/packages/solution_interfaces
[1.622s] -- Up-to-date symlink: /home/baguette/Documents/src/install/solution_interfaces/share/solution_interfaces/cmake/rosidl_cmake-extras.cmake
[1.622s] -- Up-to-date symlink: /home/baguette/Documents/src/install/solution_interfaces/share/solution_interfaces/cmake/ament_cmake_export_dependencies-extras.cmake
[1.622s] -- Up-to-date symlink: /home/baguette/Documents/src/install/solution_interfaces/share/solution_interfaces/cmake/ament_cmake_export_include_directories-extras.cmake
[1.623s] -- Up-to-date symlink: /home/baguette/Documents/src/install/solution_interfaces/share/solution_interfaces/cmake/ament_cmake_export_libraries-extras.cmake
[1.623s] -- Up-to-date symlink: /home/baguette/Documents/src/install/solution_interfaces/share/solution_interfaces/cmake/ament_cmake_export_targets-extras.cmake
[1.623s] -- Up-to-date symlink: /home/baguette/Documents/src/install/solution_interfaces/share/solution_interfaces/cmake/rosidl_cmake_export_typesupport_targets-extras.cmake
[1.623s] -- Up-to-date symlink: /home/baguette/Documents/src/install/solution_interfaces/share/solution_interfaces/cmake/rosidl_cmake_export_typesupport_libraries-extras.cmake
[1.623s] -- Up-to-date symlink: /home/baguette/Documents/src/install/solution_interfaces/share/solution_interfaces/cmake/solution_interfacesConfig.cmake
[1.623s] -- Up-to-date symlink: /home/baguette/Documents/src/install/solution_interfaces/share/solution_interfaces/cmake/solution_interfacesConfig-version.cmake
[1.624s] -- Up-to-date symlink: /home/baguette/Documents/src/install/solution_interfaces/share/solution_interfaces/package.xml
[1.624s] -- Up-to-date: /home/baguette/Documents/src/install/solution_interfaces/lib/libsolution_interfaces__rosidl_generator_c.so
[1.624s] -- Up-to-date: /home/baguette/Documents/src/install/solution_interfaces/lib/libsolution_interfaces__rosidl_typesupport_fastrtps_c.so
[1.624s] -- Up-to-date: /home/baguette/Documents/src/install/solution_interfaces/lib/libsolution_interfaces__rosidl_typesupport_fastrtps_cpp.so
[1.624s] -- Up-to-date: /home/baguette/Documents/src/install/solution_interfaces/lib/libsolution_interfaces__rosidl_typesupport_introspection_c.so
[1.625s] -- Up-to-date: /home/baguette/Documents/src/install/solution_interfaces/lib/libsolution_interfaces__rosidl_typesupport_c.so
[1.625s] -- Up-to-date: /home/baguette/Documents/src/install/solution_interfaces/lib/libsolution_interfaces__rosidl_typesupport_introspection_cpp.so
[1.625s] -- Up-to-date: /home/baguette/Documents/src/install/solution_interfaces/lib/libsolution_interfaces__rosidl_typesupport_cpp.so
[1.653s] Listing '/home/baguette/Documents/src/install/solution_interfaces/local/lib/python3.10/dist-packages/solution_interfaces'...
[1.653s] Listing '/home/baguette/Documents/src/install/solution_interfaces/local/lib/python3.10/dist-packages/solution_interfaces/msg'...
[1.655s] -- Up-to-date: /home/baguette/Documents/src/install/solution_interfaces/lib/libsolution_interfaces__rosidl_generator_py.so
[1.655s] -- Up-to-date: /home/baguette/Documents/src/install/solution_interfaces/share/solution_interfaces/cmake/export_solution_interfaces__rosidl_generator_cExport.cmake
[1.656s] -- Up-to-date: /home/baguette/Documents/src/install/solution_interfaces/share/solution_interfaces/cmake/export_solution_interfaces__rosidl_generator_cExport-noconfig.cmake
[1.656s] -- Up-to-date: /home/baguette/Documents/src/install/solution_interfaces/share/solution_interfaces/cmake/export_solution_interfaces__rosidl_typesupport_fastrtps_cExport.cmake
[1.656s] -- Up-to-date: /home/baguette/Documents/src/install/solution_interfaces/share/solution_interfaces/cmake/export_solution_interfaces__rosidl_typesupport_fastrtps_cExport-noconfig.cmake
[1.656s] -- Up-to-date: /home/baguette/Documents/src/install/solution_interfaces/share/solution_interfaces/cmake/export_solution_interfaces__rosidl_generator_cppExport.cmake
[1.656s] -- Up-to-date: /home/baguette/Documents/src/install/solution_interfaces/share/solution_interfaces/cmake/export_solution_interfaces__rosidl_typesupport_fastrtps_cppExport.cmake
[1.656s] -- Up-to-date: /home/baguette/Documents/src/install/solution_interfaces/share/solution_interfaces/cmake/export_solution_interfaces__rosidl_typesupport_fastrtps_cppExport-noconfig.cmake
[1.657s] -- Up-to-date: /home/baguette/Documents/src/install/solution_interfaces/share/solution_interfaces/cmake/solution_interfaces__rosidl_typesupport_introspection_cExport.cmake
[1.657s] -- Up-to-date: /home/baguette/Documents/src/install/solution_interfaces/share/solution_interfaces/cmake/solution_interfaces__rosidl_typesupport_introspection_cExport-noconfig.cmake
[1.657s] -- Up-to-date: /home/baguette/Documents/src/install/solution_interfaces/share/solution_interfaces/cmake/solution_interfaces__rosidl_typesupport_cExport.cmake
[1.657s] -- Up-to-date: /home/baguette/Documents/src/install/solution_interfaces/share/solution_interfaces/cmake/solution_interfaces__rosidl_typesupport_cExport-noconfig.cmake
[1.657s] -- Up-to-date: /home/baguette/Documents/src/install/solution_interfaces/share/solution_interfaces/cmake/solution_interfaces__rosidl_typesupport_introspection_cppExport.cmake
[1.658s] -- Up-to-date: /home/baguette/Documents/src/install/solution_interfaces/share/solution_interfaces/cmake/solution_interfaces__rosidl_typesupport_introspection_cppExport-noconfig.cmake
[1.658s] -- Up-to-date: /home/baguette/Documents/src/install/solution_interfaces/share/solution_interfaces/cmake/solution_interfaces__rosidl_typesupport_cppExport.cmake
[1.658s] -- Up-to-date: /home/baguette/Documents/src/install/solution_interfaces/share/solution_interfaces/cmake/solution_interfaces__rosidl_typesupport_cppExport-noconfig.cmake
[1.658s] -- Up-to-date: /home/baguette/Documents/src/install/solution_interfaces/share/solution_interfaces/cmake/export_solution_interfaces__rosidl_generator_pyExport.cmake
[1.658s] -- Up-to-date: /home/baguette/Documents/src/install/solution_interfaces/share/solution_interfaces/cmake/export_solution_interfaces__rosidl_generator_pyExport-noconfig.cmake
[1.715s] Invoked command in '/home/baguette/Documents/src/build/solution_interfaces' returned '0': CMAKE_PREFIX_PATH=${CMAKE_PREFIX_PATH}:/home/baguette/Documents/src/install/tf_transformations:/home/baguette/Documents/src/install/tf_relay:/home/baguette/Documents/src/install/solution:/home/baguette/Documents/src/install/assessment:/opt/ros/humble /usr/bin/cmake --install /home/baguette/Documents/src/build/solution_interfaces
