[3.281s] Invoking command in '/home/baguette/Documents/CS-AURO/build/week_4': PYTHONPATH=/home/baguette/Documents/CS-AURO/build/week_4/prefix_override:/home/baguette/Documents/CS-AURO/install/week_4/lib/python3.10/site-packages:${PYTHONPATH} /usr/bin/python3 setup.py develop --editable --build-directory /home/baguette/Documents/CS-AURO/build/week_4/build --no-deps install_data
[3.524s] running develop
[3.524s] /usr/lib/python3/dist-packages/setuptools/command/easy_install.py:158: EasyInstallDeprecationWarning: easy_install command is deprecated. Use build and pip and other standards-based tools.
[3.524s]   warnings.warn(
[3.525s] /usr/lib/python3/dist-packages/setuptools/command/install.py:34: SetuptoolsDeprecationWarning: setup.py install is deprecated. Use build and pip and other standards-based tools.
[3.525s]   warnings.warn(
[3.734s] running egg_info
[3.734s] writing week_4.egg-info/PKG-INFO
[3.734s] writing dependency_links to week_4.egg-info/dependency_links.txt
[3.734s] writing entry points to week_4.egg-info/entry_points.txt
[3.734s] writing requirements to week_4.egg-info/requires.txt
[3.734s] writing top-level names to week_4.egg-info/top_level.txt
[3.738s] reading manifest file 'week_4.egg-info/SOURCES.txt'
[3.738s] writing manifest file 'week_4.egg-info/SOURCES.txt'
[3.739s] running build_ext
[3.739s] Creating /home/baguette/Documents/CS-AURO/install/week_4/lib/python3.10/site-packages/week-4.egg-link (link to .)
[3.739s] Installing robot_controller script to /home/baguette/Documents/CS-AURO/install/week_4/lib/week_4
[3.739s] 
[3.739s] Installed /home/baguette/Documents/CS-AURO/build/week_4
[3.739s] running install_data
[3.897s] Invoked command in '/home/baguette/Documents/CS-AURO/build/week_4' returned '0': PYTHONPATH=/home/baguette/Documents/CS-AURO/build/week_4/prefix_override:/home/baguette/Documents/CS-AURO/install/week_4/lib/python3.10/site-packages:${PYTHONPATH} /usr/bin/python3 setup.py develop --editable --build-directory /home/baguette/Documents/CS-AURO/build/week_4/build --no-deps install_data
