running develop
running egg_info
writing week_3.egg-info/PKG-INFO
writing dependency_links to week_3.egg-info/dependency_links.txt
writing entry points to week_3.egg-info/entry_points.txt
writing requirements to week_3.egg-info/requires.txt
writing top-level names to week_3.egg-info/top_level.txt
reading manifest file 'week_3.egg-info/SOURCES.txt'
writing manifest file 'week_3.egg-info/SOURCES.txt'
running build_ext
Creating /home/baguette/Documents/CS-AURO/install/week_3/lib/python3.10/site-packages/week-3.egg-link (link to .)
Installing rviz_text_marker script to /home/baguette/Documents/CS-AURO/install/week_3/lib/week_3
Installing turtlebot3_fsm script to /home/baguette/Documents/CS-AURO/install/week_3/lib/week_3
Installing turtlebot3_random_walk script to /home/baguette/Documents/CS-AURO/install/week_3/lib/week_3

Installed /home/baguette/Documents/CS-AURO/build/week_3
running install_data
/usr/lib/python3/dist-packages/setuptools/command/easy_install.py:158: EasyInstallDeprecationWarning: easy_install command is deprecated. Use build and pip and other standards-based tools.
  warnings.warn(
/usr/lib/python3/dist-packages/setuptools/command/install.py:34: SetuptoolsDeprecationWarning: setup.py install is deprecated. Use build and pip and other standards-based tools.
  warnings.warn(
