[4.055s] Invoking command in '/home/baguette/Documents/CS-AURO/build/week_3': PYTHONPATH=/home/baguette/Documents/CS-AURO/build/week_3/prefix_override:/home/baguette/Documents/CS-AURO/install/week_3/lib/python3.10/site-packages:${PYTHONPATH} /usr/bin/python3 setup.py develop --editable --build-directory /home/baguette/Documents/CS-AURO/build/week_3/build --no-deps install_data
[4.813s] running develop
[4.814s] running egg_info
[4.814s] writing week_3.egg-info/PKG-INFO
[4.815s] writing dependency_links to week_3.egg-info/dependency_links.txt
[4.815s] writing entry points to week_3.egg-info/entry_points.txt
[4.815s] writing requirements to week_3.egg-info/requires.txt
[4.815s] writing top-level names to week_3.egg-info/top_level.txt
[4.816s] reading manifest file 'week_3.egg-info/SOURCES.txt'
[4.816s] writing manifest file 'week_3.egg-info/SOURCES.txt'
[4.816s] running build_ext
[4.816s] Creating /home/baguette/Documents/CS-AURO/install/week_3/lib/python3.10/site-packages/week-3.egg-link (link to .)
[4.816s] Installing rviz_text_marker script to /home/baguette/Documents/CS-AURO/install/week_3/lib/week_3
[4.816s] Installing turtlebot3_fsm script to /home/baguette/Documents/CS-AURO/install/week_3/lib/week_3
[4.816s] Installing turtlebot3_random_walk script to /home/baguette/Documents/CS-AURO/install/week_3/lib/week_3
[4.816s] 
[4.816s] Installed /home/baguette/Documents/CS-AURO/build/week_3
[4.816s] running install_data
[4.817s] /usr/lib/python3/dist-packages/setuptools/command/easy_install.py:158: EasyInstallDeprecationWarning: easy_install command is deprecated. Use build and pip and other standards-based tools.
[4.817s]   warnings.warn(
[4.817s] /usr/lib/python3/dist-packages/setuptools/command/install.py:34: SetuptoolsDeprecationWarning: setup.py install is deprecated. Use build and pip and other standards-based tools.
[4.817s]   warnings.warn(
[5.287s] Invoked command in '/home/baguette/Documents/CS-AURO/build/week_3' returned '0': PYTHONPATH=/home/baguette/Documents/CS-AURO/build/week_3/prefix_override:/home/baguette/Documents/CS-AURO/install/week_3/lib/python3.10/site-packages:${PYTHONPATH} /usr/bin/python3 setup.py develop --editable --build-directory /home/baguette/Documents/CS-AURO/build/week_3/build --no-deps install_data
