[4.354s] Invoking command in '/home/baguette/Documents/CS-AURO/build/tf_relay': PYTHONPATH=/home/baguette/Documents/CS-AURO/build/tf_relay/prefix_override:/home/baguette/Documents/CS-AURO/install/tf_relay/lib/python3.10/site-packages:${PYTHONPATH} /usr/bin/python3 setup.py develop --editable --build-directory /home/baguette/Documents/CS-AURO/build/tf_relay/build --no-deps install_data
[4.719s] running develop
[4.720s] /usr/lib/python3/dist-packages/setuptools/command/easy_install.py:158: EasyInstallDeprecationWarning: easy_install command is deprecated. Use build and pip and other standards-based tools.
[4.720s]   warnings.warn(
[4.721s] /usr/lib/python3/dist-packages/setuptools/command/install.py:34: SetuptoolsDeprecationWarning: setup.py install is deprecated. Use build and pip and other standards-based tools.
[4.722s]   warnings.warn(
[4.920s] running egg_info
[4.921s] writing tf_relay.egg-info/PKG-INFO
[4.921s] writing dependency_links to tf_relay.egg-info/dependency_links.txt
[4.921s] writing entry points to tf_relay.egg-info/entry_points.txt
[4.921s] writing requirements to tf_relay.egg-info/requires.txt
[4.922s] writing top-level names to tf_relay.egg-info/top_level.txt
[4.923s] reading manifest file 'tf_relay.egg-info/SOURCES.txt'
[4.924s] writing manifest file 'tf_relay.egg-info/SOURCES.txt'
[4.926s] running build_ext
[4.926s] Creating /home/baguette/Documents/CS-AURO/install/tf_relay/lib/python3.10/site-packages/tf-relay.egg-link (link to .)
[4.926s] Installing relay script to /home/baguette/Documents/CS-AURO/install/tf_relay/lib/tf_relay
[4.926s] 
[4.926s] Installed /home/baguette/Documents/CS-AURO/build/tf_relay
[4.926s] running install_data
[5.239s] Invoked command in '/home/baguette/Documents/CS-AURO/build/tf_relay' returned '0': PYTHONPATH=/home/baguette/Documents/CS-AURO/build/tf_relay/prefix_override:/home/baguette/Documents/CS-AURO/install/tf_relay/lib/python3.10/site-packages:${PYTHONPATH} /usr/bin/python3 setup.py develop --editable --build-directory /home/baguette/Documents/CS-AURO/build/tf_relay/build --no-deps install_data
