[3.904s] Invoking command in '/home/baguette/Documents/CS-AURO/build/week_7': PYTHONPATH=/home/baguette/Documents/CS-AURO/build/week_7/prefix_override:/home/baguette/Documents/CS-AURO/install/week_7/lib/python3.10/site-packages:${PYTHONPATH} /usr/bin/python3 setup.py develop --editable --build-directory /home/baguette/Documents/CS-AURO/build/week_7/build --no-deps install_data
[4.264s] running develop
[4.264s] /usr/lib/python3/dist-packages/setuptools/command/easy_install.py:158: EasyInstallDeprecationWarning: easy_install command is deprecated. Use build and pip and other standards-based tools.
[4.264s]   warnings.warn(
[4.267s] /usr/lib/python3/dist-packages/setuptools/command/install.py:34: SetuptoolsDeprecationWarning: setup.py install is deprecated. Use build and pip and other standards-based tools.
[4.267s]   warnings.warn(
[4.530s] running egg_info
[4.530s] writing week_7.egg-info/PKG-INFO
[4.530s] writing dependency_links to week_7.egg-info/dependency_links.txt
[4.530s] writing entry points to week_7.egg-info/entry_points.txt
[4.531s] writing requirements to week_7.egg-info/requires.txt
[4.531s] writing top-level names to week_7.egg-info/top_level.txt
[4.533s] reading manifest file 'week_7.egg-info/SOURCES.txt'
[4.534s] writing manifest file 'week_7.egg-info/SOURCES.txt'
[4.536s] running build_ext
[4.536s] Creating /home/baguette/Documents/CS-AURO/install/week_7/lib/python3.10/site-packages/week-7.egg-link (link to .)
[4.537s] 
[4.537s] Installed /home/baguette/Documents/CS-AURO/build/week_7
[4.537s] running install_data
[5.070s] Invoked command in '/home/baguette/Documents/CS-AURO/build/week_7' returned '0': PYTHONPATH=/home/baguette/Documents/CS-AURO/build/week_7/prefix_override:/home/baguette/Documents/CS-AURO/install/week_7/lib/python3.10/site-packages:${PYTHONPATH} /usr/bin/python3 setup.py develop --editable --build-directory /home/baguette/Documents/CS-AURO/build/week_7/build --no-deps install_data
