[0.616s] Invoking command in '/home/baguette/Documents/src/build/solution_interfaces': CMAKE_PREFIX_PATH=/opt/ros/humble /usr/bin/cmake /home/baguette/Documents/src/solution_interfaces -DAMENT_CMAKE_SYMLINK_INSTALL=1 -DCMAKE_INSTALL_PREFIX=/home/baguette/Documents/src/install/solution_interfaces
[0.663s] -- The C compiler identification is GNU 11.4.0
[0.708s] -- The CXX compiler identification is GNU 11.4.0
[0.715s] -- Detecting C compiler ABI info
[0.779s] -- Detecting C compiler ABI info - done
[0.784s] -- Check for working C compiler: /usr/bin/cc - skipped
[0.784s] -- Detecting C compile features
[0.784s] -- Detecting C compile features - done
[0.787s] -- Detecting CXX compiler ABI info
[0.862s] -- Detecting CXX compiler ABI info - done
[0.868s] -- Check for working CXX compiler: /usr/bin/c++ - skipped
[0.868s] -- Detecting CXX compile features
[0.869s] -- Detecting CXX compile features - done
[0.870s] -- Found ament_cmake: 1.3.6 (/opt/ros/humble/share/ament_cmake/cmake)
[1.004s] -- Found Python3: /usr/bin/python3.10 (found version "3.10.12") found components: Interpreter 
[1.051s] -- Override CMake install command with custom implementation using symlinks instead of copying resources
[1.077s] -- Found geometry_msgs: 4.2.3 (/opt/ros/humble/share/geometry_msgs/cmake)
[1.112s] -- Found rosidl_generator_c: 3.1.5 (/opt/ros/humble/share/rosidl_generator_c/cmake)
[1.116s] -- Found rosidl_adapter: 3.1.5 (/opt/ros/humble/share/rosidl_adapter/cmake)
[1.124s] -- Found rosidl_generator_cpp: 3.1.5 (/opt/ros/humble/share/rosidl_generator_cpp/cmake)
[1.135s] -- Using all available rosidl_typesupport_c: rosidl_typesupport_fastrtps_c;rosidl_typesupport_introspection_c
[1.151s] -- Using all available rosidl_typesupport_cpp: rosidl_typesupport_fastrtps_cpp;rosidl_typesupport_introspection_cpp
[1.240s] -- Found rosidl_default_generators: 1.2.0 (/opt/ros/humble/share/rosidl_default_generators/cmake)
[1.463s] -- Found ament_cmake_ros: 0.10.0 (/opt/ros/humble/share/ament_cmake_ros/cmake)
[1.873s] -- Using all available rosidl_typesupport_c: rosidl_typesupport_fastrtps_c;rosidl_typesupport_introspection_c
[2.039s] -- Using all available rosidl_typesupport_cpp: rosidl_typesupport_fastrtps_cpp;rosidl_typesupport_introspection_cpp
[2.058s] -- Found PythonInterp: /usr/bin/python3 (found suitable version "3.10.12", minimum required is "3.6") 
[2.059s] -- Found python_cmake_module: 0.10.0 (/opt/ros/humble/share/python_cmake_module/cmake)
[2.082s] -- Found PythonLibs: /usr/lib/x86_64-linux-gnu/libpython3.10.so (found suitable version "3.10.12", minimum required is "3.5") 
[2.082s] -- Using PYTHON_EXECUTABLE: /usr/bin/python3
[2.082s] -- Using PYTHON_INCLUDE_DIRS: /usr/include/python3.10
[2.082s] -- Using PYTHON_LIBRARIES: /usr/lib/x86_64-linux-gnu/libpython3.10.so
[2.107s] -- Found PythonExtra: .so  
[2.183s] -- Found ament_lint_auto: 0.12.9 (/opt/ros/humble/share/ament_lint_auto/cmake)
[2.211s] -- Added test 'lint_cmake' to check CMake code style
[2.217s] -- Added test 'xmllint' to check XML markup files
[2.228s] -- Configuring done
[2.276s] -- Generating done
[2.280s] -- Build files have been written to: /home/baguette/Documents/src/build/solution_interfaces
[2.304s] Invoked command in '/home/baguette/Documents/src/build/solution_interfaces' returned '0': CMAKE_PREFIX_PATH=/opt/ros/humble /usr/bin/cmake /home/baguette/Documents/src/solution_interfaces -DAMENT_CMAKE_SYMLINK_INSTALL=1 -DCMAKE_INSTALL_PREFIX=/home/baguette/Documents/src/install/solution_interfaces
[2.305s] Invoking command in '/home/baguette/Documents/src/build/solution_interfaces': CMAKE_PREFIX_PATH=/opt/ros/humble /usr/bin/cmake --build /home/baguette/Documents/src/build/solution_interfaces -- -j16 -l16
[2.461s] [  3%] [34m[1mGenerating C code for ROS interfaces[0m
[2.507s] [  6%] [34m[1mGenerating C++ code for ROS interfaces[0m
[2.538s] [  6%] Built target ament_cmake_python_symlink_solution_interfaces
[2.910s] [  6%] Built target solution_interfaces__cpp
[2.927s] [  9%] [34m[1mGenerating C++ type support for eProsima Fast-RTPS[0m
[2.955s] [ 12%] [34m[1mGenerating C++ type support dispatch for ROS interfaces[0m
[2.971s] [ 16%] [34m[1mGenerating C++ introspection for ROS interfaces[0m
[3.034s] [ 19%] [32mBuilding C object CMakeFiles/solution_interfaces__rosidl_generator_c.dir/rosidl_generator_c/solution_interfaces/msg/detail/example__functions.c.o[0m
[3.171s] running egg_info
[3.172s] creating solution_interfaces.egg-info
[3.173s] writing solution_interfaces.egg-info/PKG-INFO
[3.173s] writing dependency_links to solution_interfaces.egg-info/dependency_links.txt
[3.174s] writing top-level names to solution_interfaces.egg-info/top_level.txt
[3.174s] writing manifest file 'solution_interfaces.egg-info/SOURCES.txt'
[3.178s] reading manifest file 'solution_interfaces.egg-info/SOURCES.txt'
[3.179s] writing manifest file 'solution_interfaces.egg-info/SOURCES.txt'
[3.246s] [ 22%] [32m[1mLinking C shared library libsolution_interfaces__rosidl_generator_c.so[0m
[3.249s] [ 22%] Built target ament_cmake_python_build_solution_interfaces_egg
[3.380s] [ 22%] Built target solution_interfaces__rosidl_generator_c
[3.412s] [ 25%] [34m[1mGenerating C type support for eProsima Fast-RTPS[0m
[3.432s] [ 29%] [32mBuilding CXX object CMakeFiles/solution_interfaces__rosidl_typesupport_cpp.dir/rosidl_typesupport_cpp/solution_interfaces/msg/example__type_support.cpp.o[0m
[3.476s] [ 32%] [34m[1mGenerating C type support dispatch for ROS interfaces[0m
[3.476s] [ 35%] [34m[1mGenerating C introspection for ROS interfaces[0m
[3.504s] [ 38%] [32mBuilding CXX object CMakeFiles/solution_interfaces__rosidl_typesupport_introspection_cpp.dir/rosidl_typesupport_introspection_cpp/solution_interfaces/msg/detail/example__type_support.cpp.o[0m
[3.793s] [ 41%] [32mBuilding CXX object CMakeFiles/solution_interfaces__rosidl_typesupport_fastrtps_cpp.dir/rosidl_typesupport_fastrtps_cpp/solution_interfaces/msg/detail/dds_fastrtps/example__type_support.cpp.o[0m
[3.873s] [ 45%] [32mBuilding CXX object CMakeFiles/solution_interfaces__rosidl_typesupport_fastrtps_c.dir/rosidl_typesupport_fastrtps_c/solution_interfaces/msg/detail/example__type_support_c.cpp.o[0m
[3.966s] [ 48%] [32mBuilding C object CMakeFiles/solution_interfaces__rosidl_typesupport_introspection_c.dir/rosidl_typesupport_introspection_c/solution_interfaces/msg/detail/example__type_support.c.o[0m
[4.013s] [ 51%] [32m[1mLinking C shared library libsolution_interfaces__rosidl_typesupport_introspection_c.so[0m
[4.070s] [ 51%] Built target solution_interfaces__rosidl_typesupport_introspection_c
[4.119s] [ 54%] [32m[1mLinking CXX shared library libsolution_interfaces__rosidl_typesupport_introspection_cpp.so[0m
[4.149s] [ 58%] [32mBuilding CXX object CMakeFiles/solution_interfaces__rosidl_typesupport_c.dir/rosidl_typesupport_c/solution_interfaces/msg/example__type_support.cpp.o[0m
[4.152s] [ 61%] [32m[1mLinking CXX shared library libsolution_interfaces__rosidl_typesupport_cpp.so[0m
[4.220s] [ 64%] [32m[1mLinking CXX shared library libsolution_interfaces__rosidl_typesupport_c.so[0m
[4.223s] [ 64%] Built target solution_interfaces__rosidl_typesupport_cpp
[4.247s] [ 64%] Built target solution_interfaces__rosidl_typesupport_introspection_cpp
[4.275s] [ 64%] Built target solution_interfaces__rosidl_typesupport_c
[4.327s] [ 67%] [32m[1mLinking CXX shared library libsolution_interfaces__rosidl_typesupport_fastrtps_c.so[0m
[4.350s] [ 70%] [32m[1mLinking CXX shared library libsolution_interfaces__rosidl_typesupport_fastrtps_cpp.so[0m
[4.412s] [ 70%] Built target solution_interfaces__rosidl_typesupport_fastrtps_c
[4.429s] [ 70%] Built target solution_interfaces__rosidl_typesupport_fastrtps_cpp
[4.448s] [ 70%] Built target solution_interfaces
[4.468s] [ 74%] [34m[1mGenerating Python code for ROS interfaces[0m
[4.659s] [ 74%] Built target solution_interfaces__py
[4.682s] [ 77%] [32mBuilding C object CMakeFiles/solution_interfaces__rosidl_generator_py.dir/rosidl_generator_py/solution_interfaces/msg/_example_s.c.o[0m
[4.757s] [ 80%] [32m[1mLinking C shared library rosidl_generator_py/solution_interfaces/libsolution_interfaces__rosidl_generator_py.so[0m
[4.793s] [ 80%] Built target solution_interfaces__rosidl_generator_py
[4.813s] [ 90%] [32mBuilding C object CMakeFiles/solution_interfaces__rosidl_typesupport_c__pyext.dir/rosidl_generator_py/solution_interfaces/_solution_interfaces_s.ep.rosidl_typesupport_c.c.o[0m
[4.813s] [ 90%] [32mBuilding C object CMakeFiles/solution_interfaces__rosidl_typesupport_fastrtps_c__pyext.dir/rosidl_generator_py/solution_interfaces/_solution_interfaces_s.ep.rosidl_typesupport_fastrtps_c.c.o[0m
[4.813s] [ 90%] [32mBuilding C object CMakeFiles/solution_interfaces__rosidl_typesupport_introspection_c__pyext.dir/rosidl_generator_py/solution_interfaces/_solution_interfaces_s.ep.rosidl_typesupport_introspection_c.c.o[0m
[4.893s] [ 96%] [32m[1mLinking C shared library rosidl_generator_py/solution_interfaces/solution_interfaces_s__rosidl_typesupport_fastrtps_c.cpython-310-x86_64-linux-gnu.so[0m
[4.893s] [ 96%] [32m[1mLinking C shared library rosidl_generator_py/solution_interfaces/solution_interfaces_s__rosidl_typesupport_c.cpython-310-x86_64-linux-gnu.so[0m
[4.899s] [100%] [32m[1mLinking C shared library rosidl_generator_py/solution_interfaces/solution_interfaces_s__rosidl_typesupport_introspection_c.cpython-310-x86_64-linux-gnu.so[0m
[4.927s] [100%] Built target solution_interfaces__rosidl_typesupport_c__pyext
[4.929s] [100%] Built target solution_interfaces__rosidl_typesupport_fastrtps_c__pyext
[4.935s] [100%] Built target solution_interfaces__rosidl_typesupport_introspection_c__pyext
[4.946s] Invoked command in '/home/baguette/Documents/src/build/solution_interfaces' returned '0': CMAKE_PREFIX_PATH=/opt/ros/humble /usr/bin/cmake --build /home/baguette/Documents/src/build/solution_interfaces -- -j16 -l16
[5.019s] Invoking command in '/home/baguette/Documents/src/build/solution_interfaces': CMAKE_PREFIX_PATH=/opt/ros/humble /usr/bin/cmake --install /home/baguette/Documents/src/build/solution_interfaces
[5.027s] -- Install configuration: ""
[5.027s] -- Execute custom install script
[5.027s] -- Symlinking: /home/baguette/Documents/src/install/solution_interfaces/share/ament_index/resource_index/rosidl_interfaces/solution_interfaces
[5.037s] -- Symlinking: /home/baguette/Documents/src/install/solution_interfaces/include/solution_interfaces/solution_interfaces/msg/detail/example__functions.h
[5.049s] -- Symlinking: /home/baguette/Documents/src/install/solution_interfaces/include/solution_interfaces/solution_interfaces/msg/detail/example__struct.h
[5.057s] -- Symlinking: /home/baguette/Documents/src/install/solution_interfaces/include/solution_interfaces/solution_interfaces/msg/detail/example__type_support.h
[5.065s] -- Symlinking: /home/baguette/Documents/src/install/solution_interfaces/include/solution_interfaces/solution_interfaces/msg/example.h
[5.074s] -- Symlinking: /home/baguette/Documents/src/install/solution_interfaces/include/solution_interfaces/solution_interfaces/msg/rosidl_generator_c__visibility_control.h
[5.085s] -- Symlinking: /home/baguette/Documents/src/install/solution_interfaces/share/solution_interfaces/environment/library_path.sh
[5.094s] -- Symlinking: /home/baguette/Documents/src/install/solution_interfaces/share/solution_interfaces/environment/library_path.dsv
[5.103s] -- Symlinking: /home/baguette/Documents/src/install/solution_interfaces/include/solution_interfaces/solution_interfaces/msg/detail/example__rosidl_typesupport_fastrtps_c.h
[5.113s] -- Symlinking: /home/baguette/Documents/src/install/solution_interfaces/include/solution_interfaces/solution_interfaces/msg/rosidl_typesupport_fastrtps_c__visibility_control.h
[5.126s] -- Symlinking: /home/baguette/Documents/src/install/solution_interfaces/include/solution_interfaces/solution_interfaces/msg/detail/example__builder.hpp
[5.137s] -- Symlinking: /home/baguette/Documents/src/install/solution_interfaces/include/solution_interfaces/solution_interfaces/msg/detail/example__struct.hpp
[5.150s] -- Symlinking: /home/baguette/Documents/src/install/solution_interfaces/include/solution_interfaces/solution_interfaces/msg/detail/example__traits.hpp
[5.163s] -- Symlinking: /home/baguette/Documents/src/install/solution_interfaces/include/solution_interfaces/solution_interfaces/msg/example.hpp
[5.172s] -- Symlinking: /home/baguette/Documents/src/install/solution_interfaces/include/solution_interfaces/solution_interfaces/msg/detail/example__rosidl_typesupport_fastrtps_cpp.hpp
[5.182s] -- Symlinking: /home/baguette/Documents/src/install/solution_interfaces/include/solution_interfaces/solution_interfaces/msg/rosidl_typesupport_fastrtps_cpp__visibility_control.h
[5.189s] -- Symlinking: /home/baguette/Documents/src/install/solution_interfaces/include/solution_interfaces/solution_interfaces/msg/detail/example__rosidl_typesupport_introspection_c.h
[5.197s] -- Symlinking: /home/baguette/Documents/src/install/solution_interfaces/include/solution_interfaces/solution_interfaces/msg/rosidl_typesupport_introspection_c__visibility_control.h
[5.205s] -- Symlinking: /home/baguette/Documents/src/install/solution_interfaces/include/solution_interfaces/solution_interfaces/msg/detail/example__rosidl_typesupport_introspection_cpp.hpp
[5.213s] -- Symlinking: /home/baguette/Documents/src/install/solution_interfaces/share/solution_interfaces/environment/pythonpath.sh
[5.222s] -- Symlinking: /home/baguette/Documents/src/install/solution_interfaces/share/solution_interfaces/environment/pythonpath.dsv
[5.231s] -- Symlinking: /home/baguette/Documents/src/install/solution_interfaces/local/lib/python3.10/dist-packages/solution_interfaces-0.0.0-py3.10.egg-info/PKG-INFO
[5.240s] -- Symlinking: /home/baguette/Documents/src/install/solution_interfaces/local/lib/python3.10/dist-packages/solution_interfaces-0.0.0-py3.10.egg-info/SOURCES.txt
[5.249s] -- Symlinking: /home/baguette/Documents/src/install/solution_interfaces/local/lib/python3.10/dist-packages/solution_interfaces-0.0.0-py3.10.egg-info/dependency_links.txt
[5.257s] -- Symlinking: /home/baguette/Documents/src/install/solution_interfaces/local/lib/python3.10/dist-packages/solution_interfaces-0.0.0-py3.10.egg-info/top_level.txt
[5.267s] -- Symlinking: /home/baguette/Documents/src/install/solution_interfaces/local/lib/python3.10/dist-packages/solution_interfaces/__init__.py
[5.276s] -- Symlinking: /home/baguette/Documents/src/install/solution_interfaces/local/lib/python3.10/dist-packages/solution_interfaces/_solution_interfaces_s.ep.rosidl_typesupport_c.c
[5.285s] -- Symlinking: /home/baguette/Documents/src/install/solution_interfaces/local/lib/python3.10/dist-packages/solution_interfaces/_solution_interfaces_s.ep.rosidl_typesupport_fastrtps_c.c
[5.293s] -- Symlinking: /home/baguette/Documents/src/install/solution_interfaces/local/lib/python3.10/dist-packages/solution_interfaces/_solution_interfaces_s.ep.rosidl_typesupport_introspection_c.c
[5.302s] -- Symlinking: /home/baguette/Documents/src/install/solution_interfaces/local/lib/python3.10/dist-packages/solution_interfaces/libsolution_interfaces__rosidl_generator_py.so
[5.311s] -- Symlinking: /home/baguette/Documents/src/install/solution_interfaces/local/lib/python3.10/dist-packages/solution_interfaces/msg/__init__.py
[5.321s] -- Symlinking: /home/baguette/Documents/src/install/solution_interfaces/local/lib/python3.10/dist-packages/solution_interfaces/msg/_example.py
[5.328s] -- Symlinking: /home/baguette/Documents/src/install/solution_interfaces/local/lib/python3.10/dist-packages/solution_interfaces/msg/_example_s.c
[5.336s] -- Symlinking: /home/baguette/Documents/src/install/solution_interfaces/local/lib/python3.10/dist-packages/solution_interfaces/solution_interfaces_s__rosidl_typesupport_c.cpython-310-x86_64-linux-gnu.so
[5.344s] -- Symlinking: /home/baguette/Documents/src/install/solution_interfaces/local/lib/python3.10/dist-packages/solution_interfaces/solution_interfaces_s__rosidl_typesupport_fastrtps_c.cpython-310-x86_64-linux-gnu.so
[5.353s] -- Symlinking: /home/baguette/Documents/src/install/solution_interfaces/local/lib/python3.10/dist-packages/solution_interfaces/solution_interfaces_s__rosidl_typesupport_introspection_c.cpython-310-x86_64-linux-gnu.so
[5.364s] -- Up-to-date symlink: /home/baguette/Documents/src/install/solution_interfaces/local/lib/python3.10/dist-packages/solution_interfaces/solution_interfaces_s__rosidl_typesupport_fastrtps_c.cpython-310-x86_64-linux-gnu.so
[5.364s] -- Up-to-date symlink: /home/baguette/Documents/src/install/solution_interfaces/local/lib/python3.10/dist-packages/solution_interfaces/solution_interfaces_s__rosidl_typesupport_introspection_c.cpython-310-x86_64-linux-gnu.so
[5.364s] -- Up-to-date symlink: /home/baguette/Documents/src/install/solution_interfaces/local/lib/python3.10/dist-packages/solution_interfaces/solution_interfaces_s__rosidl_typesupport_c.cpython-310-x86_64-linux-gnu.so
[5.364s] -- Symlinking: /home/baguette/Documents/src/install/solution_interfaces/share/solution_interfaces/msg/Example.idl
[5.372s] -- Symlinking: /home/baguette/Documents/src/install/solution_interfaces/share/solution_interfaces/msg/Example.msg
[5.383s] -- Symlinking: /home/baguette/Documents/src/install/solution_interfaces/share/ament_index/resource_index/package_run_dependencies/solution_interfaces
[5.389s] -- Symlinking: /home/baguette/Documents/src/install/solution_interfaces/share/ament_index/resource_index/parent_prefix_path/solution_interfaces
[5.398s] -- Symlinking: /home/baguette/Documents/src/install/solution_interfaces/share/solution_interfaces/environment/ament_prefix_path.sh
[5.406s] -- Symlinking: /home/baguette/Documents/src/install/solution_interfaces/share/solution_interfaces/environment/ament_prefix_path.dsv
[5.417s] -- Symlinking: /home/baguette/Documents/src/install/solution_interfaces/share/solution_interfaces/environment/path.sh
[5.424s] -- Symlinking: /home/baguette/Documents/src/install/solution_interfaces/share/solution_interfaces/environment/path.dsv
[5.432s] -- Symlinking: /home/baguette/Documents/src/install/solution_interfaces/share/solution_interfaces/local_setup.bash
[5.440s] -- Symlinking: /home/baguette/Documents/src/install/solution_interfaces/share/solution_interfaces/local_setup.sh
[5.449s] -- Symlinking: /home/baguette/Documents/src/install/solution_interfaces/share/solution_interfaces/local_setup.zsh
[5.458s] -- Symlinking: /home/baguette/Documents/src/install/solution_interfaces/share/solution_interfaces/local_setup.dsv
[5.466s] -- Symlinking: /home/baguette/Documents/src/install/solution_interfaces/share/solution_interfaces/package.dsv
[5.475s] -- Symlinking: /home/baguette/Documents/src/install/solution_interfaces/share/ament_index/resource_index/packages/solution_interfaces
[5.484s] -- Symlinking: /home/baguette/Documents/src/install/solution_interfaces/share/solution_interfaces/cmake/rosidl_cmake-extras.cmake
[5.493s] -- Symlinking: /home/baguette/Documents/src/install/solution_interfaces/share/solution_interfaces/cmake/ament_cmake_export_dependencies-extras.cmake
[5.501s] -- Symlinking: /home/baguette/Documents/src/install/solution_interfaces/share/solution_interfaces/cmake/ament_cmake_export_include_directories-extras.cmake
[5.509s] -- Symlinking: /home/baguette/Documents/src/install/solution_interfaces/share/solution_interfaces/cmake/ament_cmake_export_libraries-extras.cmake
[5.518s] -- Symlinking: /home/baguette/Documents/src/install/solution_interfaces/share/solution_interfaces/cmake/ament_cmake_export_targets-extras.cmake
[5.527s] -- Symlinking: /home/baguette/Documents/src/install/solution_interfaces/share/solution_interfaces/cmake/rosidl_cmake_export_typesupport_targets-extras.cmake
[5.536s] -- Symlinking: /home/baguette/Documents/src/install/solution_interfaces/share/solution_interfaces/cmake/rosidl_cmake_export_typesupport_libraries-extras.cmake
[5.545s] -- Symlinking: /home/baguette/Documents/src/install/solution_interfaces/share/solution_interfaces/cmake/solution_interfacesConfig.cmake
[5.553s] -- Symlinking: /home/baguette/Documents/src/install/solution_interfaces/share/solution_interfaces/cmake/solution_interfacesConfig-version.cmake
[5.562s] -- Symlinking: /home/baguette/Documents/src/install/solution_interfaces/share/solution_interfaces/package.xml
[5.571s] -- Installing: /home/baguette/Documents/src/install/solution_interfaces/lib/libsolution_interfaces__rosidl_generator_c.so
[5.572s] -- Set runtime path of "/home/baguette/Documents/src/install/solution_interfaces/lib/libsolution_interfaces__rosidl_generator_c.so" to ""
[5.572s] -- Installing: /home/baguette/Documents/src/install/solution_interfaces/lib/libsolution_interfaces__rosidl_typesupport_fastrtps_c.so
[5.572s] -- Set runtime path of "/home/baguette/Documents/src/install/solution_interfaces/lib/libsolution_interfaces__rosidl_typesupport_fastrtps_c.so" to ""
[5.572s] -- Installing: /home/baguette/Documents/src/install/solution_interfaces/lib/libsolution_interfaces__rosidl_typesupport_fastrtps_cpp.so
[5.572s] -- Set runtime path of "/home/baguette/Documents/src/install/solution_interfaces/lib/libsolution_interfaces__rosidl_typesupport_fastrtps_cpp.so" to ""
[5.572s] -- Installing: /home/baguette/Documents/src/install/solution_interfaces/lib/libsolution_interfaces__rosidl_typesupport_introspection_c.so
[5.572s] -- Set runtime path of "/home/baguette/Documents/src/install/solution_interfaces/lib/libsolution_interfaces__rosidl_typesupport_introspection_c.so" to ""
[5.573s] -- Installing: /home/baguette/Documents/src/install/solution_interfaces/lib/libsolution_interfaces__rosidl_typesupport_c.so
[5.573s] -- Set runtime path of "/home/baguette/Documents/src/install/solution_interfaces/lib/libsolution_interfaces__rosidl_typesupport_c.so" to ""
[5.573s] -- Installing: /home/baguette/Documents/src/install/solution_interfaces/lib/libsolution_interfaces__rosidl_typesupport_introspection_cpp.so
[5.573s] -- Set runtime path of "/home/baguette/Documents/src/install/solution_interfaces/lib/libsolution_interfaces__rosidl_typesupport_introspection_cpp.so" to ""
[5.573s] -- Installing: /home/baguette/Documents/src/install/solution_interfaces/lib/libsolution_interfaces__rosidl_typesupport_cpp.so
[5.573s] -- Set runtime path of "/home/baguette/Documents/src/install/solution_interfaces/lib/libsolution_interfaces__rosidl_typesupport_cpp.so" to ""
[5.597s] Listing '/home/baguette/Documents/src/install/solution_interfaces/local/lib/python3.10/dist-packages/solution_interfaces'...
[5.597s] Compiling '/home/baguette/Documents/src/install/solution_interfaces/local/lib/python3.10/dist-packages/solution_interfaces/__init__.py'...
[5.597s] Listing '/home/baguette/Documents/src/install/solution_interfaces/local/lib/python3.10/dist-packages/solution_interfaces/msg'...
[5.597s] Compiling '/home/baguette/Documents/src/install/solution_interfaces/local/lib/python3.10/dist-packages/solution_interfaces/msg/__init__.py'...
[5.598s] Compiling '/home/baguette/Documents/src/install/solution_interfaces/local/lib/python3.10/dist-packages/solution_interfaces/msg/_example.py'...
[5.601s] -- Installing: /home/baguette/Documents/src/install/solution_interfaces/lib/libsolution_interfaces__rosidl_generator_py.so
[5.601s] -- Set runtime path of "/home/baguette/Documents/src/install/solution_interfaces/lib/libsolution_interfaces__rosidl_generator_py.so" to ""
[5.601s] -- Installing: /home/baguette/Documents/src/install/solution_interfaces/share/solution_interfaces/cmake/export_solution_interfaces__rosidl_generator_cExport.cmake
[5.601s] -- Installing: /home/baguette/Documents/src/install/solution_interfaces/share/solution_interfaces/cmake/export_solution_interfaces__rosidl_generator_cExport-noconfig.cmake
[5.601s] -- Installing: /home/baguette/Documents/src/install/solution_interfaces/share/solution_interfaces/cmake/export_solution_interfaces__rosidl_typesupport_fastrtps_cExport.cmake
[5.601s] -- Installing: /home/baguette/Documents/src/install/solution_interfaces/share/solution_interfaces/cmake/export_solution_interfaces__rosidl_typesupport_fastrtps_cExport-noconfig.cmake
[5.602s] -- Installing: /home/baguette/Documents/src/install/solution_interfaces/share/solution_interfaces/cmake/export_solution_interfaces__rosidl_generator_cppExport.cmake
[5.602s] -- Installing: /home/baguette/Documents/src/install/solution_interfaces/share/solution_interfaces/cmake/export_solution_interfaces__rosidl_typesupport_fastrtps_cppExport.cmake
[5.602s] -- Installing: /home/baguette/Documents/src/install/solution_interfaces/share/solution_interfaces/cmake/export_solution_interfaces__rosidl_typesupport_fastrtps_cppExport-noconfig.cmake
[5.602s] -- Installing: /home/baguette/Documents/src/install/solution_interfaces/share/solution_interfaces/cmake/solution_interfaces__rosidl_typesupport_introspection_cExport.cmake
[5.602s] -- Installing: /home/baguette/Documents/src/install/solution_interfaces/share/solution_interfaces/cmake/solution_interfaces__rosidl_typesupport_introspection_cExport-noconfig.cmake
[5.602s] -- Installing: /home/baguette/Documents/src/install/solution_interfaces/share/solution_interfaces/cmake/solution_interfaces__rosidl_typesupport_cExport.cmake
[5.602s] -- Installing: /home/baguette/Documents/src/install/solution_interfaces/share/solution_interfaces/cmake/solution_interfaces__rosidl_typesupport_cExport-noconfig.cmake
[5.603s] -- Installing: /home/baguette/Documents/src/install/solution_interfaces/share/solution_interfaces/cmake/solution_interfaces__rosidl_typesupport_introspection_cppExport.cmake
[5.603s] -- Installing: /home/baguette/Documents/src/install/solution_interfaces/share/solution_interfaces/cmake/solution_interfaces__rosidl_typesupport_introspection_cppExport-noconfig.cmake
[5.603s] -- Installing: /home/baguette/Documents/src/install/solution_interfaces/share/solution_interfaces/cmake/solution_interfaces__rosidl_typesupport_cppExport.cmake
[5.603s] -- Installing: /home/baguette/Documents/src/install/solution_interfaces/share/solution_interfaces/cmake/solution_interfaces__rosidl_typesupport_cppExport-noconfig.cmake
[5.603s] -- Installing: /home/baguette/Documents/src/install/solution_interfaces/share/solution_interfaces/cmake/export_solution_interfaces__rosidl_generator_pyExport.cmake
[5.603s] -- Installing: /home/baguette/Documents/src/install/solution_interfaces/share/solution_interfaces/cmake/export_solution_interfaces__rosidl_generator_pyExport-noconfig.cmake
[5.606s] Invoked command in '/home/baguette/Documents/src/build/solution_interfaces' returned '0': CMAKE_PREFIX_PATH=/opt/ros/humble /usr/bin/cmake --install /home/baguette/Documents/src/build/solution_interfaces
