[3.451s] Invoking command in '/home/baguette/Documents/CS-AURO/build/week_4': PYTHONPATH=/home/baguette/Documents/CS-AURO/build/week_4/prefix_override:/home/baguette/Documents/CS-AURO/install/week_4/lib/python3.10/site-packages:${PYTHONPATH} /usr/bin/python3 setup.py develop --editable --build-directory /home/baguette/Documents/CS-AURO/build/week_4/build --no-deps install_data
[3.789s] running develop
[3.790s] /usr/lib/python3/dist-packages/setuptools/command/easy_install.py:158: EasyInstallDeprecationWarning: easy_install command is deprecated. Use build and pip and other standards-based tools.
[3.790s]   warnings.warn(
[3.791s] /usr/lib/python3/dist-packages/setuptools/command/install.py:34: SetuptoolsDeprecationWarning: setup.py install is deprecated. Use build and pip and other standards-based tools.
[3.791s]   warnings.warn(
[4.043s] running egg_info
[4.043s] writing week_4.egg-info/PKG-INFO
[4.043s] writing dependency_links to week_4.egg-info/dependency_links.txt
[4.043s] writing entry points to week_4.egg-info/entry_points.txt
[4.043s] writing requirements to week_4.egg-info/requires.txt
[4.044s] writing top-level names to week_4.egg-info/top_level.txt
[4.045s] reading manifest file 'week_4.egg-info/SOURCES.txt'
[4.046s] writing manifest file 'week_4.egg-info/SOURCES.txt'
[4.047s] running build_ext
[4.047s] Creating /home/baguette/Documents/CS-AURO/install/week_4/lib/python3.10/site-packages/week-4.egg-link (link to .)
[4.048s] Installing robot_controller script to /home/baguette/Documents/CS-AURO/install/week_4/lib/week_4
[4.048s] 
[4.048s] Installed /home/baguette/Documents/CS-AURO/build/week_4
[4.048s] running install_data
[4.357s] Invoked command in '/home/baguette/Documents/CS-AURO/build/week_4' returned '0': PYTHONPATH=/home/baguette/Documents/CS-AURO/build/week_4/prefix_override:/home/baguette/Documents/CS-AURO/install/week_4/lib/python3.10/site-packages:${PYTHONPATH} /usr/bin/python3 setup.py develop --editable --build-directory /home/baguette/Documents/CS-AURO/build/week_4/build --no-deps install_data
