[0.148s] Invoking command in '/home/baguette/Documents/src/build/gazebo_plugins': CMAKE_PREFIX_PATH=/home/baguette/Documents/src/install/assessment_interfaces:/home/baguette/Documents/src/install/solution_interfaces:/home/baguette/Documents/src/install/gazebo_plugins:/home/baguette/Documents/src/install/auro_interfaces:/home/baguette/Documents/src/install/tf_transformations:/home/baguette/Documents/src/install/tf_relay:/home/baguette/Documents/src/install/solution:/home/baguette/Documents/src/install/assessment:/opt/ros/humble LD_LIBRARY_PATH=/home/baguette/Documents/src/install/assessment_interfaces/lib:/home/baguette/Documents/src/install/solution_interfaces/lib:/home/baguette/Documents/src/install/gazebo_plugins/lib:/home/baguette/Documents/src/install/auro_interfaces/lib:/opt/ros/humble/opt/rviz_ogre_vendor/lib:/opt/ros/humble/lib/x86_64-linux-gnu:/opt/ros/humble/lib:/usr/lib/x86_64-linux-gnu/gazebo-11/plugins:/usr/lib/x86_64-linux-gnu/gazebo-11/plugins /usr/bin/cmake --build /home/baguette/Documents/src/build/gazebo_plugins -- -j16 -l16
[0.214s] [100%] Built target gazebo_ros_diff_drive
[0.214s] [100%] Built target gazebo_ros_item_manager
[0.227s] Invoked command in '/home/baguette/Documents/src/build/gazebo_plugins' returned '0': CMAKE_PREFIX_PATH=/home/baguette/Documents/src/install/assessment_interfaces:/home/baguette/Documents/src/install/solution_interfaces:/home/baguette/Documents/src/install/gazebo_plugins:/home/baguette/Documents/src/install/auro_interfaces:/home/baguette/Documents/src/install/tf_transformations:/home/baguette/Documents/src/install/tf_relay:/home/baguette/Documents/src/install/solution:/home/baguette/Documents/src/install/assessment:/opt/ros/humble LD_LIBRARY_PATH=/home/baguette/Documents/src/install/assessment_interfaces/lib:/home/baguette/Documents/src/install/solution_interfaces/lib:/home/baguette/Documents/src/install/gazebo_plugins/lib:/home/baguette/Documents/src/install/auro_interfaces/lib:/opt/ros/humble/opt/rviz_ogre_vendor/lib:/opt/ros/humble/lib/x86_64-linux-gnu:/opt/ros/humble/lib:/usr/lib/x86_64-linux-gnu/gazebo-11/plugins:/usr/lib/x86_64-linux-gnu/gazebo-11/plugins /usr/bin/cmake --build /home/baguette/Documents/src/build/gazebo_plugins -- -j16 -l16
[0.258s] Invoking command in '/home/baguette/Documents/src/build/gazebo_plugins': CMAKE_PREFIX_PATH=/home/baguette/Documents/src/install/assessment_interfaces:/home/baguette/Documents/src/install/solution_interfaces:/home/baguette/Documents/src/install/gazebo_plugins:/home/baguette/Documents/src/install/auro_interfaces:/home/baguette/Documents/src/install/tf_transformations:/home/baguette/Documents/src/install/tf_relay:/home/baguette/Documents/src/install/solution:/home/baguette/Documents/src/install/assessment:/opt/ros/humble LD_LIBRARY_PATH=/home/baguette/Documents/src/install/assessment_interfaces/lib:/home/baguette/Documents/src/install/solution_interfaces/lib:/home/baguette/Documents/src/install/gazebo_plugins/lib:/home/baguette/Documents/src/install/auro_interfaces/lib:/opt/ros/humble/opt/rviz_ogre_vendor/lib:/opt/ros/humble/lib/x86_64-linux-gnu:/opt/ros/humble/lib:/usr/lib/x86_64-linux-gnu/gazebo-11/plugins:/usr/lib/x86_64-linux-gnu/gazebo-11/plugins /usr/bin/cmake --install /home/baguette/Documents/src/build/gazebo_plugins
[0.266s] -- Install configuration: ""
[0.266s] -- Execute custom install script
[0.266s] -- Up-to-date symlink: /home/baguette/Documents/src/install/gazebo_plugins/share/gazebo_plugins/environment/library_path.sh
[0.266s] -- Up-to-date symlink: /home/baguette/Documents/src/install/gazebo_plugins/share/gazebo_plugins/environment/library_path.dsv
[0.266s] -- Up-to-date symlink: /home/baguette/Documents/src/install/gazebo_plugins/share/gazebo_plugins/environment/gazebo_plugins.sh
[0.267s] -- Up-to-date symlink: /home/baguette/Documents/src/install/gazebo_plugins/share/gazebo_plugins/environment/gazebo_plugins.dsv
[0.267s] -- Up-to-date symlink: /home/baguette/Documents/src/install/gazebo_plugins/share/ament_index/resource_index/package_run_dependencies/gazebo_plugins
[0.267s] -- Up-to-date symlink: /home/baguette/Documents/src/install/gazebo_plugins/share/ament_index/resource_index/parent_prefix_path/gazebo_plugins
[0.267s] -- Up-to-date symlink: /home/baguette/Documents/src/install/gazebo_plugins/share/gazebo_plugins/environment/ament_prefix_path.sh
[0.267s] -- Up-to-date symlink: /home/baguette/Documents/src/install/gazebo_plugins/share/gazebo_plugins/environment/ament_prefix_path.dsv
[0.267s] -- Up-to-date symlink: /home/baguette/Documents/src/install/gazebo_plugins/share/gazebo_plugins/environment/path.sh
[0.267s] -- Up-to-date symlink: /home/baguette/Documents/src/install/gazebo_plugins/share/gazebo_plugins/environment/path.dsv
[0.267s] -- Up-to-date symlink: /home/baguette/Documents/src/install/gazebo_plugins/share/gazebo_plugins/local_setup.bash
[0.268s] -- Up-to-date symlink: /home/baguette/Documents/src/install/gazebo_plugins/share/gazebo_plugins/local_setup.sh
[0.268s] -- Up-to-date symlink: /home/baguette/Documents/src/install/gazebo_plugins/share/gazebo_plugins/local_setup.zsh
[0.268s] -- Up-to-date symlink: /home/baguette/Documents/src/install/gazebo_plugins/share/gazebo_plugins/local_setup.dsv
[0.268s] -- Symlinking: /home/baguette/Documents/src/install/gazebo_plugins/share/gazebo_plugins/package.dsv
[0.277s] -- Up-to-date symlink: /home/baguette/Documents/src/install/gazebo_plugins/share/ament_index/resource_index/packages/gazebo_plugins
[0.277s] -- Up-to-date symlink: /home/baguette/Documents/src/install/gazebo_plugins/share/gazebo_plugins/cmake/ament_cmake_export_libraries-extras.cmake
[0.277s] -- Up-to-date symlink: /home/baguette/Documents/src/install/gazebo_plugins/share/gazebo_plugins/cmake/ament_cmake_export_include_directories-extras.cmake
[0.278s] -- Up-to-date symlink: /home/baguette/Documents/src/install/gazebo_plugins/share/gazebo_plugins/cmake/ament_cmake_export_dependencies-extras.cmake
[0.278s] -- Up-to-date symlink: /home/baguette/Documents/src/install/gazebo_plugins/share/gazebo_plugins/cmake/gazebo_pluginsConfig.cmake
[0.278s] -- Up-to-date symlink: /home/baguette/Documents/src/install/gazebo_plugins/share/gazebo_plugins/cmake/gazebo_pluginsConfig-version.cmake
[0.278s] -- Up-to-date symlink: /home/baguette/Documents/src/install/gazebo_plugins/share/gazebo_plugins/package.xml
[0.278s] -- Up-to-date symlink: /home/baguette/Documents/src/install/gazebo_plugins/include/gazebo_plugins/gazebo_ros_diff_drive.hpp
[0.278s] -- Up-to-date symlink: /home/baguette/Documents/src/install/gazebo_plugins/include/gazebo_plugins/gazebo_ros_item_manager.hpp
[0.278s] -- Up-to-date symlink: /home/baguette/Documents/src/install/gazebo_plugins/lib/libgazebo_ros_diff_drive.so
[0.278s] -- Up-to-date symlink: /home/baguette/Documents/src/install/gazebo_plugins/lib/libgazebo_ros_item_manager.so
[0.279s] -- Up-to-date symlink: /home/baguette/Documents/src/install/gazebo_plugins/share/gazebo_plugins//worlds/gazebo_ros_diff_drive_demo.world
[0.281s] Invoked command in '/home/baguette/Documents/src/build/gazebo_plugins' returned '0': CMAKE_PREFIX_PATH=/home/baguette/Documents/src/install/assessment_interfaces:/home/baguette/Documents/src/install/solution_interfaces:/home/baguette/Documents/src/install/gazebo_plugins:/home/baguette/Documents/src/install/auro_interfaces:/home/baguette/Documents/src/install/tf_transformations:/home/baguette/Documents/src/install/tf_relay:/home/baguette/Documents/src/install/solution:/home/baguette/Documents/src/install/assessment:/opt/ros/humble LD_LIBRARY_PATH=/home/baguette/Documents/src/install/assessment_interfaces/lib:/home/baguette/Documents/src/install/solution_interfaces/lib:/home/baguette/Documents/src/install/gazebo_plugins/lib:/home/baguette/Documents/src/install/auro_interfaces/lib:/opt/ros/humble/opt/rviz_ogre_vendor/lib:/opt/ros/humble/lib/x86_64-linux-gnu:/opt/ros/humble/lib:/usr/lib/x86_64-linux-gnu/gazebo-11/plugins:/usr/lib/x86_64-linux-gnu/gazebo-11/plugins /usr/bin/cmake --install /home/baguette/Documents/src/build/gazebo_plugins
