[3.547s] Invoking command in '/home/baguette/Documents/CS-AURO/build/tf_relay': PYTHONPATH=/home/baguette/Documents/CS-AURO/build/tf_relay/prefix_override:/home/baguette/Documents/CS-AURO/install/tf_relay/lib/python3.10/site-packages:${PYTHONPATH} /usr/bin/python3 setup.py develop --editable --build-directory /home/baguette/Documents/CS-AURO/build/tf_relay/build --no-deps install_data
[3.766s] running develop
[3.766s] /usr/lib/python3/dist-packages/setuptools/command/easy_install.py:158: EasyInstallDeprecationWarning: easy_install command is deprecated. Use build and pip and other standards-based tools.
[3.766s]   warnings.warn(
[3.767s] /usr/lib/python3/dist-packages/setuptools/command/install.py:34: SetuptoolsDeprecationWarning: setup.py install is deprecated. Use build and pip and other standards-based tools.
[3.767s]   warnings.warn(
[3.936s] running egg_info
[3.937s] writing tf_relay.egg-info/PKG-INFO
[3.937s] writing dependency_links to tf_relay.egg-info/dependency_links.txt
[3.937s] writing entry points to tf_relay.egg-info/entry_points.txt
[3.937s] writing requirements to tf_relay.egg-info/requires.txt
[3.937s] writing top-level names to tf_relay.egg-info/top_level.txt
[3.939s] reading manifest file 'tf_relay.egg-info/SOURCES.txt'
[3.939s] writing manifest file 'tf_relay.egg-info/SOURCES.txt'
[3.940s] running build_ext
[3.941s] Creating /home/baguette/Documents/CS-AURO/install/tf_relay/lib/python3.10/site-packages/tf-relay.egg-link (link to .)
[3.941s] Installing relay script to /home/baguette/Documents/CS-AURO/install/tf_relay/lib/tf_relay
[3.941s] 
[3.942s] Installed /home/baguette/Documents/CS-AURO/build/tf_relay
[3.942s] running install_data
[4.040s] Invoked command in '/home/baguette/Documents/CS-AURO/build/tf_relay' returned '0': PYTHONPATH=/home/baguette/Documents/CS-AURO/build/tf_relay/prefix_override:/home/baguette/Documents/CS-AURO/install/tf_relay/lib/python3.10/site-packages:${PYTHONPATH} /usr/bin/python3 setup.py develop --editable --build-directory /home/baguette/Documents/CS-AURO/build/tf_relay/build --no-deps install_data
