[1.397s] Invoking command in '/home/baguette/Documents/src/build/tf_relay': PYTHONPATH=/home/baguette/Documents/src/build/tf_relay/prefix_override:/home/baguette/Documents/src/install/tf_relay/lib/python3.10/site-packages:${PYTHONPATH} /usr/bin/python3 setup.py develop --editable --build-directory /home/baguette/Documents/src/build/tf_relay/build --no-deps install_data
[1.629s] running develop
[1.629s] /usr/lib/python3/dist-packages/setuptools/command/easy_install.py:158: EasyInstallDeprecationWarning: easy_install command is deprecated. Use build and pip and other standards-based tools.
[1.629s]   warnings.warn(
[1.631s] /usr/lib/python3/dist-packages/setuptools/command/install.py:34: SetuptoolsDeprecationWarning: setup.py install is deprecated. Use build and pip and other standards-based tools.
[1.631s]   warnings.warn(
[1.794s] running egg_info
[1.795s] writing tf_relay.egg-info/PKG-INFO
[1.795s] writing dependency_links to tf_relay.egg-info/dependency_links.txt
[1.795s] writing entry points to tf_relay.egg-info/entry_points.txt
[1.796s] writing requirements to tf_relay.egg-info/requires.txt
[1.796s] writing top-level names to tf_relay.egg-info/top_level.txt
[1.797s] reading manifest file 'tf_relay.egg-info/SOURCES.txt'
[1.797s] writing manifest file 'tf_relay.egg-info/SOURCES.txt'
[1.798s] running build_ext
[1.798s] Creating /home/baguette/Documents/src/install/tf_relay/lib/python3.10/site-packages/tf-relay.egg-link (link to .)
[1.799s] Installing relay script to /home/baguette/Documents/src/install/tf_relay/lib/tf_relay
[1.799s] 
[1.800s] Installed /home/baguette/Documents/src/build/tf_relay
[1.800s] running install_data
[1.892s] Invoked command in '/home/baguette/Documents/src/build/tf_relay' returned '0': PYTHONPATH=/home/baguette/Documents/src/build/tf_relay/prefix_override:/home/baguette/Documents/src/install/tf_relay/lib/python3.10/site-packages:${PYTHONPATH} /usr/bin/python3 setup.py develop --editable --build-directory /home/baguette/Documents/src/build/tf_relay/build --no-deps install_data
