[4.449s] Invoking command in '/home/baguette/Documents/CS-AURO/build/solution': PYTHONPATH=/home/baguette/Documents/CS-AURO/build/solution/prefix_override:/home/baguette/Documents/CS-AURO/install/solution/lib/python3.10/site-packages:${PYTHONPATH} /usr/bin/python3 setup.py develop --editable --build-directory /home/baguette/Documents/CS-AURO/build/solution/build --no-deps install_data
[4.801s] running develop
[4.802s] /usr/lib/python3/dist-packages/setuptools/command/easy_install.py:158: EasyInstallDeprecationWarning: easy_install command is deprecated. Use build and pip and other standards-based tools.
[4.810s]   warnings.warn(
[4.810s] /usr/lib/python3/dist-packages/setuptools/command/install.py:34: SetuptoolsDeprecationWarning: setup.py install is deprecated. Use build and pip and other standards-based tools.
[4.811s]   warnings.warn(
[5.031s] running egg_info
[5.031s] writing solution.egg-info/PKG-INFO
[5.031s] writing dependency_links to solution.egg-info/dependency_links.txt
[5.031s] writing entry points to solution.egg-info/entry_points.txt
[5.031s] writing requirements to solution.egg-info/requires.txt
[5.031s] writing top-level names to solution.egg-info/top_level.txt
[5.032s] reading manifest file 'solution.egg-info/SOURCES.txt'
[5.032s] writing manifest file 'solution.egg-info/SOURCES.txt'
[5.033s] running build_ext
[5.033s] Creating /home/baguette/Documents/CS-AURO/install/solution/lib/python3.10/site-packages/solution.egg-link (link to .)
[5.034s] Installing data_logger script to /home/baguette/Documents/CS-AURO/install/solution/lib/solution
[5.034s] Installing robot_controller script to /home/baguette/Documents/CS-AURO/install/solution/lib/solution
[5.034s] 
[5.034s] Installed /home/baguette/Documents/CS-AURO/build/solution
[5.035s] running install_data
[5.244s] Invoked command in '/home/baguette/Documents/CS-AURO/build/solution' returned '0': PYTHONPATH=/home/baguette/Documents/CS-AURO/build/solution/prefix_override:/home/baguette/Documents/CS-AURO/install/solution/lib/python3.10/site-packages:${PYTHONPATH} /usr/bin/python3 setup.py develop --editable --build-directory /home/baguette/Documents/CS-AURO/build/solution/build --no-deps install_data
