[3.430s] Invoking command in '/home/baguette/Documents/CS-AURO/build/week_7': PYTHONPATH=/home/baguette/Documents/CS-AURO/build/week_7/prefix_override:/home/baguette/Documents/CS-AURO/install/week_7/lib/python3.10/site-packages:${PYTHONPATH} /usr/bin/python3 setup.py develop --editable --build-directory /home/baguette/Documents/CS-AURO/build/week_7/build --no-deps install_data
[3.719s] running develop
[3.719s] /usr/lib/python3/dist-packages/setuptools/command/easy_install.py:158: EasyInstallDeprecationWarning: easy_install command is deprecated. Use build and pip and other standards-based tools.
[3.720s]   warnings.warn(
[3.720s] /usr/lib/python3/dist-packages/setuptools/command/install.py:34: SetuptoolsDeprecationWarning: setup.py install is deprecated. Use build and pip and other standards-based tools.
[3.720s]   warnings.warn(
[3.841s] running egg_info
[3.841s] writing week_7.egg-info/PKG-INFO
[3.841s] writing dependency_links to week_7.egg-info/dependency_links.txt
[3.841s] writing entry points to week_7.egg-info/entry_points.txt
[3.841s] writing requirements to week_7.egg-info/requires.txt
[3.841s] writing top-level names to week_7.egg-info/top_level.txt
[3.843s] reading manifest file 'week_7.egg-info/SOURCES.txt'
[3.843s] writing manifest file 'week_7.egg-info/SOURCES.txt'
[3.845s] running build_ext
[3.845s] Creating /home/baguette/Documents/CS-AURO/install/week_7/lib/python3.10/site-packages/week-7.egg-link (link to .)
[3.846s] 
[3.846s] Installed /home/baguette/Documents/CS-AURO/build/week_7
[3.846s] running install_data
[4.159s] Invoked command in '/home/baguette/Documents/CS-AURO/build/week_7' returned '0': PYTHONPATH=/home/baguette/Documents/CS-AURO/build/week_7/prefix_override:/home/baguette/Documents/CS-AURO/install/week_7/lib/python3.10/site-packages:${PYTHONPATH} /usr/bin/python3 setup.py develop --editable --build-directory /home/baguette/Documents/CS-AURO/build/week_7/build --no-deps install_data
