[4.945s] Invoking command in '/home/baguette/Documents/CS-AURO/build/week_1': PYTHONPATH=/home/baguette/Documents/CS-AURO/build/week_1/prefix_override:/home/baguette/Documents/CS-AURO/install/week_1/lib/python3.10/site-packages:${PYTHONPATH} /usr/bin/python3 setup.py develop --editable --build-directory /home/baguette/Documents/CS-AURO/build/week_1/build --no-deps install_data
[5.323s] running develop
[5.324s] /usr/lib/python3/dist-packages/setuptools/command/easy_install.py:158: EasyInstallDeprecationWarning: easy_install command is deprecated. Use build and pip and other standards-based tools.
[5.324s]   warnings.warn(
[5.325s] /usr/lib/python3/dist-packages/setuptools/command/install.py:34: SetuptoolsDeprecationWarning: setup.py install is deprecated. Use build and pip and other standards-based tools.
[5.325s]   warnings.warn(
[5.599s] running egg_info
[5.599s] writing week_1.egg-info/PKG-INFO
[5.600s] writing dependency_links to week_1.egg-info/dependency_links.txt
[5.600s] writing entry points to week_1.egg-info/entry_points.txt
[5.600s] writing requirements to week_1.egg-info/requires.txt
[5.601s] writing top-level names to week_1.egg-info/top_level.txt
[5.602s] reading manifest file 'week_1.egg-info/SOURCES.txt'
[5.603s] writing manifest file 'week_1.egg-info/SOURCES.txt'
[5.604s] running build_ext
[5.605s] Creating /home/baguette/Documents/CS-AURO/install/week_1/lib/python3.10/site-packages/week-1.egg-link (link to .)
[5.605s] Installing turtle_controller script to /home/baguette/Documents/CS-AURO/install/week_1/lib/week_1
[5.606s] Installing turtle_listener script to /home/baguette/Documents/CS-AURO/install/week_1/lib/week_1
[5.606s] 
[5.606s] Installed /home/baguette/Documents/CS-AURO/build/week_1
[5.606s] running install_data
[6.302s] Invoked command in '/home/baguette/Documents/CS-AURO/build/week_1' returned '0': PYTHONPATH=/home/baguette/Documents/CS-AURO/build/week_1/prefix_override:/home/baguette/Documents/CS-AURO/install/week_1/lib/python3.10/site-packages:${PYTHONPATH} /usr/bin/python3 setup.py develop --editable --build-directory /home/baguette/Documents/CS-AURO/build/week_1/build --no-deps install_data
