[0.834s] Invoking command in '/home/baguette/Documents/CS-AURO/build/auro_interfaces': CMAKE_PREFIX_PATH=/opt/ros/humble /usr/bin/cmake /home/baguette/Documents/CS-AURO/auro_interfaces -DAMENT_CMAKE_SYMLINK_INSTALL=1 -DCMAKE_INSTALL_PREFIX=/home/baguette/Documents/CS-AURO/install/auro_interfaces
[3.065s] -- The C compiler identification is GNU 11.4.0
[3.065s] -- The CXX compiler identification is GNU 11.4.0
[3.065s] -- Detecting C compiler ABI info
[3.065s] -- Detecting C compiler ABI info - done
[3.065s] -- Check for working C compiler: /usr/bin/cc - skipped
[3.066s] -- Detecting C compile features
[3.066s] -- Detecting C compile features - done
[3.066s] -- Detecting CXX compiler ABI info
[3.066s] -- Detecting CXX compiler ABI info - done
[3.066s] -- Check for working CXX compiler: /usr/bin/c++ - skipped
[3.066s] -- Detecting CXX compile features
[3.066s] -- Detecting CXX compile features - done
[3.066s] -- Found ament_cmake: 1.3.6 (/opt/ros/humble/share/ament_cmake/cmake)
[3.066s] -- Found Python3: /usr/bin/python3.10 (found version "3.10.12") found components: Interpreter 
[3.066s] -- Override CMake install command with custom implementation using symlinks instead of copying resources
[3.066s] -- Found geometry_msgs: 4.2.3 (/opt/ros/humble/share/geometry_msgs/cmake)
[3.066s] -- Found rosidl_generator_c: 3.1.5 (/opt/ros/humble/share/rosidl_generator_c/cmake)
[3.066s] -- Found rosidl_adapter: 3.1.5 (/opt/ros/humble/share/rosidl_adapter/cmake)
[3.066s] -- Found rosidl_generator_cpp: 3.1.5 (/opt/ros/humble/share/rosidl_generator_cpp/cmake)
[3.066s] -- Using all available rosidl_typesupport_c: rosidl_typesupport_fastrtps_c;rosidl_typesupport_introspection_c
[3.066s] -- Using all available rosidl_typesupport_cpp: rosidl_typesupport_fastrtps_cpp;rosidl_typesupport_introspection_cpp
[3.066s] -- Found rosidl_default_generators: 1.2.0 (/opt/ros/humble/share/rosidl_default_generators/cmake)
[3.066s] -- Found ament_cmake_ros: 0.10.0 (/opt/ros/humble/share/ament_cmake_ros/cmake)
[3.066s] -- Using all available rosidl_typesupport_c: rosidl_typesupport_fastrtps_c;rosidl_typesupport_introspection_c
[3.066s] -- Using all available rosidl_typesupport_cpp: rosidl_typesupport_fastrtps_cpp;rosidl_typesupport_introspection_cpp
[3.066s] -- Found PythonInterp: /usr/bin/python3 (found suitable version "3.10.12", minimum required is "3.6") 
[3.066s] -- Found python_cmake_module: 0.10.0 (/opt/ros/humble/share/python_cmake_module/cmake)
[3.066s] -- Found PythonLibs: /usr/lib/x86_64-linux-gnu/libpython3.10.so (found suitable version "3.10.12", minimum required is "3.5") 
[3.066s] -- Using PYTHON_EXECUTABLE: /usr/bin/python3
[3.066s] -- Using PYTHON_INCLUDE_DIRS: /usr/include/python3.10
[3.066s] -- Using PYTHON_LIBRARIES: /usr/lib/x86_64-linux-gnu/libpython3.10.so
[3.066s] -- Found PythonExtra: .so  
[3.066s] -- Found ament_lint_auto: 0.12.9 (/opt/ros/humble/share/ament_lint_auto/cmake)
[3.067s] -- Added test 'lint_cmake' to check CMake code style
[3.067s] -- Added test 'xmllint' to check XML markup files
[3.067s] -- Configuring done
[3.067s] -- Generating done
[3.067s] -- Build files have been written to: /home/baguette/Documents/CS-AURO/build/auro_interfaces
[3.293s] Invoked command in '/home/baguette/Documents/CS-AURO/build/auro_interfaces' returned '0': CMAKE_PREFIX_PATH=/opt/ros/humble /usr/bin/cmake /home/baguette/Documents/CS-AURO/auro_interfaces -DAMENT_CMAKE_SYMLINK_INSTALL=1 -DCMAKE_INSTALL_PREFIX=/home/baguette/Documents/CS-AURO/install/auro_interfaces
[3.295s] Invoking command in '/home/baguette/Documents/CS-AURO/build/auro_interfaces': CMAKE_PREFIX_PATH=/opt/ros/humble /usr/bin/cmake --build /home/baguette/Documents/CS-AURO/build/auro_interfaces -- -j16 -l16
[3.394s] [  2%] [34m[1mGenerating C code for ROS interfaces[0m
[3.419s] [  4%] [34m[1mGenerating C++ code for ROS interfaces[0m
[3.489s] [  4%] Built target ament_cmake_python_symlink_auro_interfaces
[4.027s] [  4%] Built target auro_interfaces__cpp
[4.038s] [  6%] [32mBuilding C object CMakeFiles/auro_interfaces__rosidl_generator_c.dir/rosidl_generator_c/auro_interfaces/msg/detail/string_with_pose__functions.c.o[0m
[4.040s] running egg_info
[4.041s] creating auro_interfaces.egg-info
[4.041s] writing auro_interfaces.egg-info/PKG-INFO
[4.042s] writing dependency_links to auro_interfaces.egg-info/dependency_links.txt
[4.042s] writing top-level names to auro_interfaces.egg-info/top_level.txt
[4.042s] writing manifest file 'auro_interfaces.egg-info/SOURCES.txt'
[4.044s] [  8%] [34m[1mGenerating C++ type support for eProsima Fast-RTPS[0m
[4.044s] reading manifest file 'auro_interfaces.egg-info/SOURCES.txt'
[4.045s] writing manifest file 'auro_interfaces.egg-info/SOURCES.txt'
[4.086s] [ 10%] [32mBuilding C object CMakeFiles/auro_interfaces__rosidl_generator_c.dir/rosidl_generator_c/auro_interfaces/msg/detail/item__functions.c.o[0m
[4.086s] [ 12%] [34m[1mGenerating C++ type support dispatch for ROS interfaces[0m
[4.086s] [ 14%] [32mBuilding C object CMakeFiles/auro_interfaces__rosidl_generator_c.dir/rosidl_generator_c/auro_interfaces/msg/detail/item_list__functions.c.o[0m
[4.111s] [ 17%] [34m[1mGenerating C++ introspection for ROS interfaces[0m
[4.111s] [ 17%] Built target ament_cmake_python_build_auro_interfaces_egg
[4.214s] [ 19%] [32m[1mLinking C shared library libauro_interfaces__rosidl_generator_c.so[0m
[4.345s] [ 19%] Built target auro_interfaces__rosidl_generator_c
[4.424s] [ 21%] [34m[1mGenerating C type support for eProsima Fast-RTPS[0m
[4.424s] [ 23%] [34m[1mGenerating C introspection for ROS interfaces[0m
[4.430s] [ 25%] [34m[1mGenerating C type support dispatch for ROS interfaces[0m
[4.510s] [ 29%] [32mBuilding CXX object CMakeFiles/auro_interfaces__rosidl_typesupport_cpp.dir/rosidl_typesupport_cpp/auro_interfaces/msg/string_with_pose__type_support.cpp.o[0m
[4.511s] [ 29%] [32mBuilding CXX object CMakeFiles/auro_interfaces__rosidl_typesupport_cpp.dir/rosidl_typesupport_cpp/auro_interfaces/msg/item__type_support.cpp.o[0m
[4.532s] [ 31%] [32mBuilding CXX object CMakeFiles/auro_interfaces__rosidl_typesupport_cpp.dir/rosidl_typesupport_cpp/auro_interfaces/msg/item_list__type_support.cpp.o[0m
[4.711s] [ 34%] [32mBuilding CXX object CMakeFiles/auro_interfaces__rosidl_typesupport_introspection_cpp.dir/rosidl_typesupport_introspection_cpp/auro_interfaces/msg/detail/item__type_support.cpp.o[0m
[4.714s] [ 36%] [32mBuilding CXX object CMakeFiles/auro_interfaces__rosidl_typesupport_introspection_cpp.dir/rosidl_typesupport_introspection_cpp/auro_interfaces/msg/detail/string_with_pose__type_support.cpp.o[0m
[4.747s] [ 38%] [32mBuilding CXX object CMakeFiles/auro_interfaces__rosidl_typesupport_introspection_cpp.dir/rosidl_typesupport_introspection_cpp/auro_interfaces/msg/detail/item_list__type_support.cpp.o[0m
[4.954s] [ 40%] [32mBuilding CXX object CMakeFiles/auro_interfaces__rosidl_typesupport_fastrtps_cpp.dir/rosidl_typesupport_fastrtps_cpp/auro_interfaces/msg/detail/dds_fastrtps/item__type_support.cpp.o[0m
[4.954s] [ 42%] [32mBuilding CXX object CMakeFiles/auro_interfaces__rosidl_typesupport_fastrtps_cpp.dir/rosidl_typesupport_fastrtps_cpp/auro_interfaces/msg/detail/dds_fastrtps/string_with_pose__type_support.cpp.o[0m
[4.979s] [ 44%] [32mBuilding CXX object CMakeFiles/auro_interfaces__rosidl_typesupport_fastrtps_cpp.dir/rosidl_typesupport_fastrtps_cpp/auro_interfaces/msg/detail/dds_fastrtps/item_list__type_support.cpp.o[0m
[5.029s] [ 46%] [32mBuilding CXX object CMakeFiles/auro_interfaces__rosidl_typesupport_fastrtps_c.dir/rosidl_typesupport_fastrtps_c/auro_interfaces/msg/detail/string_with_pose__type_support_c.cpp.o[0m
[5.043s] [ 48%] [32mBuilding CXX object CMakeFiles/auro_interfaces__rosidl_typesupport_fastrtps_c.dir/rosidl_typesupport_fastrtps_c/auro_interfaces/msg/detail/item_list__type_support_c.cpp.o[0m
[5.057s] [ 51%] [32mBuilding CXX object CMakeFiles/auro_interfaces__rosidl_typesupport_fastrtps_c.dir/rosidl_typesupport_fastrtps_c/auro_interfaces/msg/detail/item__type_support_c.cpp.o[0m
[5.185s] [ 53%] [32mBuilding C object CMakeFiles/auro_interfaces__rosidl_typesupport_introspection_c.dir/rosidl_typesupport_introspection_c/auro_interfaces/msg/detail/string_with_pose__type_support.c.o[0m
[5.186s] [ 55%] [32m[1mLinking CXX shared library libauro_interfaces__rosidl_typesupport_cpp.so[0m
[5.189s] [ 57%] [32mBuilding C object CMakeFiles/auro_interfaces__rosidl_typesupport_introspection_c.dir/rosidl_typesupport_introspection_c/auro_interfaces/msg/detail/item__type_support.c.o[0m
[5.206s] [ 59%] [32mBuilding C object CMakeFiles/auro_interfaces__rosidl_typesupport_introspection_c.dir/rosidl_typesupport_introspection_c/auro_interfaces/msg/detail/item_list__type_support.c.o[0m
[5.211s] [ 61%] [32mBuilding CXX object CMakeFiles/auro_interfaces__rosidl_typesupport_c.dir/rosidl_typesupport_c/auro_interfaces/msg/string_with_pose__type_support.cpp.o[0m
[5.242s] [ 63%] [32mBuilding CXX object CMakeFiles/auro_interfaces__rosidl_typesupport_c.dir/rosidl_typesupport_c/auro_interfaces/msg/item__type_support.cpp.o[0m
[5.249s] [ 65%] [32mBuilding CXX object CMakeFiles/auro_interfaces__rosidl_typesupport_c.dir/rosidl_typesupport_c/auro_interfaces/msg/item_list__type_support.cpp.o[0m
[5.281s] [ 68%] [32m[1mLinking C shared library libauro_interfaces__rosidl_typesupport_introspection_c.so[0m
[5.303s] [ 68%] Built target auro_interfaces__rosidl_typesupport_cpp
[5.329s] [ 70%] [32m[1mLinking CXX shared library libauro_interfaces__rosidl_typesupport_c.so[0m
[5.410s] [ 70%] Built target auro_interfaces__rosidl_typesupport_introspection_c
[5.448s] [ 72%] [32m[1mLinking CXX shared library libauro_interfaces__rosidl_typesupport_introspection_cpp.so[0m
[5.456s] [ 72%] Built target auro_interfaces__rosidl_typesupport_c
[5.607s] [ 72%] Built target auro_interfaces__rosidl_typesupport_introspection_cpp
[5.620s] [ 74%] [32m[1mLinking CXX shared library libauro_interfaces__rosidl_typesupport_fastrtps_c.so[0m
[5.676s] [ 76%] [32m[1mLinking CXX shared library libauro_interfaces__rosidl_typesupport_fastrtps_cpp.so[0m
[5.889s] [ 76%] Built target auro_interfaces__rosidl_typesupport_fastrtps_c
[5.903s] [ 76%] Built target auro_interfaces__rosidl_typesupport_fastrtps_cpp
[5.993s] [ 76%] Built target auro_interfaces
[6.056s] [ 78%] [34m[1mGenerating Python code for ROS interfaces[0m
[6.599s] [ 78%] Built target auro_interfaces__py
[6.622s] [ 80%] [32mBuilding C object CMakeFiles/auro_interfaces__rosidl_generator_py.dir/rosidl_generator_py/auro_interfaces/msg/_string_with_pose_s.c.o[0m
[6.623s] [ 82%] [32mBuilding C object CMakeFiles/auro_interfaces__rosidl_generator_py.dir/rosidl_generator_py/auro_interfaces/msg/_item_list_s.c.o[0m
[6.624s] [ 85%] [32mBuilding C object CMakeFiles/auro_interfaces__rosidl_generator_py.dir/rosidl_generator_py/auro_interfaces/msg/_item_s.c.o[0m
[6.739s] [ 87%] [32m[1mLinking C shared library rosidl_generator_py/auro_interfaces/libauro_interfaces__rosidl_generator_py.so[0m
[6.778s] [ 87%] Built target auro_interfaces__rosidl_generator_py
[6.796s] [ 91%] [32mBuilding C object CMakeFiles/auro_interfaces__rosidl_typesupport_introspection_c__pyext.dir/rosidl_generator_py/auro_interfaces/_auro_interfaces_s.ep.rosidl_typesupport_introspection_c.c.o[0m
[6.796s] [ 91%] [32mBuilding C object CMakeFiles/auro_interfaces__rosidl_typesupport_fastrtps_c__pyext.dir/rosidl_generator_py/auro_interfaces/_auro_interfaces_s.ep.rosidl_typesupport_fastrtps_c.c.o[0m
[6.797s] [ 93%] [32mBuilding C object CMakeFiles/auro_interfaces__rosidl_typesupport_c__pyext.dir/rosidl_generator_py/auro_interfaces/_auro_interfaces_s.ep.rosidl_typesupport_c.c.o[0m
[6.878s] [100%] [32m[1mLinking C shared library rosidl_generator_py/auro_interfaces/auro_interfaces_s__rosidl_typesupport_fastrtps_c.cpython-310-x86_64-linux-gnu.so[0m
[6.878s] [100%] [32m[1mLinking C shared library rosidl_generator_py/auro_interfaces/auro_interfaces_s__rosidl_typesupport_c.cpython-310-x86_64-linux-gnu.so[0m
[6.879s] [100%] [32m[1mLinking C shared library rosidl_generator_py/auro_interfaces/auro_interfaces_s__rosidl_typesupport_introspection_c.cpython-310-x86_64-linux-gnu.so[0m
[6.913s] [100%] Built target auro_interfaces__rosidl_typesupport_c__pyext
[6.913s] [100%] Built target auro_interfaces__rosidl_typesupport_introspection_c__pyext
[6.913s] [100%] Built target auro_interfaces__rosidl_typesupport_fastrtps_c__pyext
[6.924s] Invoked command in '/home/baguette/Documents/CS-AURO/build/auro_interfaces' returned '0': CMAKE_PREFIX_PATH=/opt/ros/humble /usr/bin/cmake --build /home/baguette/Documents/CS-AURO/build/auro_interfaces -- -j16 -l16
[7.054s] Invoking command in '/home/baguette/Documents/CS-AURO/build/auro_interfaces': CMAKE_PREFIX_PATH=/opt/ros/humble /usr/bin/cmake --install /home/baguette/Documents/CS-AURO/build/auro_interfaces
[7.060s] -- Install configuration: ""
[7.061s] -- Execute custom install script
[7.061s] -- Symlinking: /home/baguette/Documents/CS-AURO/install/auro_interfaces/share/ament_index/resource_index/rosidl_interfaces/auro_interfaces
[7.069s] -- Symlinking: /home/baguette/Documents/CS-AURO/install/auro_interfaces/include/auro_interfaces/auro_interfaces/msg/detail/item__functions.h
[7.078s] -- Symlinking: /home/baguette/Documents/CS-AURO/install/auro_interfaces/include/auro_interfaces/auro_interfaces/msg/detail/item__struct.h
[7.086s] -- Symlinking: /home/baguette/Documents/CS-AURO/install/auro_interfaces/include/auro_interfaces/auro_interfaces/msg/detail/item__type_support.h
[7.095s] -- Symlinking: /home/baguette/Documents/CS-AURO/install/auro_interfaces/include/auro_interfaces/auro_interfaces/msg/detail/item_list__functions.h
[7.103s] -- Symlinking: /home/baguette/Documents/CS-AURO/install/auro_interfaces/include/auro_interfaces/auro_interfaces/msg/detail/item_list__struct.h
[7.111s] -- Symlinking: /home/baguette/Documents/CS-AURO/install/auro_interfaces/include/auro_interfaces/auro_interfaces/msg/detail/item_list__type_support.h
[7.119s] -- Symlinking: /home/baguette/Documents/CS-AURO/install/auro_interfaces/include/auro_interfaces/auro_interfaces/msg/detail/string_with_pose__functions.h
[7.128s] -- Symlinking: /home/baguette/Documents/CS-AURO/install/auro_interfaces/include/auro_interfaces/auro_interfaces/msg/detail/string_with_pose__struct.h
[7.137s] -- Symlinking: /home/baguette/Documents/CS-AURO/install/auro_interfaces/include/auro_interfaces/auro_interfaces/msg/detail/string_with_pose__type_support.h
[7.145s] -- Symlinking: /home/baguette/Documents/CS-AURO/install/auro_interfaces/include/auro_interfaces/auro_interfaces/msg/item.h
[7.153s] -- Symlinking: /home/baguette/Documents/CS-AURO/install/auro_interfaces/include/auro_interfaces/auro_interfaces/msg/item_list.h
[7.162s] -- Symlinking: /home/baguette/Documents/CS-AURO/install/auro_interfaces/include/auro_interfaces/auro_interfaces/msg/rosidl_generator_c__visibility_control.h
[7.170s] -- Symlinking: /home/baguette/Documents/CS-AURO/install/auro_interfaces/include/auro_interfaces/auro_interfaces/msg/string_with_pose.h
[7.179s] -- Symlinking: /home/baguette/Documents/CS-AURO/install/auro_interfaces/share/auro_interfaces/environment/library_path.sh
[7.188s] -- Symlinking: /home/baguette/Documents/CS-AURO/install/auro_interfaces/share/auro_interfaces/environment/library_path.dsv
[7.197s] -- Symlinking: /home/baguette/Documents/CS-AURO/install/auro_interfaces/include/auro_interfaces/auro_interfaces/msg/detail/item__rosidl_typesupport_fastrtps_c.h
[7.205s] -- Symlinking: /home/baguette/Documents/CS-AURO/install/auro_interfaces/include/auro_interfaces/auro_interfaces/msg/detail/item_list__rosidl_typesupport_fastrtps_c.h
[7.214s] -- Symlinking: /home/baguette/Documents/CS-AURO/install/auro_interfaces/include/auro_interfaces/auro_interfaces/msg/detail/string_with_pose__rosidl_typesupport_fastrtps_c.h
[7.222s] -- Symlinking: /home/baguette/Documents/CS-AURO/install/auro_interfaces/include/auro_interfaces/auro_interfaces/msg/rosidl_typesupport_fastrtps_c__visibility_control.h
[7.230s] -- Symlinking: /home/baguette/Documents/CS-AURO/install/auro_interfaces/include/auro_interfaces/auro_interfaces/msg/detail/item__builder.hpp
[7.238s] -- Symlinking: /home/baguette/Documents/CS-AURO/install/auro_interfaces/include/auro_interfaces/auro_interfaces/msg/detail/item__struct.hpp
[7.247s] -- Symlinking: /home/baguette/Documents/CS-AURO/install/auro_interfaces/include/auro_interfaces/auro_interfaces/msg/detail/item__traits.hpp
[7.255s] -- Symlinking: /home/baguette/Documents/CS-AURO/install/auro_interfaces/include/auro_interfaces/auro_interfaces/msg/detail/item_list__builder.hpp
[7.263s] -- Symlinking: /home/baguette/Documents/CS-AURO/install/auro_interfaces/include/auro_interfaces/auro_interfaces/msg/detail/item_list__struct.hpp
[7.273s] -- Symlinking: /home/baguette/Documents/CS-AURO/install/auro_interfaces/include/auro_interfaces/auro_interfaces/msg/detail/item_list__traits.hpp
[7.281s] -- Symlinking: /home/baguette/Documents/CS-AURO/install/auro_interfaces/include/auro_interfaces/auro_interfaces/msg/detail/string_with_pose__builder.hpp
[7.290s] -- Symlinking: /home/baguette/Documents/CS-AURO/install/auro_interfaces/include/auro_interfaces/auro_interfaces/msg/detail/string_with_pose__struct.hpp
[7.298s] -- Symlinking: /home/baguette/Documents/CS-AURO/install/auro_interfaces/include/auro_interfaces/auro_interfaces/msg/detail/string_with_pose__traits.hpp
[7.306s] -- Symlinking: /home/baguette/Documents/CS-AURO/install/auro_interfaces/include/auro_interfaces/auro_interfaces/msg/item.hpp
[7.315s] -- Symlinking: /home/baguette/Documents/CS-AURO/install/auro_interfaces/include/auro_interfaces/auro_interfaces/msg/item_list.hpp
[7.323s] -- Symlinking: /home/baguette/Documents/CS-AURO/install/auro_interfaces/include/auro_interfaces/auro_interfaces/msg/string_with_pose.hpp
[7.332s] -- Symlinking: /home/baguette/Documents/CS-AURO/install/auro_interfaces/include/auro_interfaces/auro_interfaces/msg/detail/item__rosidl_typesupport_fastrtps_cpp.hpp
[7.342s] -- Symlinking: /home/baguette/Documents/CS-AURO/install/auro_interfaces/include/auro_interfaces/auro_interfaces/msg/detail/item_list__rosidl_typesupport_fastrtps_cpp.hpp
[7.350s] -- Symlinking: /home/baguette/Documents/CS-AURO/install/auro_interfaces/include/auro_interfaces/auro_interfaces/msg/detail/string_with_pose__rosidl_typesupport_fastrtps_cpp.hpp
[7.360s] -- Symlinking: /home/baguette/Documents/CS-AURO/install/auro_interfaces/include/auro_interfaces/auro_interfaces/msg/rosidl_typesupport_fastrtps_cpp__visibility_control.h
[7.369s] -- Symlinking: /home/baguette/Documents/CS-AURO/install/auro_interfaces/include/auro_interfaces/auro_interfaces/msg/detail/item__rosidl_typesupport_introspection_c.h
[7.377s] -- Symlinking: /home/baguette/Documents/CS-AURO/install/auro_interfaces/include/auro_interfaces/auro_interfaces/msg/detail/item_list__rosidl_typesupport_introspection_c.h
[7.385s] -- Symlinking: /home/baguette/Documents/CS-AURO/install/auro_interfaces/include/auro_interfaces/auro_interfaces/msg/detail/string_with_pose__rosidl_typesupport_introspection_c.h
[7.394s] -- Symlinking: /home/baguette/Documents/CS-AURO/install/auro_interfaces/include/auro_interfaces/auro_interfaces/msg/rosidl_typesupport_introspection_c__visibility_control.h
[7.402s] -- Symlinking: /home/baguette/Documents/CS-AURO/install/auro_interfaces/include/auro_interfaces/auro_interfaces/msg/detail/item__rosidl_typesupport_introspection_cpp.hpp
[7.410s] -- Symlinking: /home/baguette/Documents/CS-AURO/install/auro_interfaces/include/auro_interfaces/auro_interfaces/msg/detail/item_list__rosidl_typesupport_introspection_cpp.hpp
[7.419s] -- Symlinking: /home/baguette/Documents/CS-AURO/install/auro_interfaces/include/auro_interfaces/auro_interfaces/msg/detail/string_with_pose__rosidl_typesupport_introspection_cpp.hpp
[7.427s] -- Symlinking: /home/baguette/Documents/CS-AURO/install/auro_interfaces/share/auro_interfaces/environment/pythonpath.sh
[7.435s] -- Symlinking: /home/baguette/Documents/CS-AURO/install/auro_interfaces/share/auro_interfaces/environment/pythonpath.dsv
[7.445s] -- Symlinking: /home/baguette/Documents/CS-AURO/install/auro_interfaces/local/lib/python3.10/dist-packages/auro_interfaces-0.0.0-py3.10.egg-info/PKG-INFO
[7.454s] -- Symlinking: /home/baguette/Documents/CS-AURO/install/auro_interfaces/local/lib/python3.10/dist-packages/auro_interfaces-0.0.0-py3.10.egg-info/SOURCES.txt
[7.468s] -- Symlinking: /home/baguette/Documents/CS-AURO/install/auro_interfaces/local/lib/python3.10/dist-packages/auro_interfaces-0.0.0-py3.10.egg-info/dependency_links.txt
[7.477s] -- Symlinking: /home/baguette/Documents/CS-AURO/install/auro_interfaces/local/lib/python3.10/dist-packages/auro_interfaces-0.0.0-py3.10.egg-info/top_level.txt
[7.486s] -- Symlinking: /home/baguette/Documents/CS-AURO/install/auro_interfaces/local/lib/python3.10/dist-packages/auro_interfaces/__init__.py
[7.495s] -- Symlinking: /home/baguette/Documents/CS-AURO/install/auro_interfaces/local/lib/python3.10/dist-packages/auro_interfaces/_auro_interfaces_s.ep.rosidl_typesupport_c.c
[7.504s] -- Symlinking: /home/baguette/Documents/CS-AURO/install/auro_interfaces/local/lib/python3.10/dist-packages/auro_interfaces/_auro_interfaces_s.ep.rosidl_typesupport_fastrtps_c.c
[7.513s] -- Symlinking: /home/baguette/Documents/CS-AURO/install/auro_interfaces/local/lib/python3.10/dist-packages/auro_interfaces/_auro_interfaces_s.ep.rosidl_typesupport_introspection_c.c
[7.522s] -- Symlinking: /home/baguette/Documents/CS-AURO/install/auro_interfaces/local/lib/python3.10/dist-packages/auro_interfaces/auro_interfaces_s__rosidl_typesupport_c.cpython-310-x86_64-linux-gnu.so
[7.531s] -- Symlinking: /home/baguette/Documents/CS-AURO/install/auro_interfaces/local/lib/python3.10/dist-packages/auro_interfaces/auro_interfaces_s__rosidl_typesupport_fastrtps_c.cpython-310-x86_64-linux-gnu.so
[7.540s] -- Symlinking: /home/baguette/Documents/CS-AURO/install/auro_interfaces/local/lib/python3.10/dist-packages/auro_interfaces/auro_interfaces_s__rosidl_typesupport_introspection_c.cpython-310-x86_64-linux-gnu.so
[7.550s] -- Symlinking: /home/baguette/Documents/CS-AURO/install/auro_interfaces/local/lib/python3.10/dist-packages/auro_interfaces/libauro_interfaces__rosidl_generator_py.so
[7.560s] -- Symlinking: /home/baguette/Documents/CS-AURO/install/auro_interfaces/local/lib/python3.10/dist-packages/auro_interfaces/msg/__init__.py
[7.569s] -- Symlinking: /home/baguette/Documents/CS-AURO/install/auro_interfaces/local/lib/python3.10/dist-packages/auro_interfaces/msg/_item.py
[7.579s] -- Symlinking: /home/baguette/Documents/CS-AURO/install/auro_interfaces/local/lib/python3.10/dist-packages/auro_interfaces/msg/_item_list.py
[7.588s] -- Symlinking: /home/baguette/Documents/CS-AURO/install/auro_interfaces/local/lib/python3.10/dist-packages/auro_interfaces/msg/_item_list_s.c
[7.597s] -- Symlinking: /home/baguette/Documents/CS-AURO/install/auro_interfaces/local/lib/python3.10/dist-packages/auro_interfaces/msg/_item_s.c
[7.606s] -- Symlinking: /home/baguette/Documents/CS-AURO/install/auro_interfaces/local/lib/python3.10/dist-packages/auro_interfaces/msg/_string_with_pose.py
[7.614s] -- Symlinking: /home/baguette/Documents/CS-AURO/install/auro_interfaces/local/lib/python3.10/dist-packages/auro_interfaces/msg/_string_with_pose_s.c
[7.622s] -- Up-to-date symlink: /home/baguette/Documents/CS-AURO/install/auro_interfaces/local/lib/python3.10/dist-packages/auro_interfaces/auro_interfaces_s__rosidl_typesupport_fastrtps_c.cpython-310-x86_64-linux-gnu.so
[7.623s] -- Up-to-date symlink: /home/baguette/Documents/CS-AURO/install/auro_interfaces/local/lib/python3.10/dist-packages/auro_interfaces/auro_interfaces_s__rosidl_typesupport_introspection_c.cpython-310-x86_64-linux-gnu.so
[7.623s] -- Up-to-date symlink: /home/baguette/Documents/CS-AURO/install/auro_interfaces/local/lib/python3.10/dist-packages/auro_interfaces/auro_interfaces_s__rosidl_typesupport_c.cpython-310-x86_64-linux-gnu.so
[7.623s] -- Symlinking: /home/baguette/Documents/CS-AURO/install/auro_interfaces/share/auro_interfaces/msg/StringWithPose.idl
[7.632s] -- Symlinking: /home/baguette/Documents/CS-AURO/install/auro_interfaces/share/auro_interfaces/msg/Item.idl
[7.641s] -- Symlinking: /home/baguette/Documents/CS-AURO/install/auro_interfaces/share/auro_interfaces/msg/ItemList.idl
[7.649s] -- Symlinking: /home/baguette/Documents/CS-AURO/install/auro_interfaces/share/auro_interfaces/msg/StringWithPose.msg
[7.657s] -- Symlinking: /home/baguette/Documents/CS-AURO/install/auro_interfaces/share/auro_interfaces/msg/Item.msg
[7.665s] -- Symlinking: /home/baguette/Documents/CS-AURO/install/auro_interfaces/share/auro_interfaces/msg/ItemList.msg
[7.673s] -- Symlinking: /home/baguette/Documents/CS-AURO/install/auro_interfaces/share/ament_index/resource_index/package_run_dependencies/auro_interfaces
[7.682s] -- Symlinking: /home/baguette/Documents/CS-AURO/install/auro_interfaces/share/ament_index/resource_index/parent_prefix_path/auro_interfaces
[7.692s] -- Symlinking: /home/baguette/Documents/CS-AURO/install/auro_interfaces/share/auro_interfaces/environment/ament_prefix_path.sh
[7.701s] -- Symlinking: /home/baguette/Documents/CS-AURO/install/auro_interfaces/share/auro_interfaces/environment/ament_prefix_path.dsv
[7.711s] -- Symlinking: /home/baguette/Documents/CS-AURO/install/auro_interfaces/share/auro_interfaces/environment/path.sh
[7.722s] -- Symlinking: /home/baguette/Documents/CS-AURO/install/auro_interfaces/share/auro_interfaces/environment/path.dsv
[7.730s] -- Symlinking: /home/baguette/Documents/CS-AURO/install/auro_interfaces/share/auro_interfaces/local_setup.bash
[7.739s] -- Symlinking: /home/baguette/Documents/CS-AURO/install/auro_interfaces/share/auro_interfaces/local_setup.sh
[7.747s] -- Symlinking: /home/baguette/Documents/CS-AURO/install/auro_interfaces/share/auro_interfaces/local_setup.zsh
[7.756s] -- Symlinking: /home/baguette/Documents/CS-AURO/install/auro_interfaces/share/auro_interfaces/local_setup.dsv
[7.765s] -- Symlinking: /home/baguette/Documents/CS-AURO/install/auro_interfaces/share/auro_interfaces/package.dsv
[7.774s] -- Symlinking: /home/baguette/Documents/CS-AURO/install/auro_interfaces/share/ament_index/resource_index/packages/auro_interfaces
[7.782s] -- Symlinking: /home/baguette/Documents/CS-AURO/install/auro_interfaces/share/auro_interfaces/cmake/rosidl_cmake-extras.cmake
[7.791s] -- Symlinking: /home/baguette/Documents/CS-AURO/install/auro_interfaces/share/auro_interfaces/cmake/ament_cmake_export_dependencies-extras.cmake
[7.798s] -- Symlinking: /home/baguette/Documents/CS-AURO/install/auro_interfaces/share/auro_interfaces/cmake/ament_cmake_export_include_directories-extras.cmake
[7.807s] -- Symlinking: /home/baguette/Documents/CS-AURO/install/auro_interfaces/share/auro_interfaces/cmake/ament_cmake_export_libraries-extras.cmake
[7.814s] -- Symlinking: /home/baguette/Documents/CS-AURO/install/auro_interfaces/share/auro_interfaces/cmake/ament_cmake_export_targets-extras.cmake
[7.823s] -- Symlinking: /home/baguette/Documents/CS-AURO/install/auro_interfaces/share/auro_interfaces/cmake/rosidl_cmake_export_typesupport_targets-extras.cmake
[7.831s] -- Symlinking: /home/baguette/Documents/CS-AURO/install/auro_interfaces/share/auro_interfaces/cmake/rosidl_cmake_export_typesupport_libraries-extras.cmake
[7.840s] -- Symlinking: /home/baguette/Documents/CS-AURO/install/auro_interfaces/share/auro_interfaces/cmake/auro_interfacesConfig.cmake
[7.848s] -- Symlinking: /home/baguette/Documents/CS-AURO/install/auro_interfaces/share/auro_interfaces/cmake/auro_interfacesConfig-version.cmake
[7.856s] -- Symlinking: /home/baguette/Documents/CS-AURO/install/auro_interfaces/share/auro_interfaces/package.xml
[7.865s] -- Installing: /home/baguette/Documents/CS-AURO/install/auro_interfaces/lib/libauro_interfaces__rosidl_generator_c.so
[7.866s] -- Set runtime path of "/home/baguette/Documents/CS-AURO/install/auro_interfaces/lib/libauro_interfaces__rosidl_generator_c.so" to ""
[7.866s] -- Installing: /home/baguette/Documents/CS-AURO/install/auro_interfaces/lib/libauro_interfaces__rosidl_typesupport_fastrtps_c.so
[7.866s] -- Set runtime path of "/home/baguette/Documents/CS-AURO/install/auro_interfaces/lib/libauro_interfaces__rosidl_typesupport_fastrtps_c.so" to ""
[7.866s] -- Installing: /home/baguette/Documents/CS-AURO/install/auro_interfaces/lib/libauro_interfaces__rosidl_typesupport_fastrtps_cpp.so
[7.867s] -- Set runtime path of "/home/baguette/Documents/CS-AURO/install/auro_interfaces/lib/libauro_interfaces__rosidl_typesupport_fastrtps_cpp.so" to ""
[7.867s] -- Installing: /home/baguette/Documents/CS-AURO/install/auro_interfaces/lib/libauro_interfaces__rosidl_typesupport_introspection_c.so
[7.867s] -- Set runtime path of "/home/baguette/Documents/CS-AURO/install/auro_interfaces/lib/libauro_interfaces__rosidl_typesupport_introspection_c.so" to ""
[7.867s] -- Installing: /home/baguette/Documents/CS-AURO/install/auro_interfaces/lib/libauro_interfaces__rosidl_typesupport_c.so
[7.867s] -- Set runtime path of "/home/baguette/Documents/CS-AURO/install/auro_interfaces/lib/libauro_interfaces__rosidl_typesupport_c.so" to ""
[7.867s] -- Installing: /home/baguette/Documents/CS-AURO/install/auro_interfaces/lib/libauro_interfaces__rosidl_typesupport_introspection_cpp.so
[7.868s] -- Set runtime path of "/home/baguette/Documents/CS-AURO/install/auro_interfaces/lib/libauro_interfaces__rosidl_typesupport_introspection_cpp.so" to ""
[7.868s] -- Installing: /home/baguette/Documents/CS-AURO/install/auro_interfaces/lib/libauro_interfaces__rosidl_typesupport_cpp.so
[7.868s] -- Set runtime path of "/home/baguette/Documents/CS-AURO/install/auro_interfaces/lib/libauro_interfaces__rosidl_typesupport_cpp.so" to ""
[7.892s] Listing '/home/baguette/Documents/CS-AURO/install/auro_interfaces/local/lib/python3.10/dist-packages/auro_interfaces'...
[7.892s] Compiling '/home/baguette/Documents/CS-AURO/install/auro_interfaces/local/lib/python3.10/dist-packages/auro_interfaces/__init__.py'...
[7.893s] Listing '/home/baguette/Documents/CS-AURO/install/auro_interfaces/local/lib/python3.10/dist-packages/auro_interfaces/msg'...
[7.893s] Compiling '/home/baguette/Documents/CS-AURO/install/auro_interfaces/local/lib/python3.10/dist-packages/auro_interfaces/msg/__init__.py'...
[7.893s] Compiling '/home/baguette/Documents/CS-AURO/install/auro_interfaces/local/lib/python3.10/dist-packages/auro_interfaces/msg/_item.py'...
[7.893s] Compiling '/home/baguette/Documents/CS-AURO/install/auro_interfaces/local/lib/python3.10/dist-packages/auro_interfaces/msg/_item_list.py'...
[7.893s] Compiling '/home/baguette/Documents/CS-AURO/install/auro_interfaces/local/lib/python3.10/dist-packages/auro_interfaces/msg/_string_with_pose.py'...
[7.895s] -- Installing: /home/baguette/Documents/CS-AURO/install/auro_interfaces/lib/libauro_interfaces__rosidl_generator_py.so
[7.896s] -- Set runtime path of "/home/baguette/Documents/CS-AURO/install/auro_interfaces/lib/libauro_interfaces__rosidl_generator_py.so" to ""
[7.896s] -- Installing: /home/baguette/Documents/CS-AURO/install/auro_interfaces/share/auro_interfaces/cmake/export_auro_interfaces__rosidl_generator_cExport.cmake
[7.896s] -- Installing: /home/baguette/Documents/CS-AURO/install/auro_interfaces/share/auro_interfaces/cmake/export_auro_interfaces__rosidl_generator_cExport-noconfig.cmake
[7.896s] -- Installing: /home/baguette/Documents/CS-AURO/install/auro_interfaces/share/auro_interfaces/cmake/export_auro_interfaces__rosidl_typesupport_fastrtps_cExport.cmake
[7.896s] -- Installing: /home/baguette/Documents/CS-AURO/install/auro_interfaces/share/auro_interfaces/cmake/export_auro_interfaces__rosidl_typesupport_fastrtps_cExport-noconfig.cmake
[7.896s] -- Installing: /home/baguette/Documents/CS-AURO/install/auro_interfaces/share/auro_interfaces/cmake/export_auro_interfaces__rosidl_generator_cppExport.cmake
[7.896s] -- Installing: /home/baguette/Documents/CS-AURO/install/auro_interfaces/share/auro_interfaces/cmake/export_auro_interfaces__rosidl_typesupport_fastrtps_cppExport.cmake
[7.897s] -- Installing: /home/baguette/Documents/CS-AURO/install/auro_interfaces/share/auro_interfaces/cmake/export_auro_interfaces__rosidl_typesupport_fastrtps_cppExport-noconfig.cmake
[7.897s] -- Installing: /home/baguette/Documents/CS-AURO/install/auro_interfaces/share/auro_interfaces/cmake/auro_interfaces__rosidl_typesupport_introspection_cExport.cmake
[7.897s] -- Installing: /home/baguette/Documents/CS-AURO/install/auro_interfaces/share/auro_interfaces/cmake/auro_interfaces__rosidl_typesupport_introspection_cExport-noconfig.cmake
[7.897s] -- Installing: /home/baguette/Documents/CS-AURO/install/auro_interfaces/share/auro_interfaces/cmake/auro_interfaces__rosidl_typesupport_cExport.cmake
[7.897s] -- Installing: /home/baguette/Documents/CS-AURO/install/auro_interfaces/share/auro_interfaces/cmake/auro_interfaces__rosidl_typesupport_cExport-noconfig.cmake
[7.897s] -- Installing: /home/baguette/Documents/CS-AURO/install/auro_interfaces/share/auro_interfaces/cmake/auro_interfaces__rosidl_typesupport_introspection_cppExport.cmake
[7.897s] -- Installing: /home/baguette/Documents/CS-AURO/install/auro_interfaces/share/auro_interfaces/cmake/auro_interfaces__rosidl_typesupport_introspection_cppExport-noconfig.cmake
[7.897s] -- Installing: /home/baguette/Documents/CS-AURO/install/auro_interfaces/share/auro_interfaces/cmake/auro_interfaces__rosidl_typesupport_cppExport.cmake
[7.897s] -- Installing: /home/baguette/Documents/CS-AURO/install/auro_interfaces/share/auro_interfaces/cmake/auro_interfaces__rosidl_typesupport_cppExport-noconfig.cmake
[7.898s] -- Installing: /home/baguette/Documents/CS-AURO/install/auro_interfaces/share/auro_interfaces/cmake/export_auro_interfaces__rosidl_generator_pyExport.cmake
[7.898s] -- Installing: /home/baguette/Documents/CS-AURO/install/auro_interfaces/share/auro_interfaces/cmake/export_auro_interfaces__rosidl_generator_pyExport-noconfig.cmake
[7.900s] Invoked command in '/home/baguette/Documents/CS-AURO/build/auro_interfaces' returned '0': CMAKE_PREFIX_PATH=/opt/ros/humble /usr/bin/cmake --install /home/baguette/Documents/CS-AURO/build/auro_interfaces
