[1.835s] Invoking command in '/home/baguette/Documents/src/build/tf_relay': PYTHONPATH=/home/baguette/Documents/src/build/tf_relay/prefix_override:/home/baguette/Documents/src/install/tf_relay/lib/python3.10/site-packages:${PYTHONPATH} /usr/bin/python3 setup.py develop --editable --build-directory /home/baguette/Documents/src/build/tf_relay/build --no-deps install_data
[2.086s] running develop
[2.087s] /usr/lib/python3/dist-packages/setuptools/command/easy_install.py:158: EasyInstallDeprecationWarning: easy_install command is deprecated. Use build and pip and other standards-based tools.
[2.087s]   warnings.warn(
[2.088s] /usr/lib/python3/dist-packages/setuptools/command/install.py:34: SetuptoolsDeprecationWarning: setup.py install is deprecated. Use build and pip and other standards-based tools.
[2.088s]   warnings.warn(
[2.262s] running egg_info
[2.262s] writing tf_relay.egg-info/PKG-INFO
[2.264s] writing dependency_links to tf_relay.egg-info/dependency_links.txt
[2.264s] writing entry points to tf_relay.egg-info/entry_points.txt
[2.264s] writing requirements to tf_relay.egg-info/requires.txt
[2.264s] writing top-level names to tf_relay.egg-info/top_level.txt
[2.265s] reading manifest file 'tf_relay.egg-info/SOURCES.txt'
[2.266s] writing manifest file 'tf_relay.egg-info/SOURCES.txt'
[2.267s] running build_ext
[2.267s] Creating /home/baguette/Documents/src/install/tf_relay/lib/python3.10/site-packages/tf-relay.egg-link (link to .)
[2.268s] Installing relay script to /home/baguette/Documents/src/install/tf_relay/lib/tf_relay
[2.268s] 
[2.268s] Installed /home/baguette/Documents/src/build/tf_relay
[2.269s] running install_data
[2.311s] Invoked command in '/home/baguette/Documents/src/build/tf_relay' returned '0': PYTHONPATH=/home/baguette/Documents/src/build/tf_relay/prefix_override:/home/baguette/Documents/src/install/tf_relay/lib/python3.10/site-packages:${PYTHONPATH} /usr/bin/python3 setup.py develop --editable --build-directory /home/baguette/Documents/src/build/tf_relay/build --no-deps install_data
