[1.486s] Invoking command in '/home/baguette/Documents/src/build/solution': PYTHONPATH=/home/baguette/Documents/src/build/solution/prefix_override:/home/baguette/Documents/src/install/solution/lib/python3.10/site-packages:${PYTHONPATH} /usr/bin/python3 setup.py develop --editable --build-directory /home/baguette/Documents/src/build/solution/build --no-deps install_data
[1.710s] running develop
[1.710s] /usr/lib/python3/dist-packages/setuptools/command/easy_install.py:158: EasyInstallDeprecationWarning: easy_install command is deprecated. Use build and pip and other standards-based tools.
[1.710s]   warnings.warn(
[1.712s] /usr/lib/python3/dist-packages/setuptools/command/install.py:34: SetuptoolsDeprecationWarning: setup.py install is deprecated. Use build and pip and other standards-based tools.
[1.713s]   warnings.warn(
[1.876s] running egg_info
[1.876s] writing solution.egg-info/PKG-INFO
[1.877s] writing dependency_links to solution.egg-info/dependency_links.txt
[1.877s] writing entry points to solution.egg-info/entry_points.txt
[1.877s] writing requirements to solution.egg-info/requires.txt
[1.878s] writing top-level names to solution.egg-info/top_level.txt
[1.878s] reading manifest file 'solution.egg-info/SOURCES.txt'
[1.879s] writing manifest file 'solution.egg-info/SOURCES.txt'
[1.880s] running build_ext
[1.880s] Creating /home/baguette/Documents/src/install/solution/lib/python3.10/site-packages/solution.egg-link (link to .)
[1.880s] Installing data_logger script to /home/baguette/Documents/src/install/solution/lib/solution
[1.881s] Installing robot_controller script to /home/baguette/Documents/src/install/solution/lib/solution
[1.881s] 
[1.881s] Installed /home/baguette/Documents/src/build/solution
[1.881s] running install_data
[1.921s] Invoked command in '/home/baguette/Documents/src/build/solution' returned '0': PYTHONPATH=/home/baguette/Documents/src/build/solution/prefix_override:/home/baguette/Documents/src/install/solution/lib/python3.10/site-packages:${PYTHONPATH} /usr/bin/python3 setup.py develop --editable --build-directory /home/baguette/Documents/src/build/solution/build --no-deps install_data
