[2.154s] Invoking command in '/home/baguette/Documents/src/build/assessment': PYTHONPATH=/home/baguette/Documents/src/build/assessment/prefix_override:/home/baguette/Documents/src/install/assessment/lib/python3.10/site-packages:${PYTHONPATH} /usr/bin/python3 setup.py develop --editable --build-directory /home/baguette/Documents/src/build/assessment/build --no-deps install_data
[2.403s] running develop
[2.404s] /usr/lib/python3/dist-packages/setuptools/command/easy_install.py:158: EasyInstallDeprecationWarning: easy_install command is deprecated. Use build and pip and other standards-based tools.
[2.404s]   warnings.warn(
[2.405s] /usr/lib/python3/dist-packages/setuptools/command/install.py:34: SetuptoolsDeprecationWarning: setup.py install is deprecated. Use build and pip and other standards-based tools.
[2.405s]   warnings.warn(
[2.581s] running egg_info
[2.582s] writing assessment.egg-info/PKG-INFO
[2.582s] writing dependency_links to assessment.egg-info/dependency_links.txt
[2.582s] writing entry points to assessment.egg-info/entry_points.txt
[2.582s] writing requirements to assessment.egg-info/requires.txt
[2.582s] writing top-level names to assessment.egg-info/top_level.txt
[2.584s] reading manifest file 'assessment.egg-info/SOURCES.txt'
[2.585s] writing manifest file 'assessment.egg-info/SOURCES.txt'
[2.586s] running build_ext
[2.587s] Creating /home/baguette/Documents/src/install/assessment/lib/python3.10/site-packages/assessment.egg-link (link to .)
[2.588s] Installing home_zone_sensor script to /home/baguette/Documents/src/install/assessment/lib/assessment
[2.588s] Installing item_manager script to /home/baguette/Documents/src/install/assessment/lib/assessment
[2.588s] Installing item_sensor script to /home/baguette/Documents/src/install/assessment/lib/assessment
[2.588s] Installing robot_sensor script to /home/baguette/Documents/src/install/assessment/lib/assessment
[2.588s] 
[2.588s] Installed /home/baguette/Documents/src/build/assessment
[2.589s] running install_data
[2.847s] Invoked command in '/home/baguette/Documents/src/build/assessment' returned '0': PYTHONPATH=/home/baguette/Documents/src/build/assessment/prefix_override:/home/baguette/Documents/src/install/assessment/lib/python3.10/site-packages:${PYTHONPATH} /usr/bin/python3 setup.py develop --editable --build-directory /home/baguette/Documents/src/build/assessment/build --no-deps install_data
