[2.020s] Invoking command in '/home/baguette/Documents/src/build/solution': PYTHONPATH=/home/baguette/Documents/src/build/solution/prefix_override:/home/baguette/Documents/src/install/solution/lib/python3.10/site-packages:${PYTHONPATH} /usr/bin/python3 setup.py develop --editable --build-directory /home/baguette/Documents/src/build/solution/build --no-deps install_data
[2.255s] running develop
[2.255s] /usr/lib/python3/dist-packages/setuptools/command/easy_install.py:158: EasyInstallDeprecationWarning: easy_install command is deprecated. Use build and pip and other standards-based tools.
[2.255s]   warnings.warn(
[2.256s] /usr/lib/python3/dist-packages/setuptools/command/install.py:34: SetuptoolsDeprecationWarning: setup.py install is deprecated. Use build and pip and other standards-based tools.
[2.256s]   warnings.warn(
[2.434s] running egg_info
[2.434s] writing solution.egg-info/PKG-INFO
[2.435s] writing dependency_links to solution.egg-info/dependency_links.txt
[2.435s] writing entry points to solution.egg-info/entry_points.txt
[2.435s] writing requirements to solution.egg-info/requires.txt
[2.435s] writing top-level names to solution.egg-info/top_level.txt
[2.437s] reading manifest file 'solution.egg-info/SOURCES.txt'
[2.439s] writing manifest file 'solution.egg-info/SOURCES.txt'
[2.440s] running build_ext
[2.440s] Creating /home/baguette/Documents/src/install/solution/lib/python3.10/site-packages/solution.egg-link (link to .)
[2.441s] Installing data_logger script to /home/baguette/Documents/src/install/solution/lib/solution
[2.441s] Installing robot_controller script to /home/baguette/Documents/src/install/solution/lib/solution
[2.441s] 
[2.442s] Installed /home/baguette/Documents/src/build/solution
[2.442s] running install_data
[2.442s] copying launch/solution_nav2_launch.py -> /home/baguette/Documents/src/install/solution/share/solution/launch/
[2.616s] Invoked command in '/home/baguette/Documents/src/build/solution' returned '0': PYTHONPATH=/home/baguette/Documents/src/build/solution/prefix_override:/home/baguette/Documents/src/install/solution/lib/python3.10/site-packages:${PYTHONPATH} /usr/bin/python3 setup.py develop --editable --build-directory /home/baguette/Documents/src/build/solution/build --no-deps install_data
