running develop
/usr/lib/python3/dist-packages/setuptools/command/easy_install.py:158: EasyInstallDeprecationWarning: easy_install command is deprecated. Use build and pip and other standards-based tools.
  warnings.warn(
/usr/lib/python3/dist-packages/setuptools/command/install.py:34: SetuptoolsDeprecationWarning: setup.py install is deprecated. Use build and pip and other standards-based tools.
  warnings.warn(
running egg_info
creating tf_transformations.egg-info
writing tf_transformations.egg-info/PKG-INFO
writing dependency_links to tf_transformations.egg-info/dependency_links.txt
writing requirements to tf_transformations.egg-info/requires.txt
writing top-level names to tf_transformations.egg-info/top_level.txt
writing manifest file 'tf_transformations.egg-info/SOURCES.txt'
reading manifest file 'tf_transformations.egg-info/SOURCES.txt'
writing manifest file 'tf_transformations.egg-info/SOURCES.txt'
running build_ext
Creating /home/baguette/Documents/src/install/tf_transformations/lib/python3.10/site-packages/tf-transformations.egg-link (link to .)

Installed /home/baguette/Documents/src/build/tf_transformations
running install_data
creating /home/baguette/Documents/src/install/tf_transformations/share/ament_index
creating /home/baguette/Documents/src/install/tf_transformations/share/ament_index/resource_index
creating /home/baguette/Documents/src/install/tf_transformations/share/ament_index/resource_index/packages
copying resource/tf_transformations -> /home/baguette/Documents/src/install/tf_transformations/share/ament_index/resource_index/packages
copying package.xml -> /home/baguette/Documents/src/install/tf_transformations/share/tf_transformations
