[1.684s] Invoking command in '/home/baguette/Documents/src/build/tf_relay': PYTHONPATH=/home/baguette/Documents/src/build/tf_relay/prefix_override:/home/baguette/Documents/src/install/tf_relay/lib/python3.10/site-packages:${PYTHONPATH} /usr/bin/python3 setup.py develop --editable --build-directory /home/baguette/Documents/src/build/tf_relay/build --no-deps install_data
[1.919s] running develop
[1.919s] /usr/lib/python3/dist-packages/setuptools/command/easy_install.py:158: EasyInstallDeprecationWarning: easy_install command is deprecated. Use build and pip and other standards-based tools.
[1.919s]   warnings.warn(
[1.920s] /usr/lib/python3/dist-packages/setuptools/command/install.py:34: SetuptoolsDeprecationWarning: setup.py install is deprecated. Use build and pip and other standards-based tools.
[1.920s]   warnings.warn(
[2.085s] running egg_info
[2.086s] writing tf_relay.egg-info/PKG-INFO
[2.086s] writing dependency_links to tf_relay.egg-info/dependency_links.txt
[2.086s] writing entry points to tf_relay.egg-info/entry_points.txt
[2.086s] writing requirements to tf_relay.egg-info/requires.txt
[2.086s] writing top-level names to tf_relay.egg-info/top_level.txt
[2.087s] reading manifest file 'tf_relay.egg-info/SOURCES.txt'
[2.088s] writing manifest file 'tf_relay.egg-info/SOURCES.txt'
[2.090s] running build_ext
[2.090s] Creating /home/baguette/Documents/src/install/tf_relay/lib/python3.10/site-packages/tf-relay.egg-link (link to .)
[2.090s] Installing relay script to /home/baguette/Documents/src/install/tf_relay/lib/tf_relay
[2.090s] 
[2.091s] Installed /home/baguette/Documents/src/build/tf_relay
[2.091s] running install_data
[2.131s] Invoked command in '/home/baguette/Documents/src/build/tf_relay' returned '0': PYTHONPATH=/home/baguette/Documents/src/build/tf_relay/prefix_override:/home/baguette/Documents/src/install/tf_relay/lib/python3.10/site-packages:${PYTHONPATH} /usr/bin/python3 setup.py develop --editable --build-directory /home/baguette/Documents/src/build/tf_relay/build --no-deps install_data
