[2.311s] Invoking command in '/home/baguette/Documents/src/build/assessment': PYTHONPATH=/home/baguette/Documents/src/build/assessment/prefix_override:/home/baguette/Documents/src/install/assessment/lib/python3.10/site-packages:${PYTHONPATH} /usr/bin/python3 setup.py develop --editable --build-directory /home/baguette/Documents/src/build/assessment/build --no-deps install_data
[2.578s] running develop
[2.579s] /usr/lib/python3/dist-packages/setuptools/command/easy_install.py:158: EasyInstallDeprecationWarning: easy_install command is deprecated. Use build and pip and other standards-based tools.
[2.579s]   warnings.warn(
[2.579s] /usr/lib/python3/dist-packages/setuptools/command/install.py:34: SetuptoolsDeprecationWarning: setup.py install is deprecated. Use build and pip and other standards-based tools.
[2.580s]   warnings.warn(
[2.759s] running egg_info
[2.759s] writing assessment.egg-info/PKG-INFO
[2.760s] writing dependency_links to assessment.egg-info/dependency_links.txt
[2.761s] writing entry points to assessment.egg-info/entry_points.txt
[2.762s] writing requirements to assessment.egg-info/requires.txt
[2.762s] writing top-level names to assessment.egg-info/top_level.txt
[2.762s] reading manifest file 'assessment.egg-info/SOURCES.txt'
[2.763s] writing manifest file 'assessment.egg-info/SOURCES.txt'
[2.764s] running build_ext
[2.764s] Creating /home/baguette/Documents/src/install/assessment/lib/python3.10/site-packages/assessment.egg-link (link to .)
[2.765s] Installing home_zone_sensor script to /home/baguette/Documents/src/install/assessment/lib/assessment
[2.765s] Installing item_manager script to /home/baguette/Documents/src/install/assessment/lib/assessment
[2.765s] Installing item_sensor script to /home/baguette/Documents/src/install/assessment/lib/assessment
[2.765s] Installing robot_sensor script to /home/baguette/Documents/src/install/assessment/lib/assessment
[2.766s] 
[2.766s] Installed /home/baguette/Documents/src/build/assessment
[2.766s] running install_data
[2.888s] Invoked command in '/home/baguette/Documents/src/build/assessment' returned '0': PYTHONPATH=/home/baguette/Documents/src/build/assessment/prefix_override:/home/baguette/Documents/src/install/assessment/lib/python3.10/site-packages:${PYTHONPATH} /usr/bin/python3 setup.py develop --editable --build-directory /home/baguette/Documents/src/build/assessment/build --no-deps install_data
