[1.002s] Invoking command in '/home/baguette/Documents/CS-AURO/build/solution_interfaces': CMAKE_PREFIX_PATH=/opt/ros/humble /usr/bin/cmake --build /home/baguette/Documents/CS-AURO/build/solution_interfaces -- -j16 -l16
[2.957s] [  9%] Built target solution_interfaces__rosidl_generator_c
[2.957s] [ 12%] Built target solution_interfaces__cpp
[2.957s] [ 12%] Built target ament_cmake_python_symlink_solution_interfaces
[2.957s] [ 22%] Built target solution_interfaces__rosidl_typesupport_introspection_c
[2.957s] [ 32%] Built target solution_interfaces__rosidl_typesupport_c
[2.957s] [ 41%] Built target solution_interfaces__rosidl_typesupport_introspection_cpp
[2.957s] [ 51%] Built target solution_interfaces__rosidl_typesupport_fastrtps_c
[2.957s] [ 61%] Built target solution_interfaces__rosidl_typesupport_cpp
[2.957s] [ 70%] Built target solution_interfaces__rosidl_typesupport_fastrtps_cpp
[2.957s] [ 70%] Built target solution_interfaces
[2.957s] [ 74%] Built target solution_interfaces__py
[2.958s] [ 80%] Built target solution_interfaces__rosidl_generator_py
[2.958s] [100%] Built target solution_interfaces__rosidl_typesupport_fastrtps_c__pyext
[2.958s] [100%] Built target solution_interfaces__rosidl_typesupport_introspection_c__pyext
[2.958s] [100%] Built target solution_interfaces__rosidl_typesupport_c__pyext
[2.958s] running egg_info
[2.958s] writing solution_interfaces.egg-info/PKG-INFO
[2.958s] writing dependency_links to solution_interfaces.egg-info/dependency_links.txt
[2.958s] writing top-level names to solution_interfaces.egg-info/top_level.txt
[2.958s] reading manifest file 'solution_interfaces.egg-info/SOURCES.txt'
[2.958s] writing manifest file 'solution_interfaces.egg-info/SOURCES.txt'
[2.958s] [100%] Built target ament_cmake_python_build_solution_interfaces_egg
[3.194s] Invoked command in '/home/baguette/Documents/CS-AURO/build/solution_interfaces' returned '0': CMAKE_PREFIX_PATH=/opt/ros/humble /usr/bin/cmake --build /home/baguette/Documents/CS-AURO/build/solution_interfaces -- -j16 -l16
[3.277s] Invoking command in '/home/baguette/Documents/CS-AURO/build/solution_interfaces': CMAKE_PREFIX_PATH=/opt/ros/humble /usr/bin/cmake --install /home/baguette/Documents/CS-AURO/build/solution_interfaces
[3.287s] -- Install configuration: ""
[3.287s] -- Execute custom install script
[3.288s] -- Up-to-date symlink: /home/baguette/Documents/CS-AURO/install/solution_interfaces/share/ament_index/resource_index/rosidl_interfaces/solution_interfaces
[3.288s] -- Up-to-date symlink: /home/baguette/Documents/CS-AURO/install/solution_interfaces/include/solution_interfaces/solution_interfaces/msg/detail/example__functions.h
[3.288s] -- Up-to-date symlink: /home/baguette/Documents/CS-AURO/install/solution_interfaces/include/solution_interfaces/solution_interfaces/msg/detail/example__struct.h
[3.289s] -- Up-to-date symlink: /home/baguette/Documents/CS-AURO/install/solution_interfaces/include/solution_interfaces/solution_interfaces/msg/detail/example__type_support.h
[3.289s] -- Up-to-date symlink: /home/baguette/Documents/CS-AURO/install/solution_interfaces/include/solution_interfaces/solution_interfaces/msg/example.h
[3.289s] -- Up-to-date symlink: /home/baguette/Documents/CS-AURO/install/solution_interfaces/include/solution_interfaces/solution_interfaces/msg/rosidl_generator_c__visibility_control.h
[3.289s] -- Up-to-date symlink: /home/baguette/Documents/CS-AURO/install/solution_interfaces/share/solution_interfaces/environment/library_path.sh
[3.289s] -- Up-to-date symlink: /home/baguette/Documents/CS-AURO/install/solution_interfaces/share/solution_interfaces/environment/library_path.dsv
[3.290s] -- Up-to-date symlink: /home/baguette/Documents/CS-AURO/install/solution_interfaces/include/solution_interfaces/solution_interfaces/msg/detail/example__rosidl_typesupport_fastrtps_c.h
[3.290s] -- Up-to-date symlink: /home/baguette/Documents/CS-AURO/install/solution_interfaces/include/solution_interfaces/solution_interfaces/msg/rosidl_typesupport_fastrtps_c__visibility_control.h
[3.290s] -- Up-to-date symlink: /home/baguette/Documents/CS-AURO/install/solution_interfaces/include/solution_interfaces/solution_interfaces/msg/detail/example__builder.hpp
[3.290s] -- Up-to-date symlink: /home/baguette/Documents/CS-AURO/install/solution_interfaces/include/solution_interfaces/solution_interfaces/msg/detail/example__struct.hpp
[3.291s] -- Up-to-date symlink: /home/baguette/Documents/CS-AURO/install/solution_interfaces/include/solution_interfaces/solution_interfaces/msg/detail/example__traits.hpp
[3.291s] -- Up-to-date symlink: /home/baguette/Documents/CS-AURO/install/solution_interfaces/include/solution_interfaces/solution_interfaces/msg/example.hpp
[3.291s] -- Up-to-date symlink: /home/baguette/Documents/CS-AURO/install/solution_interfaces/include/solution_interfaces/solution_interfaces/msg/detail/example__rosidl_typesupport_fastrtps_cpp.hpp
[3.292s] -- Up-to-date symlink: /home/baguette/Documents/CS-AURO/install/solution_interfaces/include/solution_interfaces/solution_interfaces/msg/rosidl_typesupport_fastrtps_cpp__visibility_control.h
[3.292s] -- Up-to-date symlink: /home/baguette/Documents/CS-AURO/install/solution_interfaces/include/solution_interfaces/solution_interfaces/msg/detail/example__rosidl_typesupport_introspection_c.h
[3.292s] -- Up-to-date symlink: /home/baguette/Documents/CS-AURO/install/solution_interfaces/include/solution_interfaces/solution_interfaces/msg/rosidl_typesupport_introspection_c__visibility_control.h
[3.292s] -- Up-to-date symlink: /home/baguette/Documents/CS-AURO/install/solution_interfaces/include/solution_interfaces/solution_interfaces/msg/detail/example__rosidl_typesupport_introspection_cpp.hpp
[3.293s] -- Up-to-date symlink: /home/baguette/Documents/CS-AURO/install/solution_interfaces/share/solution_interfaces/environment/pythonpath.sh
[3.293s] -- Up-to-date symlink: /home/baguette/Documents/CS-AURO/install/solution_interfaces/share/solution_interfaces/environment/pythonpath.dsv
[3.293s] -- Up-to-date symlink: /home/baguette/Documents/CS-AURO/install/solution_interfaces/local/lib/python3.10/dist-packages/solution_interfaces-0.0.0-py3.10.egg-info/PKG-INFO
[3.293s] -- Up-to-date symlink: /home/baguette/Documents/CS-AURO/install/solution_interfaces/local/lib/python3.10/dist-packages/solution_interfaces-0.0.0-py3.10.egg-info/SOURCES.txt
[3.293s] -- Up-to-date symlink: /home/baguette/Documents/CS-AURO/install/solution_interfaces/local/lib/python3.10/dist-packages/solution_interfaces-0.0.0-py3.10.egg-info/dependency_links.txt
[3.294s] -- Up-to-date symlink: /home/baguette/Documents/CS-AURO/install/solution_interfaces/local/lib/python3.10/dist-packages/solution_interfaces-0.0.0-py3.10.egg-info/top_level.txt
[3.294s] -- Up-to-date symlink: /home/baguette/Documents/CS-AURO/install/solution_interfaces/local/lib/python3.10/dist-packages/solution_interfaces/__init__.py
[3.294s] -- Up-to-date symlink: /home/baguette/Documents/CS-AURO/install/solution_interfaces/local/lib/python3.10/dist-packages/solution_interfaces/_solution_interfaces_s.ep.rosidl_typesupport_c.c
[3.295s] -- Up-to-date symlink: /home/baguette/Documents/CS-AURO/install/solution_interfaces/local/lib/python3.10/dist-packages/solution_interfaces/_solution_interfaces_s.ep.rosidl_typesupport_fastrtps_c.c
[3.295s] -- Up-to-date symlink: /home/baguette/Documents/CS-AURO/install/solution_interfaces/local/lib/python3.10/dist-packages/solution_interfaces/_solution_interfaces_s.ep.rosidl_typesupport_introspection_c.c
[3.295s] -- Up-to-date symlink: /home/baguette/Documents/CS-AURO/install/solution_interfaces/local/lib/python3.10/dist-packages/solution_interfaces/libsolution_interfaces__rosidl_generator_py.so
[3.295s] -- Up-to-date symlink: /home/baguette/Documents/CS-AURO/install/solution_interfaces/local/lib/python3.10/dist-packages/solution_interfaces/msg/__init__.py
[3.295s] -- Up-to-date symlink: /home/baguette/Documents/CS-AURO/install/solution_interfaces/local/lib/python3.10/dist-packages/solution_interfaces/msg/_example.py
[3.297s] -- Up-to-date symlink: /home/baguette/Documents/CS-AURO/install/solution_interfaces/local/lib/python3.10/dist-packages/solution_interfaces/msg/_example_s.c
[3.297s] -- Up-to-date symlink: /home/baguette/Documents/CS-AURO/install/solution_interfaces/local/lib/python3.10/dist-packages/solution_interfaces/solution_interfaces_s__rosidl_typesupport_c.cpython-310-x86_64-linux-gnu.so
[3.297s] -- Up-to-date symlink: /home/baguette/Documents/CS-AURO/install/solution_interfaces/local/lib/python3.10/dist-packages/solution_interfaces/solution_interfaces_s__rosidl_typesupport_fastrtps_c.cpython-310-x86_64-linux-gnu.so
[3.298s] -- Up-to-date symlink: /home/baguette/Documents/CS-AURO/install/solution_interfaces/local/lib/python3.10/dist-packages/solution_interfaces/solution_interfaces_s__rosidl_typesupport_introspection_c.cpython-310-x86_64-linux-gnu.so
[3.298s] -- Up-to-date symlink: /home/baguette/Documents/CS-AURO/install/solution_interfaces/local/lib/python3.10/dist-packages/solution_interfaces/solution_interfaces_s__rosidl_typesupport_fastrtps_c.cpython-310-x86_64-linux-gnu.so
[3.298s] -- Up-to-date symlink: /home/baguette/Documents/CS-AURO/install/solution_interfaces/local/lib/python3.10/dist-packages/solution_interfaces/solution_interfaces_s__rosidl_typesupport_introspection_c.cpython-310-x86_64-linux-gnu.so
[3.299s] -- Up-to-date symlink: /home/baguette/Documents/CS-AURO/install/solution_interfaces/local/lib/python3.10/dist-packages/solution_interfaces/solution_interfaces_s__rosidl_typesupport_c.cpython-310-x86_64-linux-gnu.so
[3.299s] -- Up-to-date symlink: /home/baguette/Documents/CS-AURO/install/solution_interfaces/share/solution_interfaces/msg/Example.idl
[3.299s] -- Up-to-date symlink: /home/baguette/Documents/CS-AURO/install/solution_interfaces/share/solution_interfaces/msg/Example.msg
[3.299s] -- Up-to-date symlink: /home/baguette/Documents/CS-AURO/install/solution_interfaces/share/ament_index/resource_index/package_run_dependencies/solution_interfaces
[3.299s] -- Up-to-date symlink: /home/baguette/Documents/CS-AURO/install/solution_interfaces/share/ament_index/resource_index/parent_prefix_path/solution_interfaces
[3.299s] -- Up-to-date symlink: /home/baguette/Documents/CS-AURO/install/solution_interfaces/share/solution_interfaces/environment/ament_prefix_path.sh
[3.299s] -- Up-to-date symlink: /home/baguette/Documents/CS-AURO/install/solution_interfaces/share/solution_interfaces/environment/ament_prefix_path.dsv
[3.299s] -- Up-to-date symlink: /home/baguette/Documents/CS-AURO/install/solution_interfaces/share/solution_interfaces/environment/path.sh
[3.300s] -- Up-to-date symlink: /home/baguette/Documents/CS-AURO/install/solution_interfaces/share/solution_interfaces/environment/path.dsv
[3.300s] -- Up-to-date symlink: /home/baguette/Documents/CS-AURO/install/solution_interfaces/share/solution_interfaces/local_setup.bash
[3.300s] -- Up-to-date symlink: /home/baguette/Documents/CS-AURO/install/solution_interfaces/share/solution_interfaces/local_setup.sh
[3.300s] -- Up-to-date symlink: /home/baguette/Documents/CS-AURO/install/solution_interfaces/share/solution_interfaces/local_setup.zsh
[3.300s] -- Up-to-date symlink: /home/baguette/Documents/CS-AURO/install/solution_interfaces/share/solution_interfaces/local_setup.dsv
[3.300s] -- Symlinking: /home/baguette/Documents/CS-AURO/install/solution_interfaces/share/solution_interfaces/package.dsv
[3.313s] -- Up-to-date symlink: /home/baguette/Documents/CS-AURO/install/solution_interfaces/share/ament_index/resource_index/packages/solution_interfaces
[3.313s] -- Up-to-date symlink: /home/baguette/Documents/CS-AURO/install/solution_interfaces/share/solution_interfaces/cmake/rosidl_cmake-extras.cmake
[3.313s] -- Up-to-date symlink: /home/baguette/Documents/CS-AURO/install/solution_interfaces/share/solution_interfaces/cmake/ament_cmake_export_dependencies-extras.cmake
[3.313s] -- Up-to-date symlink: /home/baguette/Documents/CS-AURO/install/solution_interfaces/share/solution_interfaces/cmake/ament_cmake_export_include_directories-extras.cmake
[3.314s] -- Up-to-date symlink: /home/baguette/Documents/CS-AURO/install/solution_interfaces/share/solution_interfaces/cmake/ament_cmake_export_libraries-extras.cmake
[3.314s] -- Up-to-date symlink: /home/baguette/Documents/CS-AURO/install/solution_interfaces/share/solution_interfaces/cmake/ament_cmake_export_targets-extras.cmake
[3.314s] -- Up-to-date symlink: /home/baguette/Documents/CS-AURO/install/solution_interfaces/share/solution_interfaces/cmake/rosidl_cmake_export_typesupport_targets-extras.cmake
[3.314s] -- Up-to-date symlink: /home/baguette/Documents/CS-AURO/install/solution_interfaces/share/solution_interfaces/cmake/rosidl_cmake_export_typesupport_libraries-extras.cmake
[3.314s] -- Up-to-date symlink: /home/baguette/Documents/CS-AURO/install/solution_interfaces/share/solution_interfaces/cmake/solution_interfacesConfig.cmake
[3.315s] -- Up-to-date symlink: /home/baguette/Documents/CS-AURO/install/solution_interfaces/share/solution_interfaces/cmake/solution_interfacesConfig-version.cmake
[3.315s] -- Up-to-date symlink: /home/baguette/Documents/CS-AURO/install/solution_interfaces/share/solution_interfaces/package.xml
[3.315s] -- Up-to-date: /home/baguette/Documents/CS-AURO/install/solution_interfaces/lib/libsolution_interfaces__rosidl_generator_c.so
[3.316s] -- Up-to-date: /home/baguette/Documents/CS-AURO/install/solution_interfaces/lib/libsolution_interfaces__rosidl_typesupport_fastrtps_c.so
[3.316s] -- Up-to-date: /home/baguette/Documents/CS-AURO/install/solution_interfaces/lib/libsolution_interfaces__rosidl_typesupport_fastrtps_cpp.so
[3.316s] -- Up-to-date: /home/baguette/Documents/CS-AURO/install/solution_interfaces/lib/libsolution_interfaces__rosidl_typesupport_introspection_c.so
[3.317s] -- Up-to-date: /home/baguette/Documents/CS-AURO/install/solution_interfaces/lib/libsolution_interfaces__rosidl_typesupport_c.so
[3.318s] -- Up-to-date: /home/baguette/Documents/CS-AURO/install/solution_interfaces/lib/libsolution_interfaces__rosidl_typesupport_introspection_cpp.so
[3.318s] -- Up-to-date: /home/baguette/Documents/CS-AURO/install/solution_interfaces/lib/libsolution_interfaces__rosidl_typesupport_cpp.so
[3.368s] Listing '/home/baguette/Documents/CS-AURO/install/solution_interfaces/local/lib/python3.10/dist-packages/solution_interfaces'...
[3.368s] Listing '/home/baguette/Documents/CS-AURO/install/solution_interfaces/local/lib/python3.10/dist-packages/solution_interfaces/msg'...
[3.368s] -- Up-to-date: /home/baguette/Documents/CS-AURO/install/solution_interfaces/lib/libsolution_interfaces__rosidl_generator_py.so
[3.368s] -- Up-to-date: /home/baguette/Documents/CS-AURO/install/solution_interfaces/share/solution_interfaces/cmake/export_solution_interfaces__rosidl_generator_cExport.cmake
[3.368s] -- Up-to-date: /home/baguette/Documents/CS-AURO/install/solution_interfaces/share/solution_interfaces/cmake/export_solution_interfaces__rosidl_generator_cExport-noconfig.cmake
[3.368s] -- Up-to-date: /home/baguette/Documents/CS-AURO/install/solution_interfaces/share/solution_interfaces/cmake/export_solution_interfaces__rosidl_typesupport_fastrtps_cExport.cmake
[3.368s] -- Up-to-date: /home/baguette/Documents/CS-AURO/install/solution_interfaces/share/solution_interfaces/cmake/export_solution_interfaces__rosidl_typesupport_fastrtps_cExport-noconfig.cmake
[3.368s] -- Up-to-date: /home/baguette/Documents/CS-AURO/install/solution_interfaces/share/solution_interfaces/cmake/export_solution_interfaces__rosidl_generator_cppExport.cmake
[3.368s] -- Up-to-date: /home/baguette/Documents/CS-AURO/install/solution_interfaces/share/solution_interfaces/cmake/export_solution_interfaces__rosidl_typesupport_fastrtps_cppExport.cmake
[3.368s] -- Up-to-date: /home/baguette/Documents/CS-AURO/install/solution_interfaces/share/solution_interfaces/cmake/export_solution_interfaces__rosidl_typesupport_fastrtps_cppExport-noconfig.cmake
[3.368s] -- Up-to-date: /home/baguette/Documents/CS-AURO/install/solution_interfaces/share/solution_interfaces/cmake/solution_interfaces__rosidl_typesupport_introspection_cExport.cmake
[3.369s] -- Up-to-date: /home/baguette/Documents/CS-AURO/install/solution_interfaces/share/solution_interfaces/cmake/solution_interfaces__rosidl_typesupport_introspection_cExport-noconfig.cmake
[3.369s] -- Up-to-date: /home/baguette/Documents/CS-AURO/install/solution_interfaces/share/solution_interfaces/cmake/solution_interfaces__rosidl_typesupport_cExport.cmake
[3.369s] -- Up-to-date: /home/baguette/Documents/CS-AURO/install/solution_interfaces/share/solution_interfaces/cmake/solution_interfaces__rosidl_typesupport_cExport-noconfig.cmake
[3.369s] -- Up-to-date: /home/baguette/Documents/CS-AURO/install/solution_interfaces/share/solution_interfaces/cmake/solution_interfaces__rosidl_typesupport_introspection_cppExport.cmake
[3.369s] -- Up-to-date: /home/baguette/Documents/CS-AURO/install/solution_interfaces/share/solution_interfaces/cmake/solution_interfaces__rosidl_typesupport_introspection_cppExport-noconfig.cmake
[3.369s] -- Up-to-date: /home/baguette/Documents/CS-AURO/install/solution_interfaces/share/solution_interfaces/cmake/solution_interfaces__rosidl_typesupport_cppExport.cmake
[3.369s] -- Up-to-date: /home/baguette/Documents/CS-AURO/install/solution_interfaces/share/solution_interfaces/cmake/solution_interfaces__rosidl_typesupport_cppExport-noconfig.cmake
[3.369s] -- Up-to-date: /home/baguette/Documents/CS-AURO/install/solution_interfaces/share/solution_interfaces/cmake/export_solution_interfaces__rosidl_generator_pyExport.cmake
[3.369s] -- Up-to-date: /home/baguette/Documents/CS-AURO/install/solution_interfaces/share/solution_interfaces/cmake/export_solution_interfaces__rosidl_generator_pyExport-noconfig.cmake
[3.498s] Invoked command in '/home/baguette/Documents/CS-AURO/build/solution_interfaces' returned '0': CMAKE_PREFIX_PATH=/opt/ros/humble /usr/bin/cmake --install /home/baguette/Documents/CS-AURO/build/solution_interfaces
