[2.104s] Invoking command in '/home/baguette/Documents/src/build/assessment': PYTHONPATH=/home/baguette/Documents/src/build/assessment/prefix_override:/home/baguette/Documents/src/install/assessment/lib/python3.10/site-packages:${PYTHONPATH} /usr/bin/python3 setup.py develop --editable --build-directory /home/baguette/Documents/src/build/assessment/build --no-deps install_data
[2.344s] running develop
[2.344s] /usr/lib/python3/dist-packages/setuptools/command/easy_install.py:158: EasyInstallDeprecationWarning: easy_install command is deprecated. Use build and pip and other standards-based tools.
[2.344s]   warnings.warn(
[2.345s] /usr/lib/python3/dist-packages/setuptools/command/install.py:34: SetuptoolsDeprecationWarning: setup.py install is deprecated. Use build and pip and other standards-based tools.
[2.345s]   warnings.warn(
[2.520s] running egg_info
[2.520s] writing assessment.egg-info/PKG-INFO
[2.520s] writing dependency_links to assessment.egg-info/dependency_links.txt
[2.520s] writing entry points to assessment.egg-info/entry_points.txt
[2.521s] writing requirements to assessment.egg-info/requires.txt
[2.521s] writing top-level names to assessment.egg-info/top_level.txt
[2.523s] reading manifest file 'assessment.egg-info/SOURCES.txt'
[2.525s] writing manifest file 'assessment.egg-info/SOURCES.txt'
[2.526s] running build_ext
[2.526s] Creating /home/baguette/Documents/src/install/assessment/lib/python3.10/site-packages/assessment.egg-link (link to .)
[2.528s] Installing home_zone_sensor script to /home/baguette/Documents/src/install/assessment/lib/assessment
[2.528s] Installing item_manager script to /home/baguette/Documents/src/install/assessment/lib/assessment
[2.529s] Installing item_sensor script to /home/baguette/Documents/src/install/assessment/lib/assessment
[2.529s] Installing robot_sensor script to /home/baguette/Documents/src/install/assessment/lib/assessment
[2.530s] 
[2.530s] Installed /home/baguette/Documents/src/build/assessment
[2.530s] running install_data
[2.609s] Invoked command in '/home/baguette/Documents/src/build/assessment' returned '0': PYTHONPATH=/home/baguette/Documents/src/build/assessment/prefix_override:/home/baguette/Documents/src/install/assessment/lib/python3.10/site-packages:${PYTHONPATH} /usr/bin/python3 setup.py develop --editable --build-directory /home/baguette/Documents/src/build/assessment/build --no-deps install_data
