[1.842s] Invoking command in '/home/baguette/Documents/src/build/tf_relay': PYTHONPATH=/home/baguette/Documents/src/build/tf_relay/prefix_override:/home/baguette/Documents/src/install/tf_relay/lib/python3.10/site-packages:${PYTHONPATH} /usr/bin/python3 setup.py develop --editable --build-directory /home/baguette/Documents/src/build/tf_relay/build --no-deps install_data
[2.089s] running develop
[2.089s] /usr/lib/python3/dist-packages/setuptools/command/easy_install.py:158: EasyInstallDeprecationWarning: easy_install command is deprecated. Use build and pip and other standards-based tools.
[2.090s]   warnings.warn(
[2.090s] /usr/lib/python3/dist-packages/setuptools/command/install.py:34: SetuptoolsDeprecationWarning: setup.py install is deprecated. Use build and pip and other standards-based tools.
[2.091s]   warnings.warn(
[2.269s] running egg_info
[2.270s] writing tf_relay.egg-info/PKG-INFO
[2.270s] writing dependency_links to tf_relay.egg-info/dependency_links.txt
[2.270s] writing entry points to tf_relay.egg-info/entry_points.txt
[2.270s] writing requirements to tf_relay.egg-info/requires.txt
[2.270s] writing top-level names to tf_relay.egg-info/top_level.txt
[2.272s] reading manifest file 'tf_relay.egg-info/SOURCES.txt'
[2.273s] writing manifest file 'tf_relay.egg-info/SOURCES.txt'
[2.274s] running build_ext
[2.274s] Creating /home/baguette/Documents/src/install/tf_relay/lib/python3.10/site-packages/tf-relay.egg-link (link to .)
[2.275s] Installing relay script to /home/baguette/Documents/src/install/tf_relay/lib/tf_relay
[2.275s] 
[2.275s] Installed /home/baguette/Documents/src/build/tf_relay
[2.276s] running install_data
[2.410s] Invoked command in '/home/baguette/Documents/src/build/tf_relay' returned '0': PYTHONPATH=/home/baguette/Documents/src/build/tf_relay/prefix_override:/home/baguette/Documents/src/install/tf_relay/lib/python3.10/site-packages:${PYTHONPATH} /usr/bin/python3 setup.py develop --editable --build-directory /home/baguette/Documents/src/build/tf_relay/build --no-deps install_data
