[3.379s] Invoking command in '/home/baguette/Documents/CS-AURO/build/week_8': PYTHONPATH=/home/baguette/Documents/CS-AURO/build/week_8/prefix_override:/home/baguette/Documents/CS-AURO/install/week_8/lib/python3.10/site-packages:${PYTHONPATH} /usr/bin/python3 setup.py develop --editable --build-directory /home/baguette/Documents/CS-AURO/build/week_8/build --no-deps install_data
[3.609s] running develop
[3.609s] /usr/lib/python3/dist-packages/setuptools/command/easy_install.py:158: EasyInstallDeprecationWarning: easy_install command is deprecated. Use build and pip and other standards-based tools.
[3.609s]   warnings.warn(
[3.610s] /usr/lib/python3/dist-packages/setuptools/command/install.py:34: SetuptoolsDeprecationWarning: setup.py install is deprecated. Use build and pip and other standards-based tools.
[3.610s]   warnings.warn(
[3.790s] running egg_info
[3.791s] writing week_8.egg-info/PKG-INFO
[3.791s] writing dependency_links to week_8.egg-info/dependency_links.txt
[3.791s] writing entry points to week_8.egg-info/entry_points.txt
[3.791s] writing requirements to week_8.egg-info/requires.txt
[3.791s] writing top-level names to week_8.egg-info/top_level.txt
[3.792s] reading manifest file 'week_8.egg-info/SOURCES.txt'
[3.793s] writing manifest file 'week_8.egg-info/SOURCES.txt'
[3.793s] running build_ext
[3.794s] Creating /home/baguette/Documents/CS-AURO/install/week_8/lib/python3.10/site-packages/week-8.egg-link (link to .)
[3.794s] Installing autonomous_navigation script to /home/baguette/Documents/CS-AURO/install/week_8/lib/week_8
[3.795s] Installing autonomous_navigation_multithreaded script to /home/baguette/Documents/CS-AURO/install/week_8/lib/week_8
[3.795s] Installing joint_state_republisher script to /home/baguette/Documents/CS-AURO/install/week_8/lib/week_8
[3.795s] Installing path_publisher script to /home/baguette/Documents/CS-AURO/install/week_8/lib/week_8
[3.795s] Installing robot_controller script to /home/baguette/Documents/CS-AURO/install/week_8/lib/week_8
[3.795s] Installing simple_commander script to /home/baguette/Documents/CS-AURO/install/week_8/lib/week_8
[3.795s] 
[3.795s] Installed /home/baguette/Documents/CS-AURO/build/week_8
[3.796s] running install_data
[3.952s] Invoked command in '/home/baguette/Documents/CS-AURO/build/week_8' returned '0': PYTHONPATH=/home/baguette/Documents/CS-AURO/build/week_8/prefix_override:/home/baguette/Documents/CS-AURO/install/week_8/lib/python3.10/site-packages:${PYTHONPATH} /usr/bin/python3 setup.py develop --editable --build-directory /home/baguette/Documents/CS-AURO/build/week_8/build --no-deps install_data
