[3.486s] Invoking command in '/home/baguette/Documents/CS-AURO/build/week_3': PYTHONPATH=/home/baguette/Documents/CS-AURO/build/week_3/prefix_override:/home/baguette/Documents/CS-AURO/install/week_3/lib/python3.10/site-packages:${PYTHONPATH} /usr/bin/python3 setup.py develop --editable --build-directory /home/baguette/Documents/CS-AURO/build/week_3/build --no-deps install_data
[3.733s] running develop
[3.733s] /usr/lib/python3/dist-packages/setuptools/command/easy_install.py:158: EasyInstallDeprecationWarning: easy_install command is deprecated. Use build and pip and other standards-based tools.
[3.733s]   warnings.warn(
[3.734s] /usr/lib/python3/dist-packages/setuptools/command/install.py:34: SetuptoolsDeprecationWarning: setup.py install is deprecated. Use build and pip and other standards-based tools.
[3.734s]   warnings.warn(
[3.986s] running egg_info
[3.987s] writing week_3.egg-info/PKG-INFO
[3.987s] writing dependency_links to week_3.egg-info/dependency_links.txt
[3.987s] writing entry points to week_3.egg-info/entry_points.txt
[3.987s] writing requirements to week_3.egg-info/requires.txt
[3.987s] writing top-level names to week_3.egg-info/top_level.txt
[3.989s] reading manifest file 'week_3.egg-info/SOURCES.txt'
[3.990s] writing manifest file 'week_3.egg-info/SOURCES.txt'
[3.991s] running build_ext
[3.992s] Creating /home/baguette/Documents/CS-AURO/install/week_3/lib/python3.10/site-packages/week-3.egg-link (link to .)
[3.993s] Installing rviz_text_marker script to /home/baguette/Documents/CS-AURO/install/week_3/lib/week_3
[3.993s] Installing turtlebot3_fsm script to /home/baguette/Documents/CS-AURO/install/week_3/lib/week_3
[3.994s] Installing turtlebot3_random_walk script to /home/baguette/Documents/CS-AURO/install/week_3/lib/week_3
[3.994s] 
[3.994s] Installed /home/baguette/Documents/CS-AURO/build/week_3
[3.994s] running install_data
[4.123s] Invoked command in '/home/baguette/Documents/CS-AURO/build/week_3' returned '0': PYTHONPATH=/home/baguette/Documents/CS-AURO/build/week_3/prefix_override:/home/baguette/Documents/CS-AURO/install/week_3/lib/python3.10/site-packages:${PYTHONPATH} /usr/bin/python3 setup.py develop --editable --build-directory /home/baguette/Documents/CS-AURO/build/week_3/build --no-deps install_data
