[3.369s] Invoking command in '/home/baguette/Documents/CS-AURO/build/week_6': PYTHONPATH=/home/baguette/Documents/CS-AURO/build/week_6/prefix_override:/home/baguette/Documents/CS-AURO/install/week_6/lib/python3.10/site-packages:${PYTHONPATH} /usr/bin/python3 setup.py develop --editable --build-directory /home/baguette/Documents/CS-AURO/build/week_6/build --no-deps install_data
[3.710s] running develop
[3.710s] /usr/lib/python3/dist-packages/setuptools/command/easy_install.py:158: EasyInstallDeprecationWarning: easy_install command is deprecated. Use build and pip and other standards-based tools.
[3.710s]   warnings.warn(
[3.711s] /usr/lib/python3/dist-packages/setuptools/command/install.py:34: SetuptoolsDeprecationWarning: setup.py install is deprecated. Use build and pip and other standards-based tools.
[3.711s]   warnings.warn(
[3.907s] running egg_info
[3.908s] writing week_6.egg-info/PKG-INFO
[3.908s] writing dependency_links to week_6.egg-info/dependency_links.txt
[3.908s] writing entry points to week_6.egg-info/entry_points.txt
[3.908s] writing requirements to week_6.egg-info/requires.txt
[3.909s] writing top-level names to week_6.egg-info/top_level.txt
[3.910s] reading manifest file 'week_6.egg-info/SOURCES.txt'
[3.910s] writing manifest file 'week_6.egg-info/SOURCES.txt'
[3.912s] running build_ext
[3.912s] Creating /home/baguette/Documents/CS-AURO/install/week_6/lib/python3.10/site-packages/week-6.egg-link (link to .)
[3.913s] Installing lidar_fault script to /home/baguette/Documents/CS-AURO/install/week_6/lib/week_6
[3.913s] Installing robot_controller script to /home/baguette/Documents/CS-AURO/install/week_6/lib/week_6
[3.913s] 
[3.913s] Installed /home/baguette/Documents/CS-AURO/build/week_6
[3.914s] running install_data
[4.059s] Invoked command in '/home/baguette/Documents/CS-AURO/build/week_6' returned '0': PYTHONPATH=/home/baguette/Documents/CS-AURO/build/week_6/prefix_override:/home/baguette/Documents/CS-AURO/install/week_6/lib/python3.10/site-packages:${PYTHONPATH} /usr/bin/python3 setup.py develop --editable --build-directory /home/baguette/Documents/CS-AURO/build/week_6/build --no-deps install_data
