[1.976s] Invoking command in '/home/baguette/Documents/src/build/assessment': PYTHONPATH=/home/baguette/Documents/src/build/assessment/prefix_override:/home/baguette/Documents/src/install/assessment/lib/python3.10/site-packages:${PYTHONPATH} /usr/bin/python3 setup.py develop --editable --build-directory /home/baguette/Documents/src/build/assessment/build --no-deps install_data
[2.194s] running develop
[2.194s] /usr/lib/python3/dist-packages/setuptools/command/easy_install.py:158: EasyInstallDeprecationWarning: easy_install command is deprecated. Use build and pip and other standards-based tools.
[2.194s]   warnings.warn(
[2.195s] /usr/lib/python3/dist-packages/setuptools/command/install.py:34: SetuptoolsDeprecationWarning: setup.py install is deprecated. Use build and pip and other standards-based tools.
[2.195s]   warnings.warn(
[2.379s] running egg_info
[2.379s] writing assessment.egg-info/PKG-INFO
[2.379s] writing dependency_links to assessment.egg-info/dependency_links.txt
[2.380s] writing entry points to assessment.egg-info/entry_points.txt
[2.381s] writing requirements to assessment.egg-info/requires.txt
[2.381s] writing top-level names to assessment.egg-info/top_level.txt
[2.381s] reading manifest file 'assessment.egg-info/SOURCES.txt'
[2.381s] writing manifest file 'assessment.egg-info/SOURCES.txt'
[2.382s] running build_ext
[2.383s] Creating /home/baguette/Documents/src/install/assessment/lib/python3.10/site-packages/assessment.egg-link (link to .)
[2.384s] Installing home_zone_sensor script to /home/baguette/Documents/src/install/assessment/lib/assessment
[2.384s] Installing item_manager script to /home/baguette/Documents/src/install/assessment/lib/assessment
[2.384s] Installing item_sensor script to /home/baguette/Documents/src/install/assessment/lib/assessment
[2.384s] Installing robot_sensor script to /home/baguette/Documents/src/install/assessment/lib/assessment
[2.385s] 
[2.385s] Installed /home/baguette/Documents/src/build/assessment
[2.385s] running install_data
[2.500s] Invoked command in '/home/baguette/Documents/src/build/assessment' returned '0': PYTHONPATH=/home/baguette/Documents/src/build/assessment/prefix_override:/home/baguette/Documents/src/install/assessment/lib/python3.10/site-packages:${PYTHONPATH} /usr/bin/python3 setup.py develop --editable --build-directory /home/baguette/Documents/src/build/assessment/build --no-deps install_data
