[0.838s] Invoking command in '/home/baguette/Documents/src/build/solution_interfaces': CMAKE_PREFIX_PATH=${CMAKE_PREFIX_PATH}:/home/baguette/Documents/src/install/tf_transformations:/home/baguette/Documents/src/install/tf_relay:/home/baguette/Documents/src/install/solution:/home/baguette/Documents/src/install/assessment:/opt/ros/humble /usr/bin/cmake --build /home/baguette/Documents/src/build/solution_interfaces -- -j16 -l16
[1.183s] [  6%] Built target solution_interfaces__cpp
[1.183s] [ 12%] Built target solution_interfaces__rosidl_generator_c
[1.183s] [ 12%] Built target ament_cmake_python_symlink_solution_interfaces
[1.184s] [ 45%] Built target solution_interfaces__rosidl_typesupport_c
[1.184s] [ 45%] Built target solution_interfaces__rosidl_typesupport_fastrtps_cpp
[1.184s] [ 45%] Built target solution_interfaces__rosidl_typesupport_introspection_c
[1.184s] [ 51%] Built target solution_interfaces__rosidl_typesupport_cpp
[1.184s] [ 61%] Built target solution_interfaces__rosidl_typesupport_introspection_cpp
[1.184s] [ 70%] Built target solution_interfaces__rosidl_typesupport_fastrtps_c
[1.184s] [ 70%] Built target solution_interfaces
[1.184s] [ 74%] Built target solution_interfaces__py
[1.184s] [ 80%] Built target solution_interfaces__rosidl_generator_py
[1.184s] [100%] Built target solution_interfaces__rosidl_typesupport_c__pyext
[1.184s] [100%] Built target solution_interfaces__rosidl_typesupport_fastrtps_c__pyext
[1.184s] [100%] Built target solution_interfaces__rosidl_typesupport_introspection_c__pyext
[1.185s] running egg_info
[1.185s] writing solution_interfaces.egg-info/PKG-INFO
[1.185s] writing dependency_links to solution_interfaces.egg-info/dependency_links.txt
[1.185s] writing top-level names to solution_interfaces.egg-info/top_level.txt
[1.185s] reading manifest file 'solution_interfaces.egg-info/SOURCES.txt'
[1.185s] writing manifest file 'solution_interfaces.egg-info/SOURCES.txt'
[1.203s] [100%] Built target ament_cmake_python_build_solution_interfaces_egg
[1.491s] Invoked command in '/home/baguette/Documents/src/build/solution_interfaces' returned '0': CMAKE_PREFIX_PATH=${CMAKE_PREFIX_PATH}:/home/baguette/Documents/src/install/tf_transformations:/home/baguette/Documents/src/install/tf_relay:/home/baguette/Documents/src/install/solution:/home/baguette/Documents/src/install/assessment:/opt/ros/humble /usr/bin/cmake --build /home/baguette/Documents/src/build/solution_interfaces -- -j16 -l16
[1.576s] Invoking command in '/home/baguette/Documents/src/build/solution_interfaces': CMAKE_PREFIX_PATH=${CMAKE_PREFIX_PATH}:/home/baguette/Documents/src/install/tf_transformations:/home/baguette/Documents/src/install/tf_relay:/home/baguette/Documents/src/install/solution:/home/baguette/Documents/src/install/assessment:/opt/ros/humble /usr/bin/cmake --install /home/baguette/Documents/src/build/solution_interfaces
[1.585s] -- Install configuration: ""
[1.586s] -- Execute custom install script
[1.586s] -- Up-to-date symlink: /home/baguette/Documents/src/install/solution_interfaces/share/ament_index/resource_index/rosidl_interfaces/solution_interfaces
[1.586s] -- Up-to-date symlink: /home/baguette/Documents/src/install/solution_interfaces/include/solution_interfaces/solution_interfaces/msg/detail/example__functions.h
[1.586s] -- Up-to-date symlink: /home/baguette/Documents/src/install/solution_interfaces/include/solution_interfaces/solution_interfaces/msg/detail/example__struct.h
[1.587s] -- Up-to-date symlink: /home/baguette/Documents/src/install/solution_interfaces/include/solution_interfaces/solution_interfaces/msg/detail/example__type_support.h
[1.587s] -- Up-to-date symlink: /home/baguette/Documents/src/install/solution_interfaces/include/solution_interfaces/solution_interfaces/msg/example.h
[1.587s] -- Up-to-date symlink: /home/baguette/Documents/src/install/solution_interfaces/include/solution_interfaces/solution_interfaces/msg/rosidl_generator_c__visibility_control.h
[1.587s] -- Up-to-date symlink: /home/baguette/Documents/src/install/solution_interfaces/share/solution_interfaces/environment/library_path.sh
[1.588s] -- Up-to-date symlink: /home/baguette/Documents/src/install/solution_interfaces/share/solution_interfaces/environment/library_path.dsv
[1.588s] -- Up-to-date symlink: /home/baguette/Documents/src/install/solution_interfaces/include/solution_interfaces/solution_interfaces/msg/detail/example__rosidl_typesupport_fastrtps_c.h
[1.588s] -- Up-to-date symlink: /home/baguette/Documents/src/install/solution_interfaces/include/solution_interfaces/solution_interfaces/msg/rosidl_typesupport_fastrtps_c__visibility_control.h
[1.588s] -- Up-to-date symlink: /home/baguette/Documents/src/install/solution_interfaces/include/solution_interfaces/solution_interfaces/msg/detail/example__builder.hpp
[1.588s] -- Up-to-date symlink: /home/baguette/Documents/src/install/solution_interfaces/include/solution_interfaces/solution_interfaces/msg/detail/example__struct.hpp
[1.588s] -- Up-to-date symlink: /home/baguette/Documents/src/install/solution_interfaces/include/solution_interfaces/solution_interfaces/msg/detail/example__traits.hpp
[1.588s] -- Up-to-date symlink: /home/baguette/Documents/src/install/solution_interfaces/include/solution_interfaces/solution_interfaces/msg/example.hpp
[1.589s] -- Up-to-date symlink: /home/baguette/Documents/src/install/solution_interfaces/include/solution_interfaces/solution_interfaces/msg/detail/example__rosidl_typesupport_fastrtps_cpp.hpp
[1.589s] -- Up-to-date symlink: /home/baguette/Documents/src/install/solution_interfaces/include/solution_interfaces/solution_interfaces/msg/rosidl_typesupport_fastrtps_cpp__visibility_control.h
[1.589s] -- Up-to-date symlink: /home/baguette/Documents/src/install/solution_interfaces/include/solution_interfaces/solution_interfaces/msg/detail/example__rosidl_typesupport_introspection_c.h
[1.590s] -- Up-to-date symlink: /home/baguette/Documents/src/install/solution_interfaces/include/solution_interfaces/solution_interfaces/msg/rosidl_typesupport_introspection_c__visibility_control.h
[1.590s] -- Up-to-date symlink: /home/baguette/Documents/src/install/solution_interfaces/include/solution_interfaces/solution_interfaces/msg/detail/example__rosidl_typesupport_introspection_cpp.hpp
[1.590s] -- Up-to-date symlink: /home/baguette/Documents/src/install/solution_interfaces/share/solution_interfaces/environment/pythonpath.sh
[1.590s] -- Up-to-date symlink: /home/baguette/Documents/src/install/solution_interfaces/share/solution_interfaces/environment/pythonpath.dsv
[1.590s] -- Up-to-date symlink: /home/baguette/Documents/src/install/solution_interfaces/local/lib/python3.10/dist-packages/solution_interfaces-0.0.0-py3.10.egg-info/PKG-INFO
[1.590s] -- Up-to-date symlink: /home/baguette/Documents/src/install/solution_interfaces/local/lib/python3.10/dist-packages/solution_interfaces-0.0.0-py3.10.egg-info/SOURCES.txt
[1.591s] -- Up-to-date symlink: /home/baguette/Documents/src/install/solution_interfaces/local/lib/python3.10/dist-packages/solution_interfaces-0.0.0-py3.10.egg-info/dependency_links.txt
[1.591s] -- Up-to-date symlink: /home/baguette/Documents/src/install/solution_interfaces/local/lib/python3.10/dist-packages/solution_interfaces-0.0.0-py3.10.egg-info/top_level.txt
[1.591s] -- Up-to-date symlink: /home/baguette/Documents/src/install/solution_interfaces/local/lib/python3.10/dist-packages/solution_interfaces/__init__.py
[1.591s] -- Up-to-date symlink: /home/baguette/Documents/src/install/solution_interfaces/local/lib/python3.10/dist-packages/solution_interfaces/_solution_interfaces_s.ep.rosidl_typesupport_c.c
[1.592s] -- Up-to-date symlink: /home/baguette/Documents/src/install/solution_interfaces/local/lib/python3.10/dist-packages/solution_interfaces/_solution_interfaces_s.ep.rosidl_typesupport_fastrtps_c.c
[1.593s] -- Up-to-date symlink: /home/baguette/Documents/src/install/solution_interfaces/local/lib/python3.10/dist-packages/solution_interfaces/_solution_interfaces_s.ep.rosidl_typesupport_introspection_c.c
[1.593s] -- Up-to-date symlink: /home/baguette/Documents/src/install/solution_interfaces/local/lib/python3.10/dist-packages/solution_interfaces/libsolution_interfaces__rosidl_generator_py.so
[1.593s] -- Up-to-date symlink: /home/baguette/Documents/src/install/solution_interfaces/local/lib/python3.10/dist-packages/solution_interfaces/msg/__init__.py
[1.593s] -- Up-to-date symlink: /home/baguette/Documents/src/install/solution_interfaces/local/lib/python3.10/dist-packages/solution_interfaces/msg/_example.py
[1.593s] -- Up-to-date symlink: /home/baguette/Documents/src/install/solution_interfaces/local/lib/python3.10/dist-packages/solution_interfaces/msg/_example_s.c
[1.594s] -- Up-to-date symlink: /home/baguette/Documents/src/install/solution_interfaces/local/lib/python3.10/dist-packages/solution_interfaces/solution_interfaces_s__rosidl_typesupport_c.cpython-310-x86_64-linux-gnu.so
[1.594s] -- Up-to-date symlink: /home/baguette/Documents/src/install/solution_interfaces/local/lib/python3.10/dist-packages/solution_interfaces/solution_interfaces_s__rosidl_typesupport_fastrtps_c.cpython-310-x86_64-linux-gnu.so
[1.594s] -- Up-to-date symlink: /home/baguette/Documents/src/install/solution_interfaces/local/lib/python3.10/dist-packages/solution_interfaces/solution_interfaces_s__rosidl_typesupport_introspection_c.cpython-310-x86_64-linux-gnu.so
[1.594s] -- Up-to-date symlink: /home/baguette/Documents/src/install/solution_interfaces/local/lib/python3.10/dist-packages/solution_interfaces/solution_interfaces_s__rosidl_typesupport_fastrtps_c.cpython-310-x86_64-linux-gnu.so
[1.594s] -- Up-to-date symlink: /home/baguette/Documents/src/install/solution_interfaces/local/lib/python3.10/dist-packages/solution_interfaces/solution_interfaces_s__rosidl_typesupport_introspection_c.cpython-310-x86_64-linux-gnu.so
[1.594s] -- Up-to-date symlink: /home/baguette/Documents/src/install/solution_interfaces/local/lib/python3.10/dist-packages/solution_interfaces/solution_interfaces_s__rosidl_typesupport_c.cpython-310-x86_64-linux-gnu.so
[1.594s] -- Up-to-date symlink: /home/baguette/Documents/src/install/solution_interfaces/share/solution_interfaces/msg/Example.idl
[1.594s] -- Up-to-date symlink: /home/baguette/Documents/src/install/solution_interfaces/share/solution_interfaces/msg/Example.msg
[1.595s] -- Up-to-date symlink: /home/baguette/Documents/src/install/solution_interfaces/share/ament_index/resource_index/package_run_dependencies/solution_interfaces
[1.595s] -- Up-to-date symlink: /home/baguette/Documents/src/install/solution_interfaces/share/ament_index/resource_index/parent_prefix_path/solution_interfaces
[1.595s] -- Up-to-date symlink: /home/baguette/Documents/src/install/solution_interfaces/share/solution_interfaces/environment/ament_prefix_path.sh
[1.595s] -- Up-to-date symlink: /home/baguette/Documents/src/install/solution_interfaces/share/solution_interfaces/environment/ament_prefix_path.dsv
[1.595s] -- Up-to-date symlink: /home/baguette/Documents/src/install/solution_interfaces/share/solution_interfaces/environment/path.sh
[1.595s] -- Up-to-date symlink: /home/baguette/Documents/src/install/solution_interfaces/share/solution_interfaces/environment/path.dsv
[1.595s] -- Up-to-date symlink: /home/baguette/Documents/src/install/solution_interfaces/share/solution_interfaces/local_setup.bash
[1.595s] -- Up-to-date symlink: /home/baguette/Documents/src/install/solution_interfaces/share/solution_interfaces/local_setup.sh
[1.596s] -- Up-to-date symlink: /home/baguette/Documents/src/install/solution_interfaces/share/solution_interfaces/local_setup.zsh
[1.596s] -- Up-to-date symlink: /home/baguette/Documents/src/install/solution_interfaces/share/solution_interfaces/local_setup.dsv
[1.600s] -- Symlinking: /home/baguette/Documents/src/install/solution_interfaces/share/solution_interfaces/package.dsv
[1.615s] -- Up-to-date symlink: /home/baguette/Documents/src/install/solution_interfaces/share/ament_index/resource_index/packages/solution_interfaces
[1.615s] -- Up-to-date symlink: /home/baguette/Documents/src/install/solution_interfaces/share/solution_interfaces/cmake/rosidl_cmake-extras.cmake
[1.615s] -- Up-to-date symlink: /home/baguette/Documents/src/install/solution_interfaces/share/solution_interfaces/cmake/ament_cmake_export_dependencies-extras.cmake
[1.616s] -- Up-to-date symlink: /home/baguette/Documents/src/install/solution_interfaces/share/solution_interfaces/cmake/ament_cmake_export_include_directories-extras.cmake
[1.616s] -- Up-to-date symlink: /home/baguette/Documents/src/install/solution_interfaces/share/solution_interfaces/cmake/ament_cmake_export_libraries-extras.cmake
[1.616s] -- Up-to-date symlink: /home/baguette/Documents/src/install/solution_interfaces/share/solution_interfaces/cmake/ament_cmake_export_targets-extras.cmake
[1.616s] -- Up-to-date symlink: /home/baguette/Documents/src/install/solution_interfaces/share/solution_interfaces/cmake/rosidl_cmake_export_typesupport_targets-extras.cmake
[1.617s] -- Up-to-date symlink: /home/baguette/Documents/src/install/solution_interfaces/share/solution_interfaces/cmake/rosidl_cmake_export_typesupport_libraries-extras.cmake
[1.617s] -- Up-to-date symlink: /home/baguette/Documents/src/install/solution_interfaces/share/solution_interfaces/cmake/solution_interfacesConfig.cmake
[1.618s] -- Up-to-date symlink: /home/baguette/Documents/src/install/solution_interfaces/share/solution_interfaces/cmake/solution_interfacesConfig-version.cmake
[1.618s] -- Up-to-date symlink: /home/baguette/Documents/src/install/solution_interfaces/share/solution_interfaces/package.xml
[1.618s] -- Up-to-date: /home/baguette/Documents/src/install/solution_interfaces/lib/libsolution_interfaces__rosidl_generator_c.so
[1.619s] -- Up-to-date: /home/baguette/Documents/src/install/solution_interfaces/lib/libsolution_interfaces__rosidl_typesupport_fastrtps_c.so
[1.619s] -- Up-to-date: /home/baguette/Documents/src/install/solution_interfaces/lib/libsolution_interfaces__rosidl_typesupport_fastrtps_cpp.so
[1.619s] -- Up-to-date: /home/baguette/Documents/src/install/solution_interfaces/lib/libsolution_interfaces__rosidl_typesupport_introspection_c.so
[1.619s] -- Up-to-date: /home/baguette/Documents/src/install/solution_interfaces/lib/libsolution_interfaces__rosidl_typesupport_c.so
[1.620s] -- Up-to-date: /home/baguette/Documents/src/install/solution_interfaces/lib/libsolution_interfaces__rosidl_typesupport_introspection_cpp.so
[1.620s] -- Up-to-date: /home/baguette/Documents/src/install/solution_interfaces/lib/libsolution_interfaces__rosidl_typesupport_cpp.so
[1.664s] Listing '/home/baguette/Documents/src/install/solution_interfaces/local/lib/python3.10/dist-packages/solution_interfaces'...
[1.664s] Listing '/home/baguette/Documents/src/install/solution_interfaces/local/lib/python3.10/dist-packages/solution_interfaces/msg'...
[1.670s] -- Up-to-date: /home/baguette/Documents/src/install/solution_interfaces/lib/libsolution_interfaces__rosidl_generator_py.so
[1.670s] -- Up-to-date: /home/baguette/Documents/src/install/solution_interfaces/share/solution_interfaces/cmake/export_solution_interfaces__rosidl_generator_cExport.cmake
[1.670s] -- Up-to-date: /home/baguette/Documents/src/install/solution_interfaces/share/solution_interfaces/cmake/export_solution_interfaces__rosidl_generator_cExport-noconfig.cmake
[1.670s] -- Up-to-date: /home/baguette/Documents/src/install/solution_interfaces/share/solution_interfaces/cmake/export_solution_interfaces__rosidl_typesupport_fastrtps_cExport.cmake
[1.671s] -- Up-to-date: /home/baguette/Documents/src/install/solution_interfaces/share/solution_interfaces/cmake/export_solution_interfaces__rosidl_typesupport_fastrtps_cExport-noconfig.cmake
[1.671s] -- Up-to-date: /home/baguette/Documents/src/install/solution_interfaces/share/solution_interfaces/cmake/export_solution_interfaces__rosidl_generator_cppExport.cmake
[1.671s] -- Up-to-date: /home/baguette/Documents/src/install/solution_interfaces/share/solution_interfaces/cmake/export_solution_interfaces__rosidl_typesupport_fastrtps_cppExport.cmake
[1.671s] -- Up-to-date: /home/baguette/Documents/src/install/solution_interfaces/share/solution_interfaces/cmake/export_solution_interfaces__rosidl_typesupport_fastrtps_cppExport-noconfig.cmake
[1.672s] -- Up-to-date: /home/baguette/Documents/src/install/solution_interfaces/share/solution_interfaces/cmake/solution_interfaces__rosidl_typesupport_introspection_cExport.cmake
[1.672s] -- Up-to-date: /home/baguette/Documents/src/install/solution_interfaces/share/solution_interfaces/cmake/solution_interfaces__rosidl_typesupport_introspection_cExport-noconfig.cmake
[1.672s] -- Up-to-date: /home/baguette/Documents/src/install/solution_interfaces/share/solution_interfaces/cmake/solution_interfaces__rosidl_typesupport_cExport.cmake
[1.672s] -- Up-to-date: /home/baguette/Documents/src/install/solution_interfaces/share/solution_interfaces/cmake/solution_interfaces__rosidl_typesupport_cExport-noconfig.cmake
[1.673s] -- Up-to-date: /home/baguette/Documents/src/install/solution_interfaces/share/solution_interfaces/cmake/solution_interfaces__rosidl_typesupport_introspection_cppExport.cmake
[1.673s] -- Up-to-date: /home/baguette/Documents/src/install/solution_interfaces/share/solution_interfaces/cmake/solution_interfaces__rosidl_typesupport_introspection_cppExport-noconfig.cmake
[1.673s] -- Up-to-date: /home/baguette/Documents/src/install/solution_interfaces/share/solution_interfaces/cmake/solution_interfaces__rosidl_typesupport_cppExport.cmake
[1.673s] -- Up-to-date: /home/baguette/Documents/src/install/solution_interfaces/share/solution_interfaces/cmake/solution_interfaces__rosidl_typesupport_cppExport-noconfig.cmake
[1.673s] -- Up-to-date: /home/baguette/Documents/src/install/solution_interfaces/share/solution_interfaces/cmake/export_solution_interfaces__rosidl_generator_pyExport.cmake
[1.674s] -- Up-to-date: /home/baguette/Documents/src/install/solution_interfaces/share/solution_interfaces/cmake/export_solution_interfaces__rosidl_generator_pyExport-noconfig.cmake
[1.691s] Invoked command in '/home/baguette/Documents/src/build/solution_interfaces' returned '0': CMAKE_PREFIX_PATH=${CMAKE_PREFIX_PATH}:/home/baguette/Documents/src/install/tf_transformations:/home/baguette/Documents/src/install/tf_relay:/home/baguette/Documents/src/install/solution:/home/baguette/Documents/src/install/assessment:/opt/ros/humble /usr/bin/cmake --install /home/baguette/Documents/src/build/solution_interfaces
