[0.681s] Invoking command in '/home/baguette/Documents/CS-AURO/build/assessment_interfaces': CMAKE_PREFIX_PATH=/opt/ros/humble /usr/bin/cmake --build /home/baguette/Documents/CS-AURO/build/assessment_interfaces -- -j16 -l16
[3.034s] [35m[1mConsolidate compiler generated dependencies of target assessment_interfaces__rosidl_generator_c[0m
[3.034s] [  1%] Built target assessment_interfaces__cpp
[3.034s] [ 12%] Built target assessment_interfaces__rosidl_generator_c
[3.035s] [ 12%] Built target ament_cmake_python_symlink_assessment_interfaces
[3.035s] [35m[1mConsolidate compiler generated dependencies of target assessment_interfaces__rosidl_typesupport_cpp[0m
[3.036s] [35m[1mConsolidate compiler generated dependencies of target assessment_interfaces__rosidl_typesupport_fastrtps_cpp[0m
[3.036s] [35m[1mConsolidate compiler generated dependencies of target assessment_interfaces__rosidl_typesupport_introspection_cpp[0m
[3.036s] [35m[1mConsolidate compiler generated dependencies of target assessment_interfaces__rosidl_typesupport_c[0m
[3.036s] [35m[1mConsolidate compiler generated dependencies of target assessment_interfaces__rosidl_typesupport_fastrtps_c[0m
[3.036s] [35m[1mConsolidate compiler generated dependencies of target assessment_interfaces__rosidl_typesupport_introspection_c[0m
[3.036s] [ 24%] Built target assessment_interfaces__rosidl_typesupport_c
[3.036s] [ 35%] Built target assessment_interfaces__rosidl_typesupport_cpp
[3.036s] [ 58%] Built target assessment_interfaces__rosidl_typesupport_introspection_c
[3.036s] [ 58%] Built target assessment_interfaces__rosidl_typesupport_fastrtps_cpp
[3.036s] [ 80%] Built target assessment_interfaces__rosidl_typesupport_introspection_cpp
[3.036s] [ 81%] Built target assessment_interfaces__rosidl_typesupport_fastrtps_c
[3.036s] [ 81%] Built target assessment_interfaces
[3.036s] [ 82%] Built target assessment_interfaces__py
[3.036s] [35m[1mConsolidate compiler generated dependencies of target assessment_interfaces__rosidl_generator_py[0m
[3.036s] [ 93%] Built target assessment_interfaces__rosidl_generator_py
[3.036s] [35m[1mConsolidate compiler generated dependencies of target assessment_interfaces__rosidl_typesupport_c__pyext[0m
[3.036s] [35m[1mConsolidate compiler generated dependencies of target assessment_interfaces__rosidl_typesupport_fastrtps_c__pyext[0m
[3.036s] [35m[1mConsolidate compiler generated dependencies of target assessment_interfaces__rosidl_typesupport_introspection_c__pyext[0m
[3.037s] [100%] Built target assessment_interfaces__rosidl_typesupport_fastrtps_c__pyext
[3.037s] [100%] Built target assessment_interfaces__rosidl_typesupport_c__pyext
[3.037s] [100%] Built target assessment_interfaces__rosidl_typesupport_introspection_c__pyext
[3.037s] running egg_info
[3.037s] writing assessment_interfaces.egg-info/PKG-INFO
[3.037s] writing dependency_links to assessment_interfaces.egg-info/dependency_links.txt
[3.037s] writing top-level names to assessment_interfaces.egg-info/top_level.txt
[3.037s] reading manifest file 'assessment_interfaces.egg-info/SOURCES.txt'
[3.037s] writing manifest file 'assessment_interfaces.egg-info/SOURCES.txt'
[3.037s] [100%] Built target ament_cmake_python_build_assessment_interfaces_egg
[3.266s] Invoked command in '/home/baguette/Documents/CS-AURO/build/assessment_interfaces' returned '0': CMAKE_PREFIX_PATH=/opt/ros/humble /usr/bin/cmake --build /home/baguette/Documents/CS-AURO/build/assessment_interfaces -- -j16 -l16
[3.575s] Invoking command in '/home/baguette/Documents/CS-AURO/build/assessment_interfaces': CMAKE_PREFIX_PATH=/opt/ros/humble /usr/bin/cmake --install /home/baguette/Documents/CS-AURO/build/assessment_interfaces
[3.585s] -- Install configuration: ""
[3.585s] -- Execute custom install script
[3.586s] -- Up-to-date symlink: /home/baguette/Documents/CS-AURO/install/assessment_interfaces/share/ament_index/resource_index/rosidl_interfaces/assessment_interfaces
[3.587s] -- Up-to-date symlink: /home/baguette/Documents/CS-AURO/install/assessment_interfaces/include/assessment_interfaces/assessment_interfaces/msg/detail/home_zone__functions.h
[3.587s] -- Up-to-date symlink: /home/baguette/Documents/CS-AURO/install/assessment_interfaces/include/assessment_interfaces/assessment_interfaces/msg/detail/home_zone__struct.h
[3.587s] -- Up-to-date symlink: /home/baguette/Documents/CS-AURO/install/assessment_interfaces/include/assessment_interfaces/assessment_interfaces/msg/detail/home_zone__type_support.h
[3.587s] -- Up-to-date symlink: /home/baguette/Documents/CS-AURO/install/assessment_interfaces/include/assessment_interfaces/assessment_interfaces/msg/detail/item__functions.h
[3.587s] -- Up-to-date symlink: /home/baguette/Documents/CS-AURO/install/assessment_interfaces/include/assessment_interfaces/assessment_interfaces/msg/detail/item__struct.h
[3.588s] -- Up-to-date symlink: /home/baguette/Documents/CS-AURO/install/assessment_interfaces/include/assessment_interfaces/assessment_interfaces/msg/detail/item__type_support.h
[3.588s] -- Up-to-date symlink: /home/baguette/Documents/CS-AURO/install/assessment_interfaces/include/assessment_interfaces/assessment_interfaces/msg/detail/item_holder__functions.h
[3.588s] -- Up-to-date symlink: /home/baguette/Documents/CS-AURO/install/assessment_interfaces/include/assessment_interfaces/assessment_interfaces/msg/detail/item_holder__struct.h
[3.588s] -- Up-to-date symlink: /home/baguette/Documents/CS-AURO/install/assessment_interfaces/include/assessment_interfaces/assessment_interfaces/msg/detail/item_holder__type_support.h
[3.588s] -- Up-to-date symlink: /home/baguette/Documents/CS-AURO/install/assessment_interfaces/include/assessment_interfaces/assessment_interfaces/msg/detail/item_holders__functions.h
[3.589s] -- Up-to-date symlink: /home/baguette/Documents/CS-AURO/install/assessment_interfaces/include/assessment_interfaces/assessment_interfaces/msg/detail/item_holders__struct.h
[3.589s] -- Up-to-date symlink: /home/baguette/Documents/CS-AURO/install/assessment_interfaces/include/assessment_interfaces/assessment_interfaces/msg/detail/item_holders__type_support.h
[3.589s] -- Up-to-date symlink: /home/baguette/Documents/CS-AURO/install/assessment_interfaces/include/assessment_interfaces/assessment_interfaces/msg/detail/item_list__functions.h
[3.589s] -- Up-to-date symlink: /home/baguette/Documents/CS-AURO/install/assessment_interfaces/include/assessment_interfaces/assessment_interfaces/msg/detail/item_list__struct.h
[3.589s] -- Up-to-date symlink: /home/baguette/Documents/CS-AURO/install/assessment_interfaces/include/assessment_interfaces/assessment_interfaces/msg/detail/item_list__type_support.h
[3.590s] -- Up-to-date symlink: /home/baguette/Documents/CS-AURO/install/assessment_interfaces/include/assessment_interfaces/assessment_interfaces/msg/detail/item_log__functions.h
[3.590s] -- Up-to-date symlink: /home/baguette/Documents/CS-AURO/install/assessment_interfaces/include/assessment_interfaces/assessment_interfaces/msg/detail/item_log__struct.h
[3.590s] -- Up-to-date symlink: /home/baguette/Documents/CS-AURO/install/assessment_interfaces/include/assessment_interfaces/assessment_interfaces/msg/detail/item_log__type_support.h
[3.590s] -- Up-to-date symlink: /home/baguette/Documents/CS-AURO/install/assessment_interfaces/include/assessment_interfaces/assessment_interfaces/msg/detail/robot__functions.h
[3.590s] -- Up-to-date symlink: /home/baguette/Documents/CS-AURO/install/assessment_interfaces/include/assessment_interfaces/assessment_interfaces/msg/detail/robot__struct.h
[3.590s] -- Up-to-date symlink: /home/baguette/Documents/CS-AURO/install/assessment_interfaces/include/assessment_interfaces/assessment_interfaces/msg/detail/robot__type_support.h
[3.591s] -- Up-to-date symlink: /home/baguette/Documents/CS-AURO/install/assessment_interfaces/include/assessment_interfaces/assessment_interfaces/msg/detail/robot_list__functions.h
[3.591s] -- Up-to-date symlink: /home/baguette/Documents/CS-AURO/install/assessment_interfaces/include/assessment_interfaces/assessment_interfaces/msg/detail/robot_list__struct.h
[3.591s] -- Up-to-date symlink: /home/baguette/Documents/CS-AURO/install/assessment_interfaces/include/assessment_interfaces/assessment_interfaces/msg/detail/robot_list__type_support.h
[3.591s] -- Up-to-date symlink: /home/baguette/Documents/CS-AURO/install/assessment_interfaces/include/assessment_interfaces/assessment_interfaces/msg/home_zone.h
[3.591s] -- Up-to-date symlink: /home/baguette/Documents/CS-AURO/install/assessment_interfaces/include/assessment_interfaces/assessment_interfaces/msg/item.h
[3.592s] -- Up-to-date symlink: /home/baguette/Documents/CS-AURO/install/assessment_interfaces/include/assessment_interfaces/assessment_interfaces/msg/item_holder.h
[3.592s] -- Up-to-date symlink: /home/baguette/Documents/CS-AURO/install/assessment_interfaces/include/assessment_interfaces/assessment_interfaces/msg/item_holders.h
[3.592s] -- Up-to-date symlink: /home/baguette/Documents/CS-AURO/install/assessment_interfaces/include/assessment_interfaces/assessment_interfaces/msg/item_list.h
[3.592s] -- Up-to-date symlink: /home/baguette/Documents/CS-AURO/install/assessment_interfaces/include/assessment_interfaces/assessment_interfaces/msg/item_log.h
[3.592s] -- Up-to-date symlink: /home/baguette/Documents/CS-AURO/install/assessment_interfaces/include/assessment_interfaces/assessment_interfaces/msg/robot.h
[3.593s] -- Up-to-date symlink: /home/baguette/Documents/CS-AURO/install/assessment_interfaces/include/assessment_interfaces/assessment_interfaces/msg/robot_list.h
[3.593s] -- Up-to-date symlink: /home/baguette/Documents/CS-AURO/install/assessment_interfaces/include/assessment_interfaces/assessment_interfaces/msg/rosidl_generator_c__visibility_control.h
[3.593s] -- Up-to-date symlink: /home/baguette/Documents/CS-AURO/install/assessment_interfaces/share/assessment_interfaces/environment/library_path.sh
[3.593s] -- Up-to-date symlink: /home/baguette/Documents/CS-AURO/install/assessment_interfaces/share/assessment_interfaces/environment/library_path.dsv
[3.594s] -- Up-to-date symlink: /home/baguette/Documents/CS-AURO/install/assessment_interfaces/include/assessment_interfaces/assessment_interfaces/msg/detail/home_zone__rosidl_typesupport_fastrtps_c.h
[3.594s] -- Up-to-date symlink: /home/baguette/Documents/CS-AURO/install/assessment_interfaces/include/assessment_interfaces/assessment_interfaces/msg/detail/item__rosidl_typesupport_fastrtps_c.h
[3.594s] -- Up-to-date symlink: /home/baguette/Documents/CS-AURO/install/assessment_interfaces/include/assessment_interfaces/assessment_interfaces/msg/detail/item_holder__rosidl_typesupport_fastrtps_c.h
[3.595s] -- Up-to-date symlink: /home/baguette/Documents/CS-AURO/install/assessment_interfaces/include/assessment_interfaces/assessment_interfaces/msg/detail/item_holders__rosidl_typesupport_fastrtps_c.h
[3.595s] -- Up-to-date symlink: /home/baguette/Documents/CS-AURO/install/assessment_interfaces/include/assessment_interfaces/assessment_interfaces/msg/detail/item_list__rosidl_typesupport_fastrtps_c.h
[3.595s] -- Up-to-date symlink: /home/baguette/Documents/CS-AURO/install/assessment_interfaces/include/assessment_interfaces/assessment_interfaces/msg/detail/item_log__rosidl_typesupport_fastrtps_c.h
[3.595s] -- Up-to-date symlink: /home/baguette/Documents/CS-AURO/install/assessment_interfaces/include/assessment_interfaces/assessment_interfaces/msg/detail/robot__rosidl_typesupport_fastrtps_c.h
[3.595s] -- Up-to-date symlink: /home/baguette/Documents/CS-AURO/install/assessment_interfaces/include/assessment_interfaces/assessment_interfaces/msg/detail/robot_list__rosidl_typesupport_fastrtps_c.h
[3.596s] -- Up-to-date symlink: /home/baguette/Documents/CS-AURO/install/assessment_interfaces/include/assessment_interfaces/assessment_interfaces/msg/rosidl_typesupport_fastrtps_c__visibility_control.h
[3.596s] -- Up-to-date symlink: /home/baguette/Documents/CS-AURO/install/assessment_interfaces/include/assessment_interfaces/assessment_interfaces/msg/detail/home_zone__rosidl_typesupport_introspection_c.h
[3.596s] -- Up-to-date symlink: /home/baguette/Documents/CS-AURO/install/assessment_interfaces/include/assessment_interfaces/assessment_interfaces/msg/detail/item__rosidl_typesupport_introspection_c.h
[3.596s] -- Up-to-date symlink: /home/baguette/Documents/CS-AURO/install/assessment_interfaces/include/assessment_interfaces/assessment_interfaces/msg/detail/item_holder__rosidl_typesupport_introspection_c.h
[3.597s] -- Up-to-date symlink: /home/baguette/Documents/CS-AURO/install/assessment_interfaces/include/assessment_interfaces/assessment_interfaces/msg/detail/item_holders__rosidl_typesupport_introspection_c.h
[3.597s] -- Up-to-date symlink: /home/baguette/Documents/CS-AURO/install/assessment_interfaces/include/assessment_interfaces/assessment_interfaces/msg/detail/item_list__rosidl_typesupport_introspection_c.h
[3.597s] -- Up-to-date symlink: /home/baguette/Documents/CS-AURO/install/assessment_interfaces/include/assessment_interfaces/assessment_interfaces/msg/detail/item_log__rosidl_typesupport_introspection_c.h
[3.597s] -- Up-to-date symlink: /home/baguette/Documents/CS-AURO/install/assessment_interfaces/include/assessment_interfaces/assessment_interfaces/msg/detail/robot__rosidl_typesupport_introspection_c.h
[3.597s] -- Up-to-date symlink: /home/baguette/Documents/CS-AURO/install/assessment_interfaces/include/assessment_interfaces/assessment_interfaces/msg/detail/robot_list__rosidl_typesupport_introspection_c.h
[3.598s] -- Up-to-date symlink: /home/baguette/Documents/CS-AURO/install/assessment_interfaces/include/assessment_interfaces/assessment_interfaces/msg/rosidl_typesupport_introspection_c__visibility_control.h
[3.599s] -- Up-to-date symlink: /home/baguette/Documents/CS-AURO/install/assessment_interfaces/include/assessment_interfaces/assessment_interfaces/msg/detail/home_zone__builder.hpp
[3.599s] -- Up-to-date symlink: /home/baguette/Documents/CS-AURO/install/assessment_interfaces/include/assessment_interfaces/assessment_interfaces/msg/detail/home_zone__struct.hpp
[3.599s] -- Up-to-date symlink: /home/baguette/Documents/CS-AURO/install/assessment_interfaces/include/assessment_interfaces/assessment_interfaces/msg/detail/home_zone__traits.hpp
[3.599s] -- Up-to-date symlink: /home/baguette/Documents/CS-AURO/install/assessment_interfaces/include/assessment_interfaces/assessment_interfaces/msg/detail/item__builder.hpp
[3.599s] -- Up-to-date symlink: /home/baguette/Documents/CS-AURO/install/assessment_interfaces/include/assessment_interfaces/assessment_interfaces/msg/detail/item__struct.hpp
[3.599s] -- Up-to-date symlink: /home/baguette/Documents/CS-AURO/install/assessment_interfaces/include/assessment_interfaces/assessment_interfaces/msg/detail/item__traits.hpp
[3.600s] -- Up-to-date symlink: /home/baguette/Documents/CS-AURO/install/assessment_interfaces/include/assessment_interfaces/assessment_interfaces/msg/detail/item_holder__builder.hpp
[3.600s] -- Up-to-date symlink: /home/baguette/Documents/CS-AURO/install/assessment_interfaces/include/assessment_interfaces/assessment_interfaces/msg/detail/item_holder__struct.hpp
[3.600s] -- Up-to-date symlink: /home/baguette/Documents/CS-AURO/install/assessment_interfaces/include/assessment_interfaces/assessment_interfaces/msg/detail/item_holder__traits.hpp
[3.600s] -- Up-to-date symlink: /home/baguette/Documents/CS-AURO/install/assessment_interfaces/include/assessment_interfaces/assessment_interfaces/msg/detail/item_holders__builder.hpp
[3.600s] -- Up-to-date symlink: /home/baguette/Documents/CS-AURO/install/assessment_interfaces/include/assessment_interfaces/assessment_interfaces/msg/detail/item_holders__struct.hpp
[3.600s] -- Up-to-date symlink: /home/baguette/Documents/CS-AURO/install/assessment_interfaces/include/assessment_interfaces/assessment_interfaces/msg/detail/item_holders__traits.hpp
[3.601s] -- Up-to-date symlink: /home/baguette/Documents/CS-AURO/install/assessment_interfaces/include/assessment_interfaces/assessment_interfaces/msg/detail/item_list__builder.hpp
[3.601s] -- Up-to-date symlink: /home/baguette/Documents/CS-AURO/install/assessment_interfaces/include/assessment_interfaces/assessment_interfaces/msg/detail/item_list__struct.hpp
[3.601s] -- Up-to-date symlink: /home/baguette/Documents/CS-AURO/install/assessment_interfaces/include/assessment_interfaces/assessment_interfaces/msg/detail/item_list__traits.hpp
[3.601s] -- Up-to-date symlink: /home/baguette/Documents/CS-AURO/install/assessment_interfaces/include/assessment_interfaces/assessment_interfaces/msg/detail/item_log__builder.hpp
[3.601s] -- Up-to-date symlink: /home/baguette/Documents/CS-AURO/install/assessment_interfaces/include/assessment_interfaces/assessment_interfaces/msg/detail/item_log__struct.hpp
[3.601s] -- Up-to-date symlink: /home/baguette/Documents/CS-AURO/install/assessment_interfaces/include/assessment_interfaces/assessment_interfaces/msg/detail/item_log__traits.hpp
[3.602s] -- Up-to-date symlink: /home/baguette/Documents/CS-AURO/install/assessment_interfaces/include/assessment_interfaces/assessment_interfaces/msg/detail/robot__builder.hpp
[3.602s] -- Up-to-date symlink: /home/baguette/Documents/CS-AURO/install/assessment_interfaces/include/assessment_interfaces/assessment_interfaces/msg/detail/robot__struct.hpp
[3.602s] -- Up-to-date symlink: /home/baguette/Documents/CS-AURO/install/assessment_interfaces/include/assessment_interfaces/assessment_interfaces/msg/detail/robot__traits.hpp
[3.602s] -- Up-to-date symlink: /home/baguette/Documents/CS-AURO/install/assessment_interfaces/include/assessment_interfaces/assessment_interfaces/msg/detail/robot_list__builder.hpp
[3.602s] -- Up-to-date symlink: /home/baguette/Documents/CS-AURO/install/assessment_interfaces/include/assessment_interfaces/assessment_interfaces/msg/detail/robot_list__struct.hpp
[3.602s] -- Up-to-date symlink: /home/baguette/Documents/CS-AURO/install/assessment_interfaces/include/assessment_interfaces/assessment_interfaces/msg/detail/robot_list__traits.hpp
[3.603s] -- Up-to-date symlink: /home/baguette/Documents/CS-AURO/install/assessment_interfaces/include/assessment_interfaces/assessment_interfaces/msg/home_zone.hpp
[3.603s] -- Up-to-date symlink: /home/baguette/Documents/CS-AURO/install/assessment_interfaces/include/assessment_interfaces/assessment_interfaces/msg/item.hpp
[3.603s] -- Up-to-date symlink: /home/baguette/Documents/CS-AURO/install/assessment_interfaces/include/assessment_interfaces/assessment_interfaces/msg/item_holder.hpp
[3.603s] -- Up-to-date symlink: /home/baguette/Documents/CS-AURO/install/assessment_interfaces/include/assessment_interfaces/assessment_interfaces/msg/item_holders.hpp
[3.603s] -- Up-to-date symlink: /home/baguette/Documents/CS-AURO/install/assessment_interfaces/include/assessment_interfaces/assessment_interfaces/msg/item_list.hpp
[3.604s] -- Up-to-date symlink: /home/baguette/Documents/CS-AURO/install/assessment_interfaces/include/assessment_interfaces/assessment_interfaces/msg/item_log.hpp
[3.604s] -- Up-to-date symlink: /home/baguette/Documents/CS-AURO/install/assessment_interfaces/include/assessment_interfaces/assessment_interfaces/msg/robot.hpp
[3.604s] -- Up-to-date symlink: /home/baguette/Documents/CS-AURO/install/assessment_interfaces/include/assessment_interfaces/assessment_interfaces/msg/robot_list.hpp
[3.605s] -- Up-to-date symlink: /home/baguette/Documents/CS-AURO/install/assessment_interfaces/include/assessment_interfaces/assessment_interfaces/msg/detail/home_zone__rosidl_typesupport_fastrtps_cpp.hpp
[3.605s] -- Up-to-date symlink: /home/baguette/Documents/CS-AURO/install/assessment_interfaces/include/assessment_interfaces/assessment_interfaces/msg/detail/item__rosidl_typesupport_fastrtps_cpp.hpp
[3.605s] -- Up-to-date symlink: /home/baguette/Documents/CS-AURO/install/assessment_interfaces/include/assessment_interfaces/assessment_interfaces/msg/detail/item_holder__rosidl_typesupport_fastrtps_cpp.hpp
[3.605s] -- Up-to-date symlink: /home/baguette/Documents/CS-AURO/install/assessment_interfaces/include/assessment_interfaces/assessment_interfaces/msg/detail/item_holders__rosidl_typesupport_fastrtps_cpp.hpp
[3.606s] -- Up-to-date symlink: /home/baguette/Documents/CS-AURO/install/assessment_interfaces/include/assessment_interfaces/assessment_interfaces/msg/detail/item_list__rosidl_typesupport_fastrtps_cpp.hpp
[3.606s] -- Up-to-date symlink: /home/baguette/Documents/CS-AURO/install/assessment_interfaces/include/assessment_interfaces/assessment_interfaces/msg/detail/item_log__rosidl_typesupport_fastrtps_cpp.hpp
[3.606s] -- Up-to-date symlink: /home/baguette/Documents/CS-AURO/install/assessment_interfaces/include/assessment_interfaces/assessment_interfaces/msg/detail/robot__rosidl_typesupport_fastrtps_cpp.hpp
[3.606s] -- Up-to-date symlink: /home/baguette/Documents/CS-AURO/install/assessment_interfaces/include/assessment_interfaces/assessment_interfaces/msg/detail/robot_list__rosidl_typesupport_fastrtps_cpp.hpp
[3.606s] -- Up-to-date symlink: /home/baguette/Documents/CS-AURO/install/assessment_interfaces/include/assessment_interfaces/assessment_interfaces/msg/rosidl_typesupport_fastrtps_cpp__visibility_control.h
[3.607s] -- Up-to-date symlink: /home/baguette/Documents/CS-AURO/install/assessment_interfaces/include/assessment_interfaces/assessment_interfaces/msg/detail/home_zone__rosidl_typesupport_introspection_cpp.hpp
[3.607s] -- Up-to-date symlink: /home/baguette/Documents/CS-AURO/install/assessment_interfaces/include/assessment_interfaces/assessment_interfaces/msg/detail/item__rosidl_typesupport_introspection_cpp.hpp
[3.607s] -- Up-to-date symlink: /home/baguette/Documents/CS-AURO/install/assessment_interfaces/include/assessment_interfaces/assessment_interfaces/msg/detail/item_holder__rosidl_typesupport_introspection_cpp.hpp
[3.607s] -- Up-to-date symlink: /home/baguette/Documents/CS-AURO/install/assessment_interfaces/include/assessment_interfaces/assessment_interfaces/msg/detail/item_holders__rosidl_typesupport_introspection_cpp.hpp
[3.608s] -- Up-to-date symlink: /home/baguette/Documents/CS-AURO/install/assessment_interfaces/include/assessment_interfaces/assessment_interfaces/msg/detail/item_list__rosidl_typesupport_introspection_cpp.hpp
[3.608s] -- Up-to-date symlink: /home/baguette/Documents/CS-AURO/install/assessment_interfaces/include/assessment_interfaces/assessment_interfaces/msg/detail/item_log__rosidl_typesupport_introspection_cpp.hpp
[3.608s] -- Up-to-date symlink: /home/baguette/Documents/CS-AURO/install/assessment_interfaces/include/assessment_interfaces/assessment_interfaces/msg/detail/robot__rosidl_typesupport_introspection_cpp.hpp
[3.608s] -- Up-to-date symlink: /home/baguette/Documents/CS-AURO/install/assessment_interfaces/include/assessment_interfaces/assessment_interfaces/msg/detail/robot_list__rosidl_typesupport_introspection_cpp.hpp
[3.608s] -- Up-to-date symlink: /home/baguette/Documents/CS-AURO/install/assessment_interfaces/share/assessment_interfaces/environment/pythonpath.sh
[3.609s] -- Up-to-date symlink: /home/baguette/Documents/CS-AURO/install/assessment_interfaces/share/assessment_interfaces/environment/pythonpath.dsv
[3.609s] -- Up-to-date symlink: /home/baguette/Documents/CS-AURO/install/assessment_interfaces/local/lib/python3.10/dist-packages/assessment_interfaces-0.0.0-py3.10.egg-info/PKG-INFO
[3.609s] -- Up-to-date symlink: /home/baguette/Documents/CS-AURO/install/assessment_interfaces/local/lib/python3.10/dist-packages/assessment_interfaces-0.0.0-py3.10.egg-info/SOURCES.txt
[3.609s] -- Up-to-date symlink: /home/baguette/Documents/CS-AURO/install/assessment_interfaces/local/lib/python3.10/dist-packages/assessment_interfaces-0.0.0-py3.10.egg-info/dependency_links.txt
[3.610s] -- Up-to-date symlink: /home/baguette/Documents/CS-AURO/install/assessment_interfaces/local/lib/python3.10/dist-packages/assessment_interfaces-0.0.0-py3.10.egg-info/top_level.txt
[3.611s] -- Up-to-date symlink: /home/baguette/Documents/CS-AURO/install/assessment_interfaces/local/lib/python3.10/dist-packages/assessment_interfaces/__init__.py
[3.611s] -- Up-to-date symlink: /home/baguette/Documents/CS-AURO/install/assessment_interfaces/local/lib/python3.10/dist-packages/assessment_interfaces/_assessment_interfaces_s.ep.rosidl_typesupport_c.c
[3.611s] -- Up-to-date symlink: /home/baguette/Documents/CS-AURO/install/assessment_interfaces/local/lib/python3.10/dist-packages/assessment_interfaces/_assessment_interfaces_s.ep.rosidl_typesupport_fastrtps_c.c
[3.611s] -- Up-to-date symlink: /home/baguette/Documents/CS-AURO/install/assessment_interfaces/local/lib/python3.10/dist-packages/assessment_interfaces/_assessment_interfaces_s.ep.rosidl_typesupport_introspection_c.c
[3.611s] -- Up-to-date symlink: /home/baguette/Documents/CS-AURO/install/assessment_interfaces/local/lib/python3.10/dist-packages/assessment_interfaces/assessment_interfaces_s__rosidl_typesupport_c.cpython-310-x86_64-linux-gnu.so
[3.612s] -- Up-to-date symlink: /home/baguette/Documents/CS-AURO/install/assessment_interfaces/local/lib/python3.10/dist-packages/assessment_interfaces/assessment_interfaces_s__rosidl_typesupport_fastrtps_c.cpython-310-x86_64-linux-gnu.so
[3.612s] -- Up-to-date symlink: /home/baguette/Documents/CS-AURO/install/assessment_interfaces/local/lib/python3.10/dist-packages/assessment_interfaces/assessment_interfaces_s__rosidl_typesupport_introspection_c.cpython-310-x86_64-linux-gnu.so
[3.612s] -- Up-to-date symlink: /home/baguette/Documents/CS-AURO/install/assessment_interfaces/local/lib/python3.10/dist-packages/assessment_interfaces/libassessment_interfaces__rosidl_generator_py.so
[3.612s] -- Up-to-date symlink: /home/baguette/Documents/CS-AURO/install/assessment_interfaces/local/lib/python3.10/dist-packages/assessment_interfaces/msg/__init__.py
[3.612s] -- Up-to-date symlink: /home/baguette/Documents/CS-AURO/install/assessment_interfaces/local/lib/python3.10/dist-packages/assessment_interfaces/msg/_home_zone.py
[3.612s] -- Up-to-date symlink: /home/baguette/Documents/CS-AURO/install/assessment_interfaces/local/lib/python3.10/dist-packages/assessment_interfaces/msg/_home_zone_s.c
[3.613s] -- Up-to-date symlink: /home/baguette/Documents/CS-AURO/install/assessment_interfaces/local/lib/python3.10/dist-packages/assessment_interfaces/msg/_item.py
[3.613s] -- Up-to-date symlink: /home/baguette/Documents/CS-AURO/install/assessment_interfaces/local/lib/python3.10/dist-packages/assessment_interfaces/msg/_item_holder.py
[3.613s] -- Up-to-date symlink: /home/baguette/Documents/CS-AURO/install/assessment_interfaces/local/lib/python3.10/dist-packages/assessment_interfaces/msg/_item_holder_s.c
[3.613s] -- Up-to-date symlink: /home/baguette/Documents/CS-AURO/install/assessment_interfaces/local/lib/python3.10/dist-packages/assessment_interfaces/msg/_item_holders.py
[3.613s] -- Up-to-date symlink: /home/baguette/Documents/CS-AURO/install/assessment_interfaces/local/lib/python3.10/dist-packages/assessment_interfaces/msg/_item_holders_s.c
[3.614s] -- Up-to-date symlink: /home/baguette/Documents/CS-AURO/install/assessment_interfaces/local/lib/python3.10/dist-packages/assessment_interfaces/msg/_item_list.py
[3.614s] -- Up-to-date symlink: /home/baguette/Documents/CS-AURO/install/assessment_interfaces/local/lib/python3.10/dist-packages/assessment_interfaces/msg/_item_list_s.c
[3.614s] -- Up-to-date symlink: /home/baguette/Documents/CS-AURO/install/assessment_interfaces/local/lib/python3.10/dist-packages/assessment_interfaces/msg/_item_log.py
[3.614s] -- Up-to-date symlink: /home/baguette/Documents/CS-AURO/install/assessment_interfaces/local/lib/python3.10/dist-packages/assessment_interfaces/msg/_item_log_s.c
[3.614s] -- Up-to-date symlink: /home/baguette/Documents/CS-AURO/install/assessment_interfaces/local/lib/python3.10/dist-packages/assessment_interfaces/msg/_item_s.c
[3.615s] -- Up-to-date symlink: /home/baguette/Documents/CS-AURO/install/assessment_interfaces/local/lib/python3.10/dist-packages/assessment_interfaces/msg/_robot.py
[3.615s] -- Up-to-date symlink: /home/baguette/Documents/CS-AURO/install/assessment_interfaces/local/lib/python3.10/dist-packages/assessment_interfaces/msg/_robot_list.py
[3.615s] -- Up-to-date symlink: /home/baguette/Documents/CS-AURO/install/assessment_interfaces/local/lib/python3.10/dist-packages/assessment_interfaces/msg/_robot_list_s.c
[3.615s] -- Up-to-date symlink: /home/baguette/Documents/CS-AURO/install/assessment_interfaces/local/lib/python3.10/dist-packages/assessment_interfaces/msg/_robot_s.c
[3.616s] -- Up-to-date symlink: /home/baguette/Documents/CS-AURO/install/assessment_interfaces/local/lib/python3.10/dist-packages/assessment_interfaces/assessment_interfaces_s__rosidl_typesupport_fastrtps_c.cpython-310-x86_64-linux-gnu.so
[3.616s] -- Up-to-date symlink: /home/baguette/Documents/CS-AURO/install/assessment_interfaces/local/lib/python3.10/dist-packages/assessment_interfaces/assessment_interfaces_s__rosidl_typesupport_introspection_c.cpython-310-x86_64-linux-gnu.so
[3.616s] -- Up-to-date symlink: /home/baguette/Documents/CS-AURO/install/assessment_interfaces/local/lib/python3.10/dist-packages/assessment_interfaces/assessment_interfaces_s__rosidl_typesupport_c.cpython-310-x86_64-linux-gnu.so
[3.616s] -- Up-to-date symlink: /home/baguette/Documents/CS-AURO/install/assessment_interfaces/share/assessment_interfaces/msg/ItemLog.idl
[3.617s] -- Up-to-date symlink: /home/baguette/Documents/CS-AURO/install/assessment_interfaces/share/assessment_interfaces/msg/ItemHolder.idl
[3.617s] -- Up-to-date symlink: /home/baguette/Documents/CS-AURO/install/assessment_interfaces/share/assessment_interfaces/msg/ItemHolders.idl
[3.617s] -- Up-to-date symlink: /home/baguette/Documents/CS-AURO/install/assessment_interfaces/share/assessment_interfaces/msg/Item.idl
[3.617s] -- Up-to-date symlink: /home/baguette/Documents/CS-AURO/install/assessment_interfaces/share/assessment_interfaces/msg/ItemList.idl
[3.617s] -- Up-to-date symlink: /home/baguette/Documents/CS-AURO/install/assessment_interfaces/share/assessment_interfaces/msg/HomeZone.idl
[3.618s] -- Up-to-date symlink: /home/baguette/Documents/CS-AURO/install/assessment_interfaces/share/assessment_interfaces/msg/Robot.idl
[3.618s] -- Up-to-date symlink: /home/baguette/Documents/CS-AURO/install/assessment_interfaces/share/assessment_interfaces/msg/RobotList.idl
[3.618s] -- Up-to-date symlink: /home/baguette/Documents/CS-AURO/install/assessment_interfaces/share/assessment_interfaces/msg/ItemLog.msg
[3.618s] -- Up-to-date symlink: /home/baguette/Documents/CS-AURO/install/assessment_interfaces/share/assessment_interfaces/msg/ItemHolder.msg
[3.619s] -- Up-to-date symlink: /home/baguette/Documents/CS-AURO/install/assessment_interfaces/share/assessment_interfaces/msg/ItemHolders.msg
[3.619s] -- Up-to-date symlink: /home/baguette/Documents/CS-AURO/install/assessment_interfaces/share/assessment_interfaces/msg/Item.msg
[3.619s] -- Up-to-date symlink: /home/baguette/Documents/CS-AURO/install/assessment_interfaces/share/assessment_interfaces/msg/ItemList.msg
[3.619s] -- Up-to-date symlink: /home/baguette/Documents/CS-AURO/install/assessment_interfaces/share/assessment_interfaces/msg/HomeZone.msg
[3.619s] -- Up-to-date symlink: /home/baguette/Documents/CS-AURO/install/assessment_interfaces/share/assessment_interfaces/msg/Robot.msg
[3.620s] -- Up-to-date symlink: /home/baguette/Documents/CS-AURO/install/assessment_interfaces/share/assessment_interfaces/msg/RobotList.msg
[3.620s] -- Up-to-date symlink: /home/baguette/Documents/CS-AURO/install/assessment_interfaces/share/ament_index/resource_index/package_run_dependencies/assessment_interfaces
[3.620s] -- Up-to-date symlink: /home/baguette/Documents/CS-AURO/install/assessment_interfaces/share/ament_index/resource_index/parent_prefix_path/assessment_interfaces
[3.620s] -- Up-to-date symlink: /home/baguette/Documents/CS-AURO/install/assessment_interfaces/share/assessment_interfaces/environment/ament_prefix_path.sh
[3.620s] -- Up-to-date symlink: /home/baguette/Documents/CS-AURO/install/assessment_interfaces/share/assessment_interfaces/environment/ament_prefix_path.dsv
[3.621s] -- Up-to-date symlink: /home/baguette/Documents/CS-AURO/install/assessment_interfaces/share/assessment_interfaces/environment/path.sh
[3.623s] -- Up-to-date symlink: /home/baguette/Documents/CS-AURO/install/assessment_interfaces/share/assessment_interfaces/environment/path.dsv
[3.623s] -- Up-to-date symlink: /home/baguette/Documents/CS-AURO/install/assessment_interfaces/share/assessment_interfaces/local_setup.bash
[3.623s] -- Up-to-date symlink: /home/baguette/Documents/CS-AURO/install/assessment_interfaces/share/assessment_interfaces/local_setup.sh
[3.623s] -- Up-to-date symlink: /home/baguette/Documents/CS-AURO/install/assessment_interfaces/share/assessment_interfaces/local_setup.zsh
[3.623s] -- Up-to-date symlink: /home/baguette/Documents/CS-AURO/install/assessment_interfaces/share/assessment_interfaces/local_setup.dsv
[3.623s] -- Symlinking: /home/baguette/Documents/CS-AURO/install/assessment_interfaces/share/assessment_interfaces/package.dsv
[3.635s] -- Up-to-date symlink: /home/baguette/Documents/CS-AURO/install/assessment_interfaces/share/ament_index/resource_index/packages/assessment_interfaces
[3.635s] -- Up-to-date symlink: /home/baguette/Documents/CS-AURO/install/assessment_interfaces/share/assessment_interfaces/cmake/rosidl_cmake-extras.cmake
[3.636s] -- Up-to-date symlink: /home/baguette/Documents/CS-AURO/install/assessment_interfaces/share/assessment_interfaces/cmake/ament_cmake_export_include_directories-extras.cmake
[3.636s] -- Up-to-date symlink: /home/baguette/Documents/CS-AURO/install/assessment_interfaces/share/assessment_interfaces/cmake/ament_cmake_export_libraries-extras.cmake
[3.636s] -- Up-to-date symlink: /home/baguette/Documents/CS-AURO/install/assessment_interfaces/share/assessment_interfaces/cmake/ament_cmake_export_targets-extras.cmake
[3.636s] -- Up-to-date symlink: /home/baguette/Documents/CS-AURO/install/assessment_interfaces/share/assessment_interfaces/cmake/rosidl_cmake_export_typesupport_targets-extras.cmake
[3.636s] -- Up-to-date symlink: /home/baguette/Documents/CS-AURO/install/assessment_interfaces/share/assessment_interfaces/cmake/ament_cmake_export_dependencies-extras.cmake
[3.636s] -- Up-to-date symlink: /home/baguette/Documents/CS-AURO/install/assessment_interfaces/share/assessment_interfaces/cmake/rosidl_cmake_export_typesupport_libraries-extras.cmake
[3.636s] -- Up-to-date symlink: /home/baguette/Documents/CS-AURO/install/assessment_interfaces/share/assessment_interfaces/cmake/assessment_interfacesConfig.cmake
[3.636s] -- Up-to-date symlink: /home/baguette/Documents/CS-AURO/install/assessment_interfaces/share/assessment_interfaces/cmake/assessment_interfacesConfig-version.cmake
[3.637s] -- Up-to-date symlink: /home/baguette/Documents/CS-AURO/install/assessment_interfaces/share/assessment_interfaces/package.xml
[3.637s] -- Up-to-date: /home/baguette/Documents/CS-AURO/install/assessment_interfaces/lib/libassessment_interfaces__rosidl_generator_c.so
[3.637s] -- Up-to-date: /home/baguette/Documents/CS-AURO/install/assessment_interfaces/lib/libassessment_interfaces__rosidl_typesupport_fastrtps_c.so
[3.638s] -- Up-to-date: /home/baguette/Documents/CS-AURO/install/assessment_interfaces/lib/libassessment_interfaces__rosidl_typesupport_introspection_c.so
[3.638s] -- Up-to-date: /home/baguette/Documents/CS-AURO/install/assessment_interfaces/lib/libassessment_interfaces__rosidl_typesupport_c.so
[3.638s] -- Up-to-date: /home/baguette/Documents/CS-AURO/install/assessment_interfaces/lib/libassessment_interfaces__rosidl_typesupport_fastrtps_cpp.so
[3.639s] -- Up-to-date: /home/baguette/Documents/CS-AURO/install/assessment_interfaces/lib/libassessment_interfaces__rosidl_typesupport_introspection_cpp.so
[3.639s] -- Up-to-date: /home/baguette/Documents/CS-AURO/install/assessment_interfaces/lib/libassessment_interfaces__rosidl_typesupport_cpp.so
[3.676s] Listing '/home/baguette/Documents/CS-AURO/install/assessment_interfaces/local/lib/python3.10/dist-packages/assessment_interfaces'...
[3.676s] Listing '/home/baguette/Documents/CS-AURO/install/assessment_interfaces/local/lib/python3.10/dist-packages/assessment_interfaces/msg'...
[3.683s] -- Up-to-date: /home/baguette/Documents/CS-AURO/install/assessment_interfaces/lib/libassessment_interfaces__rosidl_generator_py.so
[3.683s] -- Up-to-date: /home/baguette/Documents/CS-AURO/install/assessment_interfaces/share/assessment_interfaces/cmake/export_assessment_interfaces__rosidl_generator_cExport.cmake
[3.683s] -- Up-to-date: /home/baguette/Documents/CS-AURO/install/assessment_interfaces/share/assessment_interfaces/cmake/export_assessment_interfaces__rosidl_generator_cExport-noconfig.cmake
[3.684s] -- Up-to-date: /home/baguette/Documents/CS-AURO/install/assessment_interfaces/share/assessment_interfaces/cmake/export_assessment_interfaces__rosidl_typesupport_fastrtps_cExport.cmake
[3.684s] -- Up-to-date: /home/baguette/Documents/CS-AURO/install/assessment_interfaces/share/assessment_interfaces/cmake/export_assessment_interfaces__rosidl_typesupport_fastrtps_cExport-noconfig.cmake
[3.684s] -- Up-to-date: /home/baguette/Documents/CS-AURO/install/assessment_interfaces/share/assessment_interfaces/cmake/assessment_interfaces__rosidl_typesupport_introspection_cExport.cmake
[3.684s] -- Up-to-date: /home/baguette/Documents/CS-AURO/install/assessment_interfaces/share/assessment_interfaces/cmake/assessment_interfaces__rosidl_typesupport_introspection_cExport-noconfig.cmake
[3.684s] -- Up-to-date: /home/baguette/Documents/CS-AURO/install/assessment_interfaces/share/assessment_interfaces/cmake/assessment_interfaces__rosidl_typesupport_cExport.cmake
[3.685s] -- Up-to-date: /home/baguette/Documents/CS-AURO/install/assessment_interfaces/share/assessment_interfaces/cmake/assessment_interfaces__rosidl_typesupport_cExport-noconfig.cmake
[3.685s] -- Up-to-date: /home/baguette/Documents/CS-AURO/install/assessment_interfaces/share/assessment_interfaces/cmake/export_assessment_interfaces__rosidl_generator_cppExport.cmake
[3.685s] -- Up-to-date: /home/baguette/Documents/CS-AURO/install/assessment_interfaces/share/assessment_interfaces/cmake/export_assessment_interfaces__rosidl_typesupport_fastrtps_cppExport.cmake
[3.685s] -- Up-to-date: /home/baguette/Documents/CS-AURO/install/assessment_interfaces/share/assessment_interfaces/cmake/export_assessment_interfaces__rosidl_typesupport_fastrtps_cppExport-noconfig.cmake
[3.685s] -- Up-to-date: /home/baguette/Documents/CS-AURO/install/assessment_interfaces/share/assessment_interfaces/cmake/assessment_interfaces__rosidl_typesupport_introspection_cppExport.cmake
[3.685s] -- Up-to-date: /home/baguette/Documents/CS-AURO/install/assessment_interfaces/share/assessment_interfaces/cmake/assessment_interfaces__rosidl_typesupport_introspection_cppExport-noconfig.cmake
[3.686s] -- Up-to-date: /home/baguette/Documents/CS-AURO/install/assessment_interfaces/share/assessment_interfaces/cmake/assessment_interfaces__rosidl_typesupport_cppExport.cmake
[3.686s] -- Up-to-date: /home/baguette/Documents/CS-AURO/install/assessment_interfaces/share/assessment_interfaces/cmake/assessment_interfaces__rosidl_typesupport_cppExport-noconfig.cmake
[3.686s] -- Up-to-date: /home/baguette/Documents/CS-AURO/install/assessment_interfaces/share/assessment_interfaces/cmake/export_assessment_interfaces__rosidl_generator_pyExport.cmake
[3.686s] -- Up-to-date: /home/baguette/Documents/CS-AURO/install/assessment_interfaces/share/assessment_interfaces/cmake/export_assessment_interfaces__rosidl_generator_pyExport-noconfig.cmake
[3.828s] Invoked command in '/home/baguette/Documents/CS-AURO/build/assessment_interfaces' returned '0': CMAKE_PREFIX_PATH=/opt/ros/humble /usr/bin/cmake --install /home/baguette/Documents/CS-AURO/build/assessment_interfaces
