running develop
/usr/lib/python3/dist-packages/setuptools/command/easy_install.py:158: EasyInstallDeprecationWarning: easy_install command is deprecated. Use build and pip and other standards-based tools.
  warnings.warn(
/usr/lib/python3/dist-packages/setuptools/command/install.py:34: SetuptoolsDeprecationWarning: setup.py install is deprecated. Use build and pip and other standards-based tools.
  warnings.warn(
running egg_info
creating week_5.egg-info
writing week_5.egg-info/PKG-INFO
writing dependency_links to week_5.egg-info/dependency_links.txt
writing entry points to week_5.egg-info/entry_points.txt
writing requirements to week_5.egg-info/requires.txt
writing top-level names to week_5.egg-info/top_level.txt
writing manifest file 'week_5.egg-info/SOURCES.txt'
reading manifest file 'week_5.egg-info/SOURCES.txt'
writing manifest file 'week_5.egg-info/SOURCES.txt'
running build_ext
Creating /home/baguette/Documents/CS-AURO/install/week_5/lib/python3.10/site-packages/week-5.egg-link (link to .)
Installing item_detector script to /home/baguette/Documents/CS-AURO/install/week_5/lib/week_5
Installing item_spawner script to /home/baguette/Documents/CS-AURO/install/week_5/lib/week_5

Installed /home/baguette/Documents/CS-AURO/build/week_5
running install_data
creating /home/baguette/Documents/CS-AURO/install/week_5/share/ament_index
creating /home/baguette/Documents/CS-AURO/install/week_5/share/ament_index/resource_index
creating /home/baguette/Documents/CS-AURO/install/week_5/share/ament_index/resource_index/packages
copying resource/week_5 -> /home/baguette/Documents/CS-AURO/install/week_5/share/ament_index/resource_index/packages
copying package.xml -> /home/baguette/Documents/CS-AURO/install/week_5/share/week_5
creating /home/baguette/Documents/CS-AURO/install/week_5/share/week_5/models
creating /home/baguette/Documents/CS-AURO/install/week_5/share/week_5/models/week_5_item
copying models/week_5_item/model.sdf -> /home/baguette/Documents/CS-AURO/install/week_5/share/week_5/models/week_5_item
copying models/week_5_item/model.config -> /home/baguette/Documents/CS-AURO/install/week_5/share/week_5/models/week_5_item
