[3.831s] Invoking command in '/home/baguette/Documents/CS-AURO/build/assessment': PYTHONPATH=/home/baguette/Documents/CS-AURO/build/assessment/prefix_override:/home/baguette/Documents/CS-AURO/install/assessment/lib/python3.10/site-packages:${PYTHONPATH} /usr/bin/python3 setup.py develop --editable --build-directory /home/baguette/Documents/CS-AURO/build/assessment/build --no-deps install_data
[4.060s] running develop
[4.060s] /usr/lib/python3/dist-packages/setuptools/command/easy_install.py:158: EasyInstallDeprecationWarning: easy_install command is deprecated. Use build and pip and other standards-based tools.
[4.060s]   warnings.warn(
[4.061s] /usr/lib/python3/dist-packages/setuptools/command/install.py:34: SetuptoolsDeprecationWarning: setup.py install is deprecated. Use build and pip and other standards-based tools.
[4.061s]   warnings.warn(
[4.218s] running egg_info
[4.218s] writing assessment.egg-info/PKG-INFO
[4.218s] writing dependency_links to assessment.egg-info/dependency_links.txt
[4.219s] writing entry points to assessment.egg-info/entry_points.txt
[4.219s] writing requirements to assessment.egg-info/requires.txt
[4.219s] writing top-level names to assessment.egg-info/top_level.txt
[4.221s] reading manifest file 'assessment.egg-info/SOURCES.txt'
[4.222s] writing manifest file 'assessment.egg-info/SOURCES.txt'
[4.223s] running build_ext
[4.223s] Creating /home/baguette/Documents/CS-AURO/install/assessment/lib/python3.10/site-packages/assessment.egg-link (link to .)
[4.224s] Installing home_zone_sensor script to /home/baguette/Documents/CS-AURO/install/assessment/lib/assessment
[4.224s] Installing item_manager script to /home/baguette/Documents/CS-AURO/install/assessment/lib/assessment
[4.224s] Installing item_sensor script to /home/baguette/Documents/CS-AURO/install/assessment/lib/assessment
[4.224s] Installing robot_sensor script to /home/baguette/Documents/CS-AURO/install/assessment/lib/assessment
[4.225s] 
[4.225s] Installed /home/baguette/Documents/CS-AURO/build/assessment
[4.225s] running install_data
[4.311s] Invoked command in '/home/baguette/Documents/CS-AURO/build/assessment' returned '0': PYTHONPATH=/home/baguette/Documents/CS-AURO/build/assessment/prefix_override:/home/baguette/Documents/CS-AURO/install/assessment/lib/python3.10/site-packages:${PYTHONPATH} /usr/bin/python3 setup.py develop --editable --build-directory /home/baguette/Documents/CS-AURO/build/assessment/build --no-deps install_data
