[1.839s] Invoking command in '/home/baguette/Documents/src/build/assessment': PYTHONPATH=/home/baguette/Documents/src/build/assessment/prefix_override:/home/baguette/Documents/src/install/assessment/lib/python3.10/site-packages:${PYTHONPATH} /usr/bin/python3 setup.py develop --editable --build-directory /home/baguette/Documents/src/build/assessment/build --no-deps install_data
[2.063s] running develop
[2.064s] /usr/lib/python3/dist-packages/setuptools/command/easy_install.py:158: EasyInstallDeprecationWarning: easy_install command is deprecated. Use build and pip and other standards-based tools.
[2.064s]   warnings.warn(
[2.065s] /usr/lib/python3/dist-packages/setuptools/command/install.py:34: SetuptoolsDeprecationWarning: setup.py install is deprecated. Use build and pip and other standards-based tools.
[2.065s]   warnings.warn(
[2.253s] running egg_info
[2.253s] writing assessment.egg-info/PKG-INFO
[2.253s] writing dependency_links to assessment.egg-info/dependency_links.txt
[2.254s] writing entry points to assessment.egg-info/entry_points.txt
[2.254s] writing requirements to assessment.egg-info/requires.txt
[2.254s] writing top-level names to assessment.egg-info/top_level.txt
[2.255s] reading manifest file 'assessment.egg-info/SOURCES.txt'
[2.258s] writing manifest file 'assessment.egg-info/SOURCES.txt'
[2.259s] running build_ext
[2.260s] Creating /home/baguette/Documents/src/install/assessment/lib/python3.10/site-packages/assessment.egg-link (link to .)
[2.260s] Installing home_zone_sensor script to /home/baguette/Documents/src/install/assessment/lib/assessment
[2.260s] Installing item_manager script to /home/baguette/Documents/src/install/assessment/lib/assessment
[2.260s] Installing item_sensor script to /home/baguette/Documents/src/install/assessment/lib/assessment
[2.260s] Installing robot_sensor script to /home/baguette/Documents/src/install/assessment/lib/assessment
[2.260s] 
[2.262s] Installed /home/baguette/Documents/src/build/assessment
[2.262s] running install_data
[2.460s] Invoked command in '/home/baguette/Documents/src/build/assessment' returned '0': PYTHONPATH=/home/baguette/Documents/src/build/assessment/prefix_override:/home/baguette/Documents/src/install/assessment/lib/python3.10/site-packages:${PYTHONPATH} /usr/bin/python3 setup.py develop --editable --build-directory /home/baguette/Documents/src/build/assessment/build --no-deps install_data
