[1.325s] Invoking command in '/home/baguette/Documents/src/build/assessment': PYTHONPATH=/home/baguette/Documents/src/build/assessment/prefix_override:/home/baguette/Documents/src/install/assessment/lib/python3.10/site-packages:${PYTHONPATH} /usr/bin/python3 setup.py develop --editable --build-directory /home/baguette/Documents/src/build/assessment/build --no-deps install_data
[1.535s] running develop
[1.535s] /usr/lib/python3/dist-packages/setuptools/command/easy_install.py:158: EasyInstallDeprecationWarning: easy_install command is deprecated. Use build and pip and other standards-based tools.
[1.535s]   warnings.warn(
[1.536s] /usr/lib/python3/dist-packages/setuptools/command/install.py:34: SetuptoolsDeprecationWarning: setup.py install is deprecated. Use build and pip and other standards-based tools.
[1.536s]   warnings.warn(
[1.697s] running egg_info
[1.698s] writing assessment.egg-info/PKG-INFO
[1.699s] writing dependency_links to assessment.egg-info/dependency_links.txt
[1.699s] writing entry points to assessment.egg-info/entry_points.txt
[1.700s] writing requirements to assessment.egg-info/requires.txt
[1.700s] writing top-level names to assessment.egg-info/top_level.txt
[1.700s] reading manifest file 'assessment.egg-info/SOURCES.txt'
[1.701s] writing manifest file 'assessment.egg-info/SOURCES.txt'
[1.701s] running build_ext
[1.701s] Creating /home/baguette/Documents/src/install/assessment/lib/python3.10/site-packages/assessment.egg-link (link to .)
[1.701s] Installing home_zone_sensor script to /home/baguette/Documents/src/install/assessment/lib/assessment
[1.701s] Installing item_manager script to /home/baguette/Documents/src/install/assessment/lib/assessment
[1.701s] Installing item_sensor script to /home/baguette/Documents/src/install/assessment/lib/assessment
[1.701s] Installing robot_sensor script to /home/baguette/Documents/src/install/assessment/lib/assessment
[1.702s] 
[1.702s] Installed /home/baguette/Documents/src/build/assessment
[1.702s] running install_data
[1.733s] Invoked command in '/home/baguette/Documents/src/build/assessment' returned '0': PYTHONPATH=/home/baguette/Documents/src/build/assessment/prefix_override:/home/baguette/Documents/src/install/assessment/lib/python3.10/site-packages:${PYTHONPATH} /usr/bin/python3 setup.py develop --editable --build-directory /home/baguette/Documents/src/build/assessment/build --no-deps install_data
