[0.151s] Invoking command in '/home/baguette/Documents/src/build/gazebo_plugins': AMENT_PREFIX_PATH=/home/baguette/Documents/src/install/assessment_interfaces:${AMENT_PREFIX_PATH} CMAKE_PREFIX_PATH=/home/baguette/Documents/src/install/assessment_interfaces:/opt/ros/humble LD_LIBRARY_PATH=/home/baguette/Documents/src/install/assessment_interfaces/lib:/opt/ros/humble/opt/rviz_ogre_vendor/lib:/opt/ros/humble/lib/x86_64-linux-gnu:/opt/ros/humble/lib:/usr/lib/x86_64-linux-gnu/gazebo-11/plugins:/usr/lib/x86_64-linux-gnu/gazebo-11/plugins PYTHONPATH=/home/baguette/Documents/src/install/assessment_interfaces/local/lib/python3.10/dist-packages:${PYTHONPATH} /usr/bin/cmake --build /home/baguette/Documents/src/build/gazebo_plugins -- -j16 -l16
[0.214s] [ 50%] Built target gazebo_ros_item_manager
[0.218s] [100%] Built target gazebo_ros_diff_drive
[0.229s] Invoked command in '/home/baguette/Documents/src/build/gazebo_plugins' returned '0': AMENT_PREFIX_PATH=/home/baguette/Documents/src/install/assessment_interfaces:${AMENT_PREFIX_PATH} CMAKE_PREFIX_PATH=/home/baguette/Documents/src/install/assessment_interfaces:/opt/ros/humble LD_LIBRARY_PATH=/home/baguette/Documents/src/install/assessment_interfaces/lib:/opt/ros/humble/opt/rviz_ogre_vendor/lib:/opt/ros/humble/lib/x86_64-linux-gnu:/opt/ros/humble/lib:/usr/lib/x86_64-linux-gnu/gazebo-11/plugins:/usr/lib/x86_64-linux-gnu/gazebo-11/plugins PYTHONPATH=/home/baguette/Documents/src/install/assessment_interfaces/local/lib/python3.10/dist-packages:${PYTHONPATH} /usr/bin/cmake --build /home/baguette/Documents/src/build/gazebo_plugins -- -j16 -l16
[0.343s] Invoking command in '/home/baguette/Documents/src/build/gazebo_plugins': AMENT_PREFIX_PATH=/home/baguette/Documents/src/install/assessment_interfaces:${AMENT_PREFIX_PATH} CMAKE_PREFIX_PATH=/home/baguette/Documents/src/install/assessment_interfaces:/opt/ros/humble LD_LIBRARY_PATH=/home/baguette/Documents/src/install/assessment_interfaces/lib:/opt/ros/humble/opt/rviz_ogre_vendor/lib:/opt/ros/humble/lib/x86_64-linux-gnu:/opt/ros/humble/lib:/usr/lib/x86_64-linux-gnu/gazebo-11/plugins:/usr/lib/x86_64-linux-gnu/gazebo-11/plugins PYTHONPATH=/home/baguette/Documents/src/install/assessment_interfaces/local/lib/python3.10/dist-packages:${PYTHONPATH} /usr/bin/cmake --install /home/baguette/Documents/src/build/gazebo_plugins
[0.349s] -- Install configuration: ""
[0.349s] -- Execute custom install script
[0.350s] -- Up-to-date symlink: /home/baguette/Documents/src/install/gazebo_plugins/share/gazebo_plugins/environment/library_path.sh
[0.350s] -- Up-to-date symlink: /home/baguette/Documents/src/install/gazebo_plugins/share/gazebo_plugins/environment/library_path.dsv
[0.350s] -- Up-to-date symlink: /home/baguette/Documents/src/install/gazebo_plugins/share/gazebo_plugins/environment/gazebo_plugins.sh
[0.351s] -- Up-to-date symlink: /home/baguette/Documents/src/install/gazebo_plugins/share/gazebo_plugins/environment/gazebo_plugins.dsv
[0.351s] -- Up-to-date symlink: /home/baguette/Documents/src/install/gazebo_plugins/share/ament_index/resource_index/package_run_dependencies/gazebo_plugins
[0.351s] -- Up-to-date symlink: /home/baguette/Documents/src/install/gazebo_plugins/share/ament_index/resource_index/parent_prefix_path/gazebo_plugins
[0.351s] -- Up-to-date symlink: /home/baguette/Documents/src/install/gazebo_plugins/share/gazebo_plugins/environment/ament_prefix_path.sh
[0.351s] -- Up-to-date symlink: /home/baguette/Documents/src/install/gazebo_plugins/share/gazebo_plugins/environment/ament_prefix_path.dsv
[0.352s] -- Up-to-date symlink: /home/baguette/Documents/src/install/gazebo_plugins/share/gazebo_plugins/environment/path.sh
[0.352s] -- Up-to-date symlink: /home/baguette/Documents/src/install/gazebo_plugins/share/gazebo_plugins/environment/path.dsv
[0.352s] -- Up-to-date symlink: /home/baguette/Documents/src/install/gazebo_plugins/share/gazebo_plugins/local_setup.bash
[0.352s] -- Up-to-date symlink: /home/baguette/Documents/src/install/gazebo_plugins/share/gazebo_plugins/local_setup.sh
[0.352s] -- Up-to-date symlink: /home/baguette/Documents/src/install/gazebo_plugins/share/gazebo_plugins/local_setup.zsh
[0.352s] -- Up-to-date symlink: /home/baguette/Documents/src/install/gazebo_plugins/share/gazebo_plugins/local_setup.dsv
[0.352s] -- Symlinking: /home/baguette/Documents/src/install/gazebo_plugins/share/gazebo_plugins/package.dsv
[0.362s] -- Up-to-date symlink: /home/baguette/Documents/src/install/gazebo_plugins/share/ament_index/resource_index/packages/gazebo_plugins
[0.362s] -- Up-to-date symlink: /home/baguette/Documents/src/install/gazebo_plugins/share/gazebo_plugins/cmake/ament_cmake_export_libraries-extras.cmake
[0.363s] -- Up-to-date symlink: /home/baguette/Documents/src/install/gazebo_plugins/share/gazebo_plugins/cmake/ament_cmake_export_include_directories-extras.cmake
[0.363s] -- Up-to-date symlink: /home/baguette/Documents/src/install/gazebo_plugins/share/gazebo_plugins/cmake/ament_cmake_export_dependencies-extras.cmake
[0.363s] -- Up-to-date symlink: /home/baguette/Documents/src/install/gazebo_plugins/share/gazebo_plugins/cmake/gazebo_pluginsConfig.cmake
[0.363s] -- Up-to-date symlink: /home/baguette/Documents/src/install/gazebo_plugins/share/gazebo_plugins/cmake/gazebo_pluginsConfig-version.cmake
[0.363s] -- Up-to-date symlink: /home/baguette/Documents/src/install/gazebo_plugins/share/gazebo_plugins/package.xml
[0.364s] -- Up-to-date symlink: /home/baguette/Documents/src/install/gazebo_plugins/include/gazebo_plugins/gazebo_ros_diff_drive.hpp
[0.364s] -- Up-to-date symlink: /home/baguette/Documents/src/install/gazebo_plugins/include/gazebo_plugins/gazebo_ros_item_manager.hpp
[0.364s] -- Up-to-date symlink: /home/baguette/Documents/src/install/gazebo_plugins/lib/libgazebo_ros_diff_drive.so
[0.364s] -- Up-to-date symlink: /home/baguette/Documents/src/install/gazebo_plugins/lib/libgazebo_ros_item_manager.so
[0.364s] -- Up-to-date symlink: /home/baguette/Documents/src/install/gazebo_plugins/share/gazebo_plugins//worlds/gazebo_ros_diff_drive_demo.world
[0.495s] Invoked command in '/home/baguette/Documents/src/build/gazebo_plugins' returned '0': AMENT_PREFIX_PATH=/home/baguette/Documents/src/install/assessment_interfaces:${AMENT_PREFIX_PATH} CMAKE_PREFIX_PATH=/home/baguette/Documents/src/install/assessment_interfaces:/opt/ros/humble LD_LIBRARY_PATH=/home/baguette/Documents/src/install/assessment_interfaces/lib:/opt/ros/humble/opt/rviz_ogre_vendor/lib:/opt/ros/humble/lib/x86_64-linux-gnu:/opt/ros/humble/lib:/usr/lib/x86_64-linux-gnu/gazebo-11/plugins:/usr/lib/x86_64-linux-gnu/gazebo-11/plugins PYTHONPATH=/home/baguette/Documents/src/install/assessment_interfaces/local/lib/python3.10/dist-packages:${PYTHONPATH} /usr/bin/cmake --install /home/baguette/Documents/src/build/gazebo_plugins
