[0.738s] Invoking command in '/home/baguette/Documents/CS-AURO/build/assessment_interfaces': CMAKE_PREFIX_PATH=/opt/ros/humble /usr/bin/cmake --build /home/baguette/Documents/CS-AURO/build/assessment_interfaces -- -j16 -l16
[3.321s] [  1%] Built target assessment_interfaces__cpp
[3.321s] [ 12%] Built target assessment_interfaces__rosidl_generator_c
[3.322s] [ 12%] Built target ament_cmake_python_symlink_assessment_interfaces
[3.322s] [ 35%] Built target assessment_interfaces__rosidl_typesupport_introspection_c
[3.322s] [ 35%] Built target assessment_interfaces__rosidl_typesupport_c
[3.322s] [ 57%] Built target assessment_interfaces__rosidl_typesupport_cpp
[3.322s] [ 64%] Built target assessment_interfaces__rosidl_typesupport_introspection_cpp
[3.322s] [ 70%] Built target assessment_interfaces__rosidl_typesupport_fastrtps_cpp
[3.322s] [ 81%] Built target assessment_interfaces__rosidl_typesupport_fastrtps_c
[3.322s] [ 81%] Built target assessment_interfaces
[3.322s] [ 82%] Built target assessment_interfaces__py
[3.322s] [ 93%] Built target assessment_interfaces__rosidl_generator_py
[3.322s] [100%] Built target assessment_interfaces__rosidl_typesupport_introspection_c__pyext
[3.323s] [100%] Built target assessment_interfaces__rosidl_typesupport_fastrtps_c__pyext
[3.323s] [100%] Built target assessment_interfaces__rosidl_typesupport_c__pyext
[3.323s] running egg_info
[3.323s] writing assessment_interfaces.egg-info/PKG-INFO
[3.323s] writing dependency_links to assessment_interfaces.egg-info/dependency_links.txt
[3.323s] writing top-level names to assessment_interfaces.egg-info/top_level.txt
[3.323s] reading manifest file 'assessment_interfaces.egg-info/SOURCES.txt'
[3.323s] writing manifest file 'assessment_interfaces.egg-info/SOURCES.txt'
[3.323s] [100%] Built target ament_cmake_python_build_assessment_interfaces_egg
[3.560s] Invoked command in '/home/baguette/Documents/CS-AURO/build/assessment_interfaces' returned '0': CMAKE_PREFIX_PATH=/opt/ros/humble /usr/bin/cmake --build /home/baguette/Documents/CS-AURO/build/assessment_interfaces -- -j16 -l16
[3.896s] Invoking command in '/home/baguette/Documents/CS-AURO/build/assessment_interfaces': CMAKE_PREFIX_PATH=/opt/ros/humble /usr/bin/cmake --install /home/baguette/Documents/CS-AURO/build/assessment_interfaces
[3.907s] -- Install configuration: ""
[3.908s] -- Execute custom install script
[3.909s] -- Up-to-date symlink: /home/baguette/Documents/CS-AURO/install/assessment_interfaces/share/ament_index/resource_index/rosidl_interfaces/assessment_interfaces
[3.909s] -- Up-to-date symlink: /home/baguette/Documents/CS-AURO/install/assessment_interfaces/include/assessment_interfaces/assessment_interfaces/msg/detail/home_zone__functions.h
[3.910s] -- Up-to-date symlink: /home/baguette/Documents/CS-AURO/install/assessment_interfaces/include/assessment_interfaces/assessment_interfaces/msg/detail/home_zone__struct.h
[3.910s] -- Up-to-date symlink: /home/baguette/Documents/CS-AURO/install/assessment_interfaces/include/assessment_interfaces/assessment_interfaces/msg/detail/home_zone__type_support.h
[3.911s] -- Up-to-date symlink: /home/baguette/Documents/CS-AURO/install/assessment_interfaces/include/assessment_interfaces/assessment_interfaces/msg/detail/item__functions.h
[3.911s] -- Up-to-date symlink: /home/baguette/Documents/CS-AURO/install/assessment_interfaces/include/assessment_interfaces/assessment_interfaces/msg/detail/item__struct.h
[3.911s] -- Up-to-date symlink: /home/baguette/Documents/CS-AURO/install/assessment_interfaces/include/assessment_interfaces/assessment_interfaces/msg/detail/item__type_support.h
[3.911s] -- Up-to-date symlink: /home/baguette/Documents/CS-AURO/install/assessment_interfaces/include/assessment_interfaces/assessment_interfaces/msg/detail/item_holder__functions.h
[3.911s] -- Up-to-date symlink: /home/baguette/Documents/CS-AURO/install/assessment_interfaces/include/assessment_interfaces/assessment_interfaces/msg/detail/item_holder__struct.h
[3.911s] -- Up-to-date symlink: /home/baguette/Documents/CS-AURO/install/assessment_interfaces/include/assessment_interfaces/assessment_interfaces/msg/detail/item_holder__type_support.h
[3.912s] -- Up-to-date symlink: /home/baguette/Documents/CS-AURO/install/assessment_interfaces/include/assessment_interfaces/assessment_interfaces/msg/detail/item_holders__functions.h
[3.912s] -- Up-to-date symlink: /home/baguette/Documents/CS-AURO/install/assessment_interfaces/include/assessment_interfaces/assessment_interfaces/msg/detail/item_holders__struct.h
[3.912s] -- Up-to-date symlink: /home/baguette/Documents/CS-AURO/install/assessment_interfaces/include/assessment_interfaces/assessment_interfaces/msg/detail/item_holders__type_support.h
[3.912s] -- Up-to-date symlink: /home/baguette/Documents/CS-AURO/install/assessment_interfaces/include/assessment_interfaces/assessment_interfaces/msg/detail/item_list__functions.h
[3.913s] -- Up-to-date symlink: /home/baguette/Documents/CS-AURO/install/assessment_interfaces/include/assessment_interfaces/assessment_interfaces/msg/detail/item_list__struct.h
[3.913s] -- Up-to-date symlink: /home/baguette/Documents/CS-AURO/install/assessment_interfaces/include/assessment_interfaces/assessment_interfaces/msg/detail/item_list__type_support.h
[3.913s] -- Up-to-date symlink: /home/baguette/Documents/CS-AURO/install/assessment_interfaces/include/assessment_interfaces/assessment_interfaces/msg/detail/item_log__functions.h
[3.913s] -- Up-to-date symlink: /home/baguette/Documents/CS-AURO/install/assessment_interfaces/include/assessment_interfaces/assessment_interfaces/msg/detail/item_log__struct.h
[3.914s] -- Up-to-date symlink: /home/baguette/Documents/CS-AURO/install/assessment_interfaces/include/assessment_interfaces/assessment_interfaces/msg/detail/item_log__type_support.h
[3.914s] -- Up-to-date symlink: /home/baguette/Documents/CS-AURO/install/assessment_interfaces/include/assessment_interfaces/assessment_interfaces/msg/detail/robot__functions.h
[3.914s] -- Up-to-date symlink: /home/baguette/Documents/CS-AURO/install/assessment_interfaces/include/assessment_interfaces/assessment_interfaces/msg/detail/robot__struct.h
[3.915s] -- Up-to-date symlink: /home/baguette/Documents/CS-AURO/install/assessment_interfaces/include/assessment_interfaces/assessment_interfaces/msg/detail/robot__type_support.h
[3.915s] -- Up-to-date symlink: /home/baguette/Documents/CS-AURO/install/assessment_interfaces/include/assessment_interfaces/assessment_interfaces/msg/detail/robot_list__functions.h
[3.915s] -- Up-to-date symlink: /home/baguette/Documents/CS-AURO/install/assessment_interfaces/include/assessment_interfaces/assessment_interfaces/msg/detail/robot_list__struct.h
[3.916s] -- Up-to-date symlink: /home/baguette/Documents/CS-AURO/install/assessment_interfaces/include/assessment_interfaces/assessment_interfaces/msg/detail/robot_list__type_support.h
[3.916s] -- Up-to-date symlink: /home/baguette/Documents/CS-AURO/install/assessment_interfaces/include/assessment_interfaces/assessment_interfaces/msg/home_zone.h
[3.916s] -- Up-to-date symlink: /home/baguette/Documents/CS-AURO/install/assessment_interfaces/include/assessment_interfaces/assessment_interfaces/msg/item.h
[3.917s] -- Up-to-date symlink: /home/baguette/Documents/CS-AURO/install/assessment_interfaces/include/assessment_interfaces/assessment_interfaces/msg/item_holder.h
[3.917s] -- Up-to-date symlink: /home/baguette/Documents/CS-AURO/install/assessment_interfaces/include/assessment_interfaces/assessment_interfaces/msg/item_holders.h
[3.917s] -- Up-to-date symlink: /home/baguette/Documents/CS-AURO/install/assessment_interfaces/include/assessment_interfaces/assessment_interfaces/msg/item_list.h
[3.917s] -- Up-to-date symlink: /home/baguette/Documents/CS-AURO/install/assessment_interfaces/include/assessment_interfaces/assessment_interfaces/msg/item_log.h
[3.918s] -- Up-to-date symlink: /home/baguette/Documents/CS-AURO/install/assessment_interfaces/include/assessment_interfaces/assessment_interfaces/msg/robot.h
[3.918s] -- Up-to-date symlink: /home/baguette/Documents/CS-AURO/install/assessment_interfaces/include/assessment_interfaces/assessment_interfaces/msg/robot_list.h
[3.918s] -- Up-to-date symlink: /home/baguette/Documents/CS-AURO/install/assessment_interfaces/include/assessment_interfaces/assessment_interfaces/msg/rosidl_generator_c__visibility_control.h
[3.918s] -- Up-to-date symlink: /home/baguette/Documents/CS-AURO/install/assessment_interfaces/share/assessment_interfaces/environment/library_path.sh
[3.918s] -- Up-to-date symlink: /home/baguette/Documents/CS-AURO/install/assessment_interfaces/share/assessment_interfaces/environment/library_path.dsv
[3.919s] -- Up-to-date symlink: /home/baguette/Documents/CS-AURO/install/assessment_interfaces/include/assessment_interfaces/assessment_interfaces/msg/detail/home_zone__rosidl_typesupport_fastrtps_c.h
[3.919s] -- Up-to-date symlink: /home/baguette/Documents/CS-AURO/install/assessment_interfaces/include/assessment_interfaces/assessment_interfaces/msg/detail/item__rosidl_typesupport_fastrtps_c.h
[3.920s] -- Up-to-date symlink: /home/baguette/Documents/CS-AURO/install/assessment_interfaces/include/assessment_interfaces/assessment_interfaces/msg/detail/item_holder__rosidl_typesupport_fastrtps_c.h
[3.920s] -- Up-to-date symlink: /home/baguette/Documents/CS-AURO/install/assessment_interfaces/include/assessment_interfaces/assessment_interfaces/msg/detail/item_holders__rosidl_typesupport_fastrtps_c.h
[3.920s] -- Up-to-date symlink: /home/baguette/Documents/CS-AURO/install/assessment_interfaces/include/assessment_interfaces/assessment_interfaces/msg/detail/item_list__rosidl_typesupport_fastrtps_c.h
[3.920s] -- Up-to-date symlink: /home/baguette/Documents/CS-AURO/install/assessment_interfaces/include/assessment_interfaces/assessment_interfaces/msg/detail/item_log__rosidl_typesupport_fastrtps_c.h
[3.920s] -- Up-to-date symlink: /home/baguette/Documents/CS-AURO/install/assessment_interfaces/include/assessment_interfaces/assessment_interfaces/msg/detail/robot__rosidl_typesupport_fastrtps_c.h
[3.921s] -- Up-to-date symlink: /home/baguette/Documents/CS-AURO/install/assessment_interfaces/include/assessment_interfaces/assessment_interfaces/msg/detail/robot_list__rosidl_typesupport_fastrtps_c.h
[3.921s] -- Up-to-date symlink: /home/baguette/Documents/CS-AURO/install/assessment_interfaces/include/assessment_interfaces/assessment_interfaces/msg/rosidl_typesupport_fastrtps_c__visibility_control.h
[3.922s] -- Up-to-date symlink: /home/baguette/Documents/CS-AURO/install/assessment_interfaces/include/assessment_interfaces/assessment_interfaces/msg/detail/home_zone__rosidl_typesupport_introspection_c.h
[3.922s] -- Up-to-date symlink: /home/baguette/Documents/CS-AURO/install/assessment_interfaces/include/assessment_interfaces/assessment_interfaces/msg/detail/item__rosidl_typesupport_introspection_c.h
[3.922s] -- Up-to-date symlink: /home/baguette/Documents/CS-AURO/install/assessment_interfaces/include/assessment_interfaces/assessment_interfaces/msg/detail/item_holder__rosidl_typesupport_introspection_c.h
[3.923s] -- Up-to-date symlink: /home/baguette/Documents/CS-AURO/install/assessment_interfaces/include/assessment_interfaces/assessment_interfaces/msg/detail/item_holders__rosidl_typesupport_introspection_c.h
[3.923s] -- Up-to-date symlink: /home/baguette/Documents/CS-AURO/install/assessment_interfaces/include/assessment_interfaces/assessment_interfaces/msg/detail/item_list__rosidl_typesupport_introspection_c.h
[3.923s] -- Up-to-date symlink: /home/baguette/Documents/CS-AURO/install/assessment_interfaces/include/assessment_interfaces/assessment_interfaces/msg/detail/item_log__rosidl_typesupport_introspection_c.h
[3.924s] -- Up-to-date symlink: /home/baguette/Documents/CS-AURO/install/assessment_interfaces/include/assessment_interfaces/assessment_interfaces/msg/detail/robot__rosidl_typesupport_introspection_c.h
[3.924s] -- Up-to-date symlink: /home/baguette/Documents/CS-AURO/install/assessment_interfaces/include/assessment_interfaces/assessment_interfaces/msg/detail/robot_list__rosidl_typesupport_introspection_c.h
[3.924s] -- Up-to-date symlink: /home/baguette/Documents/CS-AURO/install/assessment_interfaces/include/assessment_interfaces/assessment_interfaces/msg/rosidl_typesupport_introspection_c__visibility_control.h
[3.924s] -- Up-to-date symlink: /home/baguette/Documents/CS-AURO/install/assessment_interfaces/include/assessment_interfaces/assessment_interfaces/msg/detail/home_zone__builder.hpp
[3.925s] -- Up-to-date symlink: /home/baguette/Documents/CS-AURO/install/assessment_interfaces/include/assessment_interfaces/assessment_interfaces/msg/detail/home_zone__struct.hpp
[3.925s] -- Up-to-date symlink: /home/baguette/Documents/CS-AURO/install/assessment_interfaces/include/assessment_interfaces/assessment_interfaces/msg/detail/home_zone__traits.hpp
[3.926s] -- Up-to-date symlink: /home/baguette/Documents/CS-AURO/install/assessment_interfaces/include/assessment_interfaces/assessment_interfaces/msg/detail/item__builder.hpp
[3.926s] -- Up-to-date symlink: /home/baguette/Documents/CS-AURO/install/assessment_interfaces/include/assessment_interfaces/assessment_interfaces/msg/detail/item__struct.hpp
[3.926s] -- Up-to-date symlink: /home/baguette/Documents/CS-AURO/install/assessment_interfaces/include/assessment_interfaces/assessment_interfaces/msg/detail/item__traits.hpp
[3.926s] -- Up-to-date symlink: /home/baguette/Documents/CS-AURO/install/assessment_interfaces/include/assessment_interfaces/assessment_interfaces/msg/detail/item_holder__builder.hpp
[3.927s] -- Up-to-date symlink: /home/baguette/Documents/CS-AURO/install/assessment_interfaces/include/assessment_interfaces/assessment_interfaces/msg/detail/item_holder__struct.hpp
[3.927s] -- Up-to-date symlink: /home/baguette/Documents/CS-AURO/install/assessment_interfaces/include/assessment_interfaces/assessment_interfaces/msg/detail/item_holder__traits.hpp
[3.927s] -- Up-to-date symlink: /home/baguette/Documents/CS-AURO/install/assessment_interfaces/include/assessment_interfaces/assessment_interfaces/msg/detail/item_holders__builder.hpp
[3.927s] -- Up-to-date symlink: /home/baguette/Documents/CS-AURO/install/assessment_interfaces/include/assessment_interfaces/assessment_interfaces/msg/detail/item_holders__struct.hpp
[3.928s] -- Up-to-date symlink: /home/baguette/Documents/CS-AURO/install/assessment_interfaces/include/assessment_interfaces/assessment_interfaces/msg/detail/item_holders__traits.hpp
[3.928s] -- Up-to-date symlink: /home/baguette/Documents/CS-AURO/install/assessment_interfaces/include/assessment_interfaces/assessment_interfaces/msg/detail/item_list__builder.hpp
[3.928s] -- Up-to-date symlink: /home/baguette/Documents/CS-AURO/install/assessment_interfaces/include/assessment_interfaces/assessment_interfaces/msg/detail/item_list__struct.hpp
[3.928s] -- Up-to-date symlink: /home/baguette/Documents/CS-AURO/install/assessment_interfaces/include/assessment_interfaces/assessment_interfaces/msg/detail/item_list__traits.hpp
[3.929s] -- Up-to-date symlink: /home/baguette/Documents/CS-AURO/install/assessment_interfaces/include/assessment_interfaces/assessment_interfaces/msg/detail/item_log__builder.hpp
[3.929s] -- Up-to-date symlink: /home/baguette/Documents/CS-AURO/install/assessment_interfaces/include/assessment_interfaces/assessment_interfaces/msg/detail/item_log__struct.hpp
[3.929s] -- Up-to-date symlink: /home/baguette/Documents/CS-AURO/install/assessment_interfaces/include/assessment_interfaces/assessment_interfaces/msg/detail/item_log__traits.hpp
[3.930s] -- Up-to-date symlink: /home/baguette/Documents/CS-AURO/install/assessment_interfaces/include/assessment_interfaces/assessment_interfaces/msg/detail/robot__builder.hpp
[3.930s] -- Up-to-date symlink: /home/baguette/Documents/CS-AURO/install/assessment_interfaces/include/assessment_interfaces/assessment_interfaces/msg/detail/robot__struct.hpp
[3.930s] -- Up-to-date symlink: /home/baguette/Documents/CS-AURO/install/assessment_interfaces/include/assessment_interfaces/assessment_interfaces/msg/detail/robot__traits.hpp
[3.930s] -- Up-to-date symlink: /home/baguette/Documents/CS-AURO/install/assessment_interfaces/include/assessment_interfaces/assessment_interfaces/msg/detail/robot_list__builder.hpp
[3.930s] -- Up-to-date symlink: /home/baguette/Documents/CS-AURO/install/assessment_interfaces/include/assessment_interfaces/assessment_interfaces/msg/detail/robot_list__struct.hpp
[3.930s] -- Up-to-date symlink: /home/baguette/Documents/CS-AURO/install/assessment_interfaces/include/assessment_interfaces/assessment_interfaces/msg/detail/robot_list__traits.hpp
[3.931s] -- Up-to-date symlink: /home/baguette/Documents/CS-AURO/install/assessment_interfaces/include/assessment_interfaces/assessment_interfaces/msg/home_zone.hpp
[3.931s] -- Up-to-date symlink: /home/baguette/Documents/CS-AURO/install/assessment_interfaces/include/assessment_interfaces/assessment_interfaces/msg/item.hpp
[3.931s] -- Up-to-date symlink: /home/baguette/Documents/CS-AURO/install/assessment_interfaces/include/assessment_interfaces/assessment_interfaces/msg/item_holder.hpp
[3.931s] -- Up-to-date symlink: /home/baguette/Documents/CS-AURO/install/assessment_interfaces/include/assessment_interfaces/assessment_interfaces/msg/item_holders.hpp
[3.933s] -- Up-to-date symlink: /home/baguette/Documents/CS-AURO/install/assessment_interfaces/include/assessment_interfaces/assessment_interfaces/msg/item_list.hpp
[3.934s] -- Up-to-date symlink: /home/baguette/Documents/CS-AURO/install/assessment_interfaces/include/assessment_interfaces/assessment_interfaces/msg/item_log.hpp
[3.934s] -- Up-to-date symlink: /home/baguette/Documents/CS-AURO/install/assessment_interfaces/include/assessment_interfaces/assessment_interfaces/msg/robot.hpp
[3.934s] -- Up-to-date symlink: /home/baguette/Documents/CS-AURO/install/assessment_interfaces/include/assessment_interfaces/assessment_interfaces/msg/robot_list.hpp
[3.934s] -- Up-to-date symlink: /home/baguette/Documents/CS-AURO/install/assessment_interfaces/include/assessment_interfaces/assessment_interfaces/msg/detail/home_zone__rosidl_typesupport_fastrtps_cpp.hpp
[3.934s] -- Up-to-date symlink: /home/baguette/Documents/CS-AURO/install/assessment_interfaces/include/assessment_interfaces/assessment_interfaces/msg/detail/item__rosidl_typesupport_fastrtps_cpp.hpp
[3.935s] -- Up-to-date symlink: /home/baguette/Documents/CS-AURO/install/assessment_interfaces/include/assessment_interfaces/assessment_interfaces/msg/detail/item_holder__rosidl_typesupport_fastrtps_cpp.hpp
[3.935s] -- Up-to-date symlink: /home/baguette/Documents/CS-AURO/install/assessment_interfaces/include/assessment_interfaces/assessment_interfaces/msg/detail/item_holders__rosidl_typesupport_fastrtps_cpp.hpp
[3.935s] -- Up-to-date symlink: /home/baguette/Documents/CS-AURO/install/assessment_interfaces/include/assessment_interfaces/assessment_interfaces/msg/detail/item_list__rosidl_typesupport_fastrtps_cpp.hpp
[3.935s] -- Up-to-date symlink: /home/baguette/Documents/CS-AURO/install/assessment_interfaces/include/assessment_interfaces/assessment_interfaces/msg/detail/item_log__rosidl_typesupport_fastrtps_cpp.hpp
[3.935s] -- Up-to-date symlink: /home/baguette/Documents/CS-AURO/install/assessment_interfaces/include/assessment_interfaces/assessment_interfaces/msg/detail/robot__rosidl_typesupport_fastrtps_cpp.hpp
[3.935s] -- Up-to-date symlink: /home/baguette/Documents/CS-AURO/install/assessment_interfaces/include/assessment_interfaces/assessment_interfaces/msg/detail/robot_list__rosidl_typesupport_fastrtps_cpp.hpp
[3.935s] -- Up-to-date symlink: /home/baguette/Documents/CS-AURO/install/assessment_interfaces/include/assessment_interfaces/assessment_interfaces/msg/rosidl_typesupport_fastrtps_cpp__visibility_control.h
[3.936s] -- Up-to-date symlink: /home/baguette/Documents/CS-AURO/install/assessment_interfaces/include/assessment_interfaces/assessment_interfaces/msg/detail/home_zone__rosidl_typesupport_introspection_cpp.hpp
[3.936s] -- Up-to-date symlink: /home/baguette/Documents/CS-AURO/install/assessment_interfaces/include/assessment_interfaces/assessment_interfaces/msg/detail/item__rosidl_typesupport_introspection_cpp.hpp
[3.936s] -- Up-to-date symlink: /home/baguette/Documents/CS-AURO/install/assessment_interfaces/include/assessment_interfaces/assessment_interfaces/msg/detail/item_holder__rosidl_typesupport_introspection_cpp.hpp
[3.937s] -- Up-to-date symlink: /home/baguette/Documents/CS-AURO/install/assessment_interfaces/include/assessment_interfaces/assessment_interfaces/msg/detail/item_holders__rosidl_typesupport_introspection_cpp.hpp
[3.937s] -- Up-to-date symlink: /home/baguette/Documents/CS-AURO/install/assessment_interfaces/include/assessment_interfaces/assessment_interfaces/msg/detail/item_list__rosidl_typesupport_introspection_cpp.hpp
[3.937s] -- Up-to-date symlink: /home/baguette/Documents/CS-AURO/install/assessment_interfaces/include/assessment_interfaces/assessment_interfaces/msg/detail/item_log__rosidl_typesupport_introspection_cpp.hpp
[3.937s] -- Up-to-date symlink: /home/baguette/Documents/CS-AURO/install/assessment_interfaces/include/assessment_interfaces/assessment_interfaces/msg/detail/robot__rosidl_typesupport_introspection_cpp.hpp
[3.937s] -- Up-to-date symlink: /home/baguette/Documents/CS-AURO/install/assessment_interfaces/include/assessment_interfaces/assessment_interfaces/msg/detail/robot_list__rosidl_typesupport_introspection_cpp.hpp
[3.938s] -- Up-to-date symlink: /home/baguette/Documents/CS-AURO/install/assessment_interfaces/share/assessment_interfaces/environment/pythonpath.sh
[3.938s] -- Up-to-date symlink: /home/baguette/Documents/CS-AURO/install/assessment_interfaces/share/assessment_interfaces/environment/pythonpath.dsv
[3.938s] -- Up-to-date symlink: /home/baguette/Documents/CS-AURO/install/assessment_interfaces/local/lib/python3.10/dist-packages/assessment_interfaces-0.0.0-py3.10.egg-info/PKG-INFO
[3.939s] -- Up-to-date symlink: /home/baguette/Documents/CS-AURO/install/assessment_interfaces/local/lib/python3.10/dist-packages/assessment_interfaces-0.0.0-py3.10.egg-info/SOURCES.txt
[3.939s] -- Up-to-date symlink: /home/baguette/Documents/CS-AURO/install/assessment_interfaces/local/lib/python3.10/dist-packages/assessment_interfaces-0.0.0-py3.10.egg-info/dependency_links.txt
[3.939s] -- Up-to-date symlink: /home/baguette/Documents/CS-AURO/install/assessment_interfaces/local/lib/python3.10/dist-packages/assessment_interfaces-0.0.0-py3.10.egg-info/top_level.txt
[3.940s] -- Up-to-date symlink: /home/baguette/Documents/CS-AURO/install/assessment_interfaces/local/lib/python3.10/dist-packages/assessment_interfaces/__init__.py
[3.940s] -- Up-to-date symlink: /home/baguette/Documents/CS-AURO/install/assessment_interfaces/local/lib/python3.10/dist-packages/assessment_interfaces/_assessment_interfaces_s.ep.rosidl_typesupport_c.c
[3.940s] -- Up-to-date symlink: /home/baguette/Documents/CS-AURO/install/assessment_interfaces/local/lib/python3.10/dist-packages/assessment_interfaces/_assessment_interfaces_s.ep.rosidl_typesupport_fastrtps_c.c
[3.941s] -- Up-to-date symlink: /home/baguette/Documents/CS-AURO/install/assessment_interfaces/local/lib/python3.10/dist-packages/assessment_interfaces/_assessment_interfaces_s.ep.rosidl_typesupport_introspection_c.c
[3.941s] -- Up-to-date symlink: /home/baguette/Documents/CS-AURO/install/assessment_interfaces/local/lib/python3.10/dist-packages/assessment_interfaces/assessment_interfaces_s__rosidl_typesupport_c.cpython-310-x86_64-linux-gnu.so
[3.941s] -- Up-to-date symlink: /home/baguette/Documents/CS-AURO/install/assessment_interfaces/local/lib/python3.10/dist-packages/assessment_interfaces/assessment_interfaces_s__rosidl_typesupport_fastrtps_c.cpython-310-x86_64-linux-gnu.so
[3.941s] -- Up-to-date symlink: /home/baguette/Documents/CS-AURO/install/assessment_interfaces/local/lib/python3.10/dist-packages/assessment_interfaces/assessment_interfaces_s__rosidl_typesupport_introspection_c.cpython-310-x86_64-linux-gnu.so
[3.941s] -- Up-to-date symlink: /home/baguette/Documents/CS-AURO/install/assessment_interfaces/local/lib/python3.10/dist-packages/assessment_interfaces/libassessment_interfaces__rosidl_generator_py.so
[3.942s] -- Up-to-date symlink: /home/baguette/Documents/CS-AURO/install/assessment_interfaces/local/lib/python3.10/dist-packages/assessment_interfaces/msg/__init__.py
[3.942s] -- Up-to-date symlink: /home/baguette/Documents/CS-AURO/install/assessment_interfaces/local/lib/python3.10/dist-packages/assessment_interfaces/msg/_home_zone.py
[3.942s] -- Up-to-date symlink: /home/baguette/Documents/CS-AURO/install/assessment_interfaces/local/lib/python3.10/dist-packages/assessment_interfaces/msg/_home_zone_s.c
[3.942s] -- Up-to-date symlink: /home/baguette/Documents/CS-AURO/install/assessment_interfaces/local/lib/python3.10/dist-packages/assessment_interfaces/msg/_item.py
[3.942s] -- Up-to-date symlink: /home/baguette/Documents/CS-AURO/install/assessment_interfaces/local/lib/python3.10/dist-packages/assessment_interfaces/msg/_item_holder.py
[3.943s] -- Up-to-date symlink: /home/baguette/Documents/CS-AURO/install/assessment_interfaces/local/lib/python3.10/dist-packages/assessment_interfaces/msg/_item_holder_s.c
[3.943s] -- Up-to-date symlink: /home/baguette/Documents/CS-AURO/install/assessment_interfaces/local/lib/python3.10/dist-packages/assessment_interfaces/msg/_item_holders.py
[3.943s] -- Up-to-date symlink: /home/baguette/Documents/CS-AURO/install/assessment_interfaces/local/lib/python3.10/dist-packages/assessment_interfaces/msg/_item_holders_s.c
[3.943s] -- Up-to-date symlink: /home/baguette/Documents/CS-AURO/install/assessment_interfaces/local/lib/python3.10/dist-packages/assessment_interfaces/msg/_item_list.py
[3.944s] -- Up-to-date symlink: /home/baguette/Documents/CS-AURO/install/assessment_interfaces/local/lib/python3.10/dist-packages/assessment_interfaces/msg/_item_list_s.c
[3.944s] -- Up-to-date symlink: /home/baguette/Documents/CS-AURO/install/assessment_interfaces/local/lib/python3.10/dist-packages/assessment_interfaces/msg/_item_log.py
[3.944s] -- Up-to-date symlink: /home/baguette/Documents/CS-AURO/install/assessment_interfaces/local/lib/python3.10/dist-packages/assessment_interfaces/msg/_item_log_s.c
[3.944s] -- Up-to-date symlink: /home/baguette/Documents/CS-AURO/install/assessment_interfaces/local/lib/python3.10/dist-packages/assessment_interfaces/msg/_item_s.c
[3.944s] -- Up-to-date symlink: /home/baguette/Documents/CS-AURO/install/assessment_interfaces/local/lib/python3.10/dist-packages/assessment_interfaces/msg/_robot.py
[3.945s] -- Up-to-date symlink: /home/baguette/Documents/CS-AURO/install/assessment_interfaces/local/lib/python3.10/dist-packages/assessment_interfaces/msg/_robot_list.py
[3.945s] -- Up-to-date symlink: /home/baguette/Documents/CS-AURO/install/assessment_interfaces/local/lib/python3.10/dist-packages/assessment_interfaces/msg/_robot_list_s.c
[3.945s] -- Up-to-date symlink: /home/baguette/Documents/CS-AURO/install/assessment_interfaces/local/lib/python3.10/dist-packages/assessment_interfaces/msg/_robot_s.c
[3.945s] -- Up-to-date symlink: /home/baguette/Documents/CS-AURO/install/assessment_interfaces/local/lib/python3.10/dist-packages/assessment_interfaces/assessment_interfaces_s__rosidl_typesupport_fastrtps_c.cpython-310-x86_64-linux-gnu.so
[3.946s] -- Up-to-date symlink: /home/baguette/Documents/CS-AURO/install/assessment_interfaces/local/lib/python3.10/dist-packages/assessment_interfaces/assessment_interfaces_s__rosidl_typesupport_introspection_c.cpython-310-x86_64-linux-gnu.so
[3.946s] -- Up-to-date symlink: /home/baguette/Documents/CS-AURO/install/assessment_interfaces/local/lib/python3.10/dist-packages/assessment_interfaces/assessment_interfaces_s__rosidl_typesupport_c.cpython-310-x86_64-linux-gnu.so
[3.946s] -- Up-to-date symlink: /home/baguette/Documents/CS-AURO/install/assessment_interfaces/share/assessment_interfaces/msg/ItemLog.idl
[3.947s] -- Up-to-date symlink: /home/baguette/Documents/CS-AURO/install/assessment_interfaces/share/assessment_interfaces/msg/ItemHolder.idl
[3.947s] -- Up-to-date symlink: /home/baguette/Documents/CS-AURO/install/assessment_interfaces/share/assessment_interfaces/msg/ItemHolders.idl
[3.947s] -- Up-to-date symlink: /home/baguette/Documents/CS-AURO/install/assessment_interfaces/share/assessment_interfaces/msg/Item.idl
[3.947s] -- Up-to-date symlink: /home/baguette/Documents/CS-AURO/install/assessment_interfaces/share/assessment_interfaces/msg/ItemList.idl
[3.948s] -- Up-to-date symlink: /home/baguette/Documents/CS-AURO/install/assessment_interfaces/share/assessment_interfaces/msg/HomeZone.idl
[3.948s] -- Up-to-date symlink: /home/baguette/Documents/CS-AURO/install/assessment_interfaces/share/assessment_interfaces/msg/Robot.idl
[3.948s] -- Up-to-date symlink: /home/baguette/Documents/CS-AURO/install/assessment_interfaces/share/assessment_interfaces/msg/RobotList.idl
[3.948s] -- Up-to-date symlink: /home/baguette/Documents/CS-AURO/install/assessment_interfaces/share/assessment_interfaces/msg/ItemLog.msg
[3.949s] -- Up-to-date symlink: /home/baguette/Documents/CS-AURO/install/assessment_interfaces/share/assessment_interfaces/msg/ItemHolder.msg
[3.949s] -- Up-to-date symlink: /home/baguette/Documents/CS-AURO/install/assessment_interfaces/share/assessment_interfaces/msg/ItemHolders.msg
[3.949s] -- Up-to-date symlink: /home/baguette/Documents/CS-AURO/install/assessment_interfaces/share/assessment_interfaces/msg/Item.msg
[3.949s] -- Up-to-date symlink: /home/baguette/Documents/CS-AURO/install/assessment_interfaces/share/assessment_interfaces/msg/ItemList.msg
[3.950s] -- Up-to-date symlink: /home/baguette/Documents/CS-AURO/install/assessment_interfaces/share/assessment_interfaces/msg/HomeZone.msg
[3.950s] -- Up-to-date symlink: /home/baguette/Documents/CS-AURO/install/assessment_interfaces/share/assessment_interfaces/msg/Robot.msg
[3.950s] -- Up-to-date symlink: /home/baguette/Documents/CS-AURO/install/assessment_interfaces/share/assessment_interfaces/msg/RobotList.msg
[3.950s] -- Up-to-date symlink: /home/baguette/Documents/CS-AURO/install/assessment_interfaces/share/ament_index/resource_index/package_run_dependencies/assessment_interfaces
[3.950s] -- Up-to-date symlink: /home/baguette/Documents/CS-AURO/install/assessment_interfaces/share/ament_index/resource_index/parent_prefix_path/assessment_interfaces
[3.951s] -- Up-to-date symlink: /home/baguette/Documents/CS-AURO/install/assessment_interfaces/share/assessment_interfaces/environment/ament_prefix_path.sh
[3.951s] -- Up-to-date symlink: /home/baguette/Documents/CS-AURO/install/assessment_interfaces/share/assessment_interfaces/environment/ament_prefix_path.dsv
[3.951s] -- Up-to-date symlink: /home/baguette/Documents/CS-AURO/install/assessment_interfaces/share/assessment_interfaces/environment/path.sh
[3.952s] -- Up-to-date symlink: /home/baguette/Documents/CS-AURO/install/assessment_interfaces/share/assessment_interfaces/environment/path.dsv
[3.952s] -- Up-to-date symlink: /home/baguette/Documents/CS-AURO/install/assessment_interfaces/share/assessment_interfaces/local_setup.bash
[3.952s] -- Up-to-date symlink: /home/baguette/Documents/CS-AURO/install/assessment_interfaces/share/assessment_interfaces/local_setup.sh
[3.952s] -- Up-to-date symlink: /home/baguette/Documents/CS-AURO/install/assessment_interfaces/share/assessment_interfaces/local_setup.zsh
[3.952s] -- Up-to-date symlink: /home/baguette/Documents/CS-AURO/install/assessment_interfaces/share/assessment_interfaces/local_setup.dsv
[3.952s] -- Symlinking: /home/baguette/Documents/CS-AURO/install/assessment_interfaces/share/assessment_interfaces/package.dsv
[3.963s] -- Up-to-date symlink: /home/baguette/Documents/CS-AURO/install/assessment_interfaces/share/ament_index/resource_index/packages/assessment_interfaces
[3.963s] -- Up-to-date symlink: /home/baguette/Documents/CS-AURO/install/assessment_interfaces/share/assessment_interfaces/cmake/rosidl_cmake-extras.cmake
[3.964s] -- Up-to-date symlink: /home/baguette/Documents/CS-AURO/install/assessment_interfaces/share/assessment_interfaces/cmake/ament_cmake_export_include_directories-extras.cmake
[3.964s] -- Up-to-date symlink: /home/baguette/Documents/CS-AURO/install/assessment_interfaces/share/assessment_interfaces/cmake/ament_cmake_export_libraries-extras.cmake
[3.964s] -- Up-to-date symlink: /home/baguette/Documents/CS-AURO/install/assessment_interfaces/share/assessment_interfaces/cmake/ament_cmake_export_targets-extras.cmake
[3.964s] -- Up-to-date symlink: /home/baguette/Documents/CS-AURO/install/assessment_interfaces/share/assessment_interfaces/cmake/rosidl_cmake_export_typesupport_targets-extras.cmake
[3.964s] -- Up-to-date symlink: /home/baguette/Documents/CS-AURO/install/assessment_interfaces/share/assessment_interfaces/cmake/ament_cmake_export_dependencies-extras.cmake
[3.965s] -- Up-to-date symlink: /home/baguette/Documents/CS-AURO/install/assessment_interfaces/share/assessment_interfaces/cmake/rosidl_cmake_export_typesupport_libraries-extras.cmake
[3.965s] -- Up-to-date symlink: /home/baguette/Documents/CS-AURO/install/assessment_interfaces/share/assessment_interfaces/cmake/assessment_interfacesConfig.cmake
[3.965s] -- Up-to-date symlink: /home/baguette/Documents/CS-AURO/install/assessment_interfaces/share/assessment_interfaces/cmake/assessment_interfacesConfig-version.cmake
[3.965s] -- Up-to-date symlink: /home/baguette/Documents/CS-AURO/install/assessment_interfaces/share/assessment_interfaces/package.xml
[3.966s] -- Up-to-date: /home/baguette/Documents/CS-AURO/install/assessment_interfaces/lib/libassessment_interfaces__rosidl_generator_c.so
[3.966s] -- Up-to-date: /home/baguette/Documents/CS-AURO/install/assessment_interfaces/lib/libassessment_interfaces__rosidl_typesupport_fastrtps_c.so
[3.967s] -- Up-to-date: /home/baguette/Documents/CS-AURO/install/assessment_interfaces/lib/libassessment_interfaces__rosidl_typesupport_introspection_c.so
[3.968s] -- Up-to-date: /home/baguette/Documents/CS-AURO/install/assessment_interfaces/lib/libassessment_interfaces__rosidl_typesupport_c.so
[3.969s] -- Up-to-date: /home/baguette/Documents/CS-AURO/install/assessment_interfaces/lib/libassessment_interfaces__rosidl_typesupport_fastrtps_cpp.so
[3.969s] -- Up-to-date: /home/baguette/Documents/CS-AURO/install/assessment_interfaces/lib/libassessment_interfaces__rosidl_typesupport_introspection_cpp.so
[3.970s] -- Up-to-date: /home/baguette/Documents/CS-AURO/install/assessment_interfaces/lib/libassessment_interfaces__rosidl_typesupport_cpp.so
[3.999s] Listing '/home/baguette/Documents/CS-AURO/install/assessment_interfaces/local/lib/python3.10/dist-packages/assessment_interfaces'...
[3.999s] Listing '/home/baguette/Documents/CS-AURO/install/assessment_interfaces/local/lib/python3.10/dist-packages/assessment_interfaces/msg'...
[4.004s] -- Up-to-date: /home/baguette/Documents/CS-AURO/install/assessment_interfaces/lib/libassessment_interfaces__rosidl_generator_py.so
[4.004s] -- Up-to-date: /home/baguette/Documents/CS-AURO/install/assessment_interfaces/share/assessment_interfaces/cmake/export_assessment_interfaces__rosidl_generator_cExport.cmake
[4.005s] -- Up-to-date: /home/baguette/Documents/CS-AURO/install/assessment_interfaces/share/assessment_interfaces/cmake/export_assessment_interfaces__rosidl_generator_cExport-noconfig.cmake
[4.005s] -- Up-to-date: /home/baguette/Documents/CS-AURO/install/assessment_interfaces/share/assessment_interfaces/cmake/export_assessment_interfaces__rosidl_typesupport_fastrtps_cExport.cmake
[4.005s] -- Up-to-date: /home/baguette/Documents/CS-AURO/install/assessment_interfaces/share/assessment_interfaces/cmake/export_assessment_interfaces__rosidl_typesupport_fastrtps_cExport-noconfig.cmake
[4.005s] -- Up-to-date: /home/baguette/Documents/CS-AURO/install/assessment_interfaces/share/assessment_interfaces/cmake/assessment_interfaces__rosidl_typesupport_introspection_cExport.cmake
[4.006s] -- Up-to-date: /home/baguette/Documents/CS-AURO/install/assessment_interfaces/share/assessment_interfaces/cmake/assessment_interfaces__rosidl_typesupport_introspection_cExport-noconfig.cmake
[4.006s] -- Up-to-date: /home/baguette/Documents/CS-AURO/install/assessment_interfaces/share/assessment_interfaces/cmake/assessment_interfaces__rosidl_typesupport_cExport.cmake
[4.006s] -- Up-to-date: /home/baguette/Documents/CS-AURO/install/assessment_interfaces/share/assessment_interfaces/cmake/assessment_interfaces__rosidl_typesupport_cExport-noconfig.cmake
[4.006s] -- Up-to-date: /home/baguette/Documents/CS-AURO/install/assessment_interfaces/share/assessment_interfaces/cmake/export_assessment_interfaces__rosidl_generator_cppExport.cmake
[4.007s] -- Up-to-date: /home/baguette/Documents/CS-AURO/install/assessment_interfaces/share/assessment_interfaces/cmake/export_assessment_interfaces__rosidl_typesupport_fastrtps_cppExport.cmake
[4.008s] -- Up-to-date: /home/baguette/Documents/CS-AURO/install/assessment_interfaces/share/assessment_interfaces/cmake/export_assessment_interfaces__rosidl_typesupport_fastrtps_cppExport-noconfig.cmake
[4.008s] -- Up-to-date: /home/baguette/Documents/CS-AURO/install/assessment_interfaces/share/assessment_interfaces/cmake/assessment_interfaces__rosidl_typesupport_introspection_cppExport.cmake
[4.008s] -- Up-to-date: /home/baguette/Documents/CS-AURO/install/assessment_interfaces/share/assessment_interfaces/cmake/assessment_interfaces__rosidl_typesupport_introspection_cppExport-noconfig.cmake
[4.009s] -- Up-to-date: /home/baguette/Documents/CS-AURO/install/assessment_interfaces/share/assessment_interfaces/cmake/assessment_interfaces__rosidl_typesupport_cppExport.cmake
[4.009s] -- Up-to-date: /home/baguette/Documents/CS-AURO/install/assessment_interfaces/share/assessment_interfaces/cmake/assessment_interfaces__rosidl_typesupport_cppExport-noconfig.cmake
[4.009s] -- Up-to-date: /home/baguette/Documents/CS-AURO/install/assessment_interfaces/share/assessment_interfaces/cmake/export_assessment_interfaces__rosidl_generator_pyExport.cmake
[4.009s] -- Up-to-date: /home/baguette/Documents/CS-AURO/install/assessment_interfaces/share/assessment_interfaces/cmake/export_assessment_interfaces__rosidl_generator_pyExport-noconfig.cmake
[4.201s] Invoked command in '/home/baguette/Documents/CS-AURO/build/assessment_interfaces' returned '0': CMAKE_PREFIX_PATH=/opt/ros/humble /usr/bin/cmake --install /home/baguette/Documents/CS-AURO/build/assessment_interfaces
