[1.963s] Invoking command in '/home/baguette/Documents/src/build/assessment': PYTHONPATH=/home/baguette/Documents/src/build/assessment/prefix_override:/home/baguette/Documents/src/install/assessment/lib/python3.10/site-packages:${PYTHONPATH} /usr/bin/python3 setup.py develop --editable --build-directory /home/baguette/Documents/src/build/assessment/build --no-deps install_data
[2.198s] running develop
[2.198s] /usr/lib/python3/dist-packages/setuptools/command/easy_install.py:158: EasyInstallDeprecationWarning: easy_install command is deprecated. Use build and pip and other standards-based tools.
[2.199s]   warnings.warn(
[2.199s] /usr/lib/python3/dist-packages/setuptools/command/install.py:34: SetuptoolsDeprecationWarning: setup.py install is deprecated. Use build and pip and other standards-based tools.
[2.199s]   warnings.warn(
[2.367s] running egg_info
[2.367s] writing assessment.egg-info/PKG-INFO
[2.368s] writing dependency_links to assessment.egg-info/dependency_links.txt
[2.368s] writing entry points to assessment.egg-info/entry_points.txt
[2.368s] writing requirements to assessment.egg-info/requires.txt
[2.368s] writing top-level names to assessment.egg-info/top_level.txt
[2.370s] reading manifest file 'assessment.egg-info/SOURCES.txt'
[2.372s] writing manifest file 'assessment.egg-info/SOURCES.txt'
[2.374s] running build_ext
[2.374s] Creating /home/baguette/Documents/src/install/assessment/lib/python3.10/site-packages/assessment.egg-link (link to .)
[2.375s] Installing home_zone_sensor script to /home/baguette/Documents/src/install/assessment/lib/assessment
[2.375s] Installing item_manager script to /home/baguette/Documents/src/install/assessment/lib/assessment
[2.375s] Installing item_sensor script to /home/baguette/Documents/src/install/assessment/lib/assessment
[2.375s] Installing robot_sensor script to /home/baguette/Documents/src/install/assessment/lib/assessment
[2.376s] 
[2.376s] Installed /home/baguette/Documents/src/build/assessment
[2.376s] running install_data
[2.423s] Invoked command in '/home/baguette/Documents/src/build/assessment' returned '0': PYTHONPATH=/home/baguette/Documents/src/build/assessment/prefix_override:/home/baguette/Documents/src/install/assessment/lib/python3.10/site-packages:${PYTHONPATH} /usr/bin/python3 setup.py develop --editable --build-directory /home/baguette/Documents/src/build/assessment/build --no-deps install_data
