[4.000s] Invoking command in '/home/baguette/Documents/CS-AURO/build/week_5': PYTHONPATH=/home/baguette/Documents/CS-AURO/build/week_5/prefix_override:/home/baguette/Documents/CS-AURO/install/week_5/lib/python3.10/site-packages:${PYTHONPATH} /usr/bin/python3 setup.py develop --editable --build-directory /home/baguette/Documents/CS-AURO/build/week_5/build --no-deps install_data
[4.354s] running develop
[4.354s] /usr/lib/python3/dist-packages/setuptools/command/easy_install.py:158: EasyInstallDeprecationWarning: easy_install command is deprecated. Use build and pip and other standards-based tools.
[4.354s]   warnings.warn(
[4.356s] /usr/lib/python3/dist-packages/setuptools/command/install.py:34: SetuptoolsDeprecationWarning: setup.py install is deprecated. Use build and pip and other standards-based tools.
[4.356s]   warnings.warn(
[4.616s] running egg_info
[4.616s] writing week_5.egg-info/PKG-INFO
[4.616s] writing dependency_links to week_5.egg-info/dependency_links.txt
[4.617s] writing entry points to week_5.egg-info/entry_points.txt
[4.617s] writing requirements to week_5.egg-info/requires.txt
[4.622s] writing top-level names to week_5.egg-info/top_level.txt
[4.623s] reading manifest file 'week_5.egg-info/SOURCES.txt'
[4.624s] writing manifest file 'week_5.egg-info/SOURCES.txt'
[4.626s] running build_ext
[4.627s] Creating /home/baguette/Documents/CS-AURO/install/week_5/lib/python3.10/site-packages/week-5.egg-link (link to .)
[4.629s] Installing item_detector script to /home/baguette/Documents/CS-AURO/install/week_5/lib/week_5
[4.630s] Installing item_spawner script to /home/baguette/Documents/CS-AURO/install/week_5/lib/week_5
[4.631s] 
[4.631s] Installed /home/baguette/Documents/CS-AURO/build/week_5
[4.631s] running install_data
[5.054s] Invoked command in '/home/baguette/Documents/CS-AURO/build/week_5' returned '0': PYTHONPATH=/home/baguette/Documents/CS-AURO/build/week_5/prefix_override:/home/baguette/Documents/CS-AURO/install/week_5/lib/python3.10/site-packages:${PYTHONPATH} /usr/bin/python3 setup.py develop --editable --build-directory /home/baguette/Documents/CS-AURO/build/week_5/build --no-deps install_data
