[4.073s] Invoking command in '/home/baguette/Documents/CS-AURO/build/week_1': PYTHONPATH=/home/baguette/Documents/CS-AURO/build/week_1/prefix_override:/home/baguette/Documents/CS-AURO/install/week_1/lib/python3.10/site-packages:${PYTHONPATH} /usr/bin/python3 setup.py develop --editable --build-directory /home/baguette/Documents/CS-AURO/build/week_1/build --no-deps install_data
[4.365s] running develop
[4.365s] /usr/lib/python3/dist-packages/setuptools/command/easy_install.py:158: EasyInstallDeprecationWarning: easy_install command is deprecated. Use build and pip and other standards-based tools.
[4.365s]   warnings.warn(
[4.366s] /usr/lib/python3/dist-packages/setuptools/command/install.py:34: SetuptoolsDeprecationWarning: setup.py install is deprecated. Use build and pip and other standards-based tools.
[4.366s]   warnings.warn(
[4.601s] running egg_info
[4.602s] writing week_1.egg-info/PKG-INFO
[4.602s] writing dependency_links to week_1.egg-info/dependency_links.txt
[4.602s] writing entry points to week_1.egg-info/entry_points.txt
[4.603s] writing requirements to week_1.egg-info/requires.txt
[4.603s] writing top-level names to week_1.egg-info/top_level.txt
[4.604s] reading manifest file 'week_1.egg-info/SOURCES.txt'
[4.605s] writing manifest file 'week_1.egg-info/SOURCES.txt'
[4.606s] running build_ext
[4.606s] Creating /home/baguette/Documents/CS-AURO/install/week_1/lib/python3.10/site-packages/week-1.egg-link (link to .)
[4.607s] Installing turtle_controller script to /home/baguette/Documents/CS-AURO/install/week_1/lib/week_1
[4.607s] Installing turtle_listener script to /home/baguette/Documents/CS-AURO/install/week_1/lib/week_1
[4.608s] 
[4.608s] Installed /home/baguette/Documents/CS-AURO/build/week_1
[4.608s] running install_data
[4.832s] Invoked command in '/home/baguette/Documents/CS-AURO/build/week_1' returned '0': PYTHONPATH=/home/baguette/Documents/CS-AURO/build/week_1/prefix_override:/home/baguette/Documents/CS-AURO/install/week_1/lib/python3.10/site-packages:${PYTHONPATH} /usr/bin/python3 setup.py develop --editable --build-directory /home/baguette/Documents/CS-AURO/build/week_1/build --no-deps install_data
