[0.611s] Invoking command in '/home/baguette/Documents/src/build/solution_interfaces': CMAKE_PREFIX_PATH=/opt/ros/humble /usr/bin/cmake --build /home/baguette/Documents/src/build/solution_interfaces -- -j16 -l16
[0.876s] [35m[1mConsolidate compiler generated dependencies of target solution_interfaces__rosidl_generator_c[0m
[0.876s] [  3%] Built target solution_interfaces__cpp
[0.876s] [ 12%] Built target solution_interfaces__rosidl_generator_c
[0.876s] [ 12%] Built target ament_cmake_python_symlink_solution_interfaces
[0.876s] [35m[1mConsolidate compiler generated dependencies of target solution_interfaces__rosidl_typesupport_cpp[0m
[0.876s] [35m[1mConsolidate compiler generated dependencies of target solution_interfaces__rosidl_typesupport_introspection_cpp[0m
[0.876s] [35m[1mConsolidate compiler generated dependencies of target solution_interfaces__rosidl_typesupport_fastrtps_cpp[0m
[0.876s] [35m[1mConsolidate compiler generated dependencies of target solution_interfaces__rosidl_typesupport_c[0m
[0.876s] [35m[1mConsolidate compiler generated dependencies of target solution_interfaces__rosidl_typesupport_introspection_c[0m
[0.876s] [35m[1mConsolidate compiler generated dependencies of target solution_interfaces__rosidl_typesupport_fastrtps_c[0m
[0.877s] [ 41%] Built target solution_interfaces__rosidl_typesupport_fastrtps_cpp
[0.877s] [ 41%] Built target solution_interfaces__rosidl_typesupport_introspection_c
[0.877s] [ 41%] Built target solution_interfaces__rosidl_typesupport_introspection_cpp
[0.877s] [ 51%] Built target solution_interfaces__rosidl_typesupport_c
[0.877s] [ 61%] Built target solution_interfaces__rosidl_typesupport_cpp
[0.877s] [ 70%] Built target solution_interfaces__rosidl_typesupport_fastrtps_c
[0.877s] [ 70%] Built target solution_interfaces
[0.877s] [ 74%] Built target solution_interfaces__py
[0.877s] [35m[1mConsolidate compiler generated dependencies of target solution_interfaces__rosidl_generator_py[0m
[0.877s] [ 80%] Built target solution_interfaces__rosidl_generator_py
[0.878s] [35m[1mConsolidate compiler generated dependencies of target solution_interfaces__rosidl_typesupport_fastrtps_c__pyext[0m
[0.878s] [35m[1mConsolidate compiler generated dependencies of target solution_interfaces__rosidl_typesupport_introspection_c__pyext[0m
[0.878s] [35m[1mConsolidate compiler generated dependencies of target solution_interfaces__rosidl_typesupport_c__pyext[0m
[0.878s] [100%] Built target solution_interfaces__rosidl_typesupport_c__pyext
[0.878s] [100%] Built target solution_interfaces__rosidl_typesupport_fastrtps_c__pyext
[0.878s] [100%] Built target solution_interfaces__rosidl_typesupport_introspection_c__pyext
[0.879s] running egg_info
[0.879s] writing solution_interfaces.egg-info/PKG-INFO
[0.879s] writing dependency_links to solution_interfaces.egg-info/dependency_links.txt
[0.879s] writing top-level names to solution_interfaces.egg-info/top_level.txt
[0.879s] reading manifest file 'solution_interfaces.egg-info/SOURCES.txt'
[0.880s] writing manifest file 'solution_interfaces.egg-info/SOURCES.txt'
[0.904s] [100%] Built target ament_cmake_python_build_solution_interfaces_egg
[0.916s] Invoked command in '/home/baguette/Documents/src/build/solution_interfaces' returned '0': CMAKE_PREFIX_PATH=/opt/ros/humble /usr/bin/cmake --build /home/baguette/Documents/src/build/solution_interfaces -- -j16 -l16
[0.967s] Invoking command in '/home/baguette/Documents/src/build/solution_interfaces': CMAKE_PREFIX_PATH=/opt/ros/humble /usr/bin/cmake --install /home/baguette/Documents/src/build/solution_interfaces
[0.973s] -- Install configuration: ""
[0.974s] -- Execute custom install script
[0.974s] -- Up-to-date symlink: /home/baguette/Documents/src/install/solution_interfaces/share/ament_index/resource_index/rosidl_interfaces/solution_interfaces
[0.975s] -- Up-to-date symlink: /home/baguette/Documents/src/install/solution_interfaces/include/solution_interfaces/solution_interfaces/msg/detail/example__functions.h
[0.975s] -- Up-to-date symlink: /home/baguette/Documents/src/install/solution_interfaces/include/solution_interfaces/solution_interfaces/msg/detail/example__struct.h
[0.975s] -- Up-to-date symlink: /home/baguette/Documents/src/install/solution_interfaces/include/solution_interfaces/solution_interfaces/msg/detail/example__type_support.h
[0.975s] -- Up-to-date symlink: /home/baguette/Documents/src/install/solution_interfaces/include/solution_interfaces/solution_interfaces/msg/example.h
[0.975s] -- Up-to-date symlink: /home/baguette/Documents/src/install/solution_interfaces/include/solution_interfaces/solution_interfaces/msg/rosidl_generator_c__visibility_control.h
[0.976s] -- Up-to-date symlink: /home/baguette/Documents/src/install/solution_interfaces/share/solution_interfaces/environment/library_path.sh
[0.976s] -- Up-to-date symlink: /home/baguette/Documents/src/install/solution_interfaces/share/solution_interfaces/environment/library_path.dsv
[0.976s] -- Up-to-date symlink: /home/baguette/Documents/src/install/solution_interfaces/include/solution_interfaces/solution_interfaces/msg/detail/example__rosidl_typesupport_fastrtps_c.h
[0.976s] -- Up-to-date symlink: /home/baguette/Documents/src/install/solution_interfaces/include/solution_interfaces/solution_interfaces/msg/rosidl_typesupport_fastrtps_c__visibility_control.h
[0.976s] -- Up-to-date symlink: /home/baguette/Documents/src/install/solution_interfaces/include/solution_interfaces/solution_interfaces/msg/detail/example__builder.hpp
[0.976s] -- Up-to-date symlink: /home/baguette/Documents/src/install/solution_interfaces/include/solution_interfaces/solution_interfaces/msg/detail/example__struct.hpp
[0.976s] -- Up-to-date symlink: /home/baguette/Documents/src/install/solution_interfaces/include/solution_interfaces/solution_interfaces/msg/detail/example__traits.hpp
[0.976s] -- Up-to-date symlink: /home/baguette/Documents/src/install/solution_interfaces/include/solution_interfaces/solution_interfaces/msg/example.hpp
[0.977s] -- Up-to-date symlink: /home/baguette/Documents/src/install/solution_interfaces/include/solution_interfaces/solution_interfaces/msg/detail/example__rosidl_typesupport_fastrtps_cpp.hpp
[0.977s] -- Up-to-date symlink: /home/baguette/Documents/src/install/solution_interfaces/include/solution_interfaces/solution_interfaces/msg/rosidl_typesupport_fastrtps_cpp__visibility_control.h
[0.977s] -- Up-to-date symlink: /home/baguette/Documents/src/install/solution_interfaces/include/solution_interfaces/solution_interfaces/msg/detail/example__rosidl_typesupport_introspection_c.h
[0.977s] -- Up-to-date symlink: /home/baguette/Documents/src/install/solution_interfaces/include/solution_interfaces/solution_interfaces/msg/rosidl_typesupport_introspection_c__visibility_control.h
[0.977s] -- Up-to-date symlink: /home/baguette/Documents/src/install/solution_interfaces/include/solution_interfaces/solution_interfaces/msg/detail/example__rosidl_typesupport_introspection_cpp.hpp
[0.977s] -- Up-to-date symlink: /home/baguette/Documents/src/install/solution_interfaces/share/solution_interfaces/environment/pythonpath.sh
[0.977s] -- Up-to-date symlink: /home/baguette/Documents/src/install/solution_interfaces/share/solution_interfaces/environment/pythonpath.dsv
[0.977s] -- Up-to-date symlink: /home/baguette/Documents/src/install/solution_interfaces/local/lib/python3.10/dist-packages/solution_interfaces-0.0.0-py3.10.egg-info/PKG-INFO
[0.978s] -- Up-to-date symlink: /home/baguette/Documents/src/install/solution_interfaces/local/lib/python3.10/dist-packages/solution_interfaces-0.0.0-py3.10.egg-info/SOURCES.txt
[0.978s] -- Up-to-date symlink: /home/baguette/Documents/src/install/solution_interfaces/local/lib/python3.10/dist-packages/solution_interfaces-0.0.0-py3.10.egg-info/dependency_links.txt
[0.978s] -- Up-to-date symlink: /home/baguette/Documents/src/install/solution_interfaces/local/lib/python3.10/dist-packages/solution_interfaces-0.0.0-py3.10.egg-info/top_level.txt
[0.978s] -- Up-to-date symlink: /home/baguette/Documents/src/install/solution_interfaces/local/lib/python3.10/dist-packages/solution_interfaces/__init__.py
[0.978s] -- Up-to-date symlink: /home/baguette/Documents/src/install/solution_interfaces/local/lib/python3.10/dist-packages/solution_interfaces/_solution_interfaces_s.ep.rosidl_typesupport_c.c
[0.978s] -- Up-to-date symlink: /home/baguette/Documents/src/install/solution_interfaces/local/lib/python3.10/dist-packages/solution_interfaces/_solution_interfaces_s.ep.rosidl_typesupport_fastrtps_c.c
[0.979s] -- Up-to-date symlink: /home/baguette/Documents/src/install/solution_interfaces/local/lib/python3.10/dist-packages/solution_interfaces/_solution_interfaces_s.ep.rosidl_typesupport_introspection_c.c
[0.979s] -- Up-to-date symlink: /home/baguette/Documents/src/install/solution_interfaces/local/lib/python3.10/dist-packages/solution_interfaces/libsolution_interfaces__rosidl_generator_py.so
[0.979s] -- Up-to-date symlink: /home/baguette/Documents/src/install/solution_interfaces/local/lib/python3.10/dist-packages/solution_interfaces/msg/__init__.py
[0.979s] -- Up-to-date symlink: /home/baguette/Documents/src/install/solution_interfaces/local/lib/python3.10/dist-packages/solution_interfaces/msg/_example.py
[0.979s] -- Up-to-date symlink: /home/baguette/Documents/src/install/solution_interfaces/local/lib/python3.10/dist-packages/solution_interfaces/msg/_example_s.c
[0.979s] -- Up-to-date symlink: /home/baguette/Documents/src/install/solution_interfaces/local/lib/python3.10/dist-packages/solution_interfaces/solution_interfaces_s__rosidl_typesupport_c.cpython-310-x86_64-linux-gnu.so
[0.979s] -- Up-to-date symlink: /home/baguette/Documents/src/install/solution_interfaces/local/lib/python3.10/dist-packages/solution_interfaces/solution_interfaces_s__rosidl_typesupport_fastrtps_c.cpython-310-x86_64-linux-gnu.so
[0.979s] -- Up-to-date symlink: /home/baguette/Documents/src/install/solution_interfaces/local/lib/python3.10/dist-packages/solution_interfaces/solution_interfaces_s__rosidl_typesupport_introspection_c.cpython-310-x86_64-linux-gnu.so
[0.980s] -- Up-to-date symlink: /home/baguette/Documents/src/install/solution_interfaces/local/lib/python3.10/dist-packages/solution_interfaces/solution_interfaces_s__rosidl_typesupport_fastrtps_c.cpython-310-x86_64-linux-gnu.so
[0.980s] -- Up-to-date symlink: /home/baguette/Documents/src/install/solution_interfaces/local/lib/python3.10/dist-packages/solution_interfaces/solution_interfaces_s__rosidl_typesupport_introspection_c.cpython-310-x86_64-linux-gnu.so
[0.980s] -- Up-to-date symlink: /home/baguette/Documents/src/install/solution_interfaces/local/lib/python3.10/dist-packages/solution_interfaces/solution_interfaces_s__rosidl_typesupport_c.cpython-310-x86_64-linux-gnu.so
[0.980s] -- Up-to-date symlink: /home/baguette/Documents/src/install/solution_interfaces/share/solution_interfaces/msg/Example.idl
[0.980s] -- Up-to-date symlink: /home/baguette/Documents/src/install/solution_interfaces/share/solution_interfaces/msg/Example.msg
[0.980s] -- Up-to-date symlink: /home/baguette/Documents/src/install/solution_interfaces/share/ament_index/resource_index/package_run_dependencies/solution_interfaces
[0.980s] -- Up-to-date symlink: /home/baguette/Documents/src/install/solution_interfaces/share/ament_index/resource_index/parent_prefix_path/solution_interfaces
[0.981s] -- Up-to-date symlink: /home/baguette/Documents/src/install/solution_interfaces/share/solution_interfaces/environment/ament_prefix_path.sh
[0.981s] -- Up-to-date symlink: /home/baguette/Documents/src/install/solution_interfaces/share/solution_interfaces/environment/ament_prefix_path.dsv
[0.981s] -- Up-to-date symlink: /home/baguette/Documents/src/install/solution_interfaces/share/solution_interfaces/environment/path.sh
[0.981s] -- Up-to-date symlink: /home/baguette/Documents/src/install/solution_interfaces/share/solution_interfaces/environment/path.dsv
[0.981s] -- Up-to-date symlink: /home/baguette/Documents/src/install/solution_interfaces/share/solution_interfaces/local_setup.bash
[0.981s] -- Up-to-date symlink: /home/baguette/Documents/src/install/solution_interfaces/share/solution_interfaces/local_setup.sh
[0.981s] -- Up-to-date symlink: /home/baguette/Documents/src/install/solution_interfaces/share/solution_interfaces/local_setup.zsh
[0.981s] -- Up-to-date symlink: /home/baguette/Documents/src/install/solution_interfaces/share/solution_interfaces/local_setup.dsv
[0.982s] -- Symlinking: /home/baguette/Documents/src/install/solution_interfaces/share/solution_interfaces/package.dsv
[0.991s] -- Up-to-date symlink: /home/baguette/Documents/src/install/solution_interfaces/share/ament_index/resource_index/packages/solution_interfaces
[0.991s] -- Up-to-date symlink: /home/baguette/Documents/src/install/solution_interfaces/share/solution_interfaces/cmake/rosidl_cmake-extras.cmake
[0.991s] -- Up-to-date symlink: /home/baguette/Documents/src/install/solution_interfaces/share/solution_interfaces/cmake/ament_cmake_export_dependencies-extras.cmake
[0.991s] -- Up-to-date symlink: /home/baguette/Documents/src/install/solution_interfaces/share/solution_interfaces/cmake/ament_cmake_export_include_directories-extras.cmake
[0.991s] -- Up-to-date symlink: /home/baguette/Documents/src/install/solution_interfaces/share/solution_interfaces/cmake/ament_cmake_export_libraries-extras.cmake
[0.992s] -- Up-to-date symlink: /home/baguette/Documents/src/install/solution_interfaces/share/solution_interfaces/cmake/ament_cmake_export_targets-extras.cmake
[0.992s] -- Up-to-date symlink: /home/baguette/Documents/src/install/solution_interfaces/share/solution_interfaces/cmake/rosidl_cmake_export_typesupport_targets-extras.cmake
[0.992s] -- Up-to-date symlink: /home/baguette/Documents/src/install/solution_interfaces/share/solution_interfaces/cmake/rosidl_cmake_export_typesupport_libraries-extras.cmake
[0.992s] -- Up-to-date symlink: /home/baguette/Documents/src/install/solution_interfaces/share/solution_interfaces/cmake/solution_interfacesConfig.cmake
[0.992s] -- Up-to-date symlink: /home/baguette/Documents/src/install/solution_interfaces/share/solution_interfaces/cmake/solution_interfacesConfig-version.cmake
[0.992s] -- Up-to-date symlink: /home/baguette/Documents/src/install/solution_interfaces/share/solution_interfaces/package.xml
[0.992s] -- Up-to-date: /home/baguette/Documents/src/install/solution_interfaces/lib/libsolution_interfaces__rosidl_generator_c.so
[0.992s] -- Up-to-date: /home/baguette/Documents/src/install/solution_interfaces/lib/libsolution_interfaces__rosidl_typesupport_fastrtps_c.so
[0.993s] -- Up-to-date: /home/baguette/Documents/src/install/solution_interfaces/lib/libsolution_interfaces__rosidl_typesupport_fastrtps_cpp.so
[0.993s] -- Up-to-date: /home/baguette/Documents/src/install/solution_interfaces/lib/libsolution_interfaces__rosidl_typesupport_introspection_c.so
[0.993s] -- Up-to-date: /home/baguette/Documents/src/install/solution_interfaces/lib/libsolution_interfaces__rosidl_typesupport_c.so
[0.993s] -- Up-to-date: /home/baguette/Documents/src/install/solution_interfaces/lib/libsolution_interfaces__rosidl_typesupport_introspection_cpp.so
[0.994s] -- Up-to-date: /home/baguette/Documents/src/install/solution_interfaces/lib/libsolution_interfaces__rosidl_typesupport_cpp.so
[1.017s] Listing '/home/baguette/Documents/src/install/solution_interfaces/local/lib/python3.10/dist-packages/solution_interfaces'...
[1.017s] Listing '/home/baguette/Documents/src/install/solution_interfaces/local/lib/python3.10/dist-packages/solution_interfaces/msg'...
[1.021s] -- Up-to-date: /home/baguette/Documents/src/install/solution_interfaces/lib/libsolution_interfaces__rosidl_generator_py.so
[1.022s] -- Up-to-date: /home/baguette/Documents/src/install/solution_interfaces/share/solution_interfaces/cmake/export_solution_interfaces__rosidl_generator_cExport.cmake
[1.022s] -- Up-to-date: /home/baguette/Documents/src/install/solution_interfaces/share/solution_interfaces/cmake/export_solution_interfaces__rosidl_generator_cExport-noconfig.cmake
[1.022s] -- Up-to-date: /home/baguette/Documents/src/install/solution_interfaces/share/solution_interfaces/cmake/export_solution_interfaces__rosidl_typesupport_fastrtps_cExport.cmake
[1.022s] -- Up-to-date: /home/baguette/Documents/src/install/solution_interfaces/share/solution_interfaces/cmake/export_solution_interfaces__rosidl_typesupport_fastrtps_cExport-noconfig.cmake
[1.023s] -- Up-to-date: /home/baguette/Documents/src/install/solution_interfaces/share/solution_interfaces/cmake/export_solution_interfaces__rosidl_generator_cppExport.cmake
[1.023s] -- Up-to-date: /home/baguette/Documents/src/install/solution_interfaces/share/solution_interfaces/cmake/export_solution_interfaces__rosidl_typesupport_fastrtps_cppExport.cmake
[1.023s] -- Up-to-date: /home/baguette/Documents/src/install/solution_interfaces/share/solution_interfaces/cmake/export_solution_interfaces__rosidl_typesupport_fastrtps_cppExport-noconfig.cmake
[1.023s] -- Up-to-date: /home/baguette/Documents/src/install/solution_interfaces/share/solution_interfaces/cmake/solution_interfaces__rosidl_typesupport_introspection_cExport.cmake
[1.024s] -- Up-to-date: /home/baguette/Documents/src/install/solution_interfaces/share/solution_interfaces/cmake/solution_interfaces__rosidl_typesupport_introspection_cExport-noconfig.cmake
[1.024s] -- Up-to-date: /home/baguette/Documents/src/install/solution_interfaces/share/solution_interfaces/cmake/solution_interfaces__rosidl_typesupport_cExport.cmake
[1.024s] -- Up-to-date: /home/baguette/Documents/src/install/solution_interfaces/share/solution_interfaces/cmake/solution_interfaces__rosidl_typesupport_cExport-noconfig.cmake
[1.024s] -- Up-to-date: /home/baguette/Documents/src/install/solution_interfaces/share/solution_interfaces/cmake/solution_interfaces__rosidl_typesupport_introspection_cppExport.cmake
[1.025s] -- Up-to-date: /home/baguette/Documents/src/install/solution_interfaces/share/solution_interfaces/cmake/solution_interfaces__rosidl_typesupport_introspection_cppExport-noconfig.cmake
[1.025s] -- Up-to-date: /home/baguette/Documents/src/install/solution_interfaces/share/solution_interfaces/cmake/solution_interfaces__rosidl_typesupport_cppExport.cmake
[1.025s] -- Up-to-date: /home/baguette/Documents/src/install/solution_interfaces/share/solution_interfaces/cmake/solution_interfaces__rosidl_typesupport_cppExport-noconfig.cmake
[1.025s] -- Up-to-date: /home/baguette/Documents/src/install/solution_interfaces/share/solution_interfaces/cmake/export_solution_interfaces__rosidl_generator_pyExport.cmake
[1.025s] -- Up-to-date: /home/baguette/Documents/src/install/solution_interfaces/share/solution_interfaces/cmake/export_solution_interfaces__rosidl_generator_pyExport-noconfig.cmake
[1.097s] Invoked command in '/home/baguette/Documents/src/build/solution_interfaces' returned '0': CMAKE_PREFIX_PATH=/opt/ros/humble /usr/bin/cmake --install /home/baguette/Documents/src/build/solution_interfaces
