running develop
running egg_info
creating assessment.egg-info
writing assessment.egg-info/PKG-INFO
writing dependency_links to assessment.egg-info/dependency_links.txt
writing entry points to assessment.egg-info/entry_points.txt
writing requirements to assessment.egg-info/requires.txt
writing top-level names to assessment.egg-info/top_level.txt
writing manifest file 'assessment.egg-info/SOURCES.txt'
reading manifest file 'assessment.egg-info/SOURCES.txt'
writing manifest file 'assessment.egg-info/SOURCES.txt'
running build_ext
Creating /home/baguette/Documents/CS-AURO/install/assessment/lib/python3.10/site-packages/assessment.egg-link (link to .)
Installing home_zone_sensor script to /home/baguette/Documents/CS-AURO/install/assessment/lib/assessment
Installing item_manager script to /home/baguette/Documents/CS-AURO/install/assessment/lib/assessment
Installing item_sensor script to /home/baguette/Documents/CS-AURO/install/assessment/lib/assessment
Installing robot_sensor script to /home/baguette/Documents/CS-AURO/install/assessment/lib/assessment

Installed /home/baguette/Documents/CS-AURO/build/assessment
running install_data
creating /home/baguette/Documents/CS-AURO/install/assessment/share/ament_index
creating /home/baguette/Documents/CS-AURO/install/assessment/share/ament_index/resource_index
creating /home/baguette/Documents/CS-AURO/install/assessment/share/ament_index/resource_index/packages
copying resource/assessment -> /home/baguette/Documents/CS-AURO/install/assessment/share/ament_index/resource_index/packages
copying package.xml -> /home/baguette/Documents/CS-AURO/install/assessment/share/assessment
creating /home/baguette/Documents/CS-AURO/install/assessment/share/assessment/models
creating /home/baguette/Documents/CS-AURO/install/assessment/share/assessment/models/assessment_world
copying models/assessment_world/model.sdf -> /home/baguette/Documents/CS-AURO/install/assessment/share/assessment/models/assessment_world
copying models/assessment_world/model.config -> /home/baguette/Documents/CS-AURO/install/assessment/share/assessment/models/assessment_world
creating /home/baguette/Documents/CS-AURO/install/assessment/share/assessment/models/waffle_pi_common
copying models/waffle_pi_common/model.config -> /home/baguette/Documents/CS-AURO/install/assessment/share/assessment/models/waffle_pi_common
creating /home/baguette/Documents/CS-AURO/install/assessment/share/assessment/models/waffle_pi_common/meshes
copying models/waffle_pi_common/meshes/waffle_pi_base_smooth.dae -> /home/baguette/Documents/CS-AURO/install/assessment/share/assessment/models/waffle_pi_common/meshes
copying models/waffle_pi_common/meshes/tire_smooth.dae -> /home/baguette/Documents/CS-AURO/install/assessment/share/assessment/models/waffle_pi_common/meshes
copying models/waffle_pi_common/meshes/lds_smooth.dae -> /home/baguette/Documents/CS-AURO/install/assessment/share/assessment/models/waffle_pi_common/meshes
creating /home/baguette/Documents/CS-AURO/install/assessment/share/assessment/models/media
creating /home/baguette/Documents/CS-AURO/install/assessment/share/assessment/models/media/materials
creating /home/baguette/Documents/CS-AURO/install/assessment/share/assessment/models/media/materials/scripts
copying models/media/materials/scripts/outline_fragment_shader.glsl -> /home/baguette/Documents/CS-AURO/install/assessment/share/assessment/models/media/materials/scripts
copying models/media/materials/scripts/outline_vertex_shader.glsl -> /home/baguette/Documents/CS-AURO/install/assessment/share/assessment/models/media/materials/scripts
copying models/media/materials/scripts/assessment_materials.material -> /home/baguette/Documents/CS-AURO/install/assessment/share/assessment/models/media/materials/scripts
creating /home/baguette/Documents/CS-AURO/install/assessment/share/assessment/models/waffle_pi
copying models/waffle_pi/model.sdf -> /home/baguette/Documents/CS-AURO/install/assessment/share/assessment/models/waffle_pi
copying models/waffle_pi/model.config -> /home/baguette/Documents/CS-AURO/install/assessment/share/assessment/models/waffle_pi
creating /home/baguette/Documents/CS-AURO/install/assessment/share/assessment/models/item
copying models/item/model.sdf -> /home/baguette/Documents/CS-AURO/install/assessment/share/assessment/models/item
copying models/item/model.config -> /home/baguette/Documents/CS-AURO/install/assessment/share/assessment/models/item
creating /home/baguette/Documents/CS-AURO/install/assessment/share/assessment/launch
copying launch/spawn_robot_launch.py -> /home/baguette/Documents/CS-AURO/install/assessment/share/assessment/launch/
copying launch/bringup_launch.py -> /home/baguette/Documents/CS-AURO/install/assessment/share/assessment/launch/
copying launch/assessment_launch.py -> /home/baguette/Documents/CS-AURO/install/assessment/share/assessment/launch/
copying launch/rviz_launch.py -> /home/baguette/Documents/CS-AURO/install/assessment/share/assessment/launch/
copying launch/gzserver.launch.py -> /home/baguette/Documents/CS-AURO/install/assessment/share/assessment/launch/
creating /home/baguette/Documents/CS-AURO/install/assessment/share/assessment/worlds
copying worlds/assessment_world.world -> /home/baguette/Documents/CS-AURO/install/assessment/share/assessment/worlds/
creating /home/baguette/Documents/CS-AURO/install/assessment/share/assessment/rviz
copying rviz/namespaced.rviz -> /home/baguette/Documents/CS-AURO/install/assessment/share/assessment/rviz/
copying rviz/namespaced_nav2.rviz -> /home/baguette/Documents/CS-AURO/install/assessment/share/assessment/rviz/
creating /home/baguette/Documents/CS-AURO/install/assessment/share/assessment/params
copying params/nav2_params_namespaced.yaml -> /home/baguette/Documents/CS-AURO/install/assessment/share/assessment/params/
creating /home/baguette/Documents/CS-AURO/install/assessment/share/assessment/maps
copying maps/assessment_world.pgm -> /home/baguette/Documents/CS-AURO/install/assessment/share/assessment/maps/
copying maps/assessment_world.yaml -> /home/baguette/Documents/CS-AURO/install/assessment/share/assessment/maps/
creating /home/baguette/Documents/CS-AURO/install/assessment/share/assessment/config
copying config/initial_poses.yaml -> /home/baguette/Documents/CS-AURO/install/assessment/share/assessment/config/
copying config/rviz_windows.yaml -> /home/baguette/Documents/CS-AURO/install/assessment/share/assessment/config/
