[4.082s] Invoking command in '/home/baguette/Documents/CS-AURO/build/assessment': PYTHONPATH=/home/baguette/Documents/CS-AURO/build/assessment/prefix_override:/home/baguette/Documents/CS-AURO/install/assessment/lib/python3.10/site-packages:${PYTHONPATH} /usr/bin/python3 setup.py develop --editable --build-directory /home/baguette/Documents/CS-AURO/build/assessment/build --no-deps install_data
[4.707s] /usr/lib/python3/dist-packages/setuptools/command/easy_install.py:158: EasyInstallDeprecationWarning: easy_install command is deprecated. Use build and pip and other standards-based tools.
[4.708s]   warnings.warn(
[4.708s] /usr/lib/python3/dist-packages/setuptools/command/install.py:34: SetuptoolsDeprecationWarning: setup.py install is deprecated. Use build and pip and other standards-based tools.
[4.708s]   warnings.warn(
[4.708s] running develop
[5.193s] running egg_info
[5.194s] creating assessment.egg-info
[5.194s] writing assessment.egg-info/PKG-INFO
[5.194s] writing dependency_links to assessment.egg-info/dependency_links.txt
[5.194s] writing entry points to assessment.egg-info/entry_points.txt
[5.194s] writing requirements to assessment.egg-info/requires.txt
[5.194s] writing top-level names to assessment.egg-info/top_level.txt
[5.194s] writing manifest file 'assessment.egg-info/SOURCES.txt'
[5.194s] reading manifest file 'assessment.egg-info/SOURCES.txt'
[5.194s] writing manifest file 'assessment.egg-info/SOURCES.txt'
[5.194s] running build_ext
[5.194s] Creating /home/baguette/Documents/CS-AURO/install/assessment/lib/python3.10/site-packages/assessment.egg-link (link to .)
[5.194s] Installing home_zone_sensor script to /home/baguette/Documents/CS-AURO/install/assessment/lib/assessment
[5.195s] Installing item_manager script to /home/baguette/Documents/CS-AURO/install/assessment/lib/assessment
[5.195s] Installing item_sensor script to /home/baguette/Documents/CS-AURO/install/assessment/lib/assessment
[5.195s] Installing robot_sensor script to /home/baguette/Documents/CS-AURO/install/assessment/lib/assessment
[5.195s] 
[5.195s] Installed /home/baguette/Documents/CS-AURO/build/assessment
[5.195s] running install_data
[5.195s] creating /home/baguette/Documents/CS-AURO/install/assessment/share/ament_index
[5.195s] creating /home/baguette/Documents/CS-AURO/install/assessment/share/ament_index/resource_index
[5.195s] creating /home/baguette/Documents/CS-AURO/install/assessment/share/ament_index/resource_index/packages
[5.195s] copying resource/assessment -> /home/baguette/Documents/CS-AURO/install/assessment/share/ament_index/resource_index/packages
[5.195s] copying package.xml -> /home/baguette/Documents/CS-AURO/install/assessment/share/assessment
[5.195s] creating /home/baguette/Documents/CS-AURO/install/assessment/share/assessment/models
[5.195s] creating /home/baguette/Documents/CS-AURO/install/assessment/share/assessment/models/assessment_world
[5.196s] copying models/assessment_world/model.sdf -> /home/baguette/Documents/CS-AURO/install/assessment/share/assessment/models/assessment_world
[5.196s] copying models/assessment_world/model.config -> /home/baguette/Documents/CS-AURO/install/assessment/share/assessment/models/assessment_world
[5.196s] creating /home/baguette/Documents/CS-AURO/install/assessment/share/assessment/models/waffle_pi_common
[5.196s] copying models/waffle_pi_common/model.config -> /home/baguette/Documents/CS-AURO/install/assessment/share/assessment/models/waffle_pi_common
[5.196s] creating /home/baguette/Documents/CS-AURO/install/assessment/share/assessment/models/waffle_pi_common/meshes
[5.196s] copying models/waffle_pi_common/meshes/waffle_pi_base_smooth.dae -> /home/baguette/Documents/CS-AURO/install/assessment/share/assessment/models/waffle_pi_common/meshes
[5.196s] copying models/waffle_pi_common/meshes/tire_smooth.dae -> /home/baguette/Documents/CS-AURO/install/assessment/share/assessment/models/waffle_pi_common/meshes
[5.196s] copying models/waffle_pi_common/meshes/lds_smooth.dae -> /home/baguette/Documents/CS-AURO/install/assessment/share/assessment/models/waffle_pi_common/meshes
[5.196s] creating /home/baguette/Documents/CS-AURO/install/assessment/share/assessment/models/media
[5.196s] creating /home/baguette/Documents/CS-AURO/install/assessment/share/assessment/models/media/materials
[5.196s] creating /home/baguette/Documents/CS-AURO/install/assessment/share/assessment/models/media/materials/scripts
[5.196s] copying models/media/materials/scripts/outline_fragment_shader.glsl -> /home/baguette/Documents/CS-AURO/install/assessment/share/assessment/models/media/materials/scripts
[5.196s] copying models/media/materials/scripts/outline_vertex_shader.glsl -> /home/baguette/Documents/CS-AURO/install/assessment/share/assessment/models/media/materials/scripts
[5.197s] copying models/media/materials/scripts/assessment_materials.material -> /home/baguette/Documents/CS-AURO/install/assessment/share/assessment/models/media/materials/scripts
[5.197s] creating /home/baguette/Documents/CS-AURO/install/assessment/share/assessment/models/waffle_pi
[5.197s] copying models/waffle_pi/model.sdf -> /home/baguette/Documents/CS-AURO/install/assessment/share/assessment/models/waffle_pi
[5.197s] copying models/waffle_pi/model.config -> /home/baguette/Documents/CS-AURO/install/assessment/share/assessment/models/waffle_pi
[5.197s] creating /home/baguette/Documents/CS-AURO/install/assessment/share/assessment/models/item
[5.197s] copying models/item/model.sdf -> /home/baguette/Documents/CS-AURO/install/assessment/share/assessment/models/item
[5.197s] copying models/item/model.config -> /home/baguette/Documents/CS-AURO/install/assessment/share/assessment/models/item
[5.197s] creating /home/baguette/Documents/CS-AURO/install/assessment/share/assessment/launch
[5.197s] copying launch/spawn_robot_launch.py -> /home/baguette/Documents/CS-AURO/install/assessment/share/assessment/launch/
[5.197s] copying launch/bringup_launch.py -> /home/baguette/Documents/CS-AURO/install/assessment/share/assessment/launch/
[5.197s] copying launch/assessment_launch.py -> /home/baguette/Documents/CS-AURO/install/assessment/share/assessment/launch/
[5.197s] copying launch/rviz_launch.py -> /home/baguette/Documents/CS-AURO/install/assessment/share/assessment/launch/
[5.197s] copying launch/gzserver.launch.py -> /home/baguette/Documents/CS-AURO/install/assessment/share/assessment/launch/
[5.197s] creating /home/baguette/Documents/CS-AURO/install/assessment/share/assessment/worlds
[5.198s] copying worlds/assessment_world.world -> /home/baguette/Documents/CS-AURO/install/assessment/share/assessment/worlds/
[5.198s] creating /home/baguette/Documents/CS-AURO/install/assessment/share/assessment/rviz
[5.198s] copying rviz/namespaced.rviz -> /home/baguette/Documents/CS-AURO/install/assessment/share/assessment/rviz/
[5.198s] copying rviz/namespaced_nav2.rviz -> /home/baguette/Documents/CS-AURO/install/assessment/share/assessment/rviz/
[5.198s] creating /home/baguette/Documents/CS-AURO/install/assessment/share/assessment/params
[5.198s] copying params/nav2_params_namespaced.yaml -> /home/baguette/Documents/CS-AURO/install/assessment/share/assessment/params/
[5.198s] creating /home/baguette/Documents/CS-AURO/install/assessment/share/assessment/maps
[5.198s] copying maps/assessment_world.pgm -> /home/baguette/Documents/CS-AURO/install/assessment/share/assessment/maps/
[5.198s] copying maps/assessment_world.yaml -> /home/baguette/Documents/CS-AURO/install/assessment/share/assessment/maps/
[5.198s] creating /home/baguette/Documents/CS-AURO/install/assessment/share/assessment/config
[5.198s] copying config/initial_poses.yaml -> /home/baguette/Documents/CS-AURO/install/assessment/share/assessment/config/
[5.198s] copying config/rviz_windows.yaml -> /home/baguette/Documents/CS-AURO/install/assessment/share/assessment/config/
[6.042s] Invoked command in '/home/baguette/Documents/CS-AURO/build/assessment' returned '0': PYTHONPATH=/home/baguette/Documents/CS-AURO/build/assessment/prefix_override:/home/baguette/Documents/CS-AURO/install/assessment/lib/python3.10/site-packages:${PYTHONPATH} /usr/bin/python3 setup.py develop --editable --build-directory /home/baguette/Documents/CS-AURO/build/assessment/build --no-deps install_data
