[0.498s] Invoking command in '/home/baguette/Documents/src/build/auro_interfaces': CMAKE_PREFIX_PATH=/opt/ros/humble /usr/bin/cmake --build /home/baguette/Documents/src/build/auro_interfaces -- -j16 -l16
[1.029s] [  2%] Built target auro_interfaces__cpp
[1.030s] [ 12%] Built target auro_interfaces__rosidl_generator_c
[1.030s] [ 12%] Built target ament_cmake_python_symlink_auro_interfaces
[1.030s] [ 46%] Built target auro_interfaces__rosidl_typesupport_c
[1.030s] [ 46%] Built target auro_interfaces__rosidl_typesupport_introspection_c
[1.030s] [ 48%] Built target auro_interfaces__rosidl_typesupport_cpp
[1.030s] [ 55%] Built target auro_interfaces__rosidl_typesupport_introspection_cpp
[1.030s] [ 65%] Built target auro_interfaces__rosidl_typesupport_fastrtps_cpp
[1.030s] [ 76%] Built target auro_interfaces__rosidl_typesupport_fastrtps_c
[1.030s] [ 76%] Built target auro_interfaces
[1.030s] [ 78%] Built target auro_interfaces__py
[1.030s] [ 87%] Built target auro_interfaces__rosidl_generator_py
[1.030s] [ 97%] Built target auro_interfaces__rosidl_typesupport_c__pyext
[1.030s] [ 97%] Built target auro_interfaces__rosidl_typesupport_introspection_c__pyext
[1.030s] [100%] Built target auro_interfaces__rosidl_typesupport_fastrtps_c__pyext
[1.030s] running egg_info
[1.030s] writing auro_interfaces.egg-info/PKG-INFO
[1.030s] writing dependency_links to auro_interfaces.egg-info/dependency_links.txt
[1.030s] writing top-level names to auro_interfaces.egg-info/top_level.txt
[1.030s] reading manifest file 'auro_interfaces.egg-info/SOURCES.txt'
[1.030s] writing manifest file 'auro_interfaces.egg-info/SOURCES.txt'
[1.031s] [100%] Built target ament_cmake_python_build_auro_interfaces_egg
[1.289s] Invoked command in '/home/baguette/Documents/src/build/auro_interfaces' returned '0': CMAKE_PREFIX_PATH=/opt/ros/humble /usr/bin/cmake --build /home/baguette/Documents/src/build/auro_interfaces -- -j16 -l16
[1.384s] Invoking command in '/home/baguette/Documents/src/build/auro_interfaces': CMAKE_PREFIX_PATH=/opt/ros/humble /usr/bin/cmake --install /home/baguette/Documents/src/build/auro_interfaces
[1.392s] -- Install configuration: ""
[1.392s] -- Execute custom install script
[1.392s] -- Up-to-date symlink: /home/baguette/Documents/src/install/auro_interfaces/share/ament_index/resource_index/rosidl_interfaces/auro_interfaces
[1.393s] -- Up-to-date symlink: /home/baguette/Documents/src/install/auro_interfaces/include/auro_interfaces/auro_interfaces/msg/detail/item__functions.h
[1.393s] -- Up-to-date symlink: /home/baguette/Documents/src/install/auro_interfaces/include/auro_interfaces/auro_interfaces/msg/detail/item__struct.h
[1.393s] -- Up-to-date symlink: /home/baguette/Documents/src/install/auro_interfaces/include/auro_interfaces/auro_interfaces/msg/detail/item__type_support.h
[1.393s] -- Up-to-date symlink: /home/baguette/Documents/src/install/auro_interfaces/include/auro_interfaces/auro_interfaces/msg/detail/item_list__functions.h
[1.393s] -- Up-to-date symlink: /home/baguette/Documents/src/install/auro_interfaces/include/auro_interfaces/auro_interfaces/msg/detail/item_list__struct.h
[1.394s] -- Up-to-date symlink: /home/baguette/Documents/src/install/auro_interfaces/include/auro_interfaces/auro_interfaces/msg/detail/item_list__type_support.h
[1.394s] -- Up-to-date symlink: /home/baguette/Documents/src/install/auro_interfaces/include/auro_interfaces/auro_interfaces/msg/detail/string_with_pose__functions.h
[1.394s] -- Up-to-date symlink: /home/baguette/Documents/src/install/auro_interfaces/include/auro_interfaces/auro_interfaces/msg/detail/string_with_pose__struct.h
[1.394s] -- Up-to-date symlink: /home/baguette/Documents/src/install/auro_interfaces/include/auro_interfaces/auro_interfaces/msg/detail/string_with_pose__type_support.h
[1.394s] -- Up-to-date symlink: /home/baguette/Documents/src/install/auro_interfaces/include/auro_interfaces/auro_interfaces/msg/item.h
[1.394s] -- Up-to-date symlink: /home/baguette/Documents/src/install/auro_interfaces/include/auro_interfaces/auro_interfaces/msg/item_list.h
[1.394s] -- Up-to-date symlink: /home/baguette/Documents/src/install/auro_interfaces/include/auro_interfaces/auro_interfaces/msg/rosidl_generator_c__visibility_control.h
[1.394s] -- Up-to-date symlink: /home/baguette/Documents/src/install/auro_interfaces/include/auro_interfaces/auro_interfaces/msg/string_with_pose.h
[1.395s] -- Up-to-date symlink: /home/baguette/Documents/src/install/auro_interfaces/share/auro_interfaces/environment/library_path.sh
[1.395s] -- Up-to-date symlink: /home/baguette/Documents/src/install/auro_interfaces/share/auro_interfaces/environment/library_path.dsv
[1.395s] -- Up-to-date symlink: /home/baguette/Documents/src/install/auro_interfaces/include/auro_interfaces/auro_interfaces/msg/detail/item__rosidl_typesupport_fastrtps_c.h
[1.395s] -- Up-to-date symlink: /home/baguette/Documents/src/install/auro_interfaces/include/auro_interfaces/auro_interfaces/msg/detail/item_list__rosidl_typesupport_fastrtps_c.h
[1.395s] -- Up-to-date symlink: /home/baguette/Documents/src/install/auro_interfaces/include/auro_interfaces/auro_interfaces/msg/detail/string_with_pose__rosidl_typesupport_fastrtps_c.h
[1.395s] -- Up-to-date symlink: /home/baguette/Documents/src/install/auro_interfaces/include/auro_interfaces/auro_interfaces/msg/rosidl_typesupport_fastrtps_c__visibility_control.h
[1.396s] -- Up-to-date symlink: /home/baguette/Documents/src/install/auro_interfaces/include/auro_interfaces/auro_interfaces/msg/detail/item__builder.hpp
[1.396s] -- Up-to-date symlink: /home/baguette/Documents/src/install/auro_interfaces/include/auro_interfaces/auro_interfaces/msg/detail/item__struct.hpp
[1.396s] -- Up-to-date symlink: /home/baguette/Documents/src/install/auro_interfaces/include/auro_interfaces/auro_interfaces/msg/detail/item__traits.hpp
[1.396s] -- Up-to-date symlink: /home/baguette/Documents/src/install/auro_interfaces/include/auro_interfaces/auro_interfaces/msg/detail/item_list__builder.hpp
[1.396s] -- Up-to-date symlink: /home/baguette/Documents/src/install/auro_interfaces/include/auro_interfaces/auro_interfaces/msg/detail/item_list__struct.hpp
[1.396s] -- Up-to-date symlink: /home/baguette/Documents/src/install/auro_interfaces/include/auro_interfaces/auro_interfaces/msg/detail/item_list__traits.hpp
[1.396s] -- Up-to-date symlink: /home/baguette/Documents/src/install/auro_interfaces/include/auro_interfaces/auro_interfaces/msg/detail/string_with_pose__builder.hpp
[1.396s] -- Up-to-date symlink: /home/baguette/Documents/src/install/auro_interfaces/include/auro_interfaces/auro_interfaces/msg/detail/string_with_pose__struct.hpp
[1.396s] -- Up-to-date symlink: /home/baguette/Documents/src/install/auro_interfaces/include/auro_interfaces/auro_interfaces/msg/detail/string_with_pose__traits.hpp
[1.397s] -- Up-to-date symlink: /home/baguette/Documents/src/install/auro_interfaces/include/auro_interfaces/auro_interfaces/msg/item.hpp
[1.397s] -- Up-to-date symlink: /home/baguette/Documents/src/install/auro_interfaces/include/auro_interfaces/auro_interfaces/msg/item_list.hpp
[1.397s] -- Up-to-date symlink: /home/baguette/Documents/src/install/auro_interfaces/include/auro_interfaces/auro_interfaces/msg/string_with_pose.hpp
[1.397s] -- Up-to-date symlink: /home/baguette/Documents/src/install/auro_interfaces/include/auro_interfaces/auro_interfaces/msg/detail/item__rosidl_typesupport_fastrtps_cpp.hpp
[1.397s] -- Up-to-date symlink: /home/baguette/Documents/src/install/auro_interfaces/include/auro_interfaces/auro_interfaces/msg/detail/item_list__rosidl_typesupport_fastrtps_cpp.hpp
[1.398s] -- Up-to-date symlink: /home/baguette/Documents/src/install/auro_interfaces/include/auro_interfaces/auro_interfaces/msg/detail/string_with_pose__rosidl_typesupport_fastrtps_cpp.hpp
[1.398s] -- Up-to-date symlink: /home/baguette/Documents/src/install/auro_interfaces/include/auro_interfaces/auro_interfaces/msg/rosidl_typesupport_fastrtps_cpp__visibility_control.h
[1.398s] -- Up-to-date symlink: /home/baguette/Documents/src/install/auro_interfaces/include/auro_interfaces/auro_interfaces/msg/detail/item__rosidl_typesupport_introspection_c.h
[1.398s] -- Up-to-date symlink: /home/baguette/Documents/src/install/auro_interfaces/include/auro_interfaces/auro_interfaces/msg/detail/item_list__rosidl_typesupport_introspection_c.h
[1.399s] -- Up-to-date symlink: /home/baguette/Documents/src/install/auro_interfaces/include/auro_interfaces/auro_interfaces/msg/detail/string_with_pose__rosidl_typesupport_introspection_c.h
[1.399s] -- Up-to-date symlink: /home/baguette/Documents/src/install/auro_interfaces/include/auro_interfaces/auro_interfaces/msg/rosidl_typesupport_introspection_c__visibility_control.h
[1.399s] -- Up-to-date symlink: /home/baguette/Documents/src/install/auro_interfaces/include/auro_interfaces/auro_interfaces/msg/detail/item__rosidl_typesupport_introspection_cpp.hpp
[1.399s] -- Up-to-date symlink: /home/baguette/Documents/src/install/auro_interfaces/include/auro_interfaces/auro_interfaces/msg/detail/item_list__rosidl_typesupport_introspection_cpp.hpp
[1.399s] -- Up-to-date symlink: /home/baguette/Documents/src/install/auro_interfaces/include/auro_interfaces/auro_interfaces/msg/detail/string_with_pose__rosidl_typesupport_introspection_cpp.hpp
[1.400s] -- Up-to-date symlink: /home/baguette/Documents/src/install/auro_interfaces/share/auro_interfaces/environment/pythonpath.sh
[1.400s] -- Up-to-date symlink: /home/baguette/Documents/src/install/auro_interfaces/share/auro_interfaces/environment/pythonpath.dsv
[1.400s] -- Up-to-date symlink: /home/baguette/Documents/src/install/auro_interfaces/local/lib/python3.10/dist-packages/auro_interfaces-0.0.0-py3.10.egg-info/PKG-INFO
[1.400s] -- Up-to-date symlink: /home/baguette/Documents/src/install/auro_interfaces/local/lib/python3.10/dist-packages/auro_interfaces-0.0.0-py3.10.egg-info/SOURCES.txt
[1.400s] -- Up-to-date symlink: /home/baguette/Documents/src/install/auro_interfaces/local/lib/python3.10/dist-packages/auro_interfaces-0.0.0-py3.10.egg-info/dependency_links.txt
[1.400s] -- Up-to-date symlink: /home/baguette/Documents/src/install/auro_interfaces/local/lib/python3.10/dist-packages/auro_interfaces-0.0.0-py3.10.egg-info/top_level.txt
[1.401s] -- Up-to-date symlink: /home/baguette/Documents/src/install/auro_interfaces/local/lib/python3.10/dist-packages/auro_interfaces/__init__.py
[1.402s] -- Up-to-date symlink: /home/baguette/Documents/src/install/auro_interfaces/local/lib/python3.10/dist-packages/auro_interfaces/_auro_interfaces_s.ep.rosidl_typesupport_c.c
[1.402s] -- Up-to-date symlink: /home/baguette/Documents/src/install/auro_interfaces/local/lib/python3.10/dist-packages/auro_interfaces/_auro_interfaces_s.ep.rosidl_typesupport_fastrtps_c.c
[1.403s] -- Up-to-date symlink: /home/baguette/Documents/src/install/auro_interfaces/local/lib/python3.10/dist-packages/auro_interfaces/_auro_interfaces_s.ep.rosidl_typesupport_introspection_c.c
[1.403s] -- Up-to-date symlink: /home/baguette/Documents/src/install/auro_interfaces/local/lib/python3.10/dist-packages/auro_interfaces/auro_interfaces_s__rosidl_typesupport_c.cpython-310-x86_64-linux-gnu.so
[1.403s] -- Up-to-date symlink: /home/baguette/Documents/src/install/auro_interfaces/local/lib/python3.10/dist-packages/auro_interfaces/auro_interfaces_s__rosidl_typesupport_fastrtps_c.cpython-310-x86_64-linux-gnu.so
[1.403s] -- Up-to-date symlink: /home/baguette/Documents/src/install/auro_interfaces/local/lib/python3.10/dist-packages/auro_interfaces/auro_interfaces_s__rosidl_typesupport_introspection_c.cpython-310-x86_64-linux-gnu.so
[1.403s] -- Up-to-date symlink: /home/baguette/Documents/src/install/auro_interfaces/local/lib/python3.10/dist-packages/auro_interfaces/libauro_interfaces__rosidl_generator_py.so
[1.403s] -- Up-to-date symlink: /home/baguette/Documents/src/install/auro_interfaces/local/lib/python3.10/dist-packages/auro_interfaces/msg/__init__.py
[1.403s] -- Up-to-date symlink: /home/baguette/Documents/src/install/auro_interfaces/local/lib/python3.10/dist-packages/auro_interfaces/msg/_item.py
[1.404s] -- Up-to-date symlink: /home/baguette/Documents/src/install/auro_interfaces/local/lib/python3.10/dist-packages/auro_interfaces/msg/_item_list.py
[1.404s] -- Up-to-date symlink: /home/baguette/Documents/src/install/auro_interfaces/local/lib/python3.10/dist-packages/auro_interfaces/msg/_item_list_s.c
[1.404s] -- Up-to-date symlink: /home/baguette/Documents/src/install/auro_interfaces/local/lib/python3.10/dist-packages/auro_interfaces/msg/_item_s.c
[1.404s] -- Up-to-date symlink: /home/baguette/Documents/src/install/auro_interfaces/local/lib/python3.10/dist-packages/auro_interfaces/msg/_string_with_pose.py
[1.404s] -- Up-to-date symlink: /home/baguette/Documents/src/install/auro_interfaces/local/lib/python3.10/dist-packages/auro_interfaces/msg/_string_with_pose_s.c
[1.404s] -- Up-to-date symlink: /home/baguette/Documents/src/install/auro_interfaces/local/lib/python3.10/dist-packages/auro_interfaces/auro_interfaces_s__rosidl_typesupport_fastrtps_c.cpython-310-x86_64-linux-gnu.so
[1.404s] -- Up-to-date symlink: /home/baguette/Documents/src/install/auro_interfaces/local/lib/python3.10/dist-packages/auro_interfaces/auro_interfaces_s__rosidl_typesupport_introspection_c.cpython-310-x86_64-linux-gnu.so
[1.404s] -- Up-to-date symlink: /home/baguette/Documents/src/install/auro_interfaces/local/lib/python3.10/dist-packages/auro_interfaces/auro_interfaces_s__rosidl_typesupport_c.cpython-310-x86_64-linux-gnu.so
[1.404s] -- Up-to-date symlink: /home/baguette/Documents/src/install/auro_interfaces/share/auro_interfaces/msg/StringWithPose.idl
[1.405s] -- Up-to-date symlink: /home/baguette/Documents/src/install/auro_interfaces/share/auro_interfaces/msg/Item.idl
[1.405s] -- Up-to-date symlink: /home/baguette/Documents/src/install/auro_interfaces/share/auro_interfaces/msg/ItemList.idl
[1.405s] -- Up-to-date symlink: /home/baguette/Documents/src/install/auro_interfaces/share/auro_interfaces/msg/StringWithPose.msg
[1.405s] -- Up-to-date symlink: /home/baguette/Documents/src/install/auro_interfaces/share/auro_interfaces/msg/Item.msg
[1.405s] -- Up-to-date symlink: /home/baguette/Documents/src/install/auro_interfaces/share/auro_interfaces/msg/ItemList.msg
[1.405s] -- Up-to-date symlink: /home/baguette/Documents/src/install/auro_interfaces/share/ament_index/resource_index/package_run_dependencies/auro_interfaces
[1.405s] -- Up-to-date symlink: /home/baguette/Documents/src/install/auro_interfaces/share/ament_index/resource_index/parent_prefix_path/auro_interfaces
[1.405s] -- Up-to-date symlink: /home/baguette/Documents/src/install/auro_interfaces/share/auro_interfaces/environment/ament_prefix_path.sh
[1.406s] -- Up-to-date symlink: /home/baguette/Documents/src/install/auro_interfaces/share/auro_interfaces/environment/ament_prefix_path.dsv
[1.406s] -- Up-to-date symlink: /home/baguette/Documents/src/install/auro_interfaces/share/auro_interfaces/environment/path.sh
[1.406s] -- Up-to-date symlink: /home/baguette/Documents/src/install/auro_interfaces/share/auro_interfaces/environment/path.dsv
[1.406s] -- Up-to-date symlink: /home/baguette/Documents/src/install/auro_interfaces/share/auro_interfaces/local_setup.bash
[1.406s] -- Up-to-date symlink: /home/baguette/Documents/src/install/auro_interfaces/share/auro_interfaces/local_setup.sh
[1.406s] -- Up-to-date symlink: /home/baguette/Documents/src/install/auro_interfaces/share/auro_interfaces/local_setup.zsh
[1.406s] -- Up-to-date symlink: /home/baguette/Documents/src/install/auro_interfaces/share/auro_interfaces/local_setup.dsv
[1.406s] -- Symlinking: /home/baguette/Documents/src/install/auro_interfaces/share/auro_interfaces/package.dsv
[1.418s] -- Up-to-date symlink: /home/baguette/Documents/src/install/auro_interfaces/share/ament_index/resource_index/packages/auro_interfaces
[1.418s] -- Up-to-date symlink: /home/baguette/Documents/src/install/auro_interfaces/share/auro_interfaces/cmake/rosidl_cmake-extras.cmake
[1.419s] -- Up-to-date symlink: /home/baguette/Documents/src/install/auro_interfaces/share/auro_interfaces/cmake/ament_cmake_export_dependencies-extras.cmake
[1.419s] -- Up-to-date symlink: /home/baguette/Documents/src/install/auro_interfaces/share/auro_interfaces/cmake/ament_cmake_export_include_directories-extras.cmake
[1.419s] -- Up-to-date symlink: /home/baguette/Documents/src/install/auro_interfaces/share/auro_interfaces/cmake/ament_cmake_export_libraries-extras.cmake
[1.419s] -- Up-to-date symlink: /home/baguette/Documents/src/install/auro_interfaces/share/auro_interfaces/cmake/ament_cmake_export_targets-extras.cmake
[1.420s] -- Up-to-date symlink: /home/baguette/Documents/src/install/auro_interfaces/share/auro_interfaces/cmake/rosidl_cmake_export_typesupport_targets-extras.cmake
[1.420s] -- Up-to-date symlink: /home/baguette/Documents/src/install/auro_interfaces/share/auro_interfaces/cmake/rosidl_cmake_export_typesupport_libraries-extras.cmake
[1.420s] -- Up-to-date symlink: /home/baguette/Documents/src/install/auro_interfaces/share/auro_interfaces/cmake/auro_interfacesConfig.cmake
[1.420s] -- Up-to-date symlink: /home/baguette/Documents/src/install/auro_interfaces/share/auro_interfaces/cmake/auro_interfacesConfig-version.cmake
[1.420s] -- Up-to-date symlink: /home/baguette/Documents/src/install/auro_interfaces/share/auro_interfaces/package.xml
[1.420s] -- Up-to-date: /home/baguette/Documents/src/install/auro_interfaces/lib/libauro_interfaces__rosidl_generator_c.so
[1.421s] -- Up-to-date: /home/baguette/Documents/src/install/auro_interfaces/lib/libauro_interfaces__rosidl_typesupport_fastrtps_c.so
[1.421s] -- Up-to-date: /home/baguette/Documents/src/install/auro_interfaces/lib/libauro_interfaces__rosidl_typesupport_fastrtps_cpp.so
[1.422s] -- Up-to-date: /home/baguette/Documents/src/install/auro_interfaces/lib/libauro_interfaces__rosidl_typesupport_introspection_c.so
[1.422s] -- Up-to-date: /home/baguette/Documents/src/install/auro_interfaces/lib/libauro_interfaces__rosidl_typesupport_c.so
[1.422s] -- Up-to-date: /home/baguette/Documents/src/install/auro_interfaces/lib/libauro_interfaces__rosidl_typesupport_introspection_cpp.so
[1.423s] -- Up-to-date: /home/baguette/Documents/src/install/auro_interfaces/lib/libauro_interfaces__rosidl_typesupport_cpp.so
[1.454s] Listing '/home/baguette/Documents/src/install/auro_interfaces/local/lib/python3.10/dist-packages/auro_interfaces'...
[1.455s] Listing '/home/baguette/Documents/src/install/auro_interfaces/local/lib/python3.10/dist-packages/auro_interfaces/msg'...
[1.464s] -- Up-to-date: /home/baguette/Documents/src/install/auro_interfaces/lib/libauro_interfaces__rosidl_generator_py.so
[1.464s] -- Up-to-date: /home/baguette/Documents/src/install/auro_interfaces/share/auro_interfaces/cmake/export_auro_interfaces__rosidl_generator_cExport.cmake
[1.464s] -- Up-to-date: /home/baguette/Documents/src/install/auro_interfaces/share/auro_interfaces/cmake/export_auro_interfaces__rosidl_generator_cExport-noconfig.cmake
[1.464s] -- Up-to-date: /home/baguette/Documents/src/install/auro_interfaces/share/auro_interfaces/cmake/export_auro_interfaces__rosidl_typesupport_fastrtps_cExport.cmake
[1.464s] -- Up-to-date: /home/baguette/Documents/src/install/auro_interfaces/share/auro_interfaces/cmake/export_auro_interfaces__rosidl_typesupport_fastrtps_cExport-noconfig.cmake
[1.464s] -- Up-to-date: /home/baguette/Documents/src/install/auro_interfaces/share/auro_interfaces/cmake/export_auro_interfaces__rosidl_generator_cppExport.cmake
[1.465s] -- Up-to-date: /home/baguette/Documents/src/install/auro_interfaces/share/auro_interfaces/cmake/export_auro_interfaces__rosidl_typesupport_fastrtps_cppExport.cmake
[1.465s] -- Up-to-date: /home/baguette/Documents/src/install/auro_interfaces/share/auro_interfaces/cmake/export_auro_interfaces__rosidl_typesupport_fastrtps_cppExport-noconfig.cmake
[1.465s] -- Up-to-date: /home/baguette/Documents/src/install/auro_interfaces/share/auro_interfaces/cmake/auro_interfaces__rosidl_typesupport_introspection_cExport.cmake
[1.465s] -- Up-to-date: /home/baguette/Documents/src/install/auro_interfaces/share/auro_interfaces/cmake/auro_interfaces__rosidl_typesupport_introspection_cExport-noconfig.cmake
[1.465s] -- Up-to-date: /home/baguette/Documents/src/install/auro_interfaces/share/auro_interfaces/cmake/auro_interfaces__rosidl_typesupport_cExport.cmake
[1.465s] -- Up-to-date: /home/baguette/Documents/src/install/auro_interfaces/share/auro_interfaces/cmake/auro_interfaces__rosidl_typesupport_cExport-noconfig.cmake
[1.465s] -- Up-to-date: /home/baguette/Documents/src/install/auro_interfaces/share/auro_interfaces/cmake/auro_interfaces__rosidl_typesupport_introspection_cppExport.cmake
[1.465s] -- Up-to-date: /home/baguette/Documents/src/install/auro_interfaces/share/auro_interfaces/cmake/auro_interfaces__rosidl_typesupport_introspection_cppExport-noconfig.cmake
[1.465s] -- Up-to-date: /home/baguette/Documents/src/install/auro_interfaces/share/auro_interfaces/cmake/auro_interfaces__rosidl_typesupport_cppExport.cmake
[1.466s] -- Up-to-date: /home/baguette/Documents/src/install/auro_interfaces/share/auro_interfaces/cmake/auro_interfaces__rosidl_typesupport_cppExport-noconfig.cmake
[1.466s] -- Up-to-date: /home/baguette/Documents/src/install/auro_interfaces/share/auro_interfaces/cmake/export_auro_interfaces__rosidl_generator_pyExport.cmake
[1.466s] -- Up-to-date: /home/baguette/Documents/src/install/auro_interfaces/share/auro_interfaces/cmake/export_auro_interfaces__rosidl_generator_pyExport-noconfig.cmake
[1.548s] Invoked command in '/home/baguette/Documents/src/build/auro_interfaces' returned '0': CMAKE_PREFIX_PATH=/opt/ros/humble /usr/bin/cmake --install /home/baguette/Documents/src/build/auro_interfaces
