[3.965s] Invoking command in '/home/baguette/Documents/CS-AURO/build/solution': PYTHONPATH=/home/baguette/Documents/CS-AURO/build/solution/prefix_override:/home/baguette/Documents/CS-AURO/install/solution/lib/python3.10/site-packages:${PYTHONPATH} /usr/bin/python3 setup.py develop --editable --build-directory /home/baguette/Documents/CS-AURO/build/solution/build --no-deps install_data
[4.431s] running develop
[4.431s] /usr/lib/python3/dist-packages/setuptools/command/easy_install.py:158: EasyInstallDeprecationWarning: easy_install command is deprecated. Use build and pip and other standards-based tools.
[4.432s]   warnings.warn(
[4.433s] /usr/lib/python3/dist-packages/setuptools/command/install.py:34: SetuptoolsDeprecationWarning: setup.py install is deprecated. Use build and pip and other standards-based tools.
[4.433s]   warnings.warn(
[4.951s] running egg_info
[4.953s] creating solution.egg-info
[4.953s] writing solution.egg-info/PKG-INFO
[4.954s] writing dependency_links to solution.egg-info/dependency_links.txt
[4.954s] writing entry points to solution.egg-info/entry_points.txt
[4.954s] writing requirements to solution.egg-info/requires.txt
[4.954s] writing top-level names to solution.egg-info/top_level.txt
[4.954s] writing manifest file 'solution.egg-info/SOURCES.txt'
[4.955s] reading manifest file 'solution.egg-info/SOURCES.txt'
[4.956s] writing manifest file 'solution.egg-info/SOURCES.txt'
[4.958s] running build_ext
[4.958s] Creating /home/baguette/Documents/CS-AURO/install/solution/lib/python3.10/site-packages/solution.egg-link (link to .)
[4.959s] Installing data_logger script to /home/baguette/Documents/CS-AURO/install/solution/lib/solution
[4.960s] Installing robot_controller script to /home/baguette/Documents/CS-AURO/install/solution/lib/solution
[4.962s] 
[4.962s] Installed /home/baguette/Documents/CS-AURO/build/solution
[4.962s] running install_data
[4.962s] creating /home/baguette/Documents/CS-AURO/install/solution/share/ament_index
[4.962s] creating /home/baguette/Documents/CS-AURO/install/solution/share/ament_index/resource_index
[4.963s] creating /home/baguette/Documents/CS-AURO/install/solution/share/ament_index/resource_index/packages
[4.963s] copying resource/solution -> /home/baguette/Documents/CS-AURO/install/solution/share/ament_index/resource_index/packages
[4.963s] copying package.xml -> /home/baguette/Documents/CS-AURO/install/solution/share/solution
[4.963s] creating /home/baguette/Documents/CS-AURO/install/solution/share/solution/launch
[4.963s] copying launch/solution_launch.py -> /home/baguette/Documents/CS-AURO/install/solution/share/solution/launch/
[4.963s] copying launch/solution_nav2_launch.py -> /home/baguette/Documents/CS-AURO/install/solution/share/solution/launch/
[4.964s] creating /home/baguette/Documents/CS-AURO/install/solution/share/solution/config
[4.964s] copying config/custom_rviz_windows.yaml -> /home/baguette/Documents/CS-AURO/install/solution/share/solution/config/
[4.964s] creating /home/baguette/Documents/CS-AURO/install/solution/share/solution/params
[4.964s] copying params/custom_nav2_params_namespaced.yaml -> /home/baguette/Documents/CS-AURO/install/solution/share/solution/params/
[5.709s] Invoked command in '/home/baguette/Documents/CS-AURO/build/solution' returned '0': PYTHONPATH=/home/baguette/Documents/CS-AURO/build/solution/prefix_override:/home/baguette/Documents/CS-AURO/install/solution/lib/python3.10/site-packages:${PYTHONPATH} /usr/bin/python3 setup.py develop --editable --build-directory /home/baguette/Documents/CS-AURO/build/solution/build --no-deps install_data
