[0.841s] Invoking command in '/home/baguette/Documents/CS-AURO/build/auro_interfaces': CMAKE_PREFIX_PATH=/opt/ros/humble /usr/bin/cmake --build /home/baguette/Documents/CS-AURO/build/auro_interfaces -- -j16 -l16
[2.950s] [35m[1mConsolidate compiler generated dependencies of target auro_interfaces__rosidl_generator_c[0m
[2.950s] [  2%] Built target auro_interfaces__cpp
[2.950s] [ 12%] Built target auro_interfaces__rosidl_generator_c
[2.950s] [ 12%] Built target ament_cmake_python_symlink_auro_interfaces
[2.950s] [35m[1mConsolidate compiler generated dependencies of target auro_interfaces__rosidl_typesupport_fastrtps_cpp[0m
[2.950s] [35m[1mConsolidate compiler generated dependencies of target auro_interfaces__rosidl_typesupport_introspection_cpp[0m
[2.950s] [35m[1mConsolidate compiler generated dependencies of target auro_interfaces__rosidl_typesupport_cpp[0m
[2.950s] [35m[1mConsolidate compiler generated dependencies of target auro_interfaces__rosidl_typesupport_introspection_c[0m
[2.950s] [35m[1mConsolidate compiler generated dependencies of target auro_interfaces__rosidl_typesupport_fastrtps_c[0m
[2.950s] [35m[1mConsolidate compiler generated dependencies of target auro_interfaces__rosidl_typesupport_c[0m
[2.950s] [ 55%] Built target auro_interfaces__rosidl_typesupport_cpp
[2.950s] [ 55%] Built target auro_interfaces__rosidl_typesupport_introspection_cpp
[2.950s] [ 55%] Built target auro_interfaces__rosidl_typesupport_fastrtps_cpp
[2.950s] [ 55%] Built target auro_interfaces__rosidl_typesupport_introspection_c
[2.950s] [ 65%] Built target auro_interfaces__rosidl_typesupport_fastrtps_c
[2.950s] [ 76%] Built target auro_interfaces__rosidl_typesupport_c
[2.950s] [ 76%] Built target auro_interfaces
[2.950s] [ 78%] Built target auro_interfaces__py
[2.951s] [35m[1mConsolidate compiler generated dependencies of target auro_interfaces__rosidl_generator_py[0m
[2.951s] [ 87%] Built target auro_interfaces__rosidl_generator_py
[2.951s] [35m[1mConsolidate compiler generated dependencies of target auro_interfaces__rosidl_typesupport_c__pyext[0m
[2.951s] [35m[1mConsolidate compiler generated dependencies of target auro_interfaces__rosidl_typesupport_introspection_c__pyext[0m
[2.951s] [35m[1mConsolidate compiler generated dependencies of target auro_interfaces__rosidl_typesupport_fastrtps_c__pyext[0m
[2.951s] [100%] Built target auro_interfaces__rosidl_typesupport_fastrtps_c__pyext
[2.951s] [100%] Built target auro_interfaces__rosidl_typesupport_c__pyext
[2.951s] [100%] Built target auro_interfaces__rosidl_typesupport_introspection_c__pyext
[2.951s] running egg_info
[2.951s] writing auro_interfaces.egg-info/PKG-INFO
[2.951s] writing dependency_links to auro_interfaces.egg-info/dependency_links.txt
[2.951s] writing top-level names to auro_interfaces.egg-info/top_level.txt
[2.951s] reading manifest file 'auro_interfaces.egg-info/SOURCES.txt'
[2.951s] writing manifest file 'auro_interfaces.egg-info/SOURCES.txt'
[2.951s] [100%] Built target ament_cmake_python_build_auro_interfaces_egg
[3.180s] Invoked command in '/home/baguette/Documents/CS-AURO/build/auro_interfaces' returned '0': CMAKE_PREFIX_PATH=/opt/ros/humble /usr/bin/cmake --build /home/baguette/Documents/CS-AURO/build/auro_interfaces -- -j16 -l16
[3.290s] Invoking command in '/home/baguette/Documents/CS-AURO/build/auro_interfaces': CMAKE_PREFIX_PATH=/opt/ros/humble /usr/bin/cmake --install /home/baguette/Documents/CS-AURO/build/auro_interfaces
[3.307s] -- Install configuration: ""
[3.307s] -- Execute custom install script
[3.307s] -- Up-to-date symlink: /home/baguette/Documents/CS-AURO/install/auro_interfaces/share/ament_index/resource_index/rosidl_interfaces/auro_interfaces
[3.308s] -- Up-to-date symlink: /home/baguette/Documents/CS-AURO/install/auro_interfaces/include/auro_interfaces/auro_interfaces/msg/detail/item__functions.h
[3.308s] -- Up-to-date symlink: /home/baguette/Documents/CS-AURO/install/auro_interfaces/include/auro_interfaces/auro_interfaces/msg/detail/item__struct.h
[3.309s] -- Up-to-date symlink: /home/baguette/Documents/CS-AURO/install/auro_interfaces/include/auro_interfaces/auro_interfaces/msg/detail/item__type_support.h
[3.309s] -- Up-to-date symlink: /home/baguette/Documents/CS-AURO/install/auro_interfaces/include/auro_interfaces/auro_interfaces/msg/detail/item_list__functions.h
[3.309s] -- Up-to-date symlink: /home/baguette/Documents/CS-AURO/install/auro_interfaces/include/auro_interfaces/auro_interfaces/msg/detail/item_list__struct.h
[3.310s] -- Up-to-date symlink: /home/baguette/Documents/CS-AURO/install/auro_interfaces/include/auro_interfaces/auro_interfaces/msg/detail/item_list__type_support.h
[3.310s] -- Up-to-date symlink: /home/baguette/Documents/CS-AURO/install/auro_interfaces/include/auro_interfaces/auro_interfaces/msg/detail/string_with_pose__functions.h
[3.310s] -- Up-to-date symlink: /home/baguette/Documents/CS-AURO/install/auro_interfaces/include/auro_interfaces/auro_interfaces/msg/detail/string_with_pose__struct.h
[3.311s] -- Up-to-date symlink: /home/baguette/Documents/CS-AURO/install/auro_interfaces/include/auro_interfaces/auro_interfaces/msg/detail/string_with_pose__type_support.h
[3.311s] -- Up-to-date symlink: /home/baguette/Documents/CS-AURO/install/auro_interfaces/include/auro_interfaces/auro_interfaces/msg/item.h
[3.311s] -- Up-to-date symlink: /home/baguette/Documents/CS-AURO/install/auro_interfaces/include/auro_interfaces/auro_interfaces/msg/item_list.h
[3.312s] -- Up-to-date symlink: /home/baguette/Documents/CS-AURO/install/auro_interfaces/include/auro_interfaces/auro_interfaces/msg/rosidl_generator_c__visibility_control.h
[3.312s] -- Up-to-date symlink: /home/baguette/Documents/CS-AURO/install/auro_interfaces/include/auro_interfaces/auro_interfaces/msg/string_with_pose.h
[3.312s] -- Up-to-date symlink: /home/baguette/Documents/CS-AURO/install/auro_interfaces/share/auro_interfaces/environment/library_path.sh
[3.313s] -- Up-to-date symlink: /home/baguette/Documents/CS-AURO/install/auro_interfaces/share/auro_interfaces/environment/library_path.dsv
[3.313s] -- Up-to-date symlink: /home/baguette/Documents/CS-AURO/install/auro_interfaces/include/auro_interfaces/auro_interfaces/msg/detail/item__rosidl_typesupport_fastrtps_c.h
[3.314s] -- Up-to-date symlink: /home/baguette/Documents/CS-AURO/install/auro_interfaces/include/auro_interfaces/auro_interfaces/msg/detail/item_list__rosidl_typesupport_fastrtps_c.h
[3.314s] -- Up-to-date symlink: /home/baguette/Documents/CS-AURO/install/auro_interfaces/include/auro_interfaces/auro_interfaces/msg/detail/string_with_pose__rosidl_typesupport_fastrtps_c.h
[3.315s] -- Up-to-date symlink: /home/baguette/Documents/CS-AURO/install/auro_interfaces/include/auro_interfaces/auro_interfaces/msg/rosidl_typesupport_fastrtps_c__visibility_control.h
[3.315s] -- Up-to-date symlink: /home/baguette/Documents/CS-AURO/install/auro_interfaces/include/auro_interfaces/auro_interfaces/msg/detail/item__builder.hpp
[3.316s] -- Up-to-date symlink: /home/baguette/Documents/CS-AURO/install/auro_interfaces/include/auro_interfaces/auro_interfaces/msg/detail/item__struct.hpp
[3.316s] -- Up-to-date symlink: /home/baguette/Documents/CS-AURO/install/auro_interfaces/include/auro_interfaces/auro_interfaces/msg/detail/item__traits.hpp
[3.316s] -- Up-to-date symlink: /home/baguette/Documents/CS-AURO/install/auro_interfaces/include/auro_interfaces/auro_interfaces/msg/detail/item_list__builder.hpp
[3.317s] -- Up-to-date symlink: /home/baguette/Documents/CS-AURO/install/auro_interfaces/include/auro_interfaces/auro_interfaces/msg/detail/item_list__struct.hpp
[3.317s] -- Up-to-date symlink: /home/baguette/Documents/CS-AURO/install/auro_interfaces/include/auro_interfaces/auro_interfaces/msg/detail/item_list__traits.hpp
[3.317s] -- Up-to-date symlink: /home/baguette/Documents/CS-AURO/install/auro_interfaces/include/auro_interfaces/auro_interfaces/msg/detail/string_with_pose__builder.hpp
[3.318s] -- Up-to-date symlink: /home/baguette/Documents/CS-AURO/install/auro_interfaces/include/auro_interfaces/auro_interfaces/msg/detail/string_with_pose__struct.hpp
[3.318s] -- Up-to-date symlink: /home/baguette/Documents/CS-AURO/install/auro_interfaces/include/auro_interfaces/auro_interfaces/msg/detail/string_with_pose__traits.hpp
[3.318s] -- Up-to-date symlink: /home/baguette/Documents/CS-AURO/install/auro_interfaces/include/auro_interfaces/auro_interfaces/msg/item.hpp
[3.319s] -- Up-to-date symlink: /home/baguette/Documents/CS-AURO/install/auro_interfaces/include/auro_interfaces/auro_interfaces/msg/item_list.hpp
[3.319s] -- Up-to-date symlink: /home/baguette/Documents/CS-AURO/install/auro_interfaces/include/auro_interfaces/auro_interfaces/msg/string_with_pose.hpp
[3.320s] -- Up-to-date symlink: /home/baguette/Documents/CS-AURO/install/auro_interfaces/include/auro_interfaces/auro_interfaces/msg/detail/item__rosidl_typesupport_fastrtps_cpp.hpp
[3.320s] -- Up-to-date symlink: /home/baguette/Documents/CS-AURO/install/auro_interfaces/include/auro_interfaces/auro_interfaces/msg/detail/item_list__rosidl_typesupport_fastrtps_cpp.hpp
[3.321s] -- Up-to-date symlink: /home/baguette/Documents/CS-AURO/install/auro_interfaces/include/auro_interfaces/auro_interfaces/msg/detail/string_with_pose__rosidl_typesupport_fastrtps_cpp.hpp
[3.321s] -- Up-to-date symlink: /home/baguette/Documents/CS-AURO/install/auro_interfaces/include/auro_interfaces/auro_interfaces/msg/rosidl_typesupport_fastrtps_cpp__visibility_control.h
[3.322s] -- Up-to-date symlink: /home/baguette/Documents/CS-AURO/install/auro_interfaces/include/auro_interfaces/auro_interfaces/msg/detail/item__rosidl_typesupport_introspection_c.h
[3.322s] -- Up-to-date symlink: /home/baguette/Documents/CS-AURO/install/auro_interfaces/include/auro_interfaces/auro_interfaces/msg/detail/item_list__rosidl_typesupport_introspection_c.h
[3.322s] -- Up-to-date symlink: /home/baguette/Documents/CS-AURO/install/auro_interfaces/include/auro_interfaces/auro_interfaces/msg/detail/string_with_pose__rosidl_typesupport_introspection_c.h
[3.323s] -- Up-to-date symlink: /home/baguette/Documents/CS-AURO/install/auro_interfaces/include/auro_interfaces/auro_interfaces/msg/rosidl_typesupport_introspection_c__visibility_control.h
[3.323s] -- Up-to-date symlink: /home/baguette/Documents/CS-AURO/install/auro_interfaces/include/auro_interfaces/auro_interfaces/msg/detail/item__rosidl_typesupport_introspection_cpp.hpp
[3.324s] -- Up-to-date symlink: /home/baguette/Documents/CS-AURO/install/auro_interfaces/include/auro_interfaces/auro_interfaces/msg/detail/item_list__rosidl_typesupport_introspection_cpp.hpp
[3.324s] -- Up-to-date symlink: /home/baguette/Documents/CS-AURO/install/auro_interfaces/include/auro_interfaces/auro_interfaces/msg/detail/string_with_pose__rosidl_typesupport_introspection_cpp.hpp
[3.325s] -- Up-to-date symlink: /home/baguette/Documents/CS-AURO/install/auro_interfaces/share/auro_interfaces/environment/pythonpath.sh
[3.325s] -- Up-to-date symlink: /home/baguette/Documents/CS-AURO/install/auro_interfaces/share/auro_interfaces/environment/pythonpath.dsv
[3.326s] -- Up-to-date symlink: /home/baguette/Documents/CS-AURO/install/auro_interfaces/local/lib/python3.10/dist-packages/auro_interfaces-0.0.0-py3.10.egg-info/PKG-INFO
[3.326s] -- Up-to-date symlink: /home/baguette/Documents/CS-AURO/install/auro_interfaces/local/lib/python3.10/dist-packages/auro_interfaces-0.0.0-py3.10.egg-info/SOURCES.txt
[3.326s] -- Up-to-date symlink: /home/baguette/Documents/CS-AURO/install/auro_interfaces/local/lib/python3.10/dist-packages/auro_interfaces-0.0.0-py3.10.egg-info/dependency_links.txt
[3.327s] -- Up-to-date symlink: /home/baguette/Documents/CS-AURO/install/auro_interfaces/local/lib/python3.10/dist-packages/auro_interfaces-0.0.0-py3.10.egg-info/top_level.txt
[3.327s] -- Up-to-date symlink: /home/baguette/Documents/CS-AURO/install/auro_interfaces/local/lib/python3.10/dist-packages/auro_interfaces/__init__.py
[3.328s] -- Up-to-date symlink: /home/baguette/Documents/CS-AURO/install/auro_interfaces/local/lib/python3.10/dist-packages/auro_interfaces/_auro_interfaces_s.ep.rosidl_typesupport_c.c
[3.328s] -- Up-to-date symlink: /home/baguette/Documents/CS-AURO/install/auro_interfaces/local/lib/python3.10/dist-packages/auro_interfaces/_auro_interfaces_s.ep.rosidl_typesupport_fastrtps_c.c
[3.329s] -- Up-to-date symlink: /home/baguette/Documents/CS-AURO/install/auro_interfaces/local/lib/python3.10/dist-packages/auro_interfaces/_auro_interfaces_s.ep.rosidl_typesupport_introspection_c.c
[3.329s] -- Up-to-date symlink: /home/baguette/Documents/CS-AURO/install/auro_interfaces/local/lib/python3.10/dist-packages/auro_interfaces/auro_interfaces_s__rosidl_typesupport_c.cpython-310-x86_64-linux-gnu.so
[3.329s] -- Up-to-date symlink: /home/baguette/Documents/CS-AURO/install/auro_interfaces/local/lib/python3.10/dist-packages/auro_interfaces/auro_interfaces_s__rosidl_typesupport_fastrtps_c.cpython-310-x86_64-linux-gnu.so
[3.330s] -- Up-to-date symlink: /home/baguette/Documents/CS-AURO/install/auro_interfaces/local/lib/python3.10/dist-packages/auro_interfaces/auro_interfaces_s__rosidl_typesupport_introspection_c.cpython-310-x86_64-linux-gnu.so
[3.331s] -- Up-to-date symlink: /home/baguette/Documents/CS-AURO/install/auro_interfaces/local/lib/python3.10/dist-packages/auro_interfaces/libauro_interfaces__rosidl_generator_py.so
[3.331s] -- Up-to-date symlink: /home/baguette/Documents/CS-AURO/install/auro_interfaces/local/lib/python3.10/dist-packages/auro_interfaces/msg/__init__.py
[3.331s] -- Up-to-date symlink: /home/baguette/Documents/CS-AURO/install/auro_interfaces/local/lib/python3.10/dist-packages/auro_interfaces/msg/_item.py
[3.332s] -- Up-to-date symlink: /home/baguette/Documents/CS-AURO/install/auro_interfaces/local/lib/python3.10/dist-packages/auro_interfaces/msg/_item_list.py
[3.332s] -- Up-to-date symlink: /home/baguette/Documents/CS-AURO/install/auro_interfaces/local/lib/python3.10/dist-packages/auro_interfaces/msg/_item_list_s.c
[3.332s] -- Up-to-date symlink: /home/baguette/Documents/CS-AURO/install/auro_interfaces/local/lib/python3.10/dist-packages/auro_interfaces/msg/_item_s.c
[3.333s] -- Up-to-date symlink: /home/baguette/Documents/CS-AURO/install/auro_interfaces/local/lib/python3.10/dist-packages/auro_interfaces/msg/_string_with_pose.py
[3.333s] -- Up-to-date symlink: /home/baguette/Documents/CS-AURO/install/auro_interfaces/local/lib/python3.10/dist-packages/auro_interfaces/msg/_string_with_pose_s.c
[3.334s] -- Up-to-date symlink: /home/baguette/Documents/CS-AURO/install/auro_interfaces/local/lib/python3.10/dist-packages/auro_interfaces/auro_interfaces_s__rosidl_typesupport_fastrtps_c.cpython-310-x86_64-linux-gnu.so
[3.334s] -- Up-to-date symlink: /home/baguette/Documents/CS-AURO/install/auro_interfaces/local/lib/python3.10/dist-packages/auro_interfaces/auro_interfaces_s__rosidl_typesupport_introspection_c.cpython-310-x86_64-linux-gnu.so
[3.335s] -- Up-to-date symlink: /home/baguette/Documents/CS-AURO/install/auro_interfaces/local/lib/python3.10/dist-packages/auro_interfaces/auro_interfaces_s__rosidl_typesupport_c.cpython-310-x86_64-linux-gnu.so
[3.336s] -- Up-to-date symlink: /home/baguette/Documents/CS-AURO/install/auro_interfaces/share/auro_interfaces/msg/StringWithPose.idl
[3.336s] -- Up-to-date symlink: /home/baguette/Documents/CS-AURO/install/auro_interfaces/share/auro_interfaces/msg/Item.idl
[3.336s] -- Up-to-date symlink: /home/baguette/Documents/CS-AURO/install/auro_interfaces/share/auro_interfaces/msg/ItemList.idl
[3.336s] -- Up-to-date symlink: /home/baguette/Documents/CS-AURO/install/auro_interfaces/share/auro_interfaces/msg/StringWithPose.msg
[3.337s] -- Up-to-date symlink: /home/baguette/Documents/CS-AURO/install/auro_interfaces/share/auro_interfaces/msg/Item.msg
[3.337s] -- Up-to-date symlink: /home/baguette/Documents/CS-AURO/install/auro_interfaces/share/auro_interfaces/msg/ItemList.msg
[3.337s] -- Up-to-date symlink: /home/baguette/Documents/CS-AURO/install/auro_interfaces/share/ament_index/resource_index/package_run_dependencies/auro_interfaces
[3.337s] -- Up-to-date symlink: /home/baguette/Documents/CS-AURO/install/auro_interfaces/share/ament_index/resource_index/parent_prefix_path/auro_interfaces
[3.338s] -- Up-to-date symlink: /home/baguette/Documents/CS-AURO/install/auro_interfaces/share/auro_interfaces/environment/ament_prefix_path.sh
[3.338s] -- Up-to-date symlink: /home/baguette/Documents/CS-AURO/install/auro_interfaces/share/auro_interfaces/environment/ament_prefix_path.dsv
[3.338s] -- Up-to-date symlink: /home/baguette/Documents/CS-AURO/install/auro_interfaces/share/auro_interfaces/environment/path.sh
[3.338s] -- Up-to-date symlink: /home/baguette/Documents/CS-AURO/install/auro_interfaces/share/auro_interfaces/environment/path.dsv
[3.339s] -- Up-to-date symlink: /home/baguette/Documents/CS-AURO/install/auro_interfaces/share/auro_interfaces/local_setup.bash
[3.339s] -- Up-to-date symlink: /home/baguette/Documents/CS-AURO/install/auro_interfaces/share/auro_interfaces/local_setup.sh
[3.339s] -- Up-to-date symlink: /home/baguette/Documents/CS-AURO/install/auro_interfaces/share/auro_interfaces/local_setup.zsh
[3.339s] -- Up-to-date symlink: /home/baguette/Documents/CS-AURO/install/auro_interfaces/share/auro_interfaces/local_setup.dsv
[3.340s] -- Symlinking: /home/baguette/Documents/CS-AURO/install/auro_interfaces/share/auro_interfaces/package.dsv
[3.354s] -- Up-to-date symlink: /home/baguette/Documents/CS-AURO/install/auro_interfaces/share/ament_index/resource_index/packages/auro_interfaces
[3.355s] -- Up-to-date symlink: /home/baguette/Documents/CS-AURO/install/auro_interfaces/share/auro_interfaces/cmake/rosidl_cmake-extras.cmake
[3.355s] -- Up-to-date symlink: /home/baguette/Documents/CS-AURO/install/auro_interfaces/share/auro_interfaces/cmake/ament_cmake_export_dependencies-extras.cmake
[3.355s] -- Up-to-date symlink: /home/baguette/Documents/CS-AURO/install/auro_interfaces/share/auro_interfaces/cmake/ament_cmake_export_include_directories-extras.cmake
[3.355s] -- Up-to-date symlink: /home/baguette/Documents/CS-AURO/install/auro_interfaces/share/auro_interfaces/cmake/ament_cmake_export_libraries-extras.cmake
[3.362s] -- Up-to-date symlink: /home/baguette/Documents/CS-AURO/install/auro_interfaces/share/auro_interfaces/cmake/ament_cmake_export_targets-extras.cmake
[3.363s] -- Up-to-date symlink: /home/baguette/Documents/CS-AURO/install/auro_interfaces/share/auro_interfaces/cmake/rosidl_cmake_export_typesupport_targets-extras.cmake
[3.363s] -- Up-to-date symlink: /home/baguette/Documents/CS-AURO/install/auro_interfaces/share/auro_interfaces/cmake/rosidl_cmake_export_typesupport_libraries-extras.cmake
[3.363s] -- Up-to-date symlink: /home/baguette/Documents/CS-AURO/install/auro_interfaces/share/auro_interfaces/cmake/auro_interfacesConfig.cmake
[3.363s] -- Up-to-date symlink: /home/baguette/Documents/CS-AURO/install/auro_interfaces/share/auro_interfaces/cmake/auro_interfacesConfig-version.cmake
[3.363s] -- Up-to-date symlink: /home/baguette/Documents/CS-AURO/install/auro_interfaces/share/auro_interfaces/package.xml
[3.363s] -- Up-to-date: /home/baguette/Documents/CS-AURO/install/auro_interfaces/lib/libauro_interfaces__rosidl_generator_c.so
[3.363s] -- Up-to-date: /home/baguette/Documents/CS-AURO/install/auro_interfaces/lib/libauro_interfaces__rosidl_typesupport_fastrtps_c.so
[3.363s] -- Up-to-date: /home/baguette/Documents/CS-AURO/install/auro_interfaces/lib/libauro_interfaces__rosidl_typesupport_fastrtps_cpp.so
[3.363s] -- Up-to-date: /home/baguette/Documents/CS-AURO/install/auro_interfaces/lib/libauro_interfaces__rosidl_typesupport_introspection_c.so
[3.363s] -- Up-to-date: /home/baguette/Documents/CS-AURO/install/auro_interfaces/lib/libauro_interfaces__rosidl_typesupport_c.so
[3.363s] -- Up-to-date: /home/baguette/Documents/CS-AURO/install/auro_interfaces/lib/libauro_interfaces__rosidl_typesupport_introspection_cpp.so
[3.363s] -- Up-to-date: /home/baguette/Documents/CS-AURO/install/auro_interfaces/lib/libauro_interfaces__rosidl_typesupport_cpp.so
[3.407s] Listing '/home/baguette/Documents/CS-AURO/install/auro_interfaces/local/lib/python3.10/dist-packages/auro_interfaces'...
[3.408s] Listing '/home/baguette/Documents/CS-AURO/install/auro_interfaces/local/lib/python3.10/dist-packages/auro_interfaces/msg'...
[3.408s] -- Up-to-date: /home/baguette/Documents/CS-AURO/install/auro_interfaces/lib/libauro_interfaces__rosidl_generator_py.so
[3.409s] -- Up-to-date: /home/baguette/Documents/CS-AURO/install/auro_interfaces/share/auro_interfaces/cmake/export_auro_interfaces__rosidl_generator_cExport.cmake
[3.410s] -- Up-to-date: /home/baguette/Documents/CS-AURO/install/auro_interfaces/share/auro_interfaces/cmake/export_auro_interfaces__rosidl_generator_cExport-noconfig.cmake
[3.410s] -- Up-to-date: /home/baguette/Documents/CS-AURO/install/auro_interfaces/share/auro_interfaces/cmake/export_auro_interfaces__rosidl_typesupport_fastrtps_cExport.cmake
[3.411s] -- Up-to-date: /home/baguette/Documents/CS-AURO/install/auro_interfaces/share/auro_interfaces/cmake/export_auro_interfaces__rosidl_typesupport_fastrtps_cExport-noconfig.cmake
[3.411s] -- Up-to-date: /home/baguette/Documents/CS-AURO/install/auro_interfaces/share/auro_interfaces/cmake/export_auro_interfaces__rosidl_generator_cppExport.cmake
[3.412s] -- Up-to-date: /home/baguette/Documents/CS-AURO/install/auro_interfaces/share/auro_interfaces/cmake/export_auro_interfaces__rosidl_typesupport_fastrtps_cppExport.cmake
[3.413s] -- Up-to-date: /home/baguette/Documents/CS-AURO/install/auro_interfaces/share/auro_interfaces/cmake/export_auro_interfaces__rosidl_typesupport_fastrtps_cppExport-noconfig.cmake
[3.413s] -- Up-to-date: /home/baguette/Documents/CS-AURO/install/auro_interfaces/share/auro_interfaces/cmake/auro_interfaces__rosidl_typesupport_introspection_cExport.cmake
[3.414s] -- Up-to-date: /home/baguette/Documents/CS-AURO/install/auro_interfaces/share/auro_interfaces/cmake/auro_interfaces__rosidl_typesupport_introspection_cExport-noconfig.cmake
[3.415s] -- Up-to-date: /home/baguette/Documents/CS-AURO/install/auro_interfaces/share/auro_interfaces/cmake/auro_interfaces__rosidl_typesupport_cExport.cmake
[3.415s] -- Up-to-date: /home/baguette/Documents/CS-AURO/install/auro_interfaces/share/auro_interfaces/cmake/auro_interfaces__rosidl_typesupport_cExport-noconfig.cmake
[3.416s] -- Up-to-date: /home/baguette/Documents/CS-AURO/install/auro_interfaces/share/auro_interfaces/cmake/auro_interfaces__rosidl_typesupport_introspection_cppExport.cmake
[3.416s] -- Up-to-date: /home/baguette/Documents/CS-AURO/install/auro_interfaces/share/auro_interfaces/cmake/auro_interfaces__rosidl_typesupport_introspection_cppExport-noconfig.cmake
[3.417s] -- Up-to-date: /home/baguette/Documents/CS-AURO/install/auro_interfaces/share/auro_interfaces/cmake/auro_interfaces__rosidl_typesupport_cppExport.cmake
[3.418s] -- Up-to-date: /home/baguette/Documents/CS-AURO/install/auro_interfaces/share/auro_interfaces/cmake/auro_interfaces__rosidl_typesupport_cppExport-noconfig.cmake
[3.418s] -- Up-to-date: /home/baguette/Documents/CS-AURO/install/auro_interfaces/share/auro_interfaces/cmake/export_auro_interfaces__rosidl_generator_pyExport.cmake
[3.419s] -- Up-to-date: /home/baguette/Documents/CS-AURO/install/auro_interfaces/share/auro_interfaces/cmake/export_auro_interfaces__rosidl_generator_pyExport-noconfig.cmake
[3.489s] Invoked command in '/home/baguette/Documents/CS-AURO/build/auro_interfaces' returned '0': CMAKE_PREFIX_PATH=/opt/ros/humble /usr/bin/cmake --install /home/baguette/Documents/CS-AURO/build/auro_interfaces
